enabling PMP support.
using /home/hammad/SV32_TEST_PLAN_EXEC/artifacts/riscof_work/sv32_vm_test.S/ref/Reference-sail_c_simulator.signature for test-signature output.
[Sail] Allocating new block 0x80000000
tohost located at 0x80003000
[Sail] Allocating new block 0x0

Running file ref.elf.
ELF Entry @ 0x80000000
begin_signature: 0x80c02510
end_signature: 0x80c02720
CSR mstatus <- 0x00000000 (input: 0x00000000)
mem[X,0x00001000] -> 0x0297
mem[X,0x00001002] -> 0x0000
[0] [M]: 0x00001000 (0x00000297) auipc t0, 0
x5 <- 0x00001000


mem[X,0x00001004] -> 0x8593
mem[X,0x00001006] -> 0x0202
[1] [M]: 0x00001004 (0x02028593) addi a1, t0, 32
x11 <- 0x00001020


mem[X,0x00001008] -> 0x2573
mem[X,0x0000100A] -> 0xF140
[2] [M]: 0x00001008 (0xF1402573) csrrs a0, mhartid, zero
CSR mhartid -> 0x00000000
x10 <- 0x00000000


mem[X,0x0000100C] -> 0xA283
mem[X,0x0000100E] -> 0x0182
[3] [M]: 0x0000100C (0x0182A283) lw t0, 24(t0)
mem[R,0x00001018] -> 0x80000000
x5 <- 0x80000000


mem[X,0x00001010] -> 0x8067
mem[X,0x00001012] -> 0x0002
[4] [M]: 0x00001010 (0x00028067) jalr zero, t0, 0


mem[X,0x80000000] -> 0x0317
mem[X,0x80000002] -> 0x0040
[5] [M]: 0x80000000 (0x00400317) auipc t1, 1024
x6 <- 0x80400000


mem[X,0x80000004] -> 0x0313
mem[X,0x80000006] -> 0x0003
[6] [M]: 0x80000004 (0x00030313) addi t1, t1, 0
x6 <- 0x80400000


mem[X,0x80000008] -> 0x0013
mem[X,0x8000000A] -> 0x0000
[7] [M]: 0x80000008 (0x00000013) addi zero, zero, 0


mem[X,0x8000000C] -> 0x0013
mem[X,0x8000000E] -> 0x0000
[8] [M]: 0x8000000C (0x00000013) addi zero, zero, 0


mem[X,0x80000010] -> 0x0013
mem[X,0x80000012] -> 0x0000
[9] [M]: 0x80000010 (0x00000013) addi zero, zero, 0


mem[X,0x80000014] -> 0x0013
mem[X,0x80000016] -> 0x0000
[10] [M]: 0x80000014 (0x00000013) addi zero, zero, 0


mem[X,0x80000018] -> 0x0013
mem[X,0x8000001A] -> 0x0000
[11] [M]: 0x80000018 (0x00000013) addi zero, zero, 0


mem[X,0x8000001C] -> 0x0013
mem[X,0x8000001E] -> 0x0000
[12] [M]: 0x8000001C (0x00000013) addi zero, zero, 0


mem[X,0x80000020] -> 0x1473
mem[X,0x80000022] -> 0x3403
[13] [M]: 0x80000020 (0x34031473) csrrw fp, mscratch, t1
CSR mscratch -> 0x00000000
CSR mscratch <- 0x80400000 (input: 0x80400000)
x8 <- 0x00000000


mem[X,0x80000024] -> 0x2823
mem[X,0x80000026] -> 0x1C83
[14] [M]: 0x80000024 (0x1C832823) sw fp, 464(t1)
mem[0x804001D0] <- 0x00000000


mem[X,0x80000028] -> 0x0393
mem[X,0x8000002A] -> 0x0000
[15] [M]: 0x80000028 (0x00000393) addi t2, zero, 0
x7 <- 0x00000000


mem[X,0x8000002C] -> 0x93F3
mem[X,0x8000002E] -> 0x3023
[16] [M]: 0x8000002C (0x302393F3) csrrw t2, medeleg, t2
CSR medeleg -> 0x00000000
CSR medeleg <- 0x00000000 (input: 0x00000000)
x7 <- 0x00000000


mem[X,0x80000030] -> 0x2C23
mem[X,0x80000032] -> 0x1A73
[17] [M]: 0x80000030 (0x1A732C23) sw t2, 440(t1)
mem[0x804001B8] <- 0x00000000


mem[X,0x80000034] -> 0x2473
mem[X,0x80000036] -> 0x3050
[18] [M]: 0x80000034 (0x30502473) csrrs fp, mtvec, zero
CSR mtvec -> 0x00000000
x8 <- 0x00000000


mem[X,0x80000038] -> 0x2423
mem[X,0x8000003A] -> 0x1C83
[19] [M]: 0x80000038 (0x1C832423) sw fp, 456(t1)
mem[0x804001C8] <- 0x00000000


mem[X,0x8000003C] -> 0x7393
mem[X,0x8000003E] -> 0x0034
[20] [M]: 0x8000003C (0x00347393) andi t2, fp, 3
x7 <- 0x00000000


mem[X,0x80000040] -> 0x2483
mem[X,0x80000042] -> 0x1B03
[21] [M]: 0x80000040 (0x1B032483) lw s1, 432(t1)
mem[R,0x804001B0] -> 0x80001E54
x9 <- 0x80001E54


mem[X,0x80000044] -> 0x8493
mem[X,0x80000046] -> 0xEAC4
[22] [M]: 0x80000044 (0xEAC48493) addi s1, s1, 3756
x9 <- 0x80001D00


mem[X,0x80000048] -> 0xE3B3
mem[X,0x8000004A] -> 0x0074
[23] [M]: 0x80000048 (0x0074E3B3) or t2, s1, t2
x7 <- 0x80001D00


mem[X,0x8000004C] -> 0x2023
mem[X,0x8000004E] -> 0x1C73
[24] [M]: 0x8000004C (0x1C732023) sw t2, 448(t1)
mem[0x804001C0] <- 0x80001D00


mem[X,0x80000050] -> 0x9073
mem[X,0x80000052] -> 0x3053
[25] [M]: 0x80000050 (0x30539073) csrrw zero, mtvec, t2
CSR mtvec -> 0x00000000
CSR mtvec <- 0x80001D00 (input: 0x80001D00)


mem[X,0x80000054] -> 0x2573
mem[X,0x80000056] -> 0x3050
[26] [M]: 0x80000054 (0x30502573) csrrs a0, mtvec, zero
CSR mtvec -> 0x80001D00
x10 <- 0x80001D00


mem[X,0x80000058] -> 0x0663
mem[X,0x8000005A] -> 0x0875
[27] [M]: 0x80000058 (0x08750663) beq a0, t2, 140


mem[X,0x800000E4] -> 0x0013
mem[X,0x800000E6] -> 0x0000
[28] [M]: 0x800000E4 (0x00000013) addi zero, zero, 0


mem[X,0x800000E8] -> 0x0013
mem[X,0x800000EA] -> 0x0000
[29] [M]: 0x800000E8 (0x00000013) addi zero, zero, 0


mem[X,0x800000EC] -> 0x0013
mem[X,0x800000EE] -> 0x0000
[30] [M]: 0x800000EC (0x00000013) addi zero, zero, 0


mem[X,0x800000F0] -> 0x0013
mem[X,0x800000F2] -> 0x0000
[31] [M]: 0x800000F0 (0x00000013) addi zero, zero, 0


mem[X,0x800000F4] -> 0x0013
mem[X,0x800000F6] -> 0x0000
[32] [M]: 0x800000F4 (0x00000013) addi zero, zero, 0


mem[X,0x800000F8] -> 0x0013
mem[X,0x800000FA] -> 0x0000
[33] [M]: 0x800000F8 (0x00000013) addi zero, zero, 0


mem[X,0x800000FC] -> 0x0013
mem[X,0x800000FE] -> 0x0000
[34] [M]: 0x800000FC (0x00000013) addi zero, zero, 0


mem[X,0x80000100] -> 0x0317
mem[X,0x80000102] -> 0x0040
[35] [M]: 0x80000100 (0x00400317) auipc t1, 1024
x6 <- 0x80400100


mem[X,0x80000104] -> 0x0313
mem[X,0x80000106] -> 0x0F83
[36] [M]: 0x80000104 (0x0F830313) addi t1, t1, 248
x6 <- 0x804001F8


mem[X,0x80000108] -> 0x0013
mem[X,0x8000010A] -> 0x0000
[37] [M]: 0x80000108 (0x00000013) addi zero, zero, 0


mem[X,0x8000010C] -> 0x0013
mem[X,0x8000010E] -> 0x0000
[38] [M]: 0x8000010C (0x00000013) addi zero, zero, 0


mem[X,0x80000110] -> 0x0013
mem[X,0x80000112] -> 0x0000
[39] [M]: 0x80000110 (0x00000013) addi zero, zero, 0


mem[X,0x80000114] -> 0x0013
mem[X,0x80000116] -> 0x0000
[40] [M]: 0x80000114 (0x00000013) addi zero, zero, 0


mem[X,0x80000118] -> 0x0013
mem[X,0x8000011A] -> 0x0000
[41] [M]: 0x80000118 (0x00000013) addi zero, zero, 0


mem[X,0x8000011C] -> 0x0013
mem[X,0x8000011E] -> 0x0000
[42] [M]: 0x8000011C (0x00000013) addi zero, zero, 0


mem[X,0x80000120] -> 0x1473
mem[X,0x80000122] -> 0x1403
[43] [M]: 0x80000120 (0x14031473) csrrw fp, sscratch, t1
CSR sscratch -> 0x00000000
CSR sscratch <- 0x804001F8 (input: 0x804001F8)
x8 <- 0x00000000


mem[X,0x80000124] -> 0x2823
mem[X,0x80000126] -> 0x1C83
[44] [M]: 0x80000124 (0x1C832823) sw fp, 464(t1)
mem[0x804003C8] <- 0x00000000


mem[X,0x80000128] -> 0x0393
mem[X,0x8000012A] -> 0x0000
[45] [M]: 0x80000128 (0x00000393) addi t2, zero, 0
x7 <- 0x00000000


mem[X,0x8000012C] -> 0x2C23
mem[X,0x8000012E] -> 0x1A73
[46] [M]: 0x8000012C (0x1A732C23) sw t2, 440(t1)
mem[0x804003B0] <- 0x00000000


mem[X,0x80000130] -> 0x0013
mem[X,0x80000132] -> 0x0000
[47] [M]: 0x80000130 (0x00000013) addi zero, zero, 0


mem[X,0x80000134] -> 0x0013
mem[X,0x80000136] -> 0x0000
[48] [M]: 0x80000134 (0x00000013) addi zero, zero, 0


mem[X,0x80000138] -> 0x0013
mem[X,0x8000013A] -> 0x0000
[49] [M]: 0x80000138 (0x00000013) addi zero, zero, 0


mem[X,0x8000013C] -> 0x0013
mem[X,0x8000013E] -> 0x0000
[50] [M]: 0x8000013C (0x00000013) addi zero, zero, 0


mem[X,0x80000140] -> 0x2497
mem[X,0x80000142] -> 0x00C0
[51] [M]: 0x80000140 (0x00C02497) auipc s1, 3074
x9 <- 0x80C02140


mem[X,0x80000144] -> 0x8493
mem[X,0x80000146] -> 0xEC04
[52] [M]: 0x80000144 (0xEC048493) addi s1, s1, 3776
x9 <- 0x80C02000


mem[X,0x80000148] -> 0x0013
mem[X,0x8000014A] -> 0x0000
[53] [M]: 0x80000148 (0x00000013) addi zero, zero, 0


mem[X,0x8000014C] -> 0x0013
mem[X,0x8000014E] -> 0x0000
[54] [M]: 0x8000014C (0x00000013) addi zero, zero, 0


mem[X,0x80000150] -> 0x0013
mem[X,0x80000152] -> 0x0000
[55] [M]: 0x80000150 (0x00000013) addi zero, zero, 0


mem[X,0x80000154] -> 0x0013
mem[X,0x80000156] -> 0x0000
[56] [M]: 0x80000154 (0x00000013) addi zero, zero, 0


mem[X,0x80000158] -> 0x0013
mem[X,0x8000015A] -> 0x0000
[57] [M]: 0x80000158 (0x00000013) addi zero, zero, 0


mem[X,0x8000015C] -> 0x0013
mem[X,0x8000015E] -> 0x0000
[58] [M]: 0x8000015C (0x00000013) addi zero, zero, 0


mem[X,0x80000160] -> 0xD493
mem[X,0x80000162] -> 0x00C4
[59] [M]: 0x80000160 (0x00C4D493) srli s1, s1, 12
x9 <- 0x00080C02


mem[X,0x80000164] -> 0x0437
mem[X,0x80000166] -> 0x8000
[60] [M]: 0x80000164 (0x80000437) lui fp, 524288
x8 <- 0x80000000


mem[X,0x80000168] -> 0xE4B3
mem[X,0x8000016A] -> 0x0084
[61] [M]: 0x80000168 (0x0084E4B3) or s1, s1, fp
x9 <- 0x80080C02


mem[X,0x8000016C] -> 0x94F3
mem[X,0x8000016E] -> 0x1804
[62] [M]: 0x8000016C (0x180494F3) csrrw s1, satp, s1
CSR satp -> 0x00000000
CSR satp <- 0x80080C02 (input: 0x80080C02)
x9 <- 0x00000000


mem[X,0x80000170] -> 0x2023
mem[X,0x80000172] -> 0x1A93
[63] [M]: 0x80000170 (0x1A932023) sw s1, 416(t1)
mem[0x80400398] <- 0x00000000


mem[X,0x80000174] -> 0x2473
mem[X,0x80000176] -> 0x1050
[64] [M]: 0x80000174 (0x10502473) csrrs fp, stvec, zero
CSR stvec -> 0x00000000
x8 <- 0x00000000


mem[X,0x80000178] -> 0x2423
mem[X,0x8000017A] -> 0x1C83
[65] [M]: 0x80000178 (0x1C832423) sw fp, 456(t1)
mem[0x804003C0] <- 0x00000000


mem[X,0x8000017C] -> 0x7393
mem[X,0x8000017E] -> 0x0034
[66] [M]: 0x8000017C (0x00347393) andi t2, fp, 3
x7 <- 0x00000000


mem[X,0x80000180] -> 0x2483
mem[X,0x80000182] -> 0x1B03
[67] [M]: 0x80000180 (0x1B032483) lw s1, 432(t1)
mem[R,0x804003A8] -> 0x800024D4
x9 <- 0x800024D4


mem[X,0x80000184] -> 0x8493
mem[X,0x80000186] -> 0xEAC4
[68] [M]: 0x80000184 (0xEAC48493) addi s1, s1, 3756
x9 <- 0x80002380


mem[X,0x80000188] -> 0xE3B3
mem[X,0x8000018A] -> 0x0074
[69] [M]: 0x80000188 (0x0074E3B3) or t2, s1, t2
x7 <- 0x80002380


mem[X,0x8000018C] -> 0x2023
mem[X,0x8000018E] -> 0x1C73
[70] [M]: 0x8000018C (0x1C732023) sw t2, 448(t1)
mem[0x804003B8] <- 0x80002380


mem[X,0x80000190] -> 0x9073
mem[X,0x80000192] -> 0x1053
[71] [M]: 0x80000190 (0x10539073) csrrw zero, stvec, t2
CSR stvec -> 0x00000000
CSR stvec <- 0x80002380 (input: 0x80002380)


mem[X,0x80000194] -> 0x2573
mem[X,0x80000196] -> 0x1050
[72] [M]: 0x80000194 (0x10502573) csrrs a0, stvec, zero
CSR stvec -> 0x80002380
x10 <- 0x80002380


mem[X,0x80000198] -> 0x0663
mem[X,0x8000019A] -> 0x0875
[73] [M]: 0x80000198 (0x08750663) beq a0, t2, 140


mem[X,0x80000224] -> 0x0837
mem[X,0x80000226] -> 0x7D5C
[74] [M]: 0x80000224 (0x7D5C0837) lui a6, 513472
x16 <- 0x7D5C0000


mem[X,0x80000228] -> 0x0813
mem[X,0x8000022A] -> 0xDDB8
[75] [M]: 0x80000228 (0xDDB80813) addi a6, a6, 3547
x16 <- 0x7D5BFDDB


mem[X,0x8000022C] -> 0x5893
mem[X,0x8000022E] -> 0x0078
[76] [M]: 0x8000022C (0x00785893) srli a7, a6, 7
x17 <- 0x00FAB7FB


mem[X,0x80000230] -> 0x5793
mem[X,0x80000232] -> 0x0198
[77] [M]: 0x80000230 (0x01985793) srli a5, a6, 25
x15 <- 0x0000003E


mem[X,0x80000234] -> 0xE8B3
mem[X,0x80000236] -> 0x00F8
[78] [M]: 0x80000234 (0x00F8E8B3) or a7, a7, a5
x17 <- 0x00FAB7FF


mem[X,0x80000238] -> 0xD913
mem[X,0x8000023A] -> 0x0078
[79] [M]: 0x80000238 (0x0078D913) srli s2, a7, 7
x18 <- 0x0001F56F


mem[X,0x8000023C] -> 0xD793
mem[X,0x8000023E] -> 0x0198
[80] [M]: 0x8000023C (0x0198D793) srli a5, a7, 25
x15 <- 0x00000000


mem[X,0x80000240] -> 0x6933
mem[X,0x80000242] -> 0x00F9
[81] [M]: 0x80000240 (0x00F96933) or s2, s2, a5
x18 <- 0x0001F56F


mem[X,0x80000244] -> 0x5993
mem[X,0x80000246] -> 0x0079
[82] [M]: 0x80000244 (0x00795993) srli s3, s2, 7
x19 <- 0x000003EA


mem[X,0x80000248] -> 0x5793
mem[X,0x8000024A] -> 0x0199
[83] [M]: 0x80000248 (0x01995793) srli a5, s2, 25
x15 <- 0x00000000


mem[X,0x8000024C] -> 0xE9B3
mem[X,0x8000024E] -> 0x00F9
[84] [M]: 0x8000024C (0x00F9E9B3) or s3, s3, a5
x19 <- 0x000003EA


mem[X,0x80000250] -> 0xDA13
mem[X,0x80000252] -> 0x0079
[85] [M]: 0x80000250 (0x0079DA13) srli s4, s3, 7
x20 <- 0x00000007


mem[X,0x80000254] -> 0xD793
mem[X,0x80000256] -> 0x0199
[86] [M]: 0x80000254 (0x0199D793) srli a5, s3, 25
x15 <- 0x00000000


mem[X,0x80000258] -> 0x6A33
mem[X,0x8000025A] -> 0x00FA
[87] [M]: 0x80000258 (0x00FA6A33) or s4, s4, a5
x20 <- 0x00000007


mem[X,0x8000025C] -> 0x5A93
mem[X,0x8000025E] -> 0x007A
[88] [M]: 0x8000025C (0x007A5A93) srli s5, s4, 7
x21 <- 0x00000000


mem[X,0x80000260] -> 0x5793
mem[X,0x80000262] -> 0x019A
[89] [M]: 0x80000260 (0x019A5793) srli a5, s4, 25
x15 <- 0x00000000


mem[X,0x80000264] -> 0xEAB3
mem[X,0x80000266] -> 0x00FA
[90] [M]: 0x80000264 (0x00FAEAB3) or s5, s5, a5
x21 <- 0x00000000


mem[X,0x80000268] -> 0xDB13
mem[X,0x8000026A] -> 0x007A
[91] [M]: 0x80000268 (0x007ADB13) srli s6, s5, 7
x22 <- 0x00000000


mem[X,0x8000026C] -> 0xD793
mem[X,0x8000026E] -> 0x019A
[92] [M]: 0x8000026C (0x019AD793) srli a5, s5, 25
x15 <- 0x00000000


mem[X,0x80000270] -> 0x6B33
mem[X,0x80000272] -> 0x00FB
[93] [M]: 0x80000270 (0x00FB6B33) or s6, s6, a5
x22 <- 0x00000000


mem[X,0x80000274] -> 0x5B93
mem[X,0x80000276] -> 0x007B
[94] [M]: 0x80000274 (0x007B5B93) srli s7, s6, 7
x23 <- 0x00000000


mem[X,0x80000278] -> 0x5793
mem[X,0x8000027A] -> 0x019B
[95] [M]: 0x80000278 (0x019B5793) srli a5, s6, 25
x15 <- 0x00000000


mem[X,0x8000027C] -> 0xEBB3
mem[X,0x8000027E] -> 0x00FB
[96] [M]: 0x8000027C (0x00FBEBB3) or s7, s7, a5
x23 <- 0x00000000


mem[X,0x80000280] -> 0xDC13
mem[X,0x80000282] -> 0x007B
[97] [M]: 0x80000280 (0x007BDC13) srli s8, s7, 7
x24 <- 0x00000000


mem[X,0x80000284] -> 0xD793
mem[X,0x80000286] -> 0x019B
[98] [M]: 0x80000284 (0x019BD793) srli a5, s7, 25
x15 <- 0x00000000


mem[X,0x80000288] -> 0x6C33
mem[X,0x8000028A] -> 0x00FC
[99] [M]: 0x80000288 (0x00FC6C33) or s8, s8, a5
x24 <- 0x00000000


clint::tick mtime <- 0x0000000000000001
 clint timer pending at mtime 0x0000000000000001
htif::tick 0x0000000000000000
mem[X,0x8000028C] -> 0x5C93
mem[X,0x8000028E] -> 0x007C
[100] [M]: 0x8000028C (0x007C5C93) srli s9, s8, 7
x25 <- 0x00000000


mem[X,0x80000290] -> 0x5793
mem[X,0x80000292] -> 0x019C
[101] [M]: 0x80000290 (0x019C5793) srli a5, s8, 25
x15 <- 0x00000000


mem[X,0x80000294] -> 0xECB3
mem[X,0x80000296] -> 0x00FC
[102] [M]: 0x80000294 (0x00FCECB3) or s9, s9, a5
x25 <- 0x00000000


mem[X,0x80000298] -> 0xDD13
mem[X,0x8000029A] -> 0x007C
[103] [M]: 0x80000298 (0x007CDD13) srli s10, s9, 7
x26 <- 0x00000000


mem[X,0x8000029C] -> 0xD793
mem[X,0x8000029E] -> 0x019C
[104] [M]: 0x8000029C (0x019CD793) srli a5, s9, 25
x15 <- 0x00000000


mem[X,0x800002A0] -> 0x6D33
mem[X,0x800002A2] -> 0x00FD
[105] [M]: 0x800002A0 (0x00FD6D33) or s10, s10, a5
x26 <- 0x00000000


mem[X,0x800002A4] -> 0x5D93
mem[X,0x800002A6] -> 0x007D
[106] [M]: 0x800002A4 (0x007D5D93) srli s11, s10, 7
x27 <- 0x00000000


mem[X,0x800002A8] -> 0x5793
mem[X,0x800002AA] -> 0x019D
[107] [M]: 0x800002A8 (0x019D5793) srli a5, s10, 25
x15 <- 0x00000000


mem[X,0x800002AC] -> 0xEDB3
mem[X,0x800002AE] -> 0x00FD
[108] [M]: 0x800002AC (0x00FDEDB3) or s11, s11, a5
x27 <- 0x00000000


mem[X,0x800002B0] -> 0xDE13
mem[X,0x800002B2] -> 0x007D
[109] [M]: 0x800002B0 (0x007DDE13) srli t3, s11, 7
x28 <- 0x00000000


mem[X,0x800002B4] -> 0xD793
mem[X,0x800002B6] -> 0x019D
[110] [M]: 0x800002B4 (0x019DD793) srli a5, s11, 25
x15 <- 0x00000000


mem[X,0x800002B8] -> 0x6E33
mem[X,0x800002BA] -> 0x00FE
[111] [M]: 0x800002B8 (0x00FE6E33) or t3, t3, a5
x28 <- 0x00000000


mem[X,0x800002BC] -> 0x5E93
mem[X,0x800002BE] -> 0x007E
[112] [M]: 0x800002BC (0x007E5E93) srli t4, t3, 7
x29 <- 0x00000000


mem[X,0x800002C0] -> 0x5793
mem[X,0x800002C2] -> 0x019E
[113] [M]: 0x800002C0 (0x019E5793) srli a5, t3, 25
x15 <- 0x00000000


mem[X,0x800002C4] -> 0xEEB3
mem[X,0x800002C6] -> 0x00FE
[114] [M]: 0x800002C4 (0x00FEEEB3) or t4, t4, a5
x29 <- 0x00000000


mem[X,0x800002C8] -> 0xDF13
mem[X,0x800002CA] -> 0x007E
[115] [M]: 0x800002C8 (0x007EDF13) srli t5, t4, 7
x30 <- 0x00000000


mem[X,0x800002CC] -> 0xD793
mem[X,0x800002CE] -> 0x019E
[116] [M]: 0x800002CC (0x019ED793) srli a5, t4, 25
x15 <- 0x00000000


mem[X,0x800002D0] -> 0x6F33
mem[X,0x800002D2] -> 0x00FF
[117] [M]: 0x800002D0 (0x00FF6F33) or t5, t5, a5
x30 <- 0x00000000


mem[X,0x800002D4] -> 0xC0B7
mem[X,0x800002D6] -> 0xFEED
[118] [M]: 0x800002D4 (0xFEEDC0B7) lui ra, 1044188
x1 <- 0xFEEDC000


mem[X,0x800002D8] -> 0x8093
mem[X,0x800002DA] -> 0xEAD0
[119] [M]: 0x800002D8 (0xEAD08093) addi ra, ra, 3757
x1 <- 0xFEEDBEAD


mem[X,0x800002DC] -> 0xD113
mem[X,0x800002DE] -> 0x0070
[120] [M]: 0x800002DC (0x0070D113) srli sp, ra, 7
x2 <- 0x01FDDB7D


mem[X,0x800002E0] -> 0xD793
mem[X,0x800002E2] -> 0x0190
[121] [M]: 0x800002E0 (0x0190D793) srli a5, ra, 25
x15 <- 0x0000007F


mem[X,0x800002E4] -> 0x6133
mem[X,0x800002E6] -> 0x00F1
[122] [M]: 0x800002E4 (0x00F16133) or sp, sp, a5
x2 <- 0x01FDDB7F


mem[X,0x800002E8] -> 0x5193
mem[X,0x800002EA] -> 0x0071
[123] [M]: 0x800002E8 (0x00715193) srli gp, sp, 7
x3 <- 0x0003FBB6


mem[X,0x800002EC] -> 0x5793
mem[X,0x800002EE] -> 0x0191
[124] [M]: 0x800002EC (0x01915793) srli a5, sp, 25
x15 <- 0x00000000


mem[X,0x800002F0] -> 0xE1B3
mem[X,0x800002F2] -> 0x00F1
[125] [M]: 0x800002F0 (0x00F1E1B3) or gp, gp, a5
x3 <- 0x0003FBB6


mem[X,0x800002F4] -> 0xD213
mem[X,0x800002F6] -> 0x0071
[126] [M]: 0x800002F4 (0x0071D213) srli tp, gp, 7
x4 <- 0x000007F7


mem[X,0x800002F8] -> 0xD793
mem[X,0x800002FA] -> 0x0191
[127] [M]: 0x800002F8 (0x0191D793) srli a5, gp, 25
x15 <- 0x00000000


mem[X,0x800002FC] -> 0x6233
mem[X,0x800002FE] -> 0x00F2
[128] [M]: 0x800002FC (0x00F26233) or tp, tp, a5
x4 <- 0x000007F7


mem[X,0x80000300] -> 0x5293
mem[X,0x80000302] -> 0x0072
[129] [M]: 0x80000300 (0x00725293) srli t0, tp, 7
x5 <- 0x0000000F


mem[X,0x80000304] -> 0x5793
mem[X,0x80000306] -> 0x0192
[130] [M]: 0x80000304 (0x01925793) srli a5, tp, 25
x15 <- 0x00000000


mem[X,0x80000308] -> 0xE2B3
mem[X,0x8000030A] -> 0x00F2
[131] [M]: 0x80000308 (0x00F2E2B3) or t0, t0, a5
x5 <- 0x0000000F


mem[X,0x8000030C] -> 0xD313
mem[X,0x8000030E] -> 0x0072
[132] [M]: 0x8000030C (0x0072D313) srli t1, t0, 7
x6 <- 0x00000000


mem[X,0x80000310] -> 0xD793
mem[X,0x80000312] -> 0x0192
[133] [M]: 0x80000310 (0x0192D793) srli a5, t0, 25
x15 <- 0x00000000


mem[X,0x80000314] -> 0x6333
mem[X,0x80000316] -> 0x00F3
[134] [M]: 0x80000314 (0x00F36333) or t1, t1, a5
x6 <- 0x00000000


mem[X,0x80000318] -> 0x5393
mem[X,0x8000031A] -> 0x0073
[135] [M]: 0x80000318 (0x00735393) srli t2, t1, 7
x7 <- 0x00000000


mem[X,0x8000031C] -> 0x5793
mem[X,0x8000031E] -> 0x0193
[136] [M]: 0x8000031C (0x01935793) srli a5, t1, 25
x15 <- 0x00000000


mem[X,0x80000320] -> 0xE3B3
mem[X,0x80000322] -> 0x00F3
[137] [M]: 0x80000320 (0x00F3E3B3) or t2, t2, a5
x7 <- 0x00000000


mem[X,0x80000324] -> 0xD413
mem[X,0x80000326] -> 0x0073
[138] [M]: 0x80000324 (0x0073D413) srli fp, t2, 7
x8 <- 0x00000000


mem[X,0x80000328] -> 0xD793
mem[X,0x8000032A] -> 0x0193
[139] [M]: 0x80000328 (0x0193D793) srli a5, t2, 25
x15 <- 0x00000000


mem[X,0x8000032C] -> 0x6433
mem[X,0x8000032E] -> 0x00F4
[140] [M]: 0x8000032C (0x00F46433) or fp, fp, a5
x8 <- 0x00000000


mem[X,0x80000330] -> 0x5493
mem[X,0x80000332] -> 0x0074
[141] [M]: 0x80000330 (0x00745493) srli s1, fp, 7
x9 <- 0x00000000


mem[X,0x80000334] -> 0x5793
mem[X,0x80000336] -> 0x0194
[142] [M]: 0x80000334 (0x01945793) srli a5, fp, 25
x15 <- 0x00000000


mem[X,0x80000338] -> 0xE4B3
mem[X,0x8000033A] -> 0x00F4
[143] [M]: 0x80000338 (0x00F4E4B3) or s1, s1, a5
x9 <- 0x00000000


mem[X,0x8000033C] -> 0xD513
mem[X,0x8000033E] -> 0x0074
[144] [M]: 0x8000033C (0x0074D513) srli a0, s1, 7
x10 <- 0x00000000


mem[X,0x80000340] -> 0xD793
mem[X,0x80000342] -> 0x0194
[145] [M]: 0x80000340 (0x0194D793) srli a5, s1, 25
x15 <- 0x00000000


mem[X,0x80000344] -> 0x6533
mem[X,0x80000346] -> 0x00F5
[146] [M]: 0x80000344 (0x00F56533) or a0, a0, a5
x10 <- 0x00000000


mem[X,0x80000348] -> 0x5593
mem[X,0x8000034A] -> 0x0075
[147] [M]: 0x80000348 (0x00755593) srli a1, a0, 7
x11 <- 0x00000000


mem[X,0x8000034C] -> 0x5793
mem[X,0x8000034E] -> 0x0195
[148] [M]: 0x8000034C (0x01955793) srli a5, a0, 25
x15 <- 0x00000000


mem[X,0x80000350] -> 0xE5B3
mem[X,0x80000352] -> 0x00F5
[149] [M]: 0x80000350 (0x00F5E5B3) or a1, a1, a5
x11 <- 0x00000000


mem[X,0x80000354] -> 0xD613
mem[X,0x80000356] -> 0x0075
[150] [M]: 0x80000354 (0x0075D613) srli a2, a1, 7
x12 <- 0x00000000


mem[X,0x80000358] -> 0xD793
mem[X,0x8000035A] -> 0x0195
[151] [M]: 0x80000358 (0x0195D793) srli a5, a1, 25
x15 <- 0x00000000


mem[X,0x8000035C] -> 0x6633
mem[X,0x8000035E] -> 0x00F6
[152] [M]: 0x8000035C (0x00F66633) or a2, a2, a5
x12 <- 0x00000000


mem[X,0x80000360] -> 0x5693
mem[X,0x80000362] -> 0x0076
[153] [M]: 0x80000360 (0x00765693) srli a3, a2, 7
x13 <- 0x00000000


mem[X,0x80000364] -> 0x5793
mem[X,0x80000366] -> 0x0196
[154] [M]: 0x80000364 (0x01965793) srli a5, a2, 25
x15 <- 0x00000000


mem[X,0x80000368] -> 0xE6B3
mem[X,0x8000036A] -> 0x00F6
[155] [M]: 0x80000368 (0x00F6E6B3) or a3, a3, a5
x13 <- 0x00000000


mem[X,0x8000036C] -> 0x0013
mem[X,0x8000036E] -> 0x0000
[156] [M]: 0x8000036C (0x00000013) addi zero, zero, 0


mem[X,0x80000370] -> 0x0013
mem[X,0x80000372] -> 0x0000
[157] [M]: 0x80000370 (0x00000013) addi zero, zero, 0


mem[X,0x80000374] -> 0x0013
mem[X,0x80000376] -> 0x0000
[158] [M]: 0x80000374 (0x00000013) addi zero, zero, 0


mem[X,0x80000378] -> 0x0013
mem[X,0x8000037A] -> 0x0000
[159] [M]: 0x80000378 (0x00000013) addi zero, zero, 0


mem[X,0x8000037C] -> 0x0013
mem[X,0x8000037E] -> 0x0000
[160] [M]: 0x8000037C (0x00000013) addi zero, zero, 0


mem[X,0x80000380] -> 0x2697
mem[X,0x80000382] -> 0x00C0
[161] [M]: 0x80000380 (0x00C02697) auipc a3, 3074
x13 <- 0x80C02380


mem[X,0x80000384] -> 0x8693
mem[X,0x80000386] -> 0x1946
[162] [M]: 0x80000384 (0x19468693) addi a3, a3, 404
x13 <- 0x80C02514


mem[X,0x80000388] -> 0x0013
mem[X,0x8000038A] -> 0x0000
[163] [M]: 0x80000388 (0x00000013) addi zero, zero, 0


mem[X,0x8000038C] -> 0x0013
mem[X,0x8000038E] -> 0x0000
[164] [M]: 0x8000038C (0x00000013) addi zero, zero, 0


mem[X,0x80000390] -> 0x0013
mem[X,0x80000392] -> 0x0000
[165] [M]: 0x80000390 (0x00000013) addi zero, zero, 0


mem[X,0x80000394] -> 0x0013
mem[X,0x80000396] -> 0x0000
[166] [M]: 0x80000394 (0x00000013) addi zero, zero, 0


mem[X,0x80000398] -> 0x0013
mem[X,0x8000039A] -> 0x0000
[167] [M]: 0x80000398 (0x00000013) addi zero, zero, 0


mem[X,0x8000039C] -> 0x0013
mem[X,0x8000039E] -> 0x0000
[168] [M]: 0x8000039C (0x00000013) addi zero, zero, 0


mem[X,0x800003A0] -> 0xD737
mem[X,0x800003A2] -> 0x0000
[169] [M]: 0x800003A0 (0x0000D737) lui a4, 13
x14 <- 0x0000D000


mem[X,0x800003A4] -> 0x0713
mem[X,0x800003A6] -> 0xEED7
[170] [M]: 0x800003A4 (0xEED70713) addi a4, a4, 3821
x14 <- 0x0000CEED


mem[X,0x800003A8] -> 0xA023
mem[X,0x800003AA] -> 0x00E6
[171] [M]: 0x800003A8 (0x00E6A023) sw a4, 0(a3)
mem[0x80C02514] <- 0x0000CEED


mem[X,0x800003AC] -> 0xC737
mem[X,0x800003AE] -> 0x0000
[172] [M]: 0x800003AC (0x0000C737) lui a4, 12
x14 <- 0x0000C000


mem[X,0x800003B0] -> 0x0713
mem[X,0x800003B2] -> 0xEED7
[173] [M]: 0x800003B0 (0xEED70713) addi a4, a4, 3821
x14 <- 0x0000BEED


mem[X,0x800003B4] -> 0xA223
mem[X,0x800003B6] -> 0x00E6
[174] [M]: 0x800003B4 (0x00E6A223) sw a4, 4(a3)
mem[0x80C02518] <- 0x0000BEED


mem[X,0x800003B8] -> 0x0393
mem[X,0x800003BA] -> 0xFFF0
[175] [M]: 0x800003B8 (0xFFF00393) addi t2, zero, 4095
x7 <- 0xFFFFFFFF


mem[X,0x800003BC] -> 0x9073
mem[X,0x800003BE] -> 0x3B03
[176] [M]: 0x800003BC (0x3B039073) csrrw zero, pmpaddr0, t2
CSR pmpaddr0 -> 0x00000000
CSR pmpaddr0 <- 0xFFFFFFFF (input: 0xFFFFFFFF)


mem[X,0x800003C0] -> 0x0393
mem[X,0x800003C2] -> 0x0000
[177] [M]: 0x800003C0 (0x00000393) addi t2, zero, 0
x7 <- 0x00000000


mem[X,0x800003C4] -> 0xE393
mem[X,0x800003C6] -> 0x0043
[178] [M]: 0x800003C4 (0x0043E393) ori t2, t2, 4
x7 <- 0x00000004


mem[X,0x800003C8] -> 0x0F93
mem[X,0x800003CA] -> 0x0000
[179] [M]: 0x800003C8 (0x00000F93) addi t6, zero, 0
x31 <- 0x00000000


mem[X,0x800003CC] -> 0xE393
mem[X,0x800003CE] -> 0x0013
[180] [M]: 0x800003CC (0x0013E393) ori t2, t2, 1
x7 <- 0x00000005


mem[X,0x800003D0] -> 0x0F93
mem[X,0x800003D2] -> 0x0000
[181] [M]: 0x800003D0 (0x00000F93) addi t6, zero, 0
x31 <- 0x00000000


mem[X,0x800003D4] -> 0xE393
mem[X,0x800003D6] -> 0x0023
[182] [M]: 0x800003D4 (0x0023E393) ori t2, t2, 2
x7 <- 0x00000007


mem[X,0x800003D8] -> 0x0F93
mem[X,0x800003DA] -> 0x0000
[183] [M]: 0x800003D8 (0x00000F93) addi t6, zero, 0
x31 <- 0x00000000


mem[X,0x800003DC] -> 0xE393
mem[X,0x800003DE] -> 0x0083
[184] [M]: 0x800003DC (0x0083E393) ori t2, t2, 8
x7 <- 0x0000000F


mem[X,0x800003E0] -> 0x0F93
mem[X,0x800003E2] -> 0x0000
[185] [M]: 0x800003E0 (0x00000F93) addi t6, zero, 0
x31 <- 0x00000000


mem[X,0x800003E4] -> 0x9073
mem[X,0x800003E6] -> 0x3A03
[186] [M]: 0x800003E4 (0x3A039073) csrrw zero, pmpcfg0, t2
CSR pmpcfg0 -> 0x00000000
CSR pmpcfg0 <- 0x0000000F (input: 0x0000000F)


mem[X,0x800003E8] -> 0x1073
mem[X,0x800003EA] -> 0x1800
[187] [M]: 0x800003E8 (0x18001073) csrrw zero, satp, zero
CSR satp -> 0x80080C02
CSR satp <- 0x00000000 (input: 0x00000000)


mem[X,0x800003EC] -> 0x0013
mem[X,0x800003EE] -> 0x0000
[188] [M]: 0x800003EC (0x00000013) addi zero, zero, 0


mem[X,0x800003F0] -> 0x0013
mem[X,0x800003F2] -> 0x0000
[189] [M]: 0x800003F0 (0x00000013) addi zero, zero, 0


mem[X,0x800003F4] -> 0x0013
mem[X,0x800003F6] -> 0x0000
[190] [M]: 0x800003F4 (0x00000013) addi zero, zero, 0


mem[X,0x800003F8] -> 0x0013
mem[X,0x800003FA] -> 0x0000
[191] [M]: 0x800003F8 (0x00000013) addi zero, zero, 0


mem[X,0x800003FC] -> 0x0013
mem[X,0x800003FE] -> 0x0000
[192] [M]: 0x800003FC (0x00000013) addi zero, zero, 0


mem[X,0x80000400] -> 0x0517
mem[X,0x80000402] -> 0x0000
[193] [M]: 0x80000400 (0x00000517) auipc a0, 0
x10 <- 0x80000400


mem[X,0x80000404] -> 0x0513
mem[X,0x80000406] -> 0xF6C5
[194] [M]: 0x80000404 (0xF6C50513) addi a0, a0, 3948
x10 <- 0x8000036C


mem[X,0x80000408] -> 0x0013
mem[X,0x8000040A] -> 0x0000
[195] [M]: 0x80000408 (0x00000013) addi zero, zero, 0


mem[X,0x8000040C] -> 0x0013
mem[X,0x8000040E] -> 0x0000
[196] [M]: 0x8000040C (0x00000013) addi zero, zero, 0


mem[X,0x80000410] -> 0x0013
mem[X,0x80000412] -> 0x0000
[197] [M]: 0x80000410 (0x00000013) addi zero, zero, 0


mem[X,0x80000414] -> 0x0013
mem[X,0x80000416] -> 0x0000
[198] [M]: 0x80000414 (0x00000013) addi zero, zero, 0


mem[X,0x80000418] -> 0x0013
mem[X,0x8000041A] -> 0x0000
[199] [M]: 0x80000418 (0x00000013) addi zero, zero, 0


clint::tick mtime <- 0x0000000000000002
 clint timer pending at mtime 0x0000000000000002
htif::tick 0x0000000000000000
mem[X,0x8000041C] -> 0x0013
mem[X,0x8000041E] -> 0x0000
[200] [M]: 0x8000041C (0x00000013) addi zero, zero, 0


mem[X,0x80000420] -> 0x0593
mem[X,0x80000422] -> 0x0DB0
[201] [M]: 0x80000420 (0x0DB00593) addi a1, zero, 219
x11 <- 0x000000DB


mem[X,0x80000424] -> 0x5513
mem[X,0x80000426] -> 0x00C5
[202] [M]: 0x80000424 (0x00C55513) srli a0, a0, 12
x10 <- 0x00080000


mem[X,0x80000428] -> 0x1513
mem[X,0x8000042A] -> 0x00A5
[203] [M]: 0x80000428 (0x00A51513) slli a0, a0, 10
x10 <- 0x20000000


mem[X,0x8000042C] -> 0x6533
mem[X,0x8000042E] -> 0x00B5
[204] [M]: 0x8000042C (0x00B56533) or a0, a0, a1
x10 <- 0x200000DB


mem[X,0x80000430] -> 0x0013
mem[X,0x80000432] -> 0x0000
[205] [M]: 0x80000430 (0x00000013) addi zero, zero, 0


mem[X,0x80000434] -> 0x0013
mem[X,0x80000436] -> 0x0000
[206] [M]: 0x80000434 (0x00000013) addi zero, zero, 0


mem[X,0x80000438] -> 0x0013
mem[X,0x8000043A] -> 0x0000
[207] [M]: 0x80000438 (0x00000013) addi zero, zero, 0


mem[X,0x8000043C] -> 0x0013
mem[X,0x8000043E] -> 0x0000
[208] [M]: 0x8000043C (0x00000013) addi zero, zero, 0


mem[X,0x80000440] -> 0x2317
mem[X,0x80000442] -> 0x00C0
[209] [M]: 0x80000440 (0x00C02317) auipc t1, 3074
x6 <- 0x80C02440


mem[X,0x80000444] -> 0x0313
mem[X,0x80000446] -> 0xBC03
[210] [M]: 0x80000444 (0xBC030313) addi t1, t1, 3008
x6 <- 0x80C02000


mem[X,0x80000448] -> 0x0013
mem[X,0x8000044A] -> 0x0000
[211] [M]: 0x80000448 (0x00000013) addi zero, zero, 0


mem[X,0x8000044C] -> 0x0013
mem[X,0x8000044E] -> 0x0000
[212] [M]: 0x8000044C (0x00000013) addi zero, zero, 0


mem[X,0x80000450] -> 0x0013
mem[X,0x80000452] -> 0x0000
[213] [M]: 0x80000450 (0x00000013) addi zero, zero, 0


mem[X,0x80000454] -> 0x0013
mem[X,0x80000456] -> 0x0000
[214] [M]: 0x80000454 (0x00000013) addi zero, zero, 0


mem[X,0x80000458] -> 0x0013
mem[X,0x8000045A] -> 0x0000
[215] [M]: 0x80000458 (0x00000013) addi zero, zero, 0


mem[X,0x8000045C] -> 0x0013
mem[X,0x8000045E] -> 0x0000
[216] [M]: 0x8000045C (0x00000013) addi zero, zero, 0


mem[X,0x80000460] -> 0x12B7
mem[X,0x80000462] -> 0x0000
[217] [M]: 0x80000460 (0x000012B7) lui t0, 1
x5 <- 0x00001000


mem[X,0x80000464] -> 0x8293
mem[X,0x80000466] -> 0x9002
[218] [M]: 0x80000464 (0x90028293) addi t0, t0, 2304
x5 <- 0x00000900


mem[X,0x80000468] -> 0x0333
mem[X,0x8000046A] -> 0x0053
[219] [M]: 0x80000468 (0x00530333) add t1, t1, t0
x6 <- 0x80C02900


mem[X,0x8000046C] -> 0x2023
mem[X,0x8000046E] -> 0x00A3
[220] [M]: 0x8000046C (0x00A32023) sw a0, 0(t1)
mem[0x80C02900] <- 0x200000DB


mem[X,0x80000470] -> 0x0073
mem[X,0x80000472] -> 0x1200
[221] [M]: 0x80000470 (0x12000073) sfence.vma zero, zero


mem[X,0x80000474] -> 0x0013
mem[X,0x80000476] -> 0x0000
[222] [M]: 0x80000474 (0x00000013) addi zero, zero, 0


mem[X,0x80000478] -> 0x0013
mem[X,0x8000047A] -> 0x0000
[223] [M]: 0x80000478 (0x00000013) addi zero, zero, 0


mem[X,0x8000047C] -> 0x0013
mem[X,0x8000047E] -> 0x0000
[224] [M]: 0x8000047C (0x00000013) addi zero, zero, 0


mem[X,0x80000480] -> 0x0517
mem[X,0x80000482] -> 0x0040
[225] [M]: 0x80000480 (0x00400517) auipc a0, 1024
x10 <- 0x80400480


mem[X,0x80000484] -> 0x0513
mem[X,0x80000486] -> 0xF705
[226] [M]: 0x80000484 (0xF7050513) addi a0, a0, 3952
x10 <- 0x804003F0


mem[X,0x80000488] -> 0x0013
mem[X,0x8000048A] -> 0x0000
[227] [M]: 0x80000488 (0x00000013) addi zero, zero, 0


mem[X,0x8000048C] -> 0x0013
mem[X,0x8000048E] -> 0x0000
[228] [M]: 0x8000048C (0x00000013) addi zero, zero, 0


mem[X,0x80000490] -> 0x0013
mem[X,0x80000492] -> 0x0000
[229] [M]: 0x80000490 (0x00000013) addi zero, zero, 0


mem[X,0x80000494] -> 0x0013
mem[X,0x80000496] -> 0x0000
[230] [M]: 0x80000494 (0x00000013) addi zero, zero, 0


mem[X,0x80000498] -> 0x0013
mem[X,0x8000049A] -> 0x0000
[231] [M]: 0x80000498 (0x00000013) addi zero, zero, 0


mem[X,0x8000049C] -> 0x0013
mem[X,0x8000049E] -> 0x0000
[232] [M]: 0x8000049C (0x00000013) addi zero, zero, 0


mem[X,0x800004A0] -> 0x0593
mem[X,0x800004A2] -> 0x0DF0
[233] [M]: 0x800004A0 (0x0DF00593) addi a1, zero, 223
x11 <- 0x000000DF


mem[X,0x800004A4] -> 0x5513
mem[X,0x800004A6] -> 0x00C5
[234] [M]: 0x800004A4 (0x00C55513) srli a0, a0, 12
x10 <- 0x00080400


mem[X,0x800004A8] -> 0x1513
mem[X,0x800004AA] -> 0x00A5
[235] [M]: 0x800004A8 (0x00A51513) slli a0, a0, 10
x10 <- 0x20100000


mem[X,0x800004AC] -> 0x6533
mem[X,0x800004AE] -> 0x00B5
[236] [M]: 0x800004AC (0x00B56533) or a0, a0, a1
x10 <- 0x201000DF


mem[X,0x800004B0] -> 0x0013
mem[X,0x800004B2] -> 0x0000
[237] [M]: 0x800004B0 (0x00000013) addi zero, zero, 0


mem[X,0x800004B4] -> 0x0013
mem[X,0x800004B6] -> 0x0000
[238] [M]: 0x800004B4 (0x00000013) addi zero, zero, 0


mem[X,0x800004B8] -> 0x0013
mem[X,0x800004BA] -> 0x0000
[239] [M]: 0x800004B8 (0x00000013) addi zero, zero, 0


mem[X,0x800004BC] -> 0x0013
mem[X,0x800004BE] -> 0x0000
[240] [M]: 0x800004BC (0x00000013) addi zero, zero, 0


mem[X,0x800004C0] -> 0x2317
mem[X,0x800004C2] -> 0x00C0
[241] [M]: 0x800004C0 (0x00C02317) auipc t1, 3074
x6 <- 0x80C024C0


mem[X,0x800004C4] -> 0x0313
mem[X,0x800004C6] -> 0xB403
[242] [M]: 0x800004C4 (0xB4030313) addi t1, t1, 2880
x6 <- 0x80C02000


mem[X,0x800004C8] -> 0x0013
mem[X,0x800004CA] -> 0x0000
[243] [M]: 0x800004C8 (0x00000013) addi zero, zero, 0


mem[X,0x800004CC] -> 0x0013
mem[X,0x800004CE] -> 0x0000
[244] [M]: 0x800004CC (0x00000013) addi zero, zero, 0


mem[X,0x800004D0] -> 0x0013
mem[X,0x800004D2] -> 0x0000
[245] [M]: 0x800004D0 (0x00000013) addi zero, zero, 0


mem[X,0x800004D4] -> 0x0013
mem[X,0x800004D6] -> 0x0000
[246] [M]: 0x800004D4 (0x00000013) addi zero, zero, 0


mem[X,0x800004D8] -> 0x0013
mem[X,0x800004DA] -> 0x0000
[247] [M]: 0x800004D8 (0x00000013) addi zero, zero, 0


mem[X,0x800004DC] -> 0x0013
mem[X,0x800004DE] -> 0x0000
[248] [M]: 0x800004DC (0x00000013) addi zero, zero, 0


mem[X,0x800004E0] -> 0x12B7
mem[X,0x800004E2] -> 0x0000
[249] [M]: 0x800004E0 (0x000012B7) lui t0, 1
x5 <- 0x00001000


mem[X,0x800004E4] -> 0x8293
mem[X,0x800004E6] -> 0x9102
[250] [M]: 0x800004E4 (0x91028293) addi t0, t0, 2320
x5 <- 0x00000910


mem[X,0x800004E8] -> 0x0333
mem[X,0x800004EA] -> 0x0053
[251] [M]: 0x800004E8 (0x00530333) add t1, t1, t0
x6 <- 0x80C02910


mem[X,0x800004EC] -> 0x2023
mem[X,0x800004EE] -> 0x00A3
[252] [M]: 0x800004EC (0x00A32023) sw a0, 0(t1)
mem[0x80C02910] <- 0x201000DF


mem[X,0x800004F0] -> 0x0073
mem[X,0x800004F2] -> 0x1200
[253] [M]: 0x800004F0 (0x12000073) sfence.vma zero, zero


mem[X,0x800004F4] -> 0x0013
mem[X,0x800004F6] -> 0x0000
[254] [M]: 0x800004F4 (0x00000013) addi zero, zero, 0


mem[X,0x800004F8] -> 0x0013
mem[X,0x800004FA] -> 0x0000
[255] [M]: 0x800004F8 (0x00000013) addi zero, zero, 0


mem[X,0x800004FC] -> 0x0013
mem[X,0x800004FE] -> 0x0000
[256] [M]: 0x800004FC (0x00000013) addi zero, zero, 0


mem[X,0x80000500] -> 0x1517
mem[X,0x80000502] -> 0x00C0
[257] [M]: 0x80000500 (0x00C01517) auipc a0, 3073
x10 <- 0x80C01500


mem[X,0x80000504] -> 0x0513
mem[X,0x80000506] -> 0xB005
[258] [M]: 0x80000504 (0xB0050513) addi a0, a0, 2816
x10 <- 0x80C01000


mem[X,0x80000508] -> 0x0013
mem[X,0x8000050A] -> 0x0000
[259] [M]: 0x80000508 (0x00000013) addi zero, zero, 0


mem[X,0x8000050C] -> 0x0013
mem[X,0x8000050E] -> 0x0000
[260] [M]: 0x8000050C (0x00000013) addi zero, zero, 0


mem[X,0x80000510] -> 0x0013
mem[X,0x80000512] -> 0x0000
[261] [M]: 0x80000510 (0x00000013) addi zero, zero, 0


mem[X,0x80000514] -> 0x0013
mem[X,0x80000516] -> 0x0000
[262] [M]: 0x80000514 (0x00000013) addi zero, zero, 0


mem[X,0x80000518] -> 0x0013
mem[X,0x8000051A] -> 0x0000
[263] [M]: 0x80000518 (0x00000013) addi zero, zero, 0


mem[X,0x8000051C] -> 0x0013
mem[X,0x8000051E] -> 0x0000
[264] [M]: 0x8000051C (0x00000013) addi zero, zero, 0


mem[X,0x80000520] -> 0x0593
mem[X,0x80000522] -> 0x0010
[265] [M]: 0x80000520 (0x00100593) addi a1, zero, 1
x11 <- 0x00000001


mem[X,0x80000524] -> 0x5513
mem[X,0x80000526] -> 0x00C5
[266] [M]: 0x80000524 (0x00C55513) srli a0, a0, 12
x10 <- 0x00080C01


mem[X,0x80000528] -> 0x1513
mem[X,0x8000052A] -> 0x00A5
[267] [M]: 0x80000528 (0x00A51513) slli a0, a0, 10
x10 <- 0x20300400


mem[X,0x8000052C] -> 0x6533
mem[X,0x8000052E] -> 0x00B5
[268] [M]: 0x8000052C (0x00B56533) or a0, a0, a1
x10 <- 0x20300401


mem[X,0x80000530] -> 0x0013
mem[X,0x80000532] -> 0x0000
[269] [M]: 0x80000530 (0x00000013) addi zero, zero, 0


mem[X,0x80000534] -> 0x0013
mem[X,0x80000536] -> 0x0000
[270] [M]: 0x80000534 (0x00000013) addi zero, zero, 0


mem[X,0x80000538] -> 0x0013
mem[X,0x8000053A] -> 0x0000
[271] [M]: 0x80000538 (0x00000013) addi zero, zero, 0


mem[X,0x8000053C] -> 0x0013
mem[X,0x8000053E] -> 0x0000
[272] [M]: 0x8000053C (0x00000013) addi zero, zero, 0


mem[X,0x80000540] -> 0x2317
mem[X,0x80000542] -> 0x00C0
[273] [M]: 0x80000540 (0x00C02317) auipc t1, 3074
x6 <- 0x80C02540


mem[X,0x80000544] -> 0x0313
mem[X,0x80000546] -> 0xAC03
[274] [M]: 0x80000544 (0xAC030313) addi t1, t1, 2752
x6 <- 0x80C02000


mem[X,0x80000548] -> 0x0013
mem[X,0x8000054A] -> 0x0000
[275] [M]: 0x80000548 (0x00000013) addi zero, zero, 0


mem[X,0x8000054C] -> 0x0013
mem[X,0x8000054E] -> 0x0000
[276] [M]: 0x8000054C (0x00000013) addi zero, zero, 0


mem[X,0x80000550] -> 0x0013
mem[X,0x80000552] -> 0x0000
[277] [M]: 0x80000550 (0x00000013) addi zero, zero, 0


mem[X,0x80000554] -> 0x0013
mem[X,0x80000556] -> 0x0000
[278] [M]: 0x80000554 (0x00000013) addi zero, zero, 0


mem[X,0x80000558] -> 0x0013
mem[X,0x8000055A] -> 0x0000
[279] [M]: 0x80000558 (0x00000013) addi zero, zero, 0


mem[X,0x8000055C] -> 0x0013
mem[X,0x8000055E] -> 0x0000
[280] [M]: 0x8000055C (0x00000013) addi zero, zero, 0


mem[X,0x80000560] -> 0x12B7
mem[X,0x80000562] -> 0x0000
[281] [M]: 0x80000560 (0x000012B7) lui t0, 1
x5 <- 0x00001000


mem[X,0x80000564] -> 0x8293
mem[X,0x80000566] -> 0x9302
[282] [M]: 0x80000564 (0x93028293) addi t0, t0, 2352
x5 <- 0x00000930


mem[X,0x80000568] -> 0x0333
mem[X,0x8000056A] -> 0x0053
[283] [M]: 0x80000568 (0x00530333) add t1, t1, t0
x6 <- 0x80C02930


mem[X,0x8000056C] -> 0x2023
mem[X,0x8000056E] -> 0x00A3
[284] [M]: 0x8000056C (0x00A32023) sw a0, 0(t1)
mem[0x80C02930] <- 0x20300401


mem[X,0x80000570] -> 0x0013
mem[X,0x80000572] -> 0x0000
[285] [M]: 0x80000570 (0x00000013) addi zero, zero, 0


mem[X,0x80000574] -> 0x0013
mem[X,0x80000576] -> 0x0000
[286] [M]: 0x80000574 (0x00000013) addi zero, zero, 0


mem[X,0x80000578] -> 0x0013
mem[X,0x8000057A] -> 0x0000
[287] [M]: 0x80000578 (0x00000013) addi zero, zero, 0


mem[X,0x8000057C] -> 0x0013
mem[X,0x8000057E] -> 0x0000
[288] [M]: 0x8000057C (0x00000013) addi zero, zero, 0


mem[X,0x80000580] -> 0x2517
mem[X,0x80000582] -> 0x00C0
[289] [M]: 0x80000580 (0x00C02517) auipc a0, 3074
x10 <- 0x80C02580


mem[X,0x80000584] -> 0x0513
mem[X,0x80000586] -> 0xF905
[290] [M]: 0x80000584 (0xF9050513) addi a0, a0, 3984
x10 <- 0x80C02510


mem[X,0x80000588] -> 0x0013
mem[X,0x8000058A] -> 0x0000
[291] [M]: 0x80000588 (0x00000013) addi zero, zero, 0


mem[X,0x8000058C] -> 0x0013
mem[X,0x8000058E] -> 0x0000
[292] [M]: 0x8000058C (0x00000013) addi zero, zero, 0


mem[X,0x80000590] -> 0x0013
mem[X,0x80000592] -> 0x0000
[293] [M]: 0x80000590 (0x00000013) addi zero, zero, 0


mem[X,0x80000594] -> 0x0013
mem[X,0x80000596] -> 0x0000
[294] [M]: 0x80000594 (0x00000013) addi zero, zero, 0


mem[X,0x80000598] -> 0x0013
mem[X,0x8000059A] -> 0x0000
[295] [M]: 0x80000598 (0x00000013) addi zero, zero, 0


mem[X,0x8000059C] -> 0x0013
mem[X,0x8000059E] -> 0x0000
[296] [M]: 0x8000059C (0x00000013) addi zero, zero, 0


mem[X,0x800005A0] -> 0x0593
mem[X,0x800005A2] -> 0x0D70
[297] [M]: 0x800005A0 (0x0D700593) addi a1, zero, 215
x11 <- 0x000000D7


mem[X,0x800005A4] -> 0x5513
mem[X,0x800005A6] -> 0x00C5
[298] [M]: 0x800005A4 (0x00C55513) srli a0, a0, 12
x10 <- 0x00080C02


mem[X,0x800005A8] -> 0x1513
mem[X,0x800005AA] -> 0x00A5
[299] [M]: 0x800005A8 (0x00A51513) slli a0, a0, 10
x10 <- 0x20300800


clint::tick mtime <- 0x0000000000000003
 clint timer pending at mtime 0x0000000000000003
htif::tick 0x0000000000000000
mem[X,0x800005AC] -> 0x6533
mem[X,0x800005AE] -> 0x00B5
[300] [M]: 0x800005AC (0x00B56533) or a0, a0, a1
x10 <- 0x203008D7


mem[X,0x800005B0] -> 0x0013
mem[X,0x800005B2] -> 0x0000
[301] [M]: 0x800005B0 (0x00000013) addi zero, zero, 0


mem[X,0x800005B4] -> 0x0013
mem[X,0x800005B6] -> 0x0000
[302] [M]: 0x800005B4 (0x00000013) addi zero, zero, 0


mem[X,0x800005B8] -> 0x0013
mem[X,0x800005BA] -> 0x0000
[303] [M]: 0x800005B8 (0x00000013) addi zero, zero, 0


mem[X,0x800005BC] -> 0x0013
mem[X,0x800005BE] -> 0x0000
[304] [M]: 0x800005BC (0x00000013) addi zero, zero, 0


mem[X,0x800005C0] -> 0x1317
mem[X,0x800005C2] -> 0x00C0
[305] [M]: 0x800005C0 (0x00C01317) auipc t1, 3073
x6 <- 0x80C015C0


mem[X,0x800005C4] -> 0x0313
mem[X,0x800005C6] -> 0xA403
[306] [M]: 0x800005C4 (0xA4030313) addi t1, t1, 2624
x6 <- 0x80C01000


mem[X,0x800005C8] -> 0x0013
mem[X,0x800005CA] -> 0x0000
[307] [M]: 0x800005C8 (0x00000013) addi zero, zero, 0


mem[X,0x800005CC] -> 0x0013
mem[X,0x800005CE] -> 0x0000
[308] [M]: 0x800005CC (0x00000013) addi zero, zero, 0


mem[X,0x800005D0] -> 0x0013
mem[X,0x800005D2] -> 0x0000
[309] [M]: 0x800005D0 (0x00000013) addi zero, zero, 0


mem[X,0x800005D4] -> 0x0013
mem[X,0x800005D6] -> 0x0000
[310] [M]: 0x800005D4 (0x00000013) addi zero, zero, 0


mem[X,0x800005D8] -> 0x0013
mem[X,0x800005DA] -> 0x0000
[311] [M]: 0x800005D8 (0x00000013) addi zero, zero, 0


mem[X,0x800005DC] -> 0x0013
mem[X,0x800005DE] -> 0x0000
[312] [M]: 0x800005DC (0x00000013) addi zero, zero, 0


mem[X,0x800005E0] -> 0x0293
mem[X,0x800005E2] -> 0x0500
[313] [M]: 0x800005E0 (0x05000293) addi t0, zero, 80
x5 <- 0x00000050


mem[X,0x800005E4] -> 0x0333
mem[X,0x800005E6] -> 0x0053
[314] [M]: 0x800005E4 (0x00530333) add t1, t1, t0
x6 <- 0x80C01050


mem[X,0x800005E8] -> 0x2023
mem[X,0x800005EA] -> 0x00A3
[315] [M]: 0x800005E8 (0x00A32023) sw a0, 0(t1)
mem[0x80C01050] <- 0x203008D7


mem[X,0x800005EC] -> 0x0073
mem[X,0x800005EE] -> 0x1200
[316] [M]: 0x800005EC (0x12000073) sfence.vma zero, zero


mem[X,0x800005F0] -> 0x42B7
mem[X,0x800005F2] -> 0x9301
[317] [M]: 0x800005F0 (0x930142B7) lui t0, 602132
x5 <- 0x93014000


mem[X,0x800005F4] -> 0x8293
mem[X,0x800005F6] -> 0x5102
[318] [M]: 0x800005F4 (0x51028293) addi t0, t0, 1296
x5 <- 0x93014510


mem[X,0x800005F8] -> 0x0013
mem[X,0x800005FA] -> 0x0000
[319] [M]: 0x800005F8 (0x00000013) addi zero, zero, 0


mem[X,0x800005FC] -> 0x0013
mem[X,0x800005FE] -> 0x0000
[320] [M]: 0x800005FC (0x00000013) addi zero, zero, 0


mem[X,0x80000600] -> 0x2317
mem[X,0x80000602] -> 0x00C0
[321] [M]: 0x80000600 (0x00C02317) auipc t1, 3074
x6 <- 0x80C02600


mem[X,0x80000604] -> 0x0313
mem[X,0x80000606] -> 0xF103
[322] [M]: 0x80000604 (0xF1030313) addi t1, t1, 3856
x6 <- 0x80C02510


mem[X,0x80000608] -> 0x0013
mem[X,0x8000060A] -> 0x0000
[323] [M]: 0x80000608 (0x00000013) addi zero, zero, 0


mem[X,0x8000060C] -> 0x0013
mem[X,0x8000060E] -> 0x0000
[324] [M]: 0x8000060C (0x00000013) addi zero, zero, 0


mem[X,0x80000610] -> 0x0013
mem[X,0x80000612] -> 0x0000
[325] [M]: 0x80000610 (0x00000013) addi zero, zero, 0


mem[X,0x80000614] -> 0x0013
mem[X,0x80000616] -> 0x0000
[326] [M]: 0x80000614 (0x00000013) addi zero, zero, 0


mem[X,0x80000618] -> 0x0013
mem[X,0x8000061A] -> 0x0000
[327] [M]: 0x80000618 (0x00000013) addi zero, zero, 0


mem[X,0x8000061C] -> 0x0013
mem[X,0x8000061E] -> 0x0000
[328] [M]: 0x8000061C (0x00000013) addi zero, zero, 0


mem[X,0x80000620] -> 0x82B3
mem[X,0x80000622] -> 0x4062
[329] [M]: 0x80000620 (0x406282B3) sub t0, t0, t1
x5 <- 0x12412000


mem[X,0x80000624] -> 0x8DB3
mem[X,0x80000626] -> 0x0056
[330] [M]: 0x80000624 (0x00568DB3) add s11, a3, t0
x27 <- 0x93014514


mem[X,0x80000628] -> 0x02B7
mem[X,0x8000062A] -> 0x9100
[331] [M]: 0x80000628 (0x910002B7) lui t0, 593920
x5 <- 0x91000000


mem[X,0x8000062C] -> 0x8293
mem[X,0x8000062E] -> 0x3FC2
[332] [M]: 0x8000062C (0x3FC28293) addi t0, t0, 1020
x5 <- 0x910003FC


mem[X,0x80000630] -> 0x0013
mem[X,0x80000632] -> 0x0000
[333] [M]: 0x80000630 (0x00000013) addi zero, zero, 0


mem[X,0x80000634] -> 0x0013
mem[X,0x80000636] -> 0x0000
[334] [M]: 0x80000634 (0x00000013) addi zero, zero, 0


mem[X,0x80000638] -> 0x0013
mem[X,0x8000063A] -> 0x0000
[335] [M]: 0x80000638 (0x00000013) addi zero, zero, 0


mem[X,0x8000063C] -> 0x0013
mem[X,0x8000063E] -> 0x0000
[336] [M]: 0x8000063C (0x00000013) addi zero, zero, 0


mem[X,0x80000640] -> 0x0317
mem[X,0x80000642] -> 0x0040
[337] [M]: 0x80000640 (0x00400317) auipc t1, 1024
x6 <- 0x80400640


mem[X,0x80000644] -> 0x0313
mem[X,0x80000646] -> 0xDB03
[338] [M]: 0x80000644 (0xDB030313) addi t1, t1, 3504
x6 <- 0x804003F0


mem[X,0x80000648] -> 0x0013
mem[X,0x8000064A] -> 0x0000
[339] [M]: 0x80000648 (0x00000013) addi zero, zero, 0


mem[X,0x8000064C] -> 0x0013
mem[X,0x8000064E] -> 0x0000
[340] [M]: 0x8000064C (0x00000013) addi zero, zero, 0


mem[X,0x80000650] -> 0x0013
mem[X,0x80000652] -> 0x0000
[341] [M]: 0x80000650 (0x00000013) addi zero, zero, 0


mem[X,0x80000654] -> 0x0013
mem[X,0x80000656] -> 0x0000
[342] [M]: 0x80000654 (0x00000013) addi zero, zero, 0


mem[X,0x80000658] -> 0x0013
mem[X,0x8000065A] -> 0x0000
[343] [M]: 0x80000658 (0x00000013) addi zero, zero, 0


mem[X,0x8000065C] -> 0x0013
mem[X,0x8000065E] -> 0x0000
[344] [M]: 0x8000065C (0x00000013) addi zero, zero, 0


mem[X,0x80000660] -> 0x82B3
mem[X,0x80000662] -> 0x4062
[345] [M]: 0x80000660 (0x406282B3) sub t0, t0, t1
x5 <- 0x10C0000C


mem[X,0x80000664] -> 0x8E13
mem[X,0x80000666] -> 0x1F82
[346] [M]: 0x80000664 (0x1F828E13) addi t3, t0, 504
x28 <- 0x10C00204


mem[X,0x80000668] -> 0x2173
mem[X,0x8000066A] -> 0x3400
[347] [M]: 0x80000668 (0x34002173) csrrs sp, mscratch, zero
CSR mscratch -> 0x80400000
x2 <- 0x80400000


mem[X,0x8000066C] -> 0x0333
mem[X,0x8000066E] -> 0x01C1
[348] [M]: 0x8000066C (0x01C10333) add t1, sp, t3
x6 <- 0x91000204


mem[X,0x80000670] -> 0x1073
mem[X,0x80000672] -> 0x1403
[349] [M]: 0x80000670 (0x14031073) csrrw zero, sscratch, t1
CSR sscratch -> 0x804001F8
CSR sscratch <- 0x91000204 (input: 0x91000204)


mem[X,0x80000674] -> 0x2173
mem[X,0x80000676] -> 0x3400
[350] [M]: 0x80000674 (0x34002173) csrrs sp, mscratch, zero
CSR mscratch -> 0x80400000
x2 <- 0x80400000


mem[X,0x80000678] -> 0x02B7
mem[X,0x8000067A] -> 0x9000
[351] [M]: 0x80000678 (0x900002B7) lui t0, 589824
x5 <- 0x90000000


mem[X,0x8000067C] -> 0x8293
mem[X,0x8000067E] -> 0x36C2
[352] [M]: 0x8000067C (0x36C28293) addi t0, t0, 876
x5 <- 0x9000036C


mem[X,0x80000680] -> 0x0317
mem[X,0x80000682] -> 0x0000
[353] [M]: 0x80000680 (0x00000317) auipc t1, 0
x6 <- 0x80000680


mem[X,0x80000684] -> 0x0313
mem[X,0x80000686] -> 0xCEC3
[354] [M]: 0x80000684 (0xCEC30313) addi t1, t1, 3308
x6 <- 0x8000036C


mem[X,0x80000688] -> 0x0013
mem[X,0x8000068A] -> 0x0000
[355] [M]: 0x80000688 (0x00000013) addi zero, zero, 0


mem[X,0x8000068C] -> 0x0013
mem[X,0x8000068E] -> 0x0000
[356] [M]: 0x8000068C (0x00000013) addi zero, zero, 0


mem[X,0x80000690] -> 0x0013
mem[X,0x80000692] -> 0x0000
[357] [M]: 0x80000690 (0x00000013) addi zero, zero, 0


mem[X,0x80000694] -> 0x0013
mem[X,0x80000696] -> 0x0000
[358] [M]: 0x80000694 (0x00000013) addi zero, zero, 0


mem[X,0x80000698] -> 0x0013
mem[X,0x8000069A] -> 0x0000
[359] [M]: 0x80000698 (0x00000013) addi zero, zero, 0


mem[X,0x8000069C] -> 0x0013
mem[X,0x8000069E] -> 0x0000
[360] [M]: 0x8000069C (0x00000013) addi zero, zero, 0


mem[X,0x800006A0] -> 0x82B3
mem[X,0x800006A2] -> 0x4062
[361] [M]: 0x800006A0 (0x406282B3) sub t0, t0, t1
x5 <- 0x10000000


mem[X,0x800006A4] -> 0x2303
mem[X,0x800006A6] -> 0x1581
[362] [M]: 0x800006A4 (0x15812303) lw t1, 344(sp)
mem[R,0x80400158] -> 0x8000036C
x6 <- 0x8000036C


mem[X,0x800006A8] -> 0x03B3
mem[X,0x800006AA] -> 0x0053
[363] [M]: 0x800006A8 (0x005303B3) add t2, t1, t0
x7 <- 0x9000036C


mem[X,0x800006AC] -> 0x2823
mem[X,0x800006AE] -> 0x3471
[364] [M]: 0x800006AC (0x34712823) sw t2, 848(sp)
mem[0x80400350] <- 0x9000036C


mem[X,0x800006B0] -> 0x02B7
mem[X,0x800006B2] -> 0x9100
[365] [M]: 0x800006B0 (0x910002B7) lui t0, 593920
x5 <- 0x91000000


mem[X,0x800006B4] -> 0x8293
mem[X,0x800006B6] -> 0x3FC2
[366] [M]: 0x800006B4 (0x3FC28293) addi t0, t0, 1020
x5 <- 0x910003FC


mem[X,0x800006B8] -> 0x0013
mem[X,0x800006BA] -> 0x0000
[367] [M]: 0x800006B8 (0x00000013) addi zero, zero, 0


mem[X,0x800006BC] -> 0x0013
mem[X,0x800006BE] -> 0x0000
[368] [M]: 0x800006BC (0x00000013) addi zero, zero, 0


mem[X,0x800006C0] -> 0x0317
mem[X,0x800006C2] -> 0x0040
[369] [M]: 0x800006C0 (0x00400317) auipc t1, 1024
x6 <- 0x804006C0


mem[X,0x800006C4] -> 0x0313
mem[X,0x800006C6] -> 0xD303
[370] [M]: 0x800006C4 (0xD3030313) addi t1, t1, 3376
x6 <- 0x804003F0


mem[X,0x800006C8] -> 0x0013
mem[X,0x800006CA] -> 0x0000
[371] [M]: 0x800006C8 (0x00000013) addi zero, zero, 0


mem[X,0x800006CC] -> 0x0013
mem[X,0x800006CE] -> 0x0000
[372] [M]: 0x800006CC (0x00000013) addi zero, zero, 0


mem[X,0x800006D0] -> 0x0013
mem[X,0x800006D2] -> 0x0000
[373] [M]: 0x800006D0 (0x00000013) addi zero, zero, 0


mem[X,0x800006D4] -> 0x0013
mem[X,0x800006D6] -> 0x0000
[374] [M]: 0x800006D4 (0x00000013) addi zero, zero, 0


mem[X,0x800006D8] -> 0x0013
mem[X,0x800006DA] -> 0x0000
[375] [M]: 0x800006D8 (0x00000013) addi zero, zero, 0


mem[X,0x800006DC] -> 0x0013
mem[X,0x800006DE] -> 0x0000
[376] [M]: 0x800006DC (0x00000013) addi zero, zero, 0


mem[X,0x800006E0] -> 0x82B3
mem[X,0x800006E2] -> 0x4062
[377] [M]: 0x800006E0 (0x406282B3) sub t0, t0, t1
x5 <- 0x10C0000C


mem[X,0x800006E4] -> 0x2303
mem[X,0x800006E6] -> 0x1681
[378] [M]: 0x800006E4 (0x16812303) lw t1, 360(sp)
mem[R,0x80400168] -> 0x804003F0
x6 <- 0x804003F0


mem[X,0x800006E8] -> 0x03B3
mem[X,0x800006EA] -> 0x0053
[379] [M]: 0x800006E8 (0x005303B3) add t2, t1, t0
x7 <- 0x910003FC


mem[X,0x800006EC] -> 0x2023
mem[X,0x800006EE] -> 0x3671
[380] [M]: 0x800006EC (0x36712023) sw t2, 864(sp)
mem[0x80400360] <- 0x910003FC


mem[X,0x800006F0] -> 0x42B7
mem[X,0x800006F2] -> 0x9301
[381] [M]: 0x800006F0 (0x930142B7) lui t0, 602132
x5 <- 0x93014000


mem[X,0x800006F4] -> 0x8293
mem[X,0x800006F6] -> 0x5102
[382] [M]: 0x800006F4 (0x51028293) addi t0, t0, 1296
x5 <- 0x93014510


mem[X,0x800006F8] -> 0x0013
mem[X,0x800006FA] -> 0x0000
[383] [M]: 0x800006F8 (0x00000013) addi zero, zero, 0


mem[X,0x800006FC] -> 0x0013
mem[X,0x800006FE] -> 0x0000
[384] [M]: 0x800006FC (0x00000013) addi zero, zero, 0


mem[X,0x80000700] -> 0x2317
mem[X,0x80000702] -> 0x00C0
[385] [M]: 0x80000700 (0x00C02317) auipc t1, 3074
x6 <- 0x80C02700


mem[X,0x80000704] -> 0x0313
mem[X,0x80000706] -> 0xE103
[386] [M]: 0x80000704 (0xE1030313) addi t1, t1, 3600
x6 <- 0x80C02510


mem[X,0x80000708] -> 0x0013
mem[X,0x8000070A] -> 0x0000
[387] [M]: 0x80000708 (0x00000013) addi zero, zero, 0


mem[X,0x8000070C] -> 0x0013
mem[X,0x8000070E] -> 0x0000
[388] [M]: 0x8000070C (0x00000013) addi zero, zero, 0


mem[X,0x80000710] -> 0x0013
mem[X,0x80000712] -> 0x0000
[389] [M]: 0x80000710 (0x00000013) addi zero, zero, 0


mem[X,0x80000714] -> 0x0013
mem[X,0x80000716] -> 0x0000
[390] [M]: 0x80000714 (0x00000013) addi zero, zero, 0


mem[X,0x80000718] -> 0x0013
mem[X,0x8000071A] -> 0x0000
[391] [M]: 0x80000718 (0x00000013) addi zero, zero, 0


mem[X,0x8000071C] -> 0x0013
mem[X,0x8000071E] -> 0x0000
[392] [M]: 0x8000071C (0x00000013) addi zero, zero, 0


mem[X,0x80000720] -> 0x82B3
mem[X,0x80000722] -> 0x4062
[393] [M]: 0x80000720 (0x406282B3) sub t0, t0, t1
x5 <- 0x12412000


mem[X,0x80000724] -> 0x2303
mem[X,0x80000726] -> 0x1781
[394] [M]: 0x80000724 (0x17812303) lw t1, 376(sp)
mem[R,0x80400178] -> 0x80C02510
x6 <- 0x80C02510


mem[X,0x80000728] -> 0x03B3
mem[X,0x8000072A] -> 0x0053
[395] [M]: 0x80000728 (0x005303B3) add t2, t1, t0
x7 <- 0x93014510


mem[X,0x8000072C] -> 0x2823
mem[X,0x8000072E] -> 0x3671
[396] [M]: 0x8000072C (0x36712823) sw t2, 880(sp)
mem[0x80400370] <- 0x93014510


mem[X,0x80000730] -> 0x02B7
mem[X,0x80000732] -> 0x9400
[397] [M]: 0x80000730 (0x940002B7) lui t0, 606208
x5 <- 0x94000000


mem[X,0x80000734] -> 0x8293
mem[X,0x80000736] -> 0x3F02
[398] [M]: 0x80000734 (0x3F028293) addi t0, t0, 1008
x5 <- 0x940003F0


mem[X,0x80000738] -> 0x0013
mem[X,0x8000073A] -> 0x0000
[399] [M]: 0x80000738 (0x00000013) addi zero, zero, 0


clint::tick mtime <- 0x0000000000000004
 clint timer pending at mtime 0x0000000000000004
htif::tick 0x0000000000000000
mem[X,0x8000073C] -> 0x0013
mem[X,0x8000073E] -> 0x0000
[400] [M]: 0x8000073C (0x00000013) addi zero, zero, 0


mem[X,0x80000740] -> 0x0317
mem[X,0x80000742] -> 0x0040
[401] [M]: 0x80000740 (0x00400317) auipc t1, 1024
x6 <- 0x80400740


mem[X,0x80000744] -> 0x0313
mem[X,0x80000746] -> 0xCB03
[402] [M]: 0x80000744 (0xCB030313) addi t1, t1, 3248
x6 <- 0x804003F0


mem[X,0x80000748] -> 0x0013
mem[X,0x8000074A] -> 0x0000
[403] [M]: 0x80000748 (0x00000013) addi zero, zero, 0


mem[X,0x8000074C] -> 0x0013
mem[X,0x8000074E] -> 0x0000
[404] [M]: 0x8000074C (0x00000013) addi zero, zero, 0


mem[X,0x80000750] -> 0x0013
mem[X,0x80000752] -> 0x0000
[405] [M]: 0x80000750 (0x00000013) addi zero, zero, 0


mem[X,0x80000754] -> 0x0013
mem[X,0x80000756] -> 0x0000
[406] [M]: 0x80000754 (0x00000013) addi zero, zero, 0


mem[X,0x80000758] -> 0x0013
mem[X,0x8000075A] -> 0x0000
[407] [M]: 0x80000758 (0x00000013) addi zero, zero, 0


mem[X,0x8000075C] -> 0x0013
mem[X,0x8000075E] -> 0x0000
[408] [M]: 0x8000075C (0x00000013) addi zero, zero, 0


mem[X,0x80000760] -> 0x82B3
mem[X,0x80000762] -> 0x4062
[409] [M]: 0x80000760 (0x406282B3) sub t0, t0, t1
x5 <- 0x13C00000


mem[X,0x80000764] -> 0x2303
mem[X,0x80000766] -> 0x1881
[410] [M]: 0x80000764 (0x18812303) lw t1, 392(sp)
mem[R,0x80400188] -> 0x804003F0
x6 <- 0x804003F0


mem[X,0x80000768] -> 0x03B3
mem[X,0x8000076A] -> 0x0053
[411] [M]: 0x80000768 (0x005303B3) add t2, t1, t0
x7 <- 0x940003F0


mem[X,0x8000076C] -> 0x2023
mem[X,0x8000076E] -> 0x3871
[412] [M]: 0x8000076C (0x38712023) sw t2, 896(sp)
mem[0x80400380] <- 0x940003F0


mem[X,0x80000770] -> 0x0013
mem[X,0x80000772] -> 0x0000
[413] [M]: 0x80000770 (0x00000013) addi zero, zero, 0


mem[X,0x80000774] -> 0x0013
mem[X,0x80000776] -> 0x0000
[414] [M]: 0x80000774 (0x00000013) addi zero, zero, 0


mem[X,0x80000778] -> 0x0013
mem[X,0x8000077A] -> 0x0000
[415] [M]: 0x80000778 (0x00000013) addi zero, zero, 0


mem[X,0x8000077C] -> 0x0013
mem[X,0x8000077E] -> 0x0000
[416] [M]: 0x8000077C (0x00000013) addi zero, zero, 0


mem[X,0x80000780] -> 0x2F97
mem[X,0x80000782] -> 0x00C0
[417] [M]: 0x80000780 (0x00C02F97) auipc t6, 3074
x31 <- 0x80C02780


mem[X,0x80000784] -> 0x8F93
mem[X,0x80000786] -> 0x880F
[418] [M]: 0x80000784 (0x880F8F93) addi t6, t6, 2176
x31 <- 0x80C02000


mem[X,0x80000788] -> 0x0013
mem[X,0x8000078A] -> 0x0000
[419] [M]: 0x80000788 (0x00000013) addi zero, zero, 0


mem[X,0x8000078C] -> 0x0013
mem[X,0x8000078E] -> 0x0000
[420] [M]: 0x8000078C (0x00000013) addi zero, zero, 0


mem[X,0x80000790] -> 0x0013
mem[X,0x80000792] -> 0x0000
[421] [M]: 0x80000790 (0x00000013) addi zero, zero, 0


mem[X,0x80000794] -> 0x0013
mem[X,0x80000796] -> 0x0000
[422] [M]: 0x80000794 (0x00000013) addi zero, zero, 0


mem[X,0x80000798] -> 0x0013
mem[X,0x8000079A] -> 0x0000
[423] [M]: 0x80000798 (0x00000013) addi zero, zero, 0


mem[X,0x8000079C] -> 0x0013
mem[X,0x8000079E] -> 0x0000
[424] [M]: 0x8000079C (0x00000013) addi zero, zero, 0


mem[X,0x800007A0] -> 0x0F37
mem[X,0x800007A2] -> 0x8000
[425] [M]: 0x800007A0 (0x80000F37) lui t5, 524288
x30 <- 0x80000000


mem[X,0x800007A4] -> 0xDF93
mem[X,0x800007A6] -> 0x00CF
[426] [M]: 0x800007A4 (0x00CFDF93) srli t6, t6, 12
x31 <- 0x00080C02


mem[X,0x800007A8] -> 0xEFB3
mem[X,0x800007AA] -> 0x01EF
[427] [M]: 0x800007A8 (0x01EFEFB3) or t6, t6, t5
x31 <- 0x80080C02


mem[X,0x800007AC] -> 0x9073
mem[X,0x800007AE] -> 0x180F
[428] [M]: 0x800007AC (0x180F9073) csrrw zero, satp, t6
CSR satp -> 0x00000000
CSR satp <- 0x80080C02 (input: 0x80080C02)


mem[X,0x800007B0] -> 0x0073
mem[X,0x800007B2] -> 0x1200
[429] [M]: 0x800007B0 (0x12000073) sfence.vma zero, zero


mem[X,0x800007B4] -> 0x0013
mem[X,0x800007B6] -> 0x0000
[430] [M]: 0x800007B4 (0x00000013) addi zero, zero, 0


mem[X,0x800007B8] -> 0x0013
mem[X,0x800007BA] -> 0x0000
[431] [M]: 0x800007B8 (0x00000013) addi zero, zero, 0


mem[X,0x800007BC] -> 0x0013
mem[X,0x800007BE] -> 0x0000
[432] [M]: 0x800007BC (0x00000013) addi zero, zero, 0


mem[X,0x800007C0] -> 0x0517
mem[X,0x800007C2] -> 0x0080
[433] [M]: 0x800007C0 (0x00800517) auipc a0, 2048
x10 <- 0x808007C0


mem[X,0x800007C4] -> 0x0513
mem[X,0x800007C6] -> 0x8405
[434] [M]: 0x800007C4 (0x84050513) addi a0, a0, 2112
x10 <- 0x80800000


mem[X,0x800007C8] -> 0x0013
mem[X,0x800007CA] -> 0x0000
[435] [M]: 0x800007C8 (0x00000013) addi zero, zero, 0


mem[X,0x800007CC] -> 0x0013
mem[X,0x800007CE] -> 0x0000
[436] [M]: 0x800007CC (0x00000013) addi zero, zero, 0


mem[X,0x800007D0] -> 0x0013
mem[X,0x800007D2] -> 0x0000
[437] [M]: 0x800007D0 (0x00000013) addi zero, zero, 0


mem[X,0x800007D4] -> 0x0013
mem[X,0x800007D6] -> 0x0000
[438] [M]: 0x800007D4 (0x00000013) addi zero, zero, 0


mem[X,0x800007D8] -> 0x0013
mem[X,0x800007DA] -> 0x0000
[439] [M]: 0x800007D8 (0x00000013) addi zero, zero, 0


mem[X,0x800007DC] -> 0x0013
mem[X,0x800007DE] -> 0x0000
[440] [M]: 0x800007DC (0x00000013) addi zero, zero, 0


mem[X,0x800007E0] -> 0x0593
mem[X,0x800007E2] -> 0x0DF0
[441] [M]: 0x800007E0 (0x0DF00593) addi a1, zero, 223
x11 <- 0x000000DF


mem[X,0x800007E4] -> 0x5513
mem[X,0x800007E6] -> 0x00C5
[442] [M]: 0x800007E4 (0x00C55513) srli a0, a0, 12
x10 <- 0x00080800


mem[X,0x800007E8] -> 0x1513
mem[X,0x800007EA] -> 0x00A5
[443] [M]: 0x800007E8 (0x00A51513) slli a0, a0, 10
x10 <- 0x20200000


mem[X,0x800007EC] -> 0x6533
mem[X,0x800007EE] -> 0x00B5
[444] [M]: 0x800007EC (0x00B56533) or a0, a0, a1
x10 <- 0x202000DF


mem[X,0x800007F0] -> 0x0013
mem[X,0x800007F2] -> 0x0000
[445] [M]: 0x800007F0 (0x00000013) addi zero, zero, 0


mem[X,0x800007F4] -> 0x0013
mem[X,0x800007F6] -> 0x0000
[446] [M]: 0x800007F4 (0x00000013) addi zero, zero, 0


mem[X,0x800007F8] -> 0x0013
mem[X,0x800007FA] -> 0x0000
[447] [M]: 0x800007F8 (0x00000013) addi zero, zero, 0


mem[X,0x800007FC] -> 0x0013
mem[X,0x800007FE] -> 0x0000
[448] [M]: 0x800007FC (0x00000013) addi zero, zero, 0


mem[X,0x80000800] -> 0x2317
mem[X,0x80000802] -> 0x00C0
[449] [M]: 0x80000800 (0x00C02317) auipc t1, 3074
x6 <- 0x80C02800


mem[X,0x80000804] -> 0x0313
mem[X,0x80000806] -> 0x8003
[450] [M]: 0x80000804 (0x80030313) addi t1, t1, 2048
x6 <- 0x80C02000


mem[X,0x80000808] -> 0x0013
mem[X,0x8000080A] -> 0x0000
[451] [M]: 0x80000808 (0x00000013) addi zero, zero, 0


mem[X,0x8000080C] -> 0x0013
mem[X,0x8000080E] -> 0x0000
[452] [M]: 0x8000080C (0x00000013) addi zero, zero, 0


mem[X,0x80000810] -> 0x0013
mem[X,0x80000812] -> 0x0000
[453] [M]: 0x80000810 (0x00000013) addi zero, zero, 0


mem[X,0x80000814] -> 0x0013
mem[X,0x80000816] -> 0x0000
[454] [M]: 0x80000814 (0x00000013) addi zero, zero, 0


mem[X,0x80000818] -> 0x0013
mem[X,0x8000081A] -> 0x0000
[455] [M]: 0x80000818 (0x00000013) addi zero, zero, 0


mem[X,0x8000081C] -> 0x0013
mem[X,0x8000081E] -> 0x0000
[456] [M]: 0x8000081C (0x00000013) addi zero, zero, 0


mem[X,0x80000820] -> 0x12B7
mem[X,0x80000822] -> 0x0000
[457] [M]: 0x80000820 (0x000012B7) lui t0, 1
x5 <- 0x00001000


mem[X,0x80000824] -> 0x8293
mem[X,0x80000826] -> 0x9142
[458] [M]: 0x80000824 (0x91428293) addi t0, t0, 2324
x5 <- 0x00000914


mem[X,0x80000828] -> 0x0333
mem[X,0x8000082A] -> 0x0053
[459] [M]: 0x80000828 (0x00530333) add t1, t1, t0
x6 <- 0x80C02914


mem[X,0x8000082C] -> 0x2023
mem[X,0x8000082E] -> 0x00A3
[460] [M]: 0x8000082C (0x00A32023) sw a0, 0(t1)
mem[0x80C02914] <- 0x202000DF


mem[X,0x80000830] -> 0x0073
mem[X,0x80000832] -> 0x1200
[461] [M]: 0x80000830 (0x12000073) sfence.vma zero, zero


mem[X,0x80000834] -> 0x24B7
mem[X,0x80000836] -> 0x0000
[462] [M]: 0x80000834 (0x000024B7) lui s1, 2
x9 <- 0x00002000


mem[X,0x80000838] -> 0x8493
mem[X,0x8000083A] -> 0x8004
[463] [M]: 0x80000838 (0x80048493) addi s1, s1, 2048
x9 <- 0x00001800


mem[X,0x8000083C] -> 0xB073
mem[X,0x8000083E] -> 0x3004
[464] [M]: 0x8000083C (0x3004B073) csrrc zero, mstatus, s1
CSR mstatus -> 0x00000000
CSR mstatus <- 0x00000000 (input: 0x00000000)


mem[X,0x80000840] -> 0x2173
mem[X,0x80000842] -> 0x3400
[465] [M]: 0x80000840 (0x34002173) csrrs sp, mscratch, zero
CSR mscratch -> 0x80400000
x2 <- 0x80400000


mem[X,0x80000844] -> 0x2303
mem[X,0x80000846] -> 0x3501
[466] [M]: 0x80000844 (0x35012303) lw t1, 848(sp)
mem[R,0x80400350] -> 0x9000036C
x6 <- 0x9000036C


mem[X,0x80000848] -> 0x2483
mem[X,0x8000084A] -> 0x1581
[467] [M]: 0x80000848 (0x15812483) lw s1, 344(sp)
mem[R,0x80400158] -> 0x8000036C
x9 <- 0x8000036C


mem[X,0x8000084C] -> 0x0333
mem[X,0x8000084E] -> 0x4093
[468] [M]: 0x8000084C (0x40930333) sub t1, t1, s1
x6 <- 0x10000000


mem[X,0x80000850] -> 0x0313
mem[X,0x80000852] -> 0x0103
[469] [M]: 0x80000850 (0x01030313) addi t1, t1, 16
x6 <- 0x10000010


mem[X,0x80000854] -> 0x0497
mem[X,0x80000856] -> 0x0000
[470] [M]: 0x80000854 (0x00000497) auipc s1, 0
x9 <- 0x80000854


mem[X,0x80000858] -> 0x84B3
mem[X,0x8000085A] -> 0x0064
[471] [M]: 0x80000858 (0x006484B3) add s1, s1, t1
x9 <- 0x90000864


mem[X,0x8000085C] -> 0x94F3
mem[X,0x8000085E] -> 0x3414
[472] [M]: 0x8000085C (0x341494F3) csrrw s1, mepc, s1
CSR mepc -> 0x00000000
CSR mepc <- 0x90000864 (input: 0x90000864)
x9 <- 0x00000000


mem[X,0x80000860] -> 0x0073
mem[X,0x80000862] -> 0x3020
[473] [M]: 0x80000860 (0x30200073) mret
CSR mstatus <- 0x00000080
ret-ing from M to U


mem[R,0x80C02900] -> 0x200000DB
mem[X,0x80000864] -> 0xE737
mem[X,0x80000866] -> 0x0000
[474] [U]: 0x90000864 (0x0000E737) lui a4, 14
x14 <- 0x0000E000


mem[X,0x80000868] -> 0x0713
mem[X,0x8000086A] -> 0xEAD7
[475] [U]: 0x90000868 (0xEAD70713) addi a4, a4, 3757
x14 <- 0x0000DEAD


mem[X,0x8000086C] -> 0xA423
mem[X,0x8000086E] -> 0x00ED
[476] [U]: 0x9000086C (0x00EDA423) sw a4, 8(s11)
mem[R,0x80C02930] -> 0x20300401
mem[R,0x80C01050] -> 0x203008D7
mem[0x80C0251C] <- 0x0000DEAD


mem[R,0x80C02900] -> 0x200000DB
mem[X,0x80000870] -> 0x0013
mem[X,0x80000872] -> 0x0000
[477] [U]: 0x90000870 (0x00000013) addi zero, zero, 0


mem[X,0x80000874] -> 0x0013
mem[X,0x80000876] -> 0x0000
[478] [U]: 0x90000874 (0x00000013) addi zero, zero, 0


mem[X,0x80000878] -> 0x0013
mem[X,0x8000087A] -> 0x0000
[479] [U]: 0x90000878 (0x00000013) addi zero, zero, 0


mem[X,0x8000087C] -> 0x0013
mem[X,0x8000087E] -> 0x0000
[480] [U]: 0x9000087C (0x00000013) addi zero, zero, 0


mem[X,0x80000880] -> 0x07B7
mem[X,0x80000882] -> 0x9140
[481] [U]: 0x90000880 (0x914007B7) lui a5, 594944
x15 <- 0x91400000


mem[X,0x80000884] -> 0x0013
mem[X,0x80000886] -> 0x0000
[482] [U]: 0x90000884 (0x00000013) addi zero, zero, 0


mem[X,0x80000888] -> 0x0013
mem[X,0x8000088A] -> 0x0000
[483] [U]: 0x90000888 (0x00000013) addi zero, zero, 0


mem[X,0x8000088C] -> 0x0013
mem[X,0x8000088E] -> 0x0000
[484] [U]: 0x9000088C (0x00000013) addi zero, zero, 0


mem[X,0x80000890] -> 0x0013
mem[X,0x80000892] -> 0x0000
[485] [U]: 0x90000890 (0x00000013) addi zero, zero, 0


mem[X,0x80000894] -> 0x0013
mem[X,0x80000896] -> 0x0000
[486] [U]: 0x90000894 (0x00000013) addi zero, zero, 0


mem[X,0x80000898] -> 0x0013
mem[X,0x8000089A] -> 0x0000
[487] [U]: 0x90000898 (0x00000013) addi zero, zero, 0


mem[X,0x8000089C] -> 0x0013
mem[X,0x8000089E] -> 0x0000
[488] [U]: 0x9000089C (0x00000013) addi zero, zero, 0


mem[X,0x800008A0] -> 0x0613
mem[X,0x800008A2] -> 0x0106
[489] [U]: 0x900008A0 (0x01060613) addi a2, a2, 16
x12 <- 0x00000010


mem[X,0x800008A4] -> 0x0713
mem[X,0x800008A6] -> 0x0106
[490] [U]: 0x900008A4 (0x01060713) addi a4, a2, 16
x14 <- 0x00000020


mem[X,0x800008A8] -> 0x0613
mem[X,0x800008AA] -> 0x0107
[491] [U]: 0x900008A8 (0x01070613) addi a2, a4, 16
x12 <- 0x00000030


mem[X,0x800008AC] -> 0xAA23
mem[X,0x800008AE] -> 0x00C7
[492] [U]: 0x900008AC (0x00C7AA23) sw a2, 20(a5)
mem[R,0x80C02914] -> 0x202000DF
mem[0x80800014] <- 0x00000030


mem[R,0x80C02900] -> 0x200000DB
mem[X,0x800008B0] -> 0x0013
mem[X,0x800008B2] -> 0x0000
[493] [U]: 0x900008B0 (0x00000013) addi zero, zero, 0


mem[X,0x800008B4] -> 0x0013
mem[X,0x800008B6] -> 0x0000
[494] [U]: 0x900008B4 (0x00000013) addi zero, zero, 0


mem[X,0x800008B8] -> 0xA703
mem[X,0x800008BA] -> 0x0147
[495] [U]: 0x900008B8 (0x0147A703) lw a4, 20(a5)
mem[R,0x80C02914] -> 0x202000DF
mem[R,0x80800014] -> 0x00000030
x14 <- 0x00000030


mem[R,0x80C02900] -> 0x200000DB
mem[X,0x800008BC] -> 0x0013
mem[X,0x800008BE] -> 0x0000
[496] [U]: 0x900008BC (0x00000013) addi zero, zero, 0


mem[X,0x800008C0] -> 0x0013
mem[X,0x800008C2] -> 0x0000
[497] [U]: 0x900008C0 (0x00000013) addi zero, zero, 0


mem[X,0x800008C4] -> 0xA623
mem[X,0x800008C6] -> 0x00ED
[498] [U]: 0x900008C4 (0x00EDA623) sw a4, 12(s11)
mem[R,0x80C02930] -> 0x20300401
mem[R,0x80C01050] -> 0x203008D7
mem[0x80C02520] <- 0x00000030


mem[R,0x80C02900] -> 0x200000DB
mem[X,0x800008C8] -> 0x0313
mem[X,0x800008CA] -> 0x0010
[499] [U]: 0x900008C8 (0x00100313) addi t1, zero, 1
x6 <- 0x00000001


clint::tick mtime <- 0x0000000000000005
 clint timer pending at mtime 0x0000000000000005
htif::tick 0x0000000000000000
mem[X,0x800008CC] -> 0x0463
mem[X,0x800008CE] -> 0x0203
[500] [U]: 0x900008CC (0x02030463) beq t1, zero, 40


mem[X,0x800008D0] -> 0x02B7
mem[X,0x800008D2] -> 0x0040
[501] [U]: 0x900008D0 (0x004002B7) lui t0, 1024
x5 <- 0x00400000


mem[X,0x800008D4] -> 0x8293
mem[X,0x800008D6] -> 0xFFC2
[502] [U]: 0x900008D4 (0xFFC28293) addi t0, t0, 4092
x5 <- 0x003FFFFC


mem[X,0x800008D8] -> 0xD793
mem[X,0x800008DA] -> 0x0167
[503] [U]: 0x900008D8 (0x0167D793) srli a5, a5, 22
x15 <- 0x00000245


mem[X,0x800008DC] -> 0x9793
mem[X,0x800008DE] -> 0x0167
[504] [U]: 0x900008DC (0x01679793) slli a5, a5, 22
x15 <- 0x91400000


mem[X,0x800008E0] -> 0x82B3
mem[X,0x800008E2] -> 0x0057
[505] [U]: 0x900008E0 (0x005782B3) add t0, a5, t0
x5 <- 0x917FFFFC


mem[X,0x800008E4] -> 0x80E7
mem[X,0x800008E6] -> 0x0002
[506] [U]: 0x900008E4 (0x000280E7) jalr ra, t0, 0
x1 <- 0x900008E8


mem[R,0x80C02914] -> 0x202000DF
mem[X,0x80BFFFFC] -> 0x8067
mem[X,0x80BFFFFE] -> 0x0000
[507] [U]: 0x917FFFFC (0x00008067) jalr zero, ra, 0


mem[R,0x80C02900] -> 0x200000DB
mem[X,0x800008E8] -> 0x0013
mem[X,0x800008EA] -> 0x0000
[508] [U]: 0x900008E8 (0x00000013) addi zero, zero, 0


mem[X,0x800008EC] -> 0x0013
mem[X,0x800008EE] -> 0x0000
[509] [U]: 0x900008EC (0x00000013) addi zero, zero, 0


mem[X,0x800008F0] -> 0x006F
mem[X,0x800008F2] -> 0x0240
[510] [U]: 0x900008F0 (0x0240006F) jal zero, 36


mem[X,0x80000914] -> 0xA823
mem[X,0x80000916] -> 0x00CD
[511] [U]: 0x90000914 (0x00CDA823) sw a2, 16(s11)
mem[R,0x80C02930] -> 0x20300401
mem[R,0x80C01050] -> 0x203008D7
mem[0x80C02524] <- 0x00000030


mem[R,0x80C02900] -> 0x200000DB
mem[X,0x80000918] -> 0x0013
mem[X,0x8000091A] -> 0x0000
[512] [U]: 0x90000918 (0x00000013) addi zero, zero, 0


mem[X,0x8000091C] -> 0x0013
mem[X,0x8000091E] -> 0x0000
[513] [U]: 0x9000091C (0x00000013) addi zero, zero, 0


mem[X,0x80000920] -> 0x0737
mem[X,0x80000922] -> 0x0001
[514] [U]: 0x90000920 (0x00010737) lui a4, 16
x14 <- 0x00010000


mem[X,0x80000924] -> 0x0713
mem[X,0x80000926] -> 0xEEB7
[515] [U]: 0x90000924 (0xEEB70713) addi a4, a4, 3819
x14 <- 0x0000FEEB


mem[X,0x80000928] -> 0xAA23
mem[X,0x8000092A] -> 0x00ED
[516] [U]: 0x90000928 (0x00EDAA23) sw a4, 20(s11)
mem[R,0x80C02930] -> 0x20300401
mem[R,0x80C01050] -> 0x203008D7
mem[0x80C02528] <- 0x0000FEEB


mem[R,0x80C02900] -> 0x200000DB
mem[X,0x8000092C] -> 0x0113
mem[X,0x8000092E] -> 0x0000
[517] [U]: 0x9000092C (0x00000113) addi sp, zero, 0
x2 <- 0x00000000


mem[X,0x80000930] -> 0x0073
mem[X,0x80000932] -> 0x0000
[518] [U]: 0x90000930 (0x00000073) ecall
trapping from U to M to handle u-call
handling exc#0x08 at priv M with tval 0x00000000
CSR mstatus <- 0x00000000


mem[X,0x80001D00] -> 0x006F
mem[X,0x80001D02] -> 0x0800
[519] [M]: 0x80001D00 (0x0800006F) jal zero, 128


mem[X,0x80001D80] -> 0x1173
mem[X,0x80001D82] -> 0x3401
[520] [M]: 0x80001D80 (0x34011173) csrrw sp, mscratch, sp
CSR mscratch -> 0x80400000
CSR mscratch <- 0x00000000 (input: 0x00000000)
x2 <- 0x80400000


mem[X,0x80001D84] -> 0x2823
mem[X,0x80001D86] -> 0x1EB1
[521] [M]: 0x80001D84 (0x1EB12823) sw a1, 496(sp)
mem[0x804001F0] <- 0x000000DF


mem[X,0x80001D88] -> 0x05EF
mem[X,0x80001D8A] -> 0x0B80
[522] [M]: 0x80001D88 (0x0B8005EF) jal a1, 184
x11 <- 0x80001D8C


mem[X,0x80001E40] -> 0x2623
mem[X,0x80001E42] -> 0x1EA1
[523] [M]: 0x80001E40 (0x1EA12623) sw a0, 492(sp)
mem[0x804001EC] <- 0x202000DF


mem[X,0x80001E44] -> 0x1573
mem[X,0x80001E46] -> 0x3401
[524] [M]: 0x80001E44 (0x34011573) csrrw a0, mscratch, sp
CSR mscratch -> 0x00000000
CSR mscratch <- 0x80400000 (input: 0x80400000)
x10 <- 0x00000000


mem[X,0x80001E48] -> 0x2A23
mem[X,0x80001E4A] -> 0x1EA1
[525] [M]: 0x80001E48 (0x1EA12A23) sw a0, 500(sp)
mem[0x804001F4] <- 0x00000000


mem[X,0x80001E4C] -> 0x2503
mem[X,0x80001E4E] -> 0x1B01
[526] [M]: 0x80001E4C (0x1B012503) lw a0, 432(sp)
mem[R,0x804001B0] -> 0x80001E54
x10 <- 0x80001E54


mem[X,0x80001E50] -> 0x0067
mem[X,0x80001E52] -> 0x0005
[527] [M]: 0x80001E50 (0x00050067) jalr zero, a0, 0


mem[X,0x80001E54] -> 0x2423
mem[X,0x80001E56] -> 0x1E91
[528] [M]: 0x80001E54 (0x1E912423) sw s1, 488(sp)
mem[0x804001E8] <- 0x00000000


mem[X,0x80001E58] -> 0x2223
mem[X,0x80001E5A] -> 0x1E81
[529] [M]: 0x80001E58 (0x1E812223) sw fp, 484(sp)
mem[0x804001E4] <- 0x00000000


mem[X,0x80001E5C] -> 0x2023
mem[X,0x80001E5E] -> 0x1E71
[530] [M]: 0x80001E5C (0x1E712023) sw t2, 480(sp)
mem[0x804001E0] <- 0x940003F0


mem[X,0x80001E60] -> 0x2E23
mem[X,0x80001E62] -> 0x1C61
[531] [M]: 0x80001E60 (0x1C612E23) sw t1, 476(sp)
mem[0x804001DC] <- 0x00000001


mem[X,0x80001E64] -> 0x2573
mem[X,0x80001E66] -> 0x3420
[532] [M]: 0x80001E64 (0x34202573) csrrs a0, mcause, zero
CSR mcause -> 0x00000008
x10 <- 0x00000008


mem[X,0x80001E68] -> 0x14B7
mem[X,0x80001E6A] -> 0x8000
[533] [M]: 0x80001E68 (0x800014B7) lui s1, 524289
x9 <- 0x80001000


mem[X,0x80001E6C] -> 0x8493
mem[X,0x80001E6E] -> 0xFFC4
[534] [M]: 0x80001E6C (0xFFC48493) addi s1, s1, 4092
x9 <- 0x80000FFC


mem[X,0x80001E70] -> 0xF4B3
mem[X,0x80001E72] -> 0x00A4
[535] [M]: 0x80001E70 (0x00A4F4B3) and s1, s1, a0
x9 <- 0x00000008


mem[X,0x80001E74] -> 0x8493
mem[X,0x80001E76] -> 0xFF84
[536] [M]: 0x80001E74 (0xFF848493) addi s1, s1, 4088
x9 <- 0x00000000


mem[X,0x80001E78] -> 0x9663
mem[X,0x80001E7A] -> 0x0004
[537] [M]: 0x80001E78 (0x00049663) bne s1, zero, 12


mem[X,0x80001E7C] -> 0x2383
mem[X,0x80001E7E] -> 0x1F41
[538] [M]: 0x80001E7C (0x1F412383) lw t2, 500(sp)
mem[R,0x804001F4] -> 0x00000000
x7 <- 0x00000000


mem[X,0x80001E80] -> 0x8663
mem[X,0x80001E82] -> 0x4803
[539] [M]: 0x80001E80 (0x48038663) beq t2, zero, 1164


mem[X,0x8000230C] -> 0x0493
mem[X,0x8000230E] -> 0xFF55
[540] [M]: 0x8000230C (0xFF550493) addi s1, a0, 4085
x9 <- 0xFFFFFFFD


mem[X,0x80002310] -> 0x8C63
mem[X,0x80002312] -> 0x0004
[541] [M]: 0x80002310 (0x00048C63) beq s1, zero, 24


mem[X,0x80002314] -> 0x2583
mem[X,0x80002316] -> 0x3501
[542] [M]: 0x80002314 (0x35012583) lw a1, 848(sp)
mem[R,0x80400350] -> 0x9000036C
x11 <- 0x9000036C


mem[X,0x80002318] -> 0xD463
mem[X,0x8000231A] -> 0x0003
[543] [M]: 0x80002318 (0x0003D463) bge t2, zero, 8


mem[X,0x80002320] -> 0x2483
mem[X,0x80002322] -> 0x1581
[544] [M]: 0x80002320 (0x15812483) lw s1, 344(sp)
mem[R,0x80400158] -> 0x8000036C
x9 <- 0x8000036C


mem[X,0x80002324] -> 0x84B3
mem[X,0x80002326] -> 0x40B4
[545] [M]: 0x80002324 (0x40B484B3) sub s1, s1, a1
x9 <- 0xF0000000


mem[X,0x80002328] -> 0x23F3
mem[X,0x8000232A] -> 0x3410
[546] [M]: 0x80002328 (0x341023F3) csrrs t2, mepc, zero
CSR mepc -> 0x90000930
x7 <- 0x90000930


mem[X,0x8000232C] -> 0x83B3
mem[X,0x8000232E] -> 0x0093
[547] [M]: 0x8000232C (0x009383B3) add t2, t2, s1
x7 <- 0x80000930


mem[X,0x80002330] -> 0x2303
mem[X,0x80002332] -> 0x1DC1
[548] [M]: 0x80002330 (0x1DC12303) lw t1, 476(sp)
mem[R,0x804001DC] -> 0x00000001
x6 <- 0x00000001


mem[X,0x80002334] -> 0x2403
mem[X,0x80002336] -> 0x1E41
[549] [M]: 0x80002334 (0x1E412403) lw fp, 484(sp)
mem[R,0x804001E4] -> 0x00000000
x8 <- 0x00000000


mem[X,0x80002338] -> 0x2483
mem[X,0x8000233A] -> 0x1E81
[550] [M]: 0x80002338 (0x1E812483) lw s1, 488(sp)
mem[R,0x804001E8] -> 0x00000000
x9 <- 0x00000000


mem[X,0x8000233C] -> 0x2503
mem[X,0x8000233E] -> 0x1EC1
[551] [M]: 0x8000233C (0x1EC12503) lw a0, 492(sp)
mem[R,0x804001EC] -> 0x202000DF
x10 <- 0x202000DF


mem[X,0x80002340] -> 0x2583
mem[X,0x80002342] -> 0x1F01
[552] [M]: 0x80002340 (0x1F012583) lw a1, 496(sp)
mem[R,0x804001F0] -> 0x000000DF
x11 <- 0x000000DF


mem[X,0x80002344] -> 0x2103
mem[X,0x80002346] -> 0x1F41
[553] [M]: 0x80002344 (0x1F412103) lw sp, 500(sp)
mem[R,0x804001F4] -> 0x00000000
x2 <- 0x00000000


mem[X,0x80002348] -> 0x8067
mem[X,0x8000234A] -> 0x0043
[554] [M]: 0x80002348 (0x00438067) jalr zero, t2, 4


mem[X,0x80000934] -> 0x0713
mem[X,0x80000936] -> 0x1230
[555] [M]: 0x80000934 (0x12300713) addi a4, zero, 291
x14 <- 0x00000123


mem[X,0x80000938] -> 0xAC23
mem[X,0x8000093A] -> 0x00E6
[556] [M]: 0x80000938 (0x00E6AC23) sw a4, 24(a3)
mem[0x80C0252C] <- 0x00000123


mem[X,0x8000093C] -> 0x0013
mem[X,0x8000093E] -> 0x0000
[557] [M]: 0x8000093C (0x00000013) addi zero, zero, 0


mem[X,0x80000940] -> 0xF517
mem[X,0x80000942] -> 0x007F
[558] [M]: 0x80000940 (0x007FF517) auipc a0, 2047
x10 <- 0x807FF940


mem[X,0x80000944] -> 0x0513
mem[X,0x80000946] -> 0x6C05
[559] [M]: 0x80000944 (0x6C050513) addi a0, a0, 1728
x10 <- 0x80800000


mem[X,0x80000948] -> 0x0013
mem[X,0x8000094A] -> 0x0000
[560] [M]: 0x80000948 (0x00000013) addi zero, zero, 0


mem[X,0x8000094C] -> 0x0013
mem[X,0x8000094E] -> 0x0000
[561] [M]: 0x8000094C (0x00000013) addi zero, zero, 0


mem[X,0x80000950] -> 0x0013
mem[X,0x80000952] -> 0x0000
[562] [M]: 0x80000950 (0x00000013) addi zero, zero, 0


mem[X,0x80000954] -> 0x0013
mem[X,0x80000956] -> 0x0000
[563] [M]: 0x80000954 (0x00000013) addi zero, zero, 0


mem[X,0x80000958] -> 0x0013
mem[X,0x8000095A] -> 0x0000
[564] [M]: 0x80000958 (0x00000013) addi zero, zero, 0


mem[X,0x8000095C] -> 0x0013
mem[X,0x8000095E] -> 0x0000
[565] [M]: 0x8000095C (0x00000013) addi zero, zero, 0


mem[X,0x80000960] -> 0x0593
mem[X,0x80000962] -> 0x0D90
[566] [M]: 0x80000960 (0x0D900593) addi a1, zero, 217
x11 <- 0x000000D9


mem[X,0x80000964] -> 0x5513
mem[X,0x80000966] -> 0x00C5
[567] [M]: 0x80000964 (0x00C55513) srli a0, a0, 12
x10 <- 0x00080800


mem[X,0x80000968] -> 0x1513
mem[X,0x8000096A] -> 0x00A5
[568] [M]: 0x80000968 (0x00A51513) slli a0, a0, 10
x10 <- 0x20200000


mem[X,0x8000096C] -> 0x6533
mem[X,0x8000096E] -> 0x00B5
[569] [M]: 0x8000096C (0x00B56533) or a0, a0, a1
x10 <- 0x202000D9


mem[X,0x80000970] -> 0x0013
mem[X,0x80000972] -> 0x0000
[570] [M]: 0x80000970 (0x00000013) addi zero, zero, 0


mem[X,0x80000974] -> 0x0013
mem[X,0x80000976] -> 0x0000
[571] [M]: 0x80000974 (0x00000013) addi zero, zero, 0


mem[X,0x80000978] -> 0x0013
mem[X,0x8000097A] -> 0x0000
[572] [M]: 0x80000978 (0x00000013) addi zero, zero, 0


mem[X,0x8000097C] -> 0x0013
mem[X,0x8000097E] -> 0x0000
[573] [M]: 0x8000097C (0x00000013) addi zero, zero, 0


mem[X,0x80000980] -> 0x1317
mem[X,0x80000982] -> 0x00C0
[574] [M]: 0x80000980 (0x00C01317) auipc t1, 3073
x6 <- 0x80C01980


mem[X,0x80000984] -> 0x0313
mem[X,0x80000986] -> 0x6803
[575] [M]: 0x80000984 (0x68030313) addi t1, t1, 1664
x6 <- 0x80C02000


mem[X,0x80000988] -> 0x0013
mem[X,0x8000098A] -> 0x0000
[576] [M]: 0x80000988 (0x00000013) addi zero, zero, 0


mem[X,0x8000098C] -> 0x0013
mem[X,0x8000098E] -> 0x0000
[577] [M]: 0x8000098C (0x00000013) addi zero, zero, 0


mem[X,0x80000990] -> 0x0013
mem[X,0x80000992] -> 0x0000
[578] [M]: 0x80000990 (0x00000013) addi zero, zero, 0


mem[X,0x80000994] -> 0x0013
mem[X,0x80000996] -> 0x0000
[579] [M]: 0x80000994 (0x00000013) addi zero, zero, 0


mem[X,0x80000998] -> 0x0013
mem[X,0x8000099A] -> 0x0000
[580] [M]: 0x80000998 (0x00000013) addi zero, zero, 0


mem[X,0x8000099C] -> 0x0013
mem[X,0x8000099E] -> 0x0000
[581] [M]: 0x8000099C (0x00000013) addi zero, zero, 0


mem[X,0x800009A0] -> 0x12B7
mem[X,0x800009A2] -> 0x0000
[582] [M]: 0x800009A0 (0x000012B7) lui t0, 1
x5 <- 0x00001000


mem[X,0x800009A4] -> 0x8293
mem[X,0x800009A6] -> 0x9142
[583] [M]: 0x800009A4 (0x91428293) addi t0, t0, 2324
x5 <- 0x00000914


mem[X,0x800009A8] -> 0x0333
mem[X,0x800009AA] -> 0x0053
[584] [M]: 0x800009A8 (0x00530333) add t1, t1, t0
x6 <- 0x80C02914


mem[X,0x800009AC] -> 0x2023
mem[X,0x800009AE] -> 0x00A3
[585] [M]: 0x800009AC (0x00A32023) sw a0, 0(t1)
mem[0x80C02914] <- 0x202000D9


mem[X,0x800009B0] -> 0x0073
mem[X,0x800009B2] -> 0x1200
[586] [M]: 0x800009B0 (0x12000073) sfence.vma zero, zero


mem[X,0x800009B4] -> 0x24B7
mem[X,0x800009B6] -> 0x0000
[587] [M]: 0x800009B4 (0x000024B7) lui s1, 2
x9 <- 0x00002000


mem[X,0x800009B8] -> 0x8493
mem[X,0x800009BA] -> 0x8004
[588] [M]: 0x800009B8 (0x80048493) addi s1, s1, 2048
x9 <- 0x00001800


mem[X,0x800009BC] -> 0xB073
mem[X,0x800009BE] -> 0x3004
[589] [M]: 0x800009BC (0x3004B073) csrrc zero, mstatus, s1
CSR mstatus -> 0x00000000
CSR mstatus <- 0x00000000 (input: 0x00000000)


mem[X,0x800009C0] -> 0x2173
mem[X,0x800009C2] -> 0x3400
[590] [M]: 0x800009C0 (0x34002173) csrrs sp, mscratch, zero
CSR mscratch -> 0x80400000
x2 <- 0x80400000


mem[X,0x800009C4] -> 0x2303
mem[X,0x800009C6] -> 0x3501
[591] [M]: 0x800009C4 (0x35012303) lw t1, 848(sp)
mem[R,0x80400350] -> 0x9000036C
x6 <- 0x9000036C


mem[X,0x800009C8] -> 0x2483
mem[X,0x800009CA] -> 0x1581
[592] [M]: 0x800009C8 (0x15812483) lw s1, 344(sp)
mem[R,0x80400158] -> 0x8000036C
x9 <- 0x8000036C


mem[X,0x800009CC] -> 0x0333
mem[X,0x800009CE] -> 0x4093
[593] [M]: 0x800009CC (0x40930333) sub t1, t1, s1
x6 <- 0x10000000


mem[X,0x800009D0] -> 0x0313
mem[X,0x800009D2] -> 0x0103
[594] [M]: 0x800009D0 (0x01030313) addi t1, t1, 16
x6 <- 0x10000010


mem[X,0x800009D4] -> 0x0497
mem[X,0x800009D6] -> 0x0000
[595] [M]: 0x800009D4 (0x00000497) auipc s1, 0
x9 <- 0x800009D4


mem[X,0x800009D8] -> 0x84B3
mem[X,0x800009DA] -> 0x0064
[596] [M]: 0x800009D8 (0x006484B3) add s1, s1, t1
x9 <- 0x900009E4


mem[X,0x800009DC] -> 0x94F3
mem[X,0x800009DE] -> 0x3414
[597] [M]: 0x800009DC (0x341494F3) csrrw s1, mepc, s1
CSR mepc -> 0x90000930
CSR mepc <- 0x900009E4 (input: 0x900009E4)
x9 <- 0x90000930


mem[X,0x800009E0] -> 0x0073
mem[X,0x800009E2] -> 0x3020
[598] [M]: 0x800009E0 (0x30200073) mret
CSR mstatus <- 0x00000080
ret-ing from M to U


mem[R,0x80C02900] -> 0x200000DB
mem[X,0x800009E4] -> 0xE737
mem[X,0x800009E6] -> 0x0000
[599] [U]: 0x900009E4 (0x0000E737) lui a4, 14
x14 <- 0x0000E000


clint::tick mtime <- 0x0000000000000006
 clint timer pending at mtime 0x0000000000000006
htif::tick 0x0000000000000000
mem[X,0x800009E8] -> 0x0713
mem[X,0x800009EA] -> 0xEAD7
[600] [U]: 0x900009E8 (0xEAD70713) addi a4, a4, 3757
x14 <- 0x0000DEAD


mem[X,0x800009EC] -> 0xAE23
mem[X,0x800009EE] -> 0x00ED
[601] [U]: 0x900009EC (0x00EDAE23) sw a4, 28(s11)
mem[R,0x80C02930] -> 0x20300401
mem[R,0x80C01050] -> 0x203008D7
mem[0x80C02530] <- 0x0000DEAD


mem[R,0x80C02900] -> 0x200000DB
mem[X,0x800009F0] -> 0x0013
mem[X,0x800009F2] -> 0x0000
[602] [U]: 0x900009F0 (0x00000013) addi zero, zero, 0


mem[X,0x800009F4] -> 0x0013
mem[X,0x800009F6] -> 0x0000
[603] [U]: 0x900009F4 (0x00000013) addi zero, zero, 0


mem[X,0x800009F8] -> 0x0013
mem[X,0x800009FA] -> 0x0000
[604] [U]: 0x900009F8 (0x00000013) addi zero, zero, 0


mem[X,0x800009FC] -> 0x0013
mem[X,0x800009FE] -> 0x0000
[605] [U]: 0x900009FC (0x00000013) addi zero, zero, 0


mem[X,0x80000A00] -> 0x07B7
mem[X,0x80000A02] -> 0x9140
[606] [U]: 0x90000A00 (0x914007B7) lui a5, 594944
x15 <- 0x91400000


mem[X,0x80000A04] -> 0x0013
mem[X,0x80000A06] -> 0x0000
[607] [U]: 0x90000A04 (0x00000013) addi zero, zero, 0


mem[X,0x80000A08] -> 0x0013
mem[X,0x80000A0A] -> 0x0000
[608] [U]: 0x90000A08 (0x00000013) addi zero, zero, 0


mem[X,0x80000A0C] -> 0x0013
mem[X,0x80000A0E] -> 0x0000
[609] [U]: 0x90000A0C (0x00000013) addi zero, zero, 0


mem[X,0x80000A10] -> 0x0013
mem[X,0x80000A12] -> 0x0000
[610] [U]: 0x90000A10 (0x00000013) addi zero, zero, 0


mem[X,0x80000A14] -> 0x0013
mem[X,0x80000A16] -> 0x0000
[611] [U]: 0x90000A14 (0x00000013) addi zero, zero, 0


mem[X,0x80000A18] -> 0x0013
mem[X,0x80000A1A] -> 0x0000
[612] [U]: 0x90000A18 (0x00000013) addi zero, zero, 0


mem[X,0x80000A1C] -> 0x0013
mem[X,0x80000A1E] -> 0x0000
[613] [U]: 0x90000A1C (0x00000013) addi zero, zero, 0


mem[X,0x80000A20] -> 0x0613
mem[X,0x80000A22] -> 0x0106
[614] [U]: 0x90000A20 (0x01060613) addi a2, a2, 16
x12 <- 0x00000040


mem[X,0x80000A24] -> 0x0713
mem[X,0x80000A26] -> 0x0106
[615] [U]: 0x90000A24 (0x01060713) addi a4, a2, 16
x14 <- 0x00000050


mem[X,0x80000A28] -> 0x0613
mem[X,0x80000A2A] -> 0x0107
[616] [U]: 0x90000A28 (0x01070613) addi a2, a4, 16
x12 <- 0x00000060


mem[X,0x80000A2C] -> 0xAA23
mem[X,0x80000A2E] -> 0x00C7
[617] [U]: 0x90000A2C (0x00C7AA23) sw a2, 20(a5)
mem[R,0x80C02914] -> 0x202000D9
trapping from U to M to handle store/amo-page-fault
handling exc#0x0F at priv M with tval 0x91400014
CSR mstatus <- 0x00000000


mem[X,0x80001D00] -> 0x006F
mem[X,0x80001D02] -> 0x0800
[618] [M]: 0x80001D00 (0x0800006F) jal zero, 128


mem[X,0x80001D80] -> 0x1173
mem[X,0x80001D82] -> 0x3401
[619] [M]: 0x80001D80 (0x34011173) csrrw sp, mscratch, sp
CSR mscratch -> 0x80400000
CSR mscratch <- 0x80400000 (input: 0x80400000)
x2 <- 0x80400000


mem[X,0x80001D84] -> 0x2823
mem[X,0x80001D86] -> 0x1EB1
[620] [M]: 0x80001D84 (0x1EB12823) sw a1, 496(sp)
mem[0x804001F0] <- 0x000000D9


mem[X,0x80001D88] -> 0x05EF
mem[X,0x80001D8A] -> 0x0B80
[621] [M]: 0x80001D88 (0x0B8005EF) jal a1, 184
x11 <- 0x80001D8C


mem[X,0x80001E40] -> 0x2623
mem[X,0x80001E42] -> 0x1EA1
[622] [M]: 0x80001E40 (0x1EA12623) sw a0, 492(sp)
mem[0x804001EC] <- 0x202000D9


mem[X,0x80001E44] -> 0x1573
mem[X,0x80001E46] -> 0x3401
[623] [M]: 0x80001E44 (0x34011573) csrrw a0, mscratch, sp
CSR mscratch -> 0x80400000
CSR mscratch <- 0x80400000 (input: 0x80400000)
x10 <- 0x80400000


mem[X,0x80001E48] -> 0x2A23
mem[X,0x80001E4A] -> 0x1EA1
[624] [M]: 0x80001E48 (0x1EA12A23) sw a0, 500(sp)
mem[0x804001F4] <- 0x80400000


mem[X,0x80001E4C] -> 0x2503
mem[X,0x80001E4E] -> 0x1B01
[625] [M]: 0x80001E4C (0x1B012503) lw a0, 432(sp)
mem[R,0x804001B0] -> 0x80001E54
x10 <- 0x80001E54


mem[X,0x80001E50] -> 0x0067
mem[X,0x80001E52] -> 0x0005
[626] [M]: 0x80001E50 (0x00050067) jalr zero, a0, 0


mem[X,0x80001E54] -> 0x2423
mem[X,0x80001E56] -> 0x1E91
[627] [M]: 0x80001E54 (0x1E912423) sw s1, 488(sp)
mem[0x804001E8] <- 0x90000930


mem[X,0x80001E58] -> 0x2223
mem[X,0x80001E5A] -> 0x1E81
[628] [M]: 0x80001E58 (0x1E812223) sw fp, 484(sp)
mem[0x804001E4] <- 0x00000000


mem[X,0x80001E5C] -> 0x2023
mem[X,0x80001E5E] -> 0x1E71
[629] [M]: 0x80001E5C (0x1E712023) sw t2, 480(sp)
mem[0x804001E0] <- 0x80000930


mem[X,0x80001E60] -> 0x2E23
mem[X,0x80001E62] -> 0x1C61
[630] [M]: 0x80001E60 (0x1C612E23) sw t1, 476(sp)
mem[0x804001DC] <- 0x10000010


mem[X,0x80001E64] -> 0x2573
mem[X,0x80001E66] -> 0x3420
[631] [M]: 0x80001E64 (0x34202573) csrrs a0, mcause, zero
CSR mcause -> 0x0000000F
x10 <- 0x0000000F


mem[X,0x80001E68] -> 0x14B7
mem[X,0x80001E6A] -> 0x8000
[632] [M]: 0x80001E68 (0x800014B7) lui s1, 524289
x9 <- 0x80001000


mem[X,0x80001E6C] -> 0x8493
mem[X,0x80001E6E] -> 0xFFC4
[633] [M]: 0x80001E6C (0xFFC48493) addi s1, s1, 4092
x9 <- 0x80000FFC


mem[X,0x80001E70] -> 0xF4B3
mem[X,0x80001E72] -> 0x00A4
[634] [M]: 0x80001E70 (0x00A4F4B3) and s1, s1, a0
x9 <- 0x0000000C


mem[X,0x80001E74] -> 0x8493
mem[X,0x80001E76] -> 0xFF84
[635] [M]: 0x80001E74 (0xFF848493) addi s1, s1, 4088
x9 <- 0x00000004


mem[X,0x80001E78] -> 0x9663
mem[X,0x80001E7A] -> 0x0004
[636] [M]: 0x80001E78 (0x00049663) bne s1, zero, 12


mem[X,0x80001E84] -> 0x0393
mem[X,0x80001E86] -> 0x0100
[637] [M]: 0x80001E84 (0x01000393) addi t2, zero, 16
x7 <- 0x00000010


mem[X,0x80001E88] -> 0x5E63
mem[X,0x80001E8A] -> 0x0205
[638] [M]: 0x80001E88 (0x02055E63) bge a0, zero, 60


mem[X,0x80001EC4] -> 0x2373
mem[X,0x80001EC6] -> 0x3010
[639] [M]: 0x80001EC4 (0x30102373) csrrs t1, misa, zero
CSR misa -> 0x4014112D
x6 <- 0x4014112D


mem[X,0x80001EC8] -> 0x1313
mem[X,0x80001ECA] -> 0x0183
[640] [M]: 0x80001EC8 (0x01831313) slli t1, t1, 24
x6 <- 0x2D000000


mem[X,0x80001ECC] -> 0x5463
mem[X,0x80001ECE] -> 0x0003
[641] [M]: 0x80001ECC (0x00035463) bge t1, zero, 8


mem[X,0x80001ED4] -> 0x2303
mem[X,0x80001ED6] -> 0x1981
[642] [M]: 0x80001ED4 (0x19812303) lw t1, 408(sp)
mem[R,0x80400198] -> 0x80C02614
x6 <- 0x80C02614


mem[X,0x80001ED8] -> 0x04B3
mem[X,0x80001EDA] -> 0x0073
[643] [M]: 0x80001ED8 (0x007304B3) add s1, t1, t2
x9 <- 0x80C02624


mem[X,0x80001EDC] -> 0x2C23
mem[X,0x80001EDE] -> 0x1891
[644] [M]: 0x80001EDC (0x18912C23) sw s1, 408(sp)
mem[0x80400198] <- 0x80C02624


mem[X,0x80001EE0] -> 0x2403
mem[X,0x80001EE2] -> 0x1781
[645] [M]: 0x80001EE0 (0x17812403) lw fp, 376(sp)
mem[R,0x80400178] -> 0x80C02510
x8 <- 0x80C02510


mem[X,0x80001EE4] -> 0x0333
mem[X,0x80001EE6] -> 0x4083
[646] [M]: 0x80001EE4 (0x40830333) sub t1, t1, fp
x6 <- 0x00000104


mem[X,0x80001EE8] -> 0x2403
mem[X,0x80001EEA] -> 0x1781
[647] [M]: 0x80001EE8 (0x17812403) lw fp, 376(sp)
mem[R,0x80400178] -> 0x80C02510
x8 <- 0x80C02510


mem[X,0x80001EEC] -> 0x0333
mem[X,0x80001EEE] -> 0x0083
[648] [M]: 0x80001EEC (0x00830333) add t1, t1, fp
x6 <- 0x80C02614


mem[X,0x80001EF0] -> 0x2403
mem[X,0x80001EF2] -> 0x1C01
[649] [M]: 0x80001EF0 (0x1C012403) lw fp, 448(sp)
mem[R,0x804001C0] -> 0x80001D00
x8 <- 0x80001D00


mem[X,0x80001EF4] -> 0x85B3
mem[X,0x80001EF6] -> 0x4085
[650] [M]: 0x80001EF4 (0x408585B3) sub a1, a1, fp
x11 <- 0x0000008C


mem[X,0x80001EF8] -> 0x9593
mem[X,0x80001EFA] -> 0x0045
[651] [M]: 0x80001EF8 (0x00459593) slli a1, a1, 4
x11 <- 0x000008C0


mem[X,0x80001EFC] -> 0xE5B3
mem[X,0x80001EFE] -> 0x0075
[652] [M]: 0x80001EFC (0x0075E5B3) or a1, a1, t2
x11 <- 0x000008D0


mem[X,0x80001F00] -> 0x8593
mem[X,0x80001F02] -> 0x0035
[653] [M]: 0x80001F00 (0x00358593) addi a1, a1, 3
x11 <- 0x000008D3


mem[X,0x80001F04] -> 0x2023
mem[X,0x80001F06] -> 0x00B3
[654] [M]: 0x80001F04 (0x00B32023) sw a1, 0(t1)
mem[0x80C02614] <- 0x000008D3


mem[X,0x80001F08] -> 0x2223
mem[X,0x80001F0A] -> 0x00A3
[655] [M]: 0x80001F08 (0x00A32223) sw a0, 4(t1)
mem[0x80C02618] <- 0x0000000F


mem[X,0x80001F0C] -> 0x4C63
mem[X,0x80001F0E] -> 0x1405
[656] [M]: 0x80001F0C (0x14054C63) blt a0, zero, 344


mem[X,0x80001F10] -> 0x25F3
mem[X,0x80001F12] -> 0x3000
[657] [M]: 0x80001F10 (0x300025F3) csrrs a1, mstatus, zero
CSR mstatus -> 0x00000000
x11 <- 0x00000000


mem[X,0x80001F14] -> 0x9413
mem[X,0x80001F16] -> 0x00E5
[658] [M]: 0x80001F14 (0x00E59413) slli fp, a1, 14
x8 <- 0x00000000


mem[X,0x80001F18] -> 0x5463
mem[X,0x80001F1A] -> 0x0004
[659] [M]: 0x80001F18 (0x00045463) bge fp, zero, 8


mem[X,0x80001F20] -> 0xD493
mem[X,0x80001F22] -> 0x00B5
[660] [M]: 0x80001F20 (0x00B5D493) srli s1, a1, 11
x9 <- 0x00000000


mem[X,0x80001F24] -> 0xF493
mem[X,0x80001F26] -> 0x0034
[661] [M]: 0x80001F24 (0x0034F493) andi s1, s1, 3
x9 <- 0x00000000


mem[X,0x80001F28] -> 0x8493
mem[X,0x80001F2A] -> 0x0014
[662] [M]: 0x80001F28 (0x00148493) addi s1, s1, 1
x9 <- 0x00000001


mem[X,0x80001F2C] -> 0xF493
mem[X,0x80001F2E] -> 0x0044
[663] [M]: 0x80001F2C (0x0044F493) andi s1, s1, 4
x9 <- 0x00000000


mem[X,0x80001F30] -> 0x0593
mem[X,0x80001F32] -> 0x05D0
[664] [M]: 0x80001F30 (0x05D00593) addi a1, zero, 93
x11 <- 0x0000005D


mem[X,0x80001F34] -> 0xD5B3
mem[X,0x80001F36] -> 0x0095
[665] [M]: 0x80001F34 (0x0095D5B3) srl a1, a1, s1
x11 <- 0x0000005D


mem[X,0x80001F38] -> 0xF593
mem[X,0x80001F3A] -> 0x0015
[666] [M]: 0x80001F38 (0x0015F593) andi a1, a1, 1
x11 <- 0x00000001


mem[X,0x80001F3C] -> 0x82E3
mem[X,0x80001F3E] -> 0xF605
[667] [M]: 0x80001F3C (0xF60582E3) beq a1, zero, 8036


mem[X,0x80001F40] -> 0x0593
mem[X,0x80001F42] -> 0x1F80
[668] [M]: 0x80001F40 (0x1F800593) addi a1, zero, 504
x11 <- 0x000001F8


mem[X,0x80001F44] -> 0xF413
mem[X,0x80001F46] -> 0x0014
[669] [M]: 0x80001F44 (0x0014F413) andi fp, s1, 1
x8 <- 0x00000000


mem[X,0x80001F48] -> 0x95B3
mem[X,0x80001F4A] -> 0x0085
[670] [M]: 0x80001F48 (0x008595B3) sll a1, a1, fp
x11 <- 0x000001F8


mem[X,0x80001F4C] -> 0x9413
mem[X,0x80001F4E] -> 0x01D4
[671] [M]: 0x80001F4C (0x01D49413) slli fp, s1, 29
x8 <- 0x00000000


mem[X,0x80001F50] -> 0x5413
mem[X,0x80001F52] -> 0x41F4
[672] [M]: 0x80001F50 (0x41F45413) srai fp, fp, 31
x8 <- 0x00000000


mem[X,0x80001F54] -> 0x4413
mem[X,0x80001F56] -> 0xFFF4
[673] [M]: 0x80001F54 (0xFFF44413) xori fp, fp, 4095
x8 <- 0xFFFFFFFF


mem[X,0x80001F58] -> 0xF4B3
mem[X,0x80001F5A] -> 0x0085
[674] [M]: 0x80001F58 (0x0085F4B3) and s1, a1, fp
x9 <- 0x000001F8


mem[X,0x80001F5C] -> 0x84B3
mem[X,0x80001F5E] -> 0x0024
[675] [M]: 0x80001F5C (0x002484B3) add s1, s1, sp
x9 <- 0x804001F8


mem[X,0x80001F60] -> 0x23F3
mem[X,0x80001F62] -> 0x3410
[676] [M]: 0x80001F60 (0x341023F3) csrrs t2, mepc, zero
CSR mepc -> 0x90000A2C
x7 <- 0x90000A2C


mem[X,0x80001F64] -> 0xA403
mem[X,0x80001F66] -> 0x1884
[677] [M]: 0x80001F64 (0x1884A403) lw fp, 392(s1)
mem[R,0x80400380] -> 0x940003F0
x8 <- 0x940003F0


mem[X,0x80001F68] -> 0xA583
mem[X,0x80001F6A] -> 0x1904
[678] [M]: 0x80001F68 (0x1904A583) lw a1, 400(s1)
mem[R,0x80400388] -> 0x00802010
x11 <- 0x00802010


mem[X,0x80001F6C] -> 0x85B3
mem[X,0x80001F6E] -> 0x0085
[679] [M]: 0x80001F6C (0x008585B3) add a1, a1, fp
x11 <- 0x94802400


mem[X,0x80001F70] -> 0xF463
mem[X,0x80001F72] -> 0x00B3
[680] [M]: 0x80001F70 (0x00B3F463) bgeu t2, a1, 8


mem[X,0x80001F74] -> 0xF663
mem[X,0x80001F76] -> 0x0283
[681] [M]: 0x80001F74 (0x0283F663) bgeu t2, fp, 44


mem[X,0x80001F78] -> 0xA403
mem[X,0x80001F7A] -> 0x1584
[682] [M]: 0x80001F78 (0x1584A403) lw fp, 344(s1)
mem[R,0x80400350] -> 0x9000036C
x8 <- 0x9000036C


mem[X,0x80001F7C] -> 0xA583
mem[X,0x80001F7E] -> 0x1604
[683] [M]: 0x80001F7C (0x1604A583) lw a1, 352(s1)
mem[R,0x80400358] -> 0x000018D0
x11 <- 0x000018D0


mem[X,0x80001F80] -> 0x85B3
mem[X,0x80001F82] -> 0x0085
[684] [M]: 0x80001F80 (0x008585B3) add a1, a1, fp
x11 <- 0x90001C3C


mem[X,0x80001F84] -> 0xF463
mem[X,0x80001F86] -> 0x00B3
[685] [M]: 0x80001F84 (0x00B3F463) bgeu t2, a1, 8


mem[X,0x80001F88] -> 0xFC63
mem[X,0x80001F8A] -> 0x0083
[686] [M]: 0x80001F88 (0x0083FC63) bgeu t2, fp, 24


mem[X,0x80001FA0] -> 0x8433
mem[X,0x80001FA2] -> 0x4083
[687] [M]: 0x80001FA0 (0x40838433) sub fp, t2, fp
x8 <- 0x000006C0


mem[X,0x80001FA4] -> 0x2423
mem[X,0x80001FA6] -> 0x0083
[688] [M]: 0x80001FA4 (0x00832423) sw fp, 8(t1)
mem[0x80C0261C] <- 0x000006C0


mem[X,0x80001FA8] -> 0xF593
mem[X,0x80001FAA] -> 0xFFC3
[689] [M]: 0x80001FA8 (0xFFC3F593) andi a1, t2, 4092
x11 <- 0x90000A2C


mem[X,0x80001FAC] -> 0x8593
mem[X,0x80001FAE] -> 0x0085
[690] [M]: 0x80001FAC (0x00858593) addi a1, a1, 8
x11 <- 0x90000A34


mem[X,0x80001FB0] -> 0x9073
mem[X,0x80001FB2] -> 0x3415
[691] [M]: 0x80001FB0 (0x34159073) csrrw zero, mepc, a1
CSR mepc -> 0x90000A2C
CSR mepc <- 0x90000A34 (input: 0x90000A34)


mem[X,0x80001FB4] -> 0x23F3
mem[X,0x80001FB6] -> 0x3430
[692] [M]: 0x80001FB4 (0x343023F3) csrrs t2, mtval, zero
CSR mtval -> 0x91400014
x7 <- 0x91400014


mem[X,0x80001FB8] -> 0x7513
mem[X,0x80001FBA] -> 0x00F5
[693] [M]: 0x80001FB8 (0x00F57513) andi a0, a0, 15
x10 <- 0x0000000F


mem[X,0x80001FBC] -> 0xB437
mem[X,0x80001FBE] -> 0x0000
[694] [M]: 0x80001FBC (0x0000B437) lui fp, 11
x8 <- 0x0000B000


mem[X,0x80001FC0] -> 0x0413
mem[X,0x80001FC2] -> 0x0FB4
[695] [M]: 0x80001FC0 (0x0FB40413) addi fp, fp, 251
x8 <- 0x0000B0FB


mem[X,0x80001FC4] -> 0x5433
mem[X,0x80001FC6] -> 0x00A4
[696] [M]: 0x80001FC4 (0x00A45433) srl fp, fp, a0
x8 <- 0x00000001


mem[X,0x80001FC8] -> 0x1413
mem[X,0x80001FCA] -> 0x01F4
[697] [M]: 0x80001FC8 (0x01F41413) slli fp, fp, 31
x8 <- 0x80000000


mem[X,0x80001FCC] -> 0x5C63
mem[X,0x80001FCE] -> 0x0404
[698] [M]: 0x80001FCC (0x04045C63) bge fp, zero, 88


mem[X,0x80001FD0] -> 0xA403
mem[X,0x80001FD2] -> 0x1884
[699] [M]: 0x80001FD0 (0x1884A403) lw fp, 392(s1)
mem[R,0x80400380] -> 0x940003F0
x8 <- 0x940003F0


clint::tick mtime <- 0x0000000000000007
 clint timer pending at mtime 0x0000000000000007
htif::tick 0x0000000000000000
mem[X,0x80001FD4] -> 0xA583
mem[X,0x80001FD6] -> 0x1904
[700] [M]: 0x80001FD4 (0x1904A583) lw a1, 400(s1)
mem[R,0x80400388] -> 0x00802010
x11 <- 0x00802010


mem[X,0x80001FD8] -> 0x85B3
mem[X,0x80001FDA] -> 0x0085
[701] [M]: 0x80001FD8 (0x008585B3) add a1, a1, fp
x11 <- 0x94802400


mem[X,0x80001FDC] -> 0xF463
mem[X,0x80001FDE] -> 0x00B3
[702] [M]: 0x80001FDC (0x00B3F463) bgeu t2, a1, 8


mem[X,0x80001FE0] -> 0xF063
mem[X,0x80001FE2] -> 0x0483
[703] [M]: 0x80001FE0 (0x0483F063) bgeu t2, fp, 64


mem[X,0x80001FE4] -> 0xA403
mem[X,0x80001FE6] -> 0x1784
[704] [M]: 0x80001FE4 (0x1784A403) lw fp, 376(s1)
mem[R,0x80400370] -> 0x93014510
x8 <- 0x93014510


mem[X,0x80001FE8] -> 0xA583
mem[X,0x80001FEA] -> 0x1804
[705] [M]: 0x80001FE8 (0x1804A583) lw a1, 384(s1)
mem[R,0x80400378] -> 0x00000208
x11 <- 0x00000208


mem[X,0x80001FEC] -> 0x85B3
mem[X,0x80001FEE] -> 0x0085
[706] [M]: 0x80001FEC (0x008585B3) add a1, a1, fp
x11 <- 0x93014718


mem[X,0x80001FF0] -> 0xF463
mem[X,0x80001FF2] -> 0x00B3
[707] [M]: 0x80001FF0 (0x00B3F463) bgeu t2, a1, 8


mem[X,0x80001FF4] -> 0xF663
mem[X,0x80001FF6] -> 0x0283
[708] [M]: 0x80001FF4 (0x0283F663) bgeu t2, fp, 44


mem[X,0x80001FF8] -> 0xA403
mem[X,0x80001FFA] -> 0x1584
[709] [M]: 0x80001FF8 (0x1584A403) lw fp, 344(s1)
mem[R,0x80400350] -> 0x9000036C
x8 <- 0x9000036C


mem[X,0x80001FFC] -> 0xA583
mem[X,0x80001FFE] -> 0x1604
[710] [M]: 0x80001FFC (0x1604A583) lw a1, 352(s1)
mem[R,0x80400358] -> 0x000018D0
x11 <- 0x000018D0


mem[X,0x80002000] -> 0x85B3
mem[X,0x80002002] -> 0x0085
[711] [M]: 0x80002000 (0x008585B3) add a1, a1, fp
x11 <- 0x90001C3C


mem[X,0x80002004] -> 0xF463
mem[X,0x80002006] -> 0x00B3
[712] [M]: 0x80002004 (0x00B3F463) bgeu t2, a1, 8


mem[X,0x8000200C] -> 0xA403
mem[X,0x8000200E] -> 0x1684
[713] [M]: 0x8000200C (0x1684A403) lw fp, 360(s1)
mem[R,0x80400360] -> 0x910003FC
x8 <- 0x910003FC


mem[X,0x80002010] -> 0xA583
mem[X,0x80002012] -> 0x1704
[714] [M]: 0x80002010 (0x1704A583) lw a1, 368(s1)
mem[R,0x80400368] -> 0x00802010
x11 <- 0x00802010


mem[X,0x80002014] -> 0x85B3
mem[X,0x80002016] -> 0x0085
[715] [M]: 0x80002014 (0x008585B3) add a1, a1, fp
x11 <- 0x9180240C


mem[X,0x80002018] -> 0xF6E3
mem[X,0x8000201A] -> 0xC2B3
[716] [M]: 0x80002018 (0xC2B3F6E3) bgeu t2, a1, 7212


mem[X,0x8000201C] -> 0xE4E3
mem[X,0x8000201E] -> 0xC283
[717] [M]: 0x8000201C (0xC283E4E3) bltu t2, fp, 7208


mem[X,0x80002020] -> 0x8433
mem[X,0x80002022] -> 0x4083
[718] [M]: 0x80002020 (0x40838433) sub fp, t2, fp
x8 <- 0x003FFC18


mem[X,0x80002024] -> 0x2623
mem[X,0x80002026] -> 0x0083
[719] [M]: 0x80002024 (0x00832623) sw fp, 12(t1)
mem[0x80C02620] <- 0x003FFC18


mem[X,0x80002028] -> 0x2483
mem[X,0x8000202A] -> 0x1981
[720] [M]: 0x80002028 (0x19812483) lw s1, 408(sp)
mem[R,0x80400198] -> 0x80C02624
x9 <- 0x80C02624


mem[X,0x8000202C] -> 0x2383
mem[X,0x8000202E] -> 0x1781
[721] [M]: 0x8000202C (0x17812383) lw t2, 376(sp)
mem[R,0x80400178] -> 0x80C02510
x7 <- 0x80C02510


mem[X,0x80002030] -> 0x2303
mem[X,0x80002032] -> 0x1801
[722] [M]: 0x80002030 (0x18012303) lw t1, 384(sp)
mem[R,0x80400180] -> 0x00000208
x6 <- 0x00000208


mem[X,0x80002034] -> 0x0333
mem[X,0x80002036] -> 0x0073
[723] [M]: 0x80002034 (0x00730333) add t1, t1, t2
x6 <- 0x80C02718


mem[X,0x80002038] -> 0x66E3
mem[X,0x8000203A] -> 0xC093
[724] [M]: 0x80002038 (0xC09366E3) bltu t1, s1, 7180


mem[X,0x8000203C] -> 0x0393
mem[X,0x8000203E] -> 0x1000
[725] [M]: 0x8000203C (0x10000393) addi t2, zero, 256
x7 <- 0x00000100


mem[X,0x80002040] -> 0x006F
mem[X,0x80002042] -> 0x0400
[726] [M]: 0x80002040 (0x0400006F) jal zero, 64


mem[X,0x80002080] -> 0x0417
mem[X,0x80002082] -> 0x0000
[727] [M]: 0x80002080 (0x00000417) auipc fp, 0
x8 <- 0x80002080


mem[X,0x80002084] -> 0x0413
mem[X,0x80002086] -> 0x03C4
[728] [M]: 0x80002084 (0x03C40413) addi fp, fp, 60
x8 <- 0x800020BC


mem[X,0x80002088] -> 0x0433
mem[X,0x8000208A] -> 0x0074
[729] [M]: 0x80002088 (0x00740433) add fp, fp, t2
x8 <- 0x800021BC


mem[X,0x8000208C] -> 0x1393
mem[X,0x8000208E] -> 0x0035
[730] [M]: 0x8000208C (0x00351393) slli t2, a0, 3
x7 <- 0x00000078


mem[X,0x80002090] -> 0x0433
mem[X,0x80002092] -> 0x0074
[731] [M]: 0x80002090 (0x00740433) add fp, fp, t2
x8 <- 0x80002234


mem[X,0x80002094] -> 0x7413
mem[X,0x80002096] -> 0xFF84
[732] [M]: 0x80002094 (0xFF847413) andi fp, fp, 4088
x8 <- 0x80002230


mem[X,0x80002098] -> 0x2403
mem[X,0x8000209A] -> 0x0004
[733] [M]: 0x80002098 (0x00042403) lw fp, 0(fp)
mem[R,0x80002230] -> 0x0000001F
x8 <- 0x0000001F


mem[X,0x8000209C] -> 0x0EE3
mem[X,0x8000209E] -> 0xC204
[734] [M]: 0x8000209C (0xC2040EE3) beq fp, zero, 7228


mem[X,0x800020A0] -> 0x1393
mem[X,0x800020A2] -> 0x01F4
[735] [M]: 0x800020A0 (0x01F41393) slli t2, fp, 31
x7 <- 0x80000000


mem[X,0x800020A4] -> 0xD863
mem[X,0x800020A6] -> 0x0003
[736] [M]: 0x800020A4 (0x0003D863) bge t2, zero, 16


mem[X,0x800020A8] -> 0x5413
mem[X,0x800020AA] -> 0x0014
[737] [M]: 0x800020A8 (0x00145413) srli fp, fp, 1
x8 <- 0x0000000F


mem[X,0x800020AC] -> 0x0CE3
mem[X,0x800020AE] -> 0xF885
[738] [M]: 0x800020AC (0xF8850CE3) beq a0, fp, 8088


mem[X,0x80002044] -> 0x2303
mem[X,0x80002046] -> 0x1DC1
[739] [M]: 0x80002044 (0x1DC12303) lw t1, 476(sp)
mem[R,0x804001DC] -> 0x10000010
x6 <- 0x10000010


mem[X,0x80002048] -> 0x2383
mem[X,0x8000204A] -> 0x1E01
[740] [M]: 0x80002048 (0x1E012383) lw t2, 480(sp)
mem[R,0x804001E0] -> 0x80000930
x7 <- 0x80000930


mem[X,0x8000204C] -> 0x2403
mem[X,0x8000204E] -> 0x1E41
[741] [M]: 0x8000204C (0x1E412403) lw fp, 484(sp)
mem[R,0x804001E4] -> 0x00000000
x8 <- 0x00000000


mem[X,0x80002050] -> 0x2483
mem[X,0x80002052] -> 0x1E81
[742] [M]: 0x80002050 (0x1E812483) lw s1, 488(sp)
mem[R,0x804001E8] -> 0x90000930
x9 <- 0x90000930


mem[X,0x80002054] -> 0x2503
mem[X,0x80002056] -> 0x1EC1
[743] [M]: 0x80002054 (0x1EC12503) lw a0, 492(sp)
mem[R,0x804001EC] -> 0x202000D9
x10 <- 0x202000D9


mem[X,0x80002058] -> 0x2583
mem[X,0x8000205A] -> 0x1F01
[744] [M]: 0x80002058 (0x1F012583) lw a1, 496(sp)
mem[R,0x804001F0] -> 0x000000D9
x11 <- 0x000000D9


mem[X,0x8000205C] -> 0x2103
mem[X,0x8000205E] -> 0x1F41
[745] [M]: 0x8000205C (0x1F412103) lw sp, 500(sp)
mem[R,0x804001F4] -> 0x80400000
x2 <- 0x80400000


mem[X,0x80002060] -> 0x0073
mem[X,0x80002062] -> 0x3020
[746] [M]: 0x80002060 (0x30200073) mret
CSR mstatus <- 0x00000080
ret-ing from M to U


mem[X,0x80000A34] -> 0x0013
mem[X,0x80000A36] -> 0x0000
[747] [U]: 0x90000A34 (0x00000013) addi zero, zero, 0


mem[X,0x80000A38] -> 0xA703
mem[X,0x80000A3A] -> 0x0147
[748] [U]: 0x90000A38 (0x0147A703) lw a4, 20(a5)
mem[R,0x80C02914] -> 0x202000D9
trapping from U to M to handle load-page-fault
handling exc#0x0D at priv M with tval 0x91400014
CSR mstatus <- 0x00000000


mem[X,0x80001D00] -> 0x006F
mem[X,0x80001D02] -> 0x0800
[749] [M]: 0x80001D00 (0x0800006F) jal zero, 128


mem[X,0x80001D80] -> 0x1173
mem[X,0x80001D82] -> 0x3401
[750] [M]: 0x80001D80 (0x34011173) csrrw sp, mscratch, sp
CSR mscratch -> 0x80400000
CSR mscratch <- 0x80400000 (input: 0x80400000)
x2 <- 0x80400000


mem[X,0x80001D84] -> 0x2823
mem[X,0x80001D86] -> 0x1EB1
[751] [M]: 0x80001D84 (0x1EB12823) sw a1, 496(sp)
mem[0x804001F0] <- 0x000000D9


mem[X,0x80001D88] -> 0x05EF
mem[X,0x80001D8A] -> 0x0B80
[752] [M]: 0x80001D88 (0x0B8005EF) jal a1, 184
x11 <- 0x80001D8C


mem[X,0x80001E40] -> 0x2623
mem[X,0x80001E42] -> 0x1EA1
[753] [M]: 0x80001E40 (0x1EA12623) sw a0, 492(sp)
mem[0x804001EC] <- 0x202000D9


mem[X,0x80001E44] -> 0x1573
mem[X,0x80001E46] -> 0x3401
[754] [M]: 0x80001E44 (0x34011573) csrrw a0, mscratch, sp
CSR mscratch -> 0x80400000
CSR mscratch <- 0x80400000 (input: 0x80400000)
x10 <- 0x80400000


mem[X,0x80001E48] -> 0x2A23
mem[X,0x80001E4A] -> 0x1EA1
[755] [M]: 0x80001E48 (0x1EA12A23) sw a0, 500(sp)
mem[0x804001F4] <- 0x80400000


mem[X,0x80001E4C] -> 0x2503
mem[X,0x80001E4E] -> 0x1B01
[756] [M]: 0x80001E4C (0x1B012503) lw a0, 432(sp)
mem[R,0x804001B0] -> 0x80001E54
x10 <- 0x80001E54


mem[X,0x80001E50] -> 0x0067
mem[X,0x80001E52] -> 0x0005
[757] [M]: 0x80001E50 (0x00050067) jalr zero, a0, 0


mem[X,0x80001E54] -> 0x2423
mem[X,0x80001E56] -> 0x1E91
[758] [M]: 0x80001E54 (0x1E912423) sw s1, 488(sp)
mem[0x804001E8] <- 0x90000930


mem[X,0x80001E58] -> 0x2223
mem[X,0x80001E5A] -> 0x1E81
[759] [M]: 0x80001E58 (0x1E812223) sw fp, 484(sp)
mem[0x804001E4] <- 0x00000000


mem[X,0x80001E5C] -> 0x2023
mem[X,0x80001E5E] -> 0x1E71
[760] [M]: 0x80001E5C (0x1E712023) sw t2, 480(sp)
mem[0x804001E0] <- 0x80000930


mem[X,0x80001E60] -> 0x2E23
mem[X,0x80001E62] -> 0x1C61
[761] [M]: 0x80001E60 (0x1C612E23) sw t1, 476(sp)
mem[0x804001DC] <- 0x10000010


mem[X,0x80001E64] -> 0x2573
mem[X,0x80001E66] -> 0x3420
[762] [M]: 0x80001E64 (0x34202573) csrrs a0, mcause, zero
CSR mcause -> 0x0000000D
x10 <- 0x0000000D


mem[X,0x80001E68] -> 0x14B7
mem[X,0x80001E6A] -> 0x8000
[763] [M]: 0x80001E68 (0x800014B7) lui s1, 524289
x9 <- 0x80001000


mem[X,0x80001E6C] -> 0x8493
mem[X,0x80001E6E] -> 0xFFC4
[764] [M]: 0x80001E6C (0xFFC48493) addi s1, s1, 4092
x9 <- 0x80000FFC


mem[X,0x80001E70] -> 0xF4B3
mem[X,0x80001E72] -> 0x00A4
[765] [M]: 0x80001E70 (0x00A4F4B3) and s1, s1, a0
x9 <- 0x0000000C


mem[X,0x80001E74] -> 0x8493
mem[X,0x80001E76] -> 0xFF84
[766] [M]: 0x80001E74 (0xFF848493) addi s1, s1, 4088
x9 <- 0x00000004


mem[X,0x80001E78] -> 0x9663
mem[X,0x80001E7A] -> 0x0004
[767] [M]: 0x80001E78 (0x00049663) bne s1, zero, 12


mem[X,0x80001E84] -> 0x0393
mem[X,0x80001E86] -> 0x0100
[768] [M]: 0x80001E84 (0x01000393) addi t2, zero, 16
x7 <- 0x00000010


mem[X,0x80001E88] -> 0x5E63
mem[X,0x80001E8A] -> 0x0205
[769] [M]: 0x80001E88 (0x02055E63) bge a0, zero, 60


mem[X,0x80001EC4] -> 0x2373
mem[X,0x80001EC6] -> 0x3010
[770] [M]: 0x80001EC4 (0x30102373) csrrs t1, misa, zero
CSR misa -> 0x4014112D
x6 <- 0x4014112D


mem[X,0x80001EC8] -> 0x1313
mem[X,0x80001ECA] -> 0x0183
[771] [M]: 0x80001EC8 (0x01831313) slli t1, t1, 24
x6 <- 0x2D000000


mem[X,0x80001ECC] -> 0x5463
mem[X,0x80001ECE] -> 0x0003
[772] [M]: 0x80001ECC (0x00035463) bge t1, zero, 8


mem[X,0x80001ED4] -> 0x2303
mem[X,0x80001ED6] -> 0x1981
[773] [M]: 0x80001ED4 (0x19812303) lw t1, 408(sp)
mem[R,0x80400198] -> 0x80C02624
x6 <- 0x80C02624


mem[X,0x80001ED8] -> 0x04B3
mem[X,0x80001EDA] -> 0x0073
[774] [M]: 0x80001ED8 (0x007304B3) add s1, t1, t2
x9 <- 0x80C02634


mem[X,0x80001EDC] -> 0x2C23
mem[X,0x80001EDE] -> 0x1891
[775] [M]: 0x80001EDC (0x18912C23) sw s1, 408(sp)
mem[0x80400198] <- 0x80C02634


mem[X,0x80001EE0] -> 0x2403
mem[X,0x80001EE2] -> 0x1781
[776] [M]: 0x80001EE0 (0x17812403) lw fp, 376(sp)
mem[R,0x80400178] -> 0x80C02510
x8 <- 0x80C02510


mem[X,0x80001EE4] -> 0x0333
mem[X,0x80001EE6] -> 0x4083
[777] [M]: 0x80001EE4 (0x40830333) sub t1, t1, fp
x6 <- 0x00000114


mem[X,0x80001EE8] -> 0x2403
mem[X,0x80001EEA] -> 0x1781
[778] [M]: 0x80001EE8 (0x17812403) lw fp, 376(sp)
mem[R,0x80400178] -> 0x80C02510
x8 <- 0x80C02510


mem[X,0x80001EEC] -> 0x0333
mem[X,0x80001EEE] -> 0x0083
[779] [M]: 0x80001EEC (0x00830333) add t1, t1, fp
x6 <- 0x80C02624


mem[X,0x80001EF0] -> 0x2403
mem[X,0x80001EF2] -> 0x1C01
[780] [M]: 0x80001EF0 (0x1C012403) lw fp, 448(sp)
mem[R,0x804001C0] -> 0x80001D00
x8 <- 0x80001D00


mem[X,0x80001EF4] -> 0x85B3
mem[X,0x80001EF6] -> 0x4085
[781] [M]: 0x80001EF4 (0x408585B3) sub a1, a1, fp
x11 <- 0x0000008C


mem[X,0x80001EF8] -> 0x9593
mem[X,0x80001EFA] -> 0x0045
[782] [M]: 0x80001EF8 (0x00459593) slli a1, a1, 4
x11 <- 0x000008C0


mem[X,0x80001EFC] -> 0xE5B3
mem[X,0x80001EFE] -> 0x0075
[783] [M]: 0x80001EFC (0x0075E5B3) or a1, a1, t2
x11 <- 0x000008D0


mem[X,0x80001F00] -> 0x8593
mem[X,0x80001F02] -> 0x0035
[784] [M]: 0x80001F00 (0x00358593) addi a1, a1, 3
x11 <- 0x000008D3


mem[X,0x80001F04] -> 0x2023
mem[X,0x80001F06] -> 0x00B3
[785] [M]: 0x80001F04 (0x00B32023) sw a1, 0(t1)
mem[0x80C02624] <- 0x000008D3


mem[X,0x80001F08] -> 0x2223
mem[X,0x80001F0A] -> 0x00A3
[786] [M]: 0x80001F08 (0x00A32223) sw a0, 4(t1)
mem[0x80C02628] <- 0x0000000D


mem[X,0x80001F0C] -> 0x4C63
mem[X,0x80001F0E] -> 0x1405
[787] [M]: 0x80001F0C (0x14054C63) blt a0, zero, 344


mem[X,0x80001F10] -> 0x25F3
mem[X,0x80001F12] -> 0x3000
[788] [M]: 0x80001F10 (0x300025F3) csrrs a1, mstatus, zero
CSR mstatus -> 0x00000000
x11 <- 0x00000000


mem[X,0x80001F14] -> 0x9413
mem[X,0x80001F16] -> 0x00E5
[789] [M]: 0x80001F14 (0x00E59413) slli fp, a1, 14
x8 <- 0x00000000


mem[X,0x80001F18] -> 0x5463
mem[X,0x80001F1A] -> 0x0004
[790] [M]: 0x80001F18 (0x00045463) bge fp, zero, 8


mem[X,0x80001F20] -> 0xD493
mem[X,0x80001F22] -> 0x00B5
[791] [M]: 0x80001F20 (0x00B5D493) srli s1, a1, 11
x9 <- 0x00000000


mem[X,0x80001F24] -> 0xF493
mem[X,0x80001F26] -> 0x0034
[792] [M]: 0x80001F24 (0x0034F493) andi s1, s1, 3
x9 <- 0x00000000


mem[X,0x80001F28] -> 0x8493
mem[X,0x80001F2A] -> 0x0014
[793] [M]: 0x80001F28 (0x00148493) addi s1, s1, 1
x9 <- 0x00000001


mem[X,0x80001F2C] -> 0xF493
mem[X,0x80001F2E] -> 0x0044
[794] [M]: 0x80001F2C (0x0044F493) andi s1, s1, 4
x9 <- 0x00000000


mem[X,0x80001F30] -> 0x0593
mem[X,0x80001F32] -> 0x05D0
[795] [M]: 0x80001F30 (0x05D00593) addi a1, zero, 93
x11 <- 0x0000005D


mem[X,0x80001F34] -> 0xD5B3
mem[X,0x80001F36] -> 0x0095
[796] [M]: 0x80001F34 (0x0095D5B3) srl a1, a1, s1
x11 <- 0x0000005D


mem[X,0x80001F38] -> 0xF593
mem[X,0x80001F3A] -> 0x0015
[797] [M]: 0x80001F38 (0x0015F593) andi a1, a1, 1
x11 <- 0x00000001


mem[X,0x80001F3C] -> 0x82E3
mem[X,0x80001F3E] -> 0xF605
[798] [M]: 0x80001F3C (0xF60582E3) beq a1, zero, 8036


mem[X,0x80001F40] -> 0x0593
mem[X,0x80001F42] -> 0x1F80
[799] [M]: 0x80001F40 (0x1F800593) addi a1, zero, 504
x11 <- 0x000001F8


clint::tick mtime <- 0x0000000000000008
 clint timer pending at mtime 0x0000000000000008
htif::tick 0x0000000000000000
mem[X,0x80001F44] -> 0xF413
mem[X,0x80001F46] -> 0x0014
[800] [M]: 0x80001F44 (0x0014F413) andi fp, s1, 1
x8 <- 0x00000000


mem[X,0x80001F48] -> 0x95B3
mem[X,0x80001F4A] -> 0x0085
[801] [M]: 0x80001F48 (0x008595B3) sll a1, a1, fp
x11 <- 0x000001F8


mem[X,0x80001F4C] -> 0x9413
mem[X,0x80001F4E] -> 0x01D4
[802] [M]: 0x80001F4C (0x01D49413) slli fp, s1, 29
x8 <- 0x00000000


mem[X,0x80001F50] -> 0x5413
mem[X,0x80001F52] -> 0x41F4
[803] [M]: 0x80001F50 (0x41F45413) srai fp, fp, 31
x8 <- 0x00000000


mem[X,0x80001F54] -> 0x4413
mem[X,0x80001F56] -> 0xFFF4
[804] [M]: 0x80001F54 (0xFFF44413) xori fp, fp, 4095
x8 <- 0xFFFFFFFF


mem[X,0x80001F58] -> 0xF4B3
mem[X,0x80001F5A] -> 0x0085
[805] [M]: 0x80001F58 (0x0085F4B3) and s1, a1, fp
x9 <- 0x000001F8


mem[X,0x80001F5C] -> 0x84B3
mem[X,0x80001F5E] -> 0x0024
[806] [M]: 0x80001F5C (0x002484B3) add s1, s1, sp
x9 <- 0x804001F8


mem[X,0x80001F60] -> 0x23F3
mem[X,0x80001F62] -> 0x3410
[807] [M]: 0x80001F60 (0x341023F3) csrrs t2, mepc, zero
CSR mepc -> 0x90000A38
x7 <- 0x90000A38


mem[X,0x80001F64] -> 0xA403
mem[X,0x80001F66] -> 0x1884
[808] [M]: 0x80001F64 (0x1884A403) lw fp, 392(s1)
mem[R,0x80400380] -> 0x940003F0
x8 <- 0x940003F0


mem[X,0x80001F68] -> 0xA583
mem[X,0x80001F6A] -> 0x1904
[809] [M]: 0x80001F68 (0x1904A583) lw a1, 400(s1)
mem[R,0x80400388] -> 0x00802010
x11 <- 0x00802010


mem[X,0x80001F6C] -> 0x85B3
mem[X,0x80001F6E] -> 0x0085
[810] [M]: 0x80001F6C (0x008585B3) add a1, a1, fp
x11 <- 0x94802400


mem[X,0x80001F70] -> 0xF463
mem[X,0x80001F72] -> 0x00B3
[811] [M]: 0x80001F70 (0x00B3F463) bgeu t2, a1, 8


mem[X,0x80001F74] -> 0xF663
mem[X,0x80001F76] -> 0x0283
[812] [M]: 0x80001F74 (0x0283F663) bgeu t2, fp, 44


mem[X,0x80001F78] -> 0xA403
mem[X,0x80001F7A] -> 0x1584
[813] [M]: 0x80001F78 (0x1584A403) lw fp, 344(s1)
mem[R,0x80400350] -> 0x9000036C
x8 <- 0x9000036C


mem[X,0x80001F7C] -> 0xA583
mem[X,0x80001F7E] -> 0x1604
[814] [M]: 0x80001F7C (0x1604A583) lw a1, 352(s1)
mem[R,0x80400358] -> 0x000018D0
x11 <- 0x000018D0


mem[X,0x80001F80] -> 0x85B3
mem[X,0x80001F82] -> 0x0085
[815] [M]: 0x80001F80 (0x008585B3) add a1, a1, fp
x11 <- 0x90001C3C


mem[X,0x80001F84] -> 0xF463
mem[X,0x80001F86] -> 0x00B3
[816] [M]: 0x80001F84 (0x00B3F463) bgeu t2, a1, 8


mem[X,0x80001F88] -> 0xFC63
mem[X,0x80001F8A] -> 0x0083
[817] [M]: 0x80001F88 (0x0083FC63) bgeu t2, fp, 24


mem[X,0x80001FA0] -> 0x8433
mem[X,0x80001FA2] -> 0x4083
[818] [M]: 0x80001FA0 (0x40838433) sub fp, t2, fp
x8 <- 0x000006CC


mem[X,0x80001FA4] -> 0x2423
mem[X,0x80001FA6] -> 0x0083
[819] [M]: 0x80001FA4 (0x00832423) sw fp, 8(t1)
mem[0x80C0262C] <- 0x000006CC


mem[X,0x80001FA8] -> 0xF593
mem[X,0x80001FAA] -> 0xFFC3
[820] [M]: 0x80001FA8 (0xFFC3F593) andi a1, t2, 4092
x11 <- 0x90000A38


mem[X,0x80001FAC] -> 0x8593
mem[X,0x80001FAE] -> 0x0085
[821] [M]: 0x80001FAC (0x00858593) addi a1, a1, 8
x11 <- 0x90000A40


mem[X,0x80001FB0] -> 0x9073
mem[X,0x80001FB2] -> 0x3415
[822] [M]: 0x80001FB0 (0x34159073) csrrw zero, mepc, a1
CSR mepc -> 0x90000A38
CSR mepc <- 0x90000A40 (input: 0x90000A40)


mem[X,0x80001FB4] -> 0x23F3
mem[X,0x80001FB6] -> 0x3430
[823] [M]: 0x80001FB4 (0x343023F3) csrrs t2, mtval, zero
CSR mtval -> 0x91400014
x7 <- 0x91400014


mem[X,0x80001FB8] -> 0x7513
mem[X,0x80001FBA] -> 0x00F5
[824] [M]: 0x80001FB8 (0x00F57513) andi a0, a0, 15
x10 <- 0x0000000D


mem[X,0x80001FBC] -> 0xB437
mem[X,0x80001FBE] -> 0x0000
[825] [M]: 0x80001FBC (0x0000B437) lui fp, 11
x8 <- 0x0000B000


mem[X,0x80001FC0] -> 0x0413
mem[X,0x80001FC2] -> 0x0FB4
[826] [M]: 0x80001FC0 (0x0FB40413) addi fp, fp, 251
x8 <- 0x0000B0FB


mem[X,0x80001FC4] -> 0x5433
mem[X,0x80001FC6] -> 0x00A4
[827] [M]: 0x80001FC4 (0x00A45433) srl fp, fp, a0
x8 <- 0x00000005


mem[X,0x80001FC8] -> 0x1413
mem[X,0x80001FCA] -> 0x01F4
[828] [M]: 0x80001FC8 (0x01F41413) slli fp, fp, 31
x8 <- 0x80000000


mem[X,0x80001FCC] -> 0x5C63
mem[X,0x80001FCE] -> 0x0404
[829] [M]: 0x80001FCC (0x04045C63) bge fp, zero, 88


mem[X,0x80001FD0] -> 0xA403
mem[X,0x80001FD2] -> 0x1884
[830] [M]: 0x80001FD0 (0x1884A403) lw fp, 392(s1)
mem[R,0x80400380] -> 0x940003F0
x8 <- 0x940003F0


mem[X,0x80001FD4] -> 0xA583
mem[X,0x80001FD6] -> 0x1904
[831] [M]: 0x80001FD4 (0x1904A583) lw a1, 400(s1)
mem[R,0x80400388] -> 0x00802010
x11 <- 0x00802010


mem[X,0x80001FD8] -> 0x85B3
mem[X,0x80001FDA] -> 0x0085
[832] [M]: 0x80001FD8 (0x008585B3) add a1, a1, fp
x11 <- 0x94802400


mem[X,0x80001FDC] -> 0xF463
mem[X,0x80001FDE] -> 0x00B3
[833] [M]: 0x80001FDC (0x00B3F463) bgeu t2, a1, 8


mem[X,0x80001FE0] -> 0xF063
mem[X,0x80001FE2] -> 0x0483
[834] [M]: 0x80001FE0 (0x0483F063) bgeu t2, fp, 64


mem[X,0x80001FE4] -> 0xA403
mem[X,0x80001FE6] -> 0x1784
[835] [M]: 0x80001FE4 (0x1784A403) lw fp, 376(s1)
mem[R,0x80400370] -> 0x93014510
x8 <- 0x93014510


mem[X,0x80001FE8] -> 0xA583
mem[X,0x80001FEA] -> 0x1804
[836] [M]: 0x80001FE8 (0x1804A583) lw a1, 384(s1)
mem[R,0x80400378] -> 0x00000208
x11 <- 0x00000208


mem[X,0x80001FEC] -> 0x85B3
mem[X,0x80001FEE] -> 0x0085
[837] [M]: 0x80001FEC (0x008585B3) add a1, a1, fp
x11 <- 0x93014718


mem[X,0x80001FF0] -> 0xF463
mem[X,0x80001FF2] -> 0x00B3
[838] [M]: 0x80001FF0 (0x00B3F463) bgeu t2, a1, 8


mem[X,0x80001FF4] -> 0xF663
mem[X,0x80001FF6] -> 0x0283
[839] [M]: 0x80001FF4 (0x0283F663) bgeu t2, fp, 44


mem[X,0x80001FF8] -> 0xA403
mem[X,0x80001FFA] -> 0x1584
[840] [M]: 0x80001FF8 (0x1584A403) lw fp, 344(s1)
mem[R,0x80400350] -> 0x9000036C
x8 <- 0x9000036C


mem[X,0x80001FFC] -> 0xA583
mem[X,0x80001FFE] -> 0x1604
[841] [M]: 0x80001FFC (0x1604A583) lw a1, 352(s1)
mem[R,0x80400358] -> 0x000018D0
x11 <- 0x000018D0


mem[X,0x80002000] -> 0x85B3
mem[X,0x80002002] -> 0x0085
[842] [M]: 0x80002000 (0x008585B3) add a1, a1, fp
x11 <- 0x90001C3C


mem[X,0x80002004] -> 0xF463
mem[X,0x80002006] -> 0x00B3
[843] [M]: 0x80002004 (0x00B3F463) bgeu t2, a1, 8


mem[X,0x8000200C] -> 0xA403
mem[X,0x8000200E] -> 0x1684
[844] [M]: 0x8000200C (0x1684A403) lw fp, 360(s1)
mem[R,0x80400360] -> 0x910003FC
x8 <- 0x910003FC


mem[X,0x80002010] -> 0xA583
mem[X,0x80002012] -> 0x1704
[845] [M]: 0x80002010 (0x1704A583) lw a1, 368(s1)
mem[R,0x80400368] -> 0x00802010
x11 <- 0x00802010


mem[X,0x80002014] -> 0x85B3
mem[X,0x80002016] -> 0x0085
[846] [M]: 0x80002014 (0x008585B3) add a1, a1, fp
x11 <- 0x9180240C


mem[X,0x80002018] -> 0xF6E3
mem[X,0x8000201A] -> 0xC2B3
[847] [M]: 0x80002018 (0xC2B3F6E3) bgeu t2, a1, 7212


mem[X,0x8000201C] -> 0xE4E3
mem[X,0x8000201E] -> 0xC283
[848] [M]: 0x8000201C (0xC283E4E3) bltu t2, fp, 7208


mem[X,0x80002020] -> 0x8433
mem[X,0x80002022] -> 0x4083
[849] [M]: 0x80002020 (0x40838433) sub fp, t2, fp
x8 <- 0x003FFC18


mem[X,0x80002024] -> 0x2623
mem[X,0x80002026] -> 0x0083
[850] [M]: 0x80002024 (0x00832623) sw fp, 12(t1)
mem[0x80C02630] <- 0x003FFC18


mem[X,0x80002028] -> 0x2483
mem[X,0x8000202A] -> 0x1981
[851] [M]: 0x80002028 (0x19812483) lw s1, 408(sp)
mem[R,0x80400198] -> 0x80C02634
x9 <- 0x80C02634


mem[X,0x8000202C] -> 0x2383
mem[X,0x8000202E] -> 0x1781
[852] [M]: 0x8000202C (0x17812383) lw t2, 376(sp)
mem[R,0x80400178] -> 0x80C02510
x7 <- 0x80C02510


mem[X,0x80002030] -> 0x2303
mem[X,0x80002032] -> 0x1801
[853] [M]: 0x80002030 (0x18012303) lw t1, 384(sp)
mem[R,0x80400180] -> 0x00000208
x6 <- 0x00000208


mem[X,0x80002034] -> 0x0333
mem[X,0x80002036] -> 0x0073
[854] [M]: 0x80002034 (0x00730333) add t1, t1, t2
x6 <- 0x80C02718


mem[X,0x80002038] -> 0x66E3
mem[X,0x8000203A] -> 0xC093
[855] [M]: 0x80002038 (0xC09366E3) bltu t1, s1, 7180


mem[X,0x8000203C] -> 0x0393
mem[X,0x8000203E] -> 0x1000
[856] [M]: 0x8000203C (0x10000393) addi t2, zero, 256
x7 <- 0x00000100


mem[X,0x80002040] -> 0x006F
mem[X,0x80002042] -> 0x0400
[857] [M]: 0x80002040 (0x0400006F) jal zero, 64


mem[X,0x80002080] -> 0x0417
mem[X,0x80002082] -> 0x0000
[858] [M]: 0x80002080 (0x00000417) auipc fp, 0
x8 <- 0x80002080


mem[X,0x80002084] -> 0x0413
mem[X,0x80002086] -> 0x03C4
[859] [M]: 0x80002084 (0x03C40413) addi fp, fp, 60
x8 <- 0x800020BC


mem[X,0x80002088] -> 0x0433
mem[X,0x8000208A] -> 0x0074
[860] [M]: 0x80002088 (0x00740433) add fp, fp, t2
x8 <- 0x800021BC


mem[X,0x8000208C] -> 0x1393
mem[X,0x8000208E] -> 0x0035
[861] [M]: 0x8000208C (0x00351393) slli t2, a0, 3
x7 <- 0x00000068


mem[X,0x80002090] -> 0x0433
mem[X,0x80002092] -> 0x0074
[862] [M]: 0x80002090 (0x00740433) add fp, fp, t2
x8 <- 0x80002224


mem[X,0x80002094] -> 0x7413
mem[X,0x80002096] -> 0xFF84
[863] [M]: 0x80002094 (0xFF847413) andi fp, fp, 4088
x8 <- 0x80002220


mem[X,0x80002098] -> 0x2403
mem[X,0x8000209A] -> 0x0004
[864] [M]: 0x80002098 (0x00042403) lw fp, 0(fp)
mem[R,0x80002220] -> 0x0000001B
x8 <- 0x0000001B


mem[X,0x8000209C] -> 0x0EE3
mem[X,0x8000209E] -> 0xC204
[865] [M]: 0x8000209C (0xC2040EE3) beq fp, zero, 7228


mem[X,0x800020A0] -> 0x1393
mem[X,0x800020A2] -> 0x01F4
[866] [M]: 0x800020A0 (0x01F41393) slli t2, fp, 31
x7 <- 0x80000000


mem[X,0x800020A4] -> 0xD863
mem[X,0x800020A6] -> 0x0003
[867] [M]: 0x800020A4 (0x0003D863) bge t2, zero, 16


mem[X,0x800020A8] -> 0x5413
mem[X,0x800020AA] -> 0x0014
[868] [M]: 0x800020A8 (0x00145413) srli fp, fp, 1
x8 <- 0x0000000D


mem[X,0x800020AC] -> 0x0CE3
mem[X,0x800020AE] -> 0xF885
[869] [M]: 0x800020AC (0xF8850CE3) beq a0, fp, 8088


mem[X,0x80002044] -> 0x2303
mem[X,0x80002046] -> 0x1DC1
[870] [M]: 0x80002044 (0x1DC12303) lw t1, 476(sp)
mem[R,0x804001DC] -> 0x10000010
x6 <- 0x10000010


mem[X,0x80002048] -> 0x2383
mem[X,0x8000204A] -> 0x1E01
[871] [M]: 0x80002048 (0x1E012383) lw t2, 480(sp)
mem[R,0x804001E0] -> 0x80000930
x7 <- 0x80000930


mem[X,0x8000204C] -> 0x2403
mem[X,0x8000204E] -> 0x1E41
[872] [M]: 0x8000204C (0x1E412403) lw fp, 484(sp)
mem[R,0x804001E4] -> 0x00000000
x8 <- 0x00000000


mem[X,0x80002050] -> 0x2483
mem[X,0x80002052] -> 0x1E81
[873] [M]: 0x80002050 (0x1E812483) lw s1, 488(sp)
mem[R,0x804001E8] -> 0x90000930
x9 <- 0x90000930


mem[X,0x80002054] -> 0x2503
mem[X,0x80002056] -> 0x1EC1
[874] [M]: 0x80002054 (0x1EC12503) lw a0, 492(sp)
mem[R,0x804001EC] -> 0x202000D9
x10 <- 0x202000D9


mem[X,0x80002058] -> 0x2583
mem[X,0x8000205A] -> 0x1F01
[875] [M]: 0x80002058 (0x1F012583) lw a1, 496(sp)
mem[R,0x804001F0] -> 0x000000D9
x11 <- 0x000000D9


mem[X,0x8000205C] -> 0x2103
mem[X,0x8000205E] -> 0x1F41
[876] [M]: 0x8000205C (0x1F412103) lw sp, 500(sp)
mem[R,0x804001F4] -> 0x80400000
x2 <- 0x80400000


mem[X,0x80002060] -> 0x0073
mem[X,0x80002062] -> 0x3020
[877] [M]: 0x80002060 (0x30200073) mret
CSR mstatus <- 0x00000080
ret-ing from M to U


mem[X,0x80000A40] -> 0x0013
mem[X,0x80000A42] -> 0x0000
[878] [U]: 0x90000A40 (0x00000013) addi zero, zero, 0


mem[X,0x80000A44] -> 0xA023
mem[X,0x80000A46] -> 0x02ED
[879] [U]: 0x90000A44 (0x02EDA023) sw a4, 32(s11)
mem[R,0x80C02930] -> 0x20300401
mem[R,0x80C01050] -> 0x203008D7
mem[0x80C02534] <- 0x00000050


mem[R,0x80C02900] -> 0x200000DB
mem[X,0x80000A48] -> 0x0313
mem[X,0x80000A4A] -> 0x0010
[880] [U]: 0x90000A48 (0x00100313) addi t1, zero, 1
x6 <- 0x00000001


mem[X,0x80000A4C] -> 0x0463
mem[X,0x80000A4E] -> 0x0203
[881] [U]: 0x90000A4C (0x02030463) beq t1, zero, 40


mem[X,0x80000A50] -> 0x02B7
mem[X,0x80000A52] -> 0x0040
[882] [U]: 0x90000A50 (0x004002B7) lui t0, 1024
x5 <- 0x00400000


mem[X,0x80000A54] -> 0x8293
mem[X,0x80000A56] -> 0xFFC2
[883] [U]: 0x90000A54 (0xFFC28293) addi t0, t0, 4092
x5 <- 0x003FFFFC


mem[X,0x80000A58] -> 0xD793
mem[X,0x80000A5A] -> 0x0167
[884] [U]: 0x90000A58 (0x0167D793) srli a5, a5, 22
x15 <- 0x00000245


mem[X,0x80000A5C] -> 0x9793
mem[X,0x80000A5E] -> 0x0167
[885] [U]: 0x90000A5C (0x01679793) slli a5, a5, 22
x15 <- 0x91400000


mem[X,0x80000A60] -> 0x82B3
mem[X,0x80000A62] -> 0x0057
[886] [U]: 0x90000A60 (0x005782B3) add t0, a5, t0
x5 <- 0x917FFFFC


mem[X,0x80000A64] -> 0x80E7
mem[X,0x80000A66] -> 0x0002
[887] [U]: 0x90000A64 (0x000280E7) jalr ra, t0, 0
x1 <- 0x90000A68


mem[R,0x80C02914] -> 0x202000D9
mem[X,0x80BFFFFC] -> 0x8067
mem[X,0x80BFFFFE] -> 0x0000
[888] [U]: 0x917FFFFC (0x00008067) jalr zero, ra, 0


mem[R,0x80C02900] -> 0x200000DB
mem[X,0x80000A68] -> 0x0013
mem[X,0x80000A6A] -> 0x0000
[889] [U]: 0x90000A68 (0x00000013) addi zero, zero, 0


mem[X,0x80000A6C] -> 0x0013
mem[X,0x80000A6E] -> 0x0000
[890] [U]: 0x90000A6C (0x00000013) addi zero, zero, 0


mem[X,0x80000A70] -> 0x006F
mem[X,0x80000A72] -> 0x0240
[891] [U]: 0x90000A70 (0x0240006F) jal zero, 36


mem[X,0x80000A94] -> 0xA223
mem[X,0x80000A96] -> 0x02CD
[892] [U]: 0x90000A94 (0x02CDA223) sw a2, 36(s11)
mem[R,0x80C02930] -> 0x20300401
mem[R,0x80C01050] -> 0x203008D7
mem[0x80C02538] <- 0x00000060


mem[R,0x80C02900] -> 0x200000DB
mem[X,0x80000A98] -> 0x0013
mem[X,0x80000A9A] -> 0x0000
[893] [U]: 0x90000A98 (0x00000013) addi zero, zero, 0


mem[X,0x80000A9C] -> 0x0013
mem[X,0x80000A9E] -> 0x0000
[894] [U]: 0x90000A9C (0x00000013) addi zero, zero, 0


mem[X,0x80000AA0] -> 0x0737
mem[X,0x80000AA2] -> 0x0001
[895] [U]: 0x90000AA0 (0x00010737) lui a4, 16
x14 <- 0x00010000


mem[X,0x80000AA4] -> 0x0713
mem[X,0x80000AA6] -> 0xEEB7
[896] [U]: 0x90000AA4 (0xEEB70713) addi a4, a4, 3819
x14 <- 0x0000FEEB


mem[X,0x80000AA8] -> 0xA423
mem[X,0x80000AAA] -> 0x02ED
[897] [U]: 0x90000AA8 (0x02EDA423) sw a4, 40(s11)
mem[R,0x80C02930] -> 0x20300401
mem[R,0x80C01050] -> 0x203008D7
mem[0x80C0253C] <- 0x0000FEEB


mem[R,0x80C02900] -> 0x200000DB
mem[X,0x80000AAC] -> 0x0113
mem[X,0x80000AAE] -> 0x0000
[898] [U]: 0x90000AAC (0x00000113) addi sp, zero, 0
x2 <- 0x00000000


mem[X,0x80000AB0] -> 0x0073
mem[X,0x80000AB2] -> 0x0000
[899] [U]: 0x90000AB0 (0x00000073) ecall
trapping from U to M to handle u-call
handling exc#0x08 at priv M with tval 0x00000000
CSR mstatus <- 0x00000000


clint::tick mtime <- 0x0000000000000009
 clint timer pending at mtime 0x0000000000000009
htif::tick 0x0000000000000000
mem[X,0x80001D00] -> 0x006F
mem[X,0x80001D02] -> 0x0800
[900] [M]: 0x80001D00 (0x0800006F) jal zero, 128


mem[X,0x80001D80] -> 0x1173
mem[X,0x80001D82] -> 0x3401
[901] [M]: 0x80001D80 (0x34011173) csrrw sp, mscratch, sp
CSR mscratch -> 0x80400000
CSR mscratch <- 0x00000000 (input: 0x00000000)
x2 <- 0x80400000


mem[X,0x80001D84] -> 0x2823
mem[X,0x80001D86] -> 0x1EB1
[902] [M]: 0x80001D84 (0x1EB12823) sw a1, 496(sp)
mem[0x804001F0] <- 0x000000D9


mem[X,0x80001D88] -> 0x05EF
mem[X,0x80001D8A] -> 0x0B80
[903] [M]: 0x80001D88 (0x0B8005EF) jal a1, 184
x11 <- 0x80001D8C


mem[X,0x80001E40] -> 0x2623
mem[X,0x80001E42] -> 0x1EA1
[904] [M]: 0x80001E40 (0x1EA12623) sw a0, 492(sp)
mem[0x804001EC] <- 0x202000D9


mem[X,0x80001E44] -> 0x1573
mem[X,0x80001E46] -> 0x3401
[905] [M]: 0x80001E44 (0x34011573) csrrw a0, mscratch, sp
CSR mscratch -> 0x00000000
CSR mscratch <- 0x80400000 (input: 0x80400000)
x10 <- 0x00000000


mem[X,0x80001E48] -> 0x2A23
mem[X,0x80001E4A] -> 0x1EA1
[906] [M]: 0x80001E48 (0x1EA12A23) sw a0, 500(sp)
mem[0x804001F4] <- 0x00000000


mem[X,0x80001E4C] -> 0x2503
mem[X,0x80001E4E] -> 0x1B01
[907] [M]: 0x80001E4C (0x1B012503) lw a0, 432(sp)
mem[R,0x804001B0] -> 0x80001E54
x10 <- 0x80001E54


mem[X,0x80001E50] -> 0x0067
mem[X,0x80001E52] -> 0x0005
[908] [M]: 0x80001E50 (0x00050067) jalr zero, a0, 0


mem[X,0x80001E54] -> 0x2423
mem[X,0x80001E56] -> 0x1E91
[909] [M]: 0x80001E54 (0x1E912423) sw s1, 488(sp)
mem[0x804001E8] <- 0x90000930


mem[X,0x80001E58] -> 0x2223
mem[X,0x80001E5A] -> 0x1E81
[910] [M]: 0x80001E58 (0x1E812223) sw fp, 484(sp)
mem[0x804001E4] <- 0x00000000


mem[X,0x80001E5C] -> 0x2023
mem[X,0x80001E5E] -> 0x1E71
[911] [M]: 0x80001E5C (0x1E712023) sw t2, 480(sp)
mem[0x804001E0] <- 0x80000930


mem[X,0x80001E60] -> 0x2E23
mem[X,0x80001E62] -> 0x1C61
[912] [M]: 0x80001E60 (0x1C612E23) sw t1, 476(sp)
mem[0x804001DC] <- 0x00000001


mem[X,0x80001E64] -> 0x2573
mem[X,0x80001E66] -> 0x3420
[913] [M]: 0x80001E64 (0x34202573) csrrs a0, mcause, zero
CSR mcause -> 0x00000008
x10 <- 0x00000008


mem[X,0x80001E68] -> 0x14B7
mem[X,0x80001E6A] -> 0x8000
[914] [M]: 0x80001E68 (0x800014B7) lui s1, 524289
x9 <- 0x80001000


mem[X,0x80001E6C] -> 0x8493
mem[X,0x80001E6E] -> 0xFFC4
[915] [M]: 0x80001E6C (0xFFC48493) addi s1, s1, 4092
x9 <- 0x80000FFC


mem[X,0x80001E70] -> 0xF4B3
mem[X,0x80001E72] -> 0x00A4
[916] [M]: 0x80001E70 (0x00A4F4B3) and s1, s1, a0
x9 <- 0x00000008


mem[X,0x80001E74] -> 0x8493
mem[X,0x80001E76] -> 0xFF84
[917] [M]: 0x80001E74 (0xFF848493) addi s1, s1, 4088
x9 <- 0x00000000


mem[X,0x80001E78] -> 0x9663
mem[X,0x80001E7A] -> 0x0004
[918] [M]: 0x80001E78 (0x00049663) bne s1, zero, 12


mem[X,0x80001E7C] -> 0x2383
mem[X,0x80001E7E] -> 0x1F41
[919] [M]: 0x80001E7C (0x1F412383) lw t2, 500(sp)
mem[R,0x804001F4] -> 0x00000000
x7 <- 0x00000000


mem[X,0x80001E80] -> 0x8663
mem[X,0x80001E82] -> 0x4803
[920] [M]: 0x80001E80 (0x48038663) beq t2, zero, 1164


mem[X,0x8000230C] -> 0x0493
mem[X,0x8000230E] -> 0xFF55
[921] [M]: 0x8000230C (0xFF550493) addi s1, a0, 4085
x9 <- 0xFFFFFFFD


mem[X,0x80002310] -> 0x8C63
mem[X,0x80002312] -> 0x0004
[922] [M]: 0x80002310 (0x00048C63) beq s1, zero, 24


mem[X,0x80002314] -> 0x2583
mem[X,0x80002316] -> 0x3501
[923] [M]: 0x80002314 (0x35012583) lw a1, 848(sp)
mem[R,0x80400350] -> 0x9000036C
x11 <- 0x9000036C


mem[X,0x80002318] -> 0xD463
mem[X,0x8000231A] -> 0x0003
[924] [M]: 0x80002318 (0x0003D463) bge t2, zero, 8


mem[X,0x80002320] -> 0x2483
mem[X,0x80002322] -> 0x1581
[925] [M]: 0x80002320 (0x15812483) lw s1, 344(sp)
mem[R,0x80400158] -> 0x8000036C
x9 <- 0x8000036C


mem[X,0x80002324] -> 0x84B3
mem[X,0x80002326] -> 0x40B4
[926] [M]: 0x80002324 (0x40B484B3) sub s1, s1, a1
x9 <- 0xF0000000


mem[X,0x80002328] -> 0x23F3
mem[X,0x8000232A] -> 0x3410
[927] [M]: 0x80002328 (0x341023F3) csrrs t2, mepc, zero
CSR mepc -> 0x90000AB0
x7 <- 0x90000AB0


mem[X,0x8000232C] -> 0x83B3
mem[X,0x8000232E] -> 0x0093
[928] [M]: 0x8000232C (0x009383B3) add t2, t2, s1
x7 <- 0x80000AB0


mem[X,0x80002330] -> 0x2303
mem[X,0x80002332] -> 0x1DC1
[929] [M]: 0x80002330 (0x1DC12303) lw t1, 476(sp)
mem[R,0x804001DC] -> 0x00000001
x6 <- 0x00000001


mem[X,0x80002334] -> 0x2403
mem[X,0x80002336] -> 0x1E41
[930] [M]: 0x80002334 (0x1E412403) lw fp, 484(sp)
mem[R,0x804001E4] -> 0x00000000
x8 <- 0x00000000


mem[X,0x80002338] -> 0x2483
mem[X,0x8000233A] -> 0x1E81
[931] [M]: 0x80002338 (0x1E812483) lw s1, 488(sp)
mem[R,0x804001E8] -> 0x90000930
x9 <- 0x90000930


mem[X,0x8000233C] -> 0x2503
mem[X,0x8000233E] -> 0x1EC1
[932] [M]: 0x8000233C (0x1EC12503) lw a0, 492(sp)
mem[R,0x804001EC] -> 0x202000D9
x10 <- 0x202000D9


mem[X,0x80002340] -> 0x2583
mem[X,0x80002342] -> 0x1F01
[933] [M]: 0x80002340 (0x1F012583) lw a1, 496(sp)
mem[R,0x804001F0] -> 0x000000D9
x11 <- 0x000000D9


mem[X,0x80002344] -> 0x2103
mem[X,0x80002346] -> 0x1F41
[934] [M]: 0x80002344 (0x1F412103) lw sp, 500(sp)
mem[R,0x804001F4] -> 0x00000000
x2 <- 0x00000000


mem[X,0x80002348] -> 0x8067
mem[X,0x8000234A] -> 0x0043
[935] [M]: 0x80002348 (0x00438067) jalr zero, t2, 4


mem[X,0x80000AB4] -> 0x0713
mem[X,0x80000AB6] -> 0x1230
[936] [M]: 0x80000AB4 (0x12300713) addi a4, zero, 291
x14 <- 0x00000123


mem[X,0x80000AB8] -> 0xA623
mem[X,0x80000ABA] -> 0x02E6
[937] [M]: 0x80000AB8 (0x02E6A623) sw a4, 44(a3)
mem[0x80C02540] <- 0x00000123


mem[X,0x80000ABC] -> 0x0013
mem[X,0x80000ABE] -> 0x0000
[938] [M]: 0x80000ABC (0x00000013) addi zero, zero, 0


mem[X,0x80000AC0] -> 0xF517
mem[X,0x80000AC2] -> 0x007F
[939] [M]: 0x80000AC0 (0x007FF517) auipc a0, 2047
x10 <- 0x807FFAC0


mem[X,0x80000AC4] -> 0x0513
mem[X,0x80000AC6] -> 0x5405
[940] [M]: 0x80000AC4 (0x54050513) addi a0, a0, 1344
x10 <- 0x80800000


mem[X,0x80000AC8] -> 0x0013
mem[X,0x80000ACA] -> 0x0000
[941] [M]: 0x80000AC8 (0x00000013) addi zero, zero, 0


mem[X,0x80000ACC] -> 0x0013
mem[X,0x80000ACE] -> 0x0000
[942] [M]: 0x80000ACC (0x00000013) addi zero, zero, 0


mem[X,0x80000AD0] -> 0x0013
mem[X,0x80000AD2] -> 0x0000
[943] [M]: 0x80000AD0 (0x00000013) addi zero, zero, 0


mem[X,0x80000AD4] -> 0x0013
mem[X,0x80000AD6] -> 0x0000
[944] [M]: 0x80000AD4 (0x00000013) addi zero, zero, 0


mem[X,0x80000AD8] -> 0x0013
mem[X,0x80000ADA] -> 0x0000
[945] [M]: 0x80000AD8 (0x00000013) addi zero, zero, 0


mem[X,0x80000ADC] -> 0x0013
mem[X,0x80000ADE] -> 0x0000
[946] [M]: 0x80000ADC (0x00000013) addi zero, zero, 0


mem[X,0x80000AE0] -> 0x0593
mem[X,0x80000AE2] -> 0x0DB0
[947] [M]: 0x80000AE0 (0x0DB00593) addi a1, zero, 219
x11 <- 0x000000DB


mem[X,0x80000AE4] -> 0x5513
mem[X,0x80000AE6] -> 0x00C5
[948] [M]: 0x80000AE4 (0x00C55513) srli a0, a0, 12
x10 <- 0x00080800


mem[X,0x80000AE8] -> 0x1513
mem[X,0x80000AEA] -> 0x00A5
[949] [M]: 0x80000AE8 (0x00A51513) slli a0, a0, 10
x10 <- 0x20200000


mem[X,0x80000AEC] -> 0x6533
mem[X,0x80000AEE] -> 0x00B5
[950] [M]: 0x80000AEC (0x00B56533) or a0, a0, a1
x10 <- 0x202000DB


mem[X,0x80000AF0] -> 0x0013
mem[X,0x80000AF2] -> 0x0000
[951] [M]: 0x80000AF0 (0x00000013) addi zero, zero, 0


mem[X,0x80000AF4] -> 0x0013
mem[X,0x80000AF6] -> 0x0000
[952] [M]: 0x80000AF4 (0x00000013) addi zero, zero, 0


mem[X,0x80000AF8] -> 0x0013
mem[X,0x80000AFA] -> 0x0000
[953] [M]: 0x80000AF8 (0x00000013) addi zero, zero, 0


mem[X,0x80000AFC] -> 0x0013
mem[X,0x80000AFE] -> 0x0000
[954] [M]: 0x80000AFC (0x00000013) addi zero, zero, 0


mem[X,0x80000B00] -> 0x1317
mem[X,0x80000B02] -> 0x00C0
[955] [M]: 0x80000B00 (0x00C01317) auipc t1, 3073
x6 <- 0x80C01B00


mem[X,0x80000B04] -> 0x0313
mem[X,0x80000B06] -> 0x5003
[956] [M]: 0x80000B04 (0x50030313) addi t1, t1, 1280
x6 <- 0x80C02000


mem[X,0x80000B08] -> 0x0013
mem[X,0x80000B0A] -> 0x0000
[957] [M]: 0x80000B08 (0x00000013) addi zero, zero, 0


mem[X,0x80000B0C] -> 0x0013
mem[X,0x80000B0E] -> 0x0000
[958] [M]: 0x80000B0C (0x00000013) addi zero, zero, 0


mem[X,0x80000B10] -> 0x0013
mem[X,0x80000B12] -> 0x0000
[959] [M]: 0x80000B10 (0x00000013) addi zero, zero, 0


mem[X,0x80000B14] -> 0x0013
mem[X,0x80000B16] -> 0x0000
[960] [M]: 0x80000B14 (0x00000013) addi zero, zero, 0


mem[X,0x80000B18] -> 0x0013
mem[X,0x80000B1A] -> 0x0000
[961] [M]: 0x80000B18 (0x00000013) addi zero, zero, 0


mem[X,0x80000B1C] -> 0x0013
mem[X,0x80000B1E] -> 0x0000
[962] [M]: 0x80000B1C (0x00000013) addi zero, zero, 0


mem[X,0x80000B20] -> 0x12B7
mem[X,0x80000B22] -> 0x0000
[963] [M]: 0x80000B20 (0x000012B7) lui t0, 1
x5 <- 0x00001000


mem[X,0x80000B24] -> 0x8293
mem[X,0x80000B26] -> 0x9142
[964] [M]: 0x80000B24 (0x91428293) addi t0, t0, 2324
x5 <- 0x00000914


mem[X,0x80000B28] -> 0x0333
mem[X,0x80000B2A] -> 0x0053
[965] [M]: 0x80000B28 (0x00530333) add t1, t1, t0
x6 <- 0x80C02914


mem[X,0x80000B2C] -> 0x2023
mem[X,0x80000B2E] -> 0x00A3
[966] [M]: 0x80000B2C (0x00A32023) sw a0, 0(t1)
mem[0x80C02914] <- 0x202000DB


mem[X,0x80000B30] -> 0x0073
mem[X,0x80000B32] -> 0x1200
[967] [M]: 0x80000B30 (0x12000073) sfence.vma zero, zero


mem[X,0x80000B34] -> 0x24B7
mem[X,0x80000B36] -> 0x0000
[968] [M]: 0x80000B34 (0x000024B7) lui s1, 2
x9 <- 0x00002000


mem[X,0x80000B38] -> 0x8493
mem[X,0x80000B3A] -> 0x8004
[969] [M]: 0x80000B38 (0x80048493) addi s1, s1, 2048
x9 <- 0x00001800


mem[X,0x80000B3C] -> 0xB073
mem[X,0x80000B3E] -> 0x3004
[970] [M]: 0x80000B3C (0x3004B073) csrrc zero, mstatus, s1
CSR mstatus -> 0x00000000
CSR mstatus <- 0x00000000 (input: 0x00000000)


mem[X,0x80000B40] -> 0x2173
mem[X,0x80000B42] -> 0x3400
[971] [M]: 0x80000B40 (0x34002173) csrrs sp, mscratch, zero
CSR mscratch -> 0x80400000
x2 <- 0x80400000


mem[X,0x80000B44] -> 0x2303
mem[X,0x80000B46] -> 0x3501
[972] [M]: 0x80000B44 (0x35012303) lw t1, 848(sp)
mem[R,0x80400350] -> 0x9000036C
x6 <- 0x9000036C


mem[X,0x80000B48] -> 0x2483
mem[X,0x80000B4A] -> 0x1581
[973] [M]: 0x80000B48 (0x15812483) lw s1, 344(sp)
mem[R,0x80400158] -> 0x8000036C
x9 <- 0x8000036C


mem[X,0x80000B4C] -> 0x0333
mem[X,0x80000B4E] -> 0x4093
[974] [M]: 0x80000B4C (0x40930333) sub t1, t1, s1
x6 <- 0x10000000


mem[X,0x80000B50] -> 0x0313
mem[X,0x80000B52] -> 0x0103
[975] [M]: 0x80000B50 (0x01030313) addi t1, t1, 16
x6 <- 0x10000010


mem[X,0x80000B54] -> 0x0497
mem[X,0x80000B56] -> 0x0000
[976] [M]: 0x80000B54 (0x00000497) auipc s1, 0
x9 <- 0x80000B54


mem[X,0x80000B58] -> 0x84B3
mem[X,0x80000B5A] -> 0x0064
[977] [M]: 0x80000B58 (0x006484B3) add s1, s1, t1
x9 <- 0x90000B64


mem[X,0x80000B5C] -> 0x94F3
mem[X,0x80000B5E] -> 0x3414
[978] [M]: 0x80000B5C (0x341494F3) csrrw s1, mepc, s1
CSR mepc -> 0x90000AB0
CSR mepc <- 0x90000B64 (input: 0x90000B64)
x9 <- 0x90000AB0


mem[X,0x80000B60] -> 0x0073
mem[X,0x80000B62] -> 0x3020
[979] [M]: 0x80000B60 (0x30200073) mret
CSR mstatus <- 0x00000080
ret-ing from M to U


mem[R,0x80C02900] -> 0x200000DB
mem[X,0x80000B64] -> 0xE737
mem[X,0x80000B66] -> 0x0000
[980] [U]: 0x90000B64 (0x0000E737) lui a4, 14
x14 <- 0x0000E000


mem[X,0x80000B68] -> 0x0713
mem[X,0x80000B6A] -> 0xEAD7
[981] [U]: 0x90000B68 (0xEAD70713) addi a4, a4, 3757
x14 <- 0x0000DEAD


mem[X,0x80000B6C] -> 0xA823
mem[X,0x80000B6E] -> 0x02ED
[982] [U]: 0x90000B6C (0x02EDA823) sw a4, 48(s11)
mem[R,0x80C02930] -> 0x20300401
mem[R,0x80C01050] -> 0x203008D7
mem[0x80C02544] <- 0x0000DEAD


mem[R,0x80C02900] -> 0x200000DB
mem[X,0x80000B70] -> 0x0013
mem[X,0x80000B72] -> 0x0000
[983] [U]: 0x90000B70 (0x00000013) addi zero, zero, 0


mem[X,0x80000B74] -> 0x0013
mem[X,0x80000B76] -> 0x0000
[984] [U]: 0x90000B74 (0x00000013) addi zero, zero, 0


mem[X,0x80000B78] -> 0x0013
mem[X,0x80000B7A] -> 0x0000
[985] [U]: 0x90000B78 (0x00000013) addi zero, zero, 0


mem[X,0x80000B7C] -> 0x0013
mem[X,0x80000B7E] -> 0x0000
[986] [U]: 0x90000B7C (0x00000013) addi zero, zero, 0


mem[X,0x80000B80] -> 0x07B7
mem[X,0x80000B82] -> 0x9140
[987] [U]: 0x90000B80 (0x914007B7) lui a5, 594944
x15 <- 0x91400000


mem[X,0x80000B84] -> 0x0013
mem[X,0x80000B86] -> 0x0000
[988] [U]: 0x90000B84 (0x00000013) addi zero, zero, 0


mem[X,0x80000B88] -> 0x0013
mem[X,0x80000B8A] -> 0x0000
[989] [U]: 0x90000B88 (0x00000013) addi zero, zero, 0


mem[X,0x80000B8C] -> 0x0013
mem[X,0x80000B8E] -> 0x0000
[990] [U]: 0x90000B8C (0x00000013) addi zero, zero, 0


mem[X,0x80000B90] -> 0x0013
mem[X,0x80000B92] -> 0x0000
[991] [U]: 0x90000B90 (0x00000013) addi zero, zero, 0


mem[X,0x80000B94] -> 0x0013
mem[X,0x80000B96] -> 0x0000
[992] [U]: 0x90000B94 (0x00000013) addi zero, zero, 0


mem[X,0x80000B98] -> 0x0013
mem[X,0x80000B9A] -> 0x0000
[993] [U]: 0x90000B98 (0x00000013) addi zero, zero, 0


mem[X,0x80000B9C] -> 0x0013
mem[X,0x80000B9E] -> 0x0000
[994] [U]: 0x90000B9C (0x00000013) addi zero, zero, 0


mem[X,0x80000BA0] -> 0x0613
mem[X,0x80000BA2] -> 0x0106
[995] [U]: 0x90000BA0 (0x01060613) addi a2, a2, 16
x12 <- 0x00000070


mem[X,0x80000BA4] -> 0x0713
mem[X,0x80000BA6] -> 0x0106
[996] [U]: 0x90000BA4 (0x01060713) addi a4, a2, 16
x14 <- 0x00000080


mem[X,0x80000BA8] -> 0x0613
mem[X,0x80000BAA] -> 0x0107
[997] [U]: 0x90000BA8 (0x01070613) addi a2, a4, 16
x12 <- 0x00000090


mem[X,0x80000BAC] -> 0xAA23
mem[X,0x80000BAE] -> 0x00C7
[998] [U]: 0x90000BAC (0x00C7AA23) sw a2, 20(a5)
mem[R,0x80C02914] -> 0x202000DB
trapping from U to M to handle store/amo-page-fault
handling exc#0x0F at priv M with tval 0x91400014
CSR mstatus <- 0x00000000


mem[X,0x80001D00] -> 0x006F
mem[X,0x80001D02] -> 0x0800
[999] [M]: 0x80001D00 (0x0800006F) jal zero, 128


clint::tick mtime <- 0x000000000000000A
 clint timer pending at mtime 0x000000000000000A
htif::tick 0x0000000000000000
mem[X,0x80001D80] -> 0x1173
mem[X,0x80001D82] -> 0x3401
[1000] [M]: 0x80001D80 (0x34011173) csrrw sp, mscratch, sp
CSR mscratch -> 0x80400000
CSR mscratch <- 0x80400000 (input: 0x80400000)
x2 <- 0x80400000


mem[X,0x80001D84] -> 0x2823
mem[X,0x80001D86] -> 0x1EB1
[1001] [M]: 0x80001D84 (0x1EB12823) sw a1, 496(sp)
mem[0x804001F0] <- 0x000000DB


mem[X,0x80001D88] -> 0x05EF
mem[X,0x80001D8A] -> 0x0B80
[1002] [M]: 0x80001D88 (0x0B8005EF) jal a1, 184
x11 <- 0x80001D8C


mem[X,0x80001E40] -> 0x2623
mem[X,0x80001E42] -> 0x1EA1
[1003] [M]: 0x80001E40 (0x1EA12623) sw a0, 492(sp)
mem[0x804001EC] <- 0x202000DB


mem[X,0x80001E44] -> 0x1573
mem[X,0x80001E46] -> 0x3401
[1004] [M]: 0x80001E44 (0x34011573) csrrw a0, mscratch, sp
CSR mscratch -> 0x80400000
CSR mscratch <- 0x80400000 (input: 0x80400000)
x10 <- 0x80400000


mem[X,0x80001E48] -> 0x2A23
mem[X,0x80001E4A] -> 0x1EA1
[1005] [M]: 0x80001E48 (0x1EA12A23) sw a0, 500(sp)
mem[0x804001F4] <- 0x80400000


mem[X,0x80001E4C] -> 0x2503
mem[X,0x80001E4E] -> 0x1B01
[1006] [M]: 0x80001E4C (0x1B012503) lw a0, 432(sp)
mem[R,0x804001B0] -> 0x80001E54
x10 <- 0x80001E54


mem[X,0x80001E50] -> 0x0067
mem[X,0x80001E52] -> 0x0005
[1007] [M]: 0x80001E50 (0x00050067) jalr zero, a0, 0


mem[X,0x80001E54] -> 0x2423
mem[X,0x80001E56] -> 0x1E91
[1008] [M]: 0x80001E54 (0x1E912423) sw s1, 488(sp)
mem[0x804001E8] <- 0x90000AB0


mem[X,0x80001E58] -> 0x2223
mem[X,0x80001E5A] -> 0x1E81
[1009] [M]: 0x80001E58 (0x1E812223) sw fp, 484(sp)
mem[0x804001E4] <- 0x00000000


mem[X,0x80001E5C] -> 0x2023
mem[X,0x80001E5E] -> 0x1E71
[1010] [M]: 0x80001E5C (0x1E712023) sw t2, 480(sp)
mem[0x804001E0] <- 0x80000AB0


mem[X,0x80001E60] -> 0x2E23
mem[X,0x80001E62] -> 0x1C61
[1011] [M]: 0x80001E60 (0x1C612E23) sw t1, 476(sp)
mem[0x804001DC] <- 0x10000010


mem[X,0x80001E64] -> 0x2573
mem[X,0x80001E66] -> 0x3420
[1012] [M]: 0x80001E64 (0x34202573) csrrs a0, mcause, zero
CSR mcause -> 0x0000000F
x10 <- 0x0000000F


mem[X,0x80001E68] -> 0x14B7
mem[X,0x80001E6A] -> 0x8000
[1013] [M]: 0x80001E68 (0x800014B7) lui s1, 524289
x9 <- 0x80001000


mem[X,0x80001E6C] -> 0x8493
mem[X,0x80001E6E] -> 0xFFC4
[1014] [M]: 0x80001E6C (0xFFC48493) addi s1, s1, 4092
x9 <- 0x80000FFC


mem[X,0x80001E70] -> 0xF4B3
mem[X,0x80001E72] -> 0x00A4
[1015] [M]: 0x80001E70 (0x00A4F4B3) and s1, s1, a0
x9 <- 0x0000000C


mem[X,0x80001E74] -> 0x8493
mem[X,0x80001E76] -> 0xFF84
[1016] [M]: 0x80001E74 (0xFF848493) addi s1, s1, 4088
x9 <- 0x00000004


mem[X,0x80001E78] -> 0x9663
mem[X,0x80001E7A] -> 0x0004
[1017] [M]: 0x80001E78 (0x00049663) bne s1, zero, 12


mem[X,0x80001E84] -> 0x0393
mem[X,0x80001E86] -> 0x0100
[1018] [M]: 0x80001E84 (0x01000393) addi t2, zero, 16
x7 <- 0x00000010


mem[X,0x80001E88] -> 0x5E63
mem[X,0x80001E8A] -> 0x0205
[1019] [M]: 0x80001E88 (0x02055E63) bge a0, zero, 60


mem[X,0x80001EC4] -> 0x2373
mem[X,0x80001EC6] -> 0x3010
[1020] [M]: 0x80001EC4 (0x30102373) csrrs t1, misa, zero
CSR misa -> 0x4014112D
x6 <- 0x4014112D


mem[X,0x80001EC8] -> 0x1313
mem[X,0x80001ECA] -> 0x0183
[1021] [M]: 0x80001EC8 (0x01831313) slli t1, t1, 24
x6 <- 0x2D000000


mem[X,0x80001ECC] -> 0x5463
mem[X,0x80001ECE] -> 0x0003
[1022] [M]: 0x80001ECC (0x00035463) bge t1, zero, 8


mem[X,0x80001ED4] -> 0x2303
mem[X,0x80001ED6] -> 0x1981
[1023] [M]: 0x80001ED4 (0x19812303) lw t1, 408(sp)
mem[R,0x80400198] -> 0x80C02634
x6 <- 0x80C02634


mem[X,0x80001ED8] -> 0x04B3
mem[X,0x80001EDA] -> 0x0073
[1024] [M]: 0x80001ED8 (0x007304B3) add s1, t1, t2
x9 <- 0x80C02644


mem[X,0x80001EDC] -> 0x2C23
mem[X,0x80001EDE] -> 0x1891
[1025] [M]: 0x80001EDC (0x18912C23) sw s1, 408(sp)
mem[0x80400198] <- 0x80C02644


mem[X,0x80001EE0] -> 0x2403
mem[X,0x80001EE2] -> 0x1781
[1026] [M]: 0x80001EE0 (0x17812403) lw fp, 376(sp)
mem[R,0x80400178] -> 0x80C02510
x8 <- 0x80C02510


mem[X,0x80001EE4] -> 0x0333
mem[X,0x80001EE6] -> 0x4083
[1027] [M]: 0x80001EE4 (0x40830333) sub t1, t1, fp
x6 <- 0x00000124


mem[X,0x80001EE8] -> 0x2403
mem[X,0x80001EEA] -> 0x1781
[1028] [M]: 0x80001EE8 (0x17812403) lw fp, 376(sp)
mem[R,0x80400178] -> 0x80C02510
x8 <- 0x80C02510


mem[X,0x80001EEC] -> 0x0333
mem[X,0x80001EEE] -> 0x0083
[1029] [M]: 0x80001EEC (0x00830333) add t1, t1, fp
x6 <- 0x80C02634


mem[X,0x80001EF0] -> 0x2403
mem[X,0x80001EF2] -> 0x1C01
[1030] [M]: 0x80001EF0 (0x1C012403) lw fp, 448(sp)
mem[R,0x804001C0] -> 0x80001D00
x8 <- 0x80001D00


mem[X,0x80001EF4] -> 0x85B3
mem[X,0x80001EF6] -> 0x4085
[1031] [M]: 0x80001EF4 (0x408585B3) sub a1, a1, fp
x11 <- 0x0000008C


mem[X,0x80001EF8] -> 0x9593
mem[X,0x80001EFA] -> 0x0045
[1032] [M]: 0x80001EF8 (0x00459593) slli a1, a1, 4
x11 <- 0x000008C0


mem[X,0x80001EFC] -> 0xE5B3
mem[X,0x80001EFE] -> 0x0075
[1033] [M]: 0x80001EFC (0x0075E5B3) or a1, a1, t2
x11 <- 0x000008D0


mem[X,0x80001F00] -> 0x8593
mem[X,0x80001F02] -> 0x0035
[1034] [M]: 0x80001F00 (0x00358593) addi a1, a1, 3
x11 <- 0x000008D3


mem[X,0x80001F04] -> 0x2023
mem[X,0x80001F06] -> 0x00B3
[1035] [M]: 0x80001F04 (0x00B32023) sw a1, 0(t1)
mem[0x80C02634] <- 0x000008D3


mem[X,0x80001F08] -> 0x2223
mem[X,0x80001F0A] -> 0x00A3
[1036] [M]: 0x80001F08 (0x00A32223) sw a0, 4(t1)
mem[0x80C02638] <- 0x0000000F


mem[X,0x80001F0C] -> 0x4C63
mem[X,0x80001F0E] -> 0x1405
[1037] [M]: 0x80001F0C (0x14054C63) blt a0, zero, 344


mem[X,0x80001F10] -> 0x25F3
mem[X,0x80001F12] -> 0x3000
[1038] [M]: 0x80001F10 (0x300025F3) csrrs a1, mstatus, zero
CSR mstatus -> 0x00000000
x11 <- 0x00000000


mem[X,0x80001F14] -> 0x9413
mem[X,0x80001F16] -> 0x00E5
[1039] [M]: 0x80001F14 (0x00E59413) slli fp, a1, 14
x8 <- 0x00000000


mem[X,0x80001F18] -> 0x5463
mem[X,0x80001F1A] -> 0x0004
[1040] [M]: 0x80001F18 (0x00045463) bge fp, zero, 8


mem[X,0x80001F20] -> 0xD493
mem[X,0x80001F22] -> 0x00B5
[1041] [M]: 0x80001F20 (0x00B5D493) srli s1, a1, 11
x9 <- 0x00000000


mem[X,0x80001F24] -> 0xF493
mem[X,0x80001F26] -> 0x0034
[1042] [M]: 0x80001F24 (0x0034F493) andi s1, s1, 3
x9 <- 0x00000000


mem[X,0x80001F28] -> 0x8493
mem[X,0x80001F2A] -> 0x0014
[1043] [M]: 0x80001F28 (0x00148493) addi s1, s1, 1
x9 <- 0x00000001


mem[X,0x80001F2C] -> 0xF493
mem[X,0x80001F2E] -> 0x0044
[1044] [M]: 0x80001F2C (0x0044F493) andi s1, s1, 4
x9 <- 0x00000000


mem[X,0x80001F30] -> 0x0593
mem[X,0x80001F32] -> 0x05D0
[1045] [M]: 0x80001F30 (0x05D00593) addi a1, zero, 93
x11 <- 0x0000005D


mem[X,0x80001F34] -> 0xD5B3
mem[X,0x80001F36] -> 0x0095
[1046] [M]: 0x80001F34 (0x0095D5B3) srl a1, a1, s1
x11 <- 0x0000005D


mem[X,0x80001F38] -> 0xF593
mem[X,0x80001F3A] -> 0x0015
[1047] [M]: 0x80001F38 (0x0015F593) andi a1, a1, 1
x11 <- 0x00000001


mem[X,0x80001F3C] -> 0x82E3
mem[X,0x80001F3E] -> 0xF605
[1048] [M]: 0x80001F3C (0xF60582E3) beq a1, zero, 8036


mem[X,0x80001F40] -> 0x0593
mem[X,0x80001F42] -> 0x1F80
[1049] [M]: 0x80001F40 (0x1F800593) addi a1, zero, 504
x11 <- 0x000001F8


mem[X,0x80001F44] -> 0xF413
mem[X,0x80001F46] -> 0x0014
[1050] [M]: 0x80001F44 (0x0014F413) andi fp, s1, 1
x8 <- 0x00000000


mem[X,0x80001F48] -> 0x95B3
mem[X,0x80001F4A] -> 0x0085
[1051] [M]: 0x80001F48 (0x008595B3) sll a1, a1, fp
x11 <- 0x000001F8


mem[X,0x80001F4C] -> 0x9413
mem[X,0x80001F4E] -> 0x01D4
[1052] [M]: 0x80001F4C (0x01D49413) slli fp, s1, 29
x8 <- 0x00000000


mem[X,0x80001F50] -> 0x5413
mem[X,0x80001F52] -> 0x41F4
[1053] [M]: 0x80001F50 (0x41F45413) srai fp, fp, 31
x8 <- 0x00000000


mem[X,0x80001F54] -> 0x4413
mem[X,0x80001F56] -> 0xFFF4
[1054] [M]: 0x80001F54 (0xFFF44413) xori fp, fp, 4095
x8 <- 0xFFFFFFFF


mem[X,0x80001F58] -> 0xF4B3
mem[X,0x80001F5A] -> 0x0085
[1055] [M]: 0x80001F58 (0x0085F4B3) and s1, a1, fp
x9 <- 0x000001F8


mem[X,0x80001F5C] -> 0x84B3
mem[X,0x80001F5E] -> 0x0024
[1056] [M]: 0x80001F5C (0x002484B3) add s1, s1, sp
x9 <- 0x804001F8


mem[X,0x80001F60] -> 0x23F3
mem[X,0x80001F62] -> 0x3410
[1057] [M]: 0x80001F60 (0x341023F3) csrrs t2, mepc, zero
CSR mepc -> 0x90000BAC
x7 <- 0x90000BAC


mem[X,0x80001F64] -> 0xA403
mem[X,0x80001F66] -> 0x1884
[1058] [M]: 0x80001F64 (0x1884A403) lw fp, 392(s1)
mem[R,0x80400380] -> 0x940003F0
x8 <- 0x940003F0


mem[X,0x80001F68] -> 0xA583
mem[X,0x80001F6A] -> 0x1904
[1059] [M]: 0x80001F68 (0x1904A583) lw a1, 400(s1)
mem[R,0x80400388] -> 0x00802010
x11 <- 0x00802010


mem[X,0x80001F6C] -> 0x85B3
mem[X,0x80001F6E] -> 0x0085
[1060] [M]: 0x80001F6C (0x008585B3) add a1, a1, fp
x11 <- 0x94802400


mem[X,0x80001F70] -> 0xF463
mem[X,0x80001F72] -> 0x00B3
[1061] [M]: 0x80001F70 (0x00B3F463) bgeu t2, a1, 8


mem[X,0x80001F74] -> 0xF663
mem[X,0x80001F76] -> 0x0283
[1062] [M]: 0x80001F74 (0x0283F663) bgeu t2, fp, 44


mem[X,0x80001F78] -> 0xA403
mem[X,0x80001F7A] -> 0x1584
[1063] [M]: 0x80001F78 (0x1584A403) lw fp, 344(s1)
mem[R,0x80400350] -> 0x9000036C
x8 <- 0x9000036C


mem[X,0x80001F7C] -> 0xA583
mem[X,0x80001F7E] -> 0x1604
[1064] [M]: 0x80001F7C (0x1604A583) lw a1, 352(s1)
mem[R,0x80400358] -> 0x000018D0
x11 <- 0x000018D0


mem[X,0x80001F80] -> 0x85B3
mem[X,0x80001F82] -> 0x0085
[1065] [M]: 0x80001F80 (0x008585B3) add a1, a1, fp
x11 <- 0x90001C3C


mem[X,0x80001F84] -> 0xF463
mem[X,0x80001F86] -> 0x00B3
[1066] [M]: 0x80001F84 (0x00B3F463) bgeu t2, a1, 8


mem[X,0x80001F88] -> 0xFC63
mem[X,0x80001F8A] -> 0x0083
[1067] [M]: 0x80001F88 (0x0083FC63) bgeu t2, fp, 24


mem[X,0x80001FA0] -> 0x8433
mem[X,0x80001FA2] -> 0x4083
[1068] [M]: 0x80001FA0 (0x40838433) sub fp, t2, fp
x8 <- 0x00000840


mem[X,0x80001FA4] -> 0x2423
mem[X,0x80001FA6] -> 0x0083
[1069] [M]: 0x80001FA4 (0x00832423) sw fp, 8(t1)
mem[0x80C0263C] <- 0x00000840


mem[X,0x80001FA8] -> 0xF593
mem[X,0x80001FAA] -> 0xFFC3
[1070] [M]: 0x80001FA8 (0xFFC3F593) andi a1, t2, 4092
x11 <- 0x90000BAC


mem[X,0x80001FAC] -> 0x8593
mem[X,0x80001FAE] -> 0x0085
[1071] [M]: 0x80001FAC (0x00858593) addi a1, a1, 8
x11 <- 0x90000BB4


mem[X,0x80001FB0] -> 0x9073
mem[X,0x80001FB2] -> 0x3415
[1072] [M]: 0x80001FB0 (0x34159073) csrrw zero, mepc, a1
CSR mepc -> 0x90000BAC
CSR mepc <- 0x90000BB4 (input: 0x90000BB4)


mem[X,0x80001FB4] -> 0x23F3
mem[X,0x80001FB6] -> 0x3430
[1073] [M]: 0x80001FB4 (0x343023F3) csrrs t2, mtval, zero
CSR mtval -> 0x91400014
x7 <- 0x91400014


mem[X,0x80001FB8] -> 0x7513
mem[X,0x80001FBA] -> 0x00F5
[1074] [M]: 0x80001FB8 (0x00F57513) andi a0, a0, 15
x10 <- 0x0000000F


mem[X,0x80001FBC] -> 0xB437
mem[X,0x80001FBE] -> 0x0000
[1075] [M]: 0x80001FBC (0x0000B437) lui fp, 11
x8 <- 0x0000B000


mem[X,0x80001FC0] -> 0x0413
mem[X,0x80001FC2] -> 0x0FB4
[1076] [M]: 0x80001FC0 (0x0FB40413) addi fp, fp, 251
x8 <- 0x0000B0FB


mem[X,0x80001FC4] -> 0x5433
mem[X,0x80001FC6] -> 0x00A4
[1077] [M]: 0x80001FC4 (0x00A45433) srl fp, fp, a0
x8 <- 0x00000001


mem[X,0x80001FC8] -> 0x1413
mem[X,0x80001FCA] -> 0x01F4
[1078] [M]: 0x80001FC8 (0x01F41413) slli fp, fp, 31
x8 <- 0x80000000


mem[X,0x80001FCC] -> 0x5C63
mem[X,0x80001FCE] -> 0x0404
[1079] [M]: 0x80001FCC (0x04045C63) bge fp, zero, 88


mem[X,0x80001FD0] -> 0xA403
mem[X,0x80001FD2] -> 0x1884
[1080] [M]: 0x80001FD0 (0x1884A403) lw fp, 392(s1)
mem[R,0x80400380] -> 0x940003F0
x8 <- 0x940003F0


mem[X,0x80001FD4] -> 0xA583
mem[X,0x80001FD6] -> 0x1904
[1081] [M]: 0x80001FD4 (0x1904A583) lw a1, 400(s1)
mem[R,0x80400388] -> 0x00802010
x11 <- 0x00802010


mem[X,0x80001FD8] -> 0x85B3
mem[X,0x80001FDA] -> 0x0085
[1082] [M]: 0x80001FD8 (0x008585B3) add a1, a1, fp
x11 <- 0x94802400


mem[X,0x80001FDC] -> 0xF463
mem[X,0x80001FDE] -> 0x00B3
[1083] [M]: 0x80001FDC (0x00B3F463) bgeu t2, a1, 8


mem[X,0x80001FE0] -> 0xF063
mem[X,0x80001FE2] -> 0x0483
[1084] [M]: 0x80001FE0 (0x0483F063) bgeu t2, fp, 64


mem[X,0x80001FE4] -> 0xA403
mem[X,0x80001FE6] -> 0x1784
[1085] [M]: 0x80001FE4 (0x1784A403) lw fp, 376(s1)
mem[R,0x80400370] -> 0x93014510
x8 <- 0x93014510


mem[X,0x80001FE8] -> 0xA583
mem[X,0x80001FEA] -> 0x1804
[1086] [M]: 0x80001FE8 (0x1804A583) lw a1, 384(s1)
mem[R,0x80400378] -> 0x00000208
x11 <- 0x00000208


mem[X,0x80001FEC] -> 0x85B3
mem[X,0x80001FEE] -> 0x0085
[1087] [M]: 0x80001FEC (0x008585B3) add a1, a1, fp
x11 <- 0x93014718


mem[X,0x80001FF0] -> 0xF463
mem[X,0x80001FF2] -> 0x00B3
[1088] [M]: 0x80001FF0 (0x00B3F463) bgeu t2, a1, 8


mem[X,0x80001FF4] -> 0xF663
mem[X,0x80001FF6] -> 0x0283
[1089] [M]: 0x80001FF4 (0x0283F663) bgeu t2, fp, 44


mem[X,0x80001FF8] -> 0xA403
mem[X,0x80001FFA] -> 0x1584
[1090] [M]: 0x80001FF8 (0x1584A403) lw fp, 344(s1)
mem[R,0x80400350] -> 0x9000036C
x8 <- 0x9000036C


mem[X,0x80001FFC] -> 0xA583
mem[X,0x80001FFE] -> 0x1604
[1091] [M]: 0x80001FFC (0x1604A583) lw a1, 352(s1)
mem[R,0x80400358] -> 0x000018D0
x11 <- 0x000018D0


mem[X,0x80002000] -> 0x85B3
mem[X,0x80002002] -> 0x0085
[1092] [M]: 0x80002000 (0x008585B3) add a1, a1, fp
x11 <- 0x90001C3C


mem[X,0x80002004] -> 0xF463
mem[X,0x80002006] -> 0x00B3
[1093] [M]: 0x80002004 (0x00B3F463) bgeu t2, a1, 8


mem[X,0x8000200C] -> 0xA403
mem[X,0x8000200E] -> 0x1684
[1094] [M]: 0x8000200C (0x1684A403) lw fp, 360(s1)
mem[R,0x80400360] -> 0x910003FC
x8 <- 0x910003FC


mem[X,0x80002010] -> 0xA583
mem[X,0x80002012] -> 0x1704
[1095] [M]: 0x80002010 (0x1704A583) lw a1, 368(s1)
mem[R,0x80400368] -> 0x00802010
x11 <- 0x00802010


mem[X,0x80002014] -> 0x85B3
mem[X,0x80002016] -> 0x0085
[1096] [M]: 0x80002014 (0x008585B3) add a1, a1, fp
x11 <- 0x9180240C


mem[X,0x80002018] -> 0xF6E3
mem[X,0x8000201A] -> 0xC2B3
[1097] [M]: 0x80002018 (0xC2B3F6E3) bgeu t2, a1, 7212


mem[X,0x8000201C] -> 0xE4E3
mem[X,0x8000201E] -> 0xC283
[1098] [M]: 0x8000201C (0xC283E4E3) bltu t2, fp, 7208


mem[X,0x80002020] -> 0x8433
mem[X,0x80002022] -> 0x4083
[1099] [M]: 0x80002020 (0x40838433) sub fp, t2, fp
x8 <- 0x003FFC18


clint::tick mtime <- 0x000000000000000B
 clint timer pending at mtime 0x000000000000000B
htif::tick 0x0000000000000000
mem[X,0x80002024] -> 0x2623
mem[X,0x80002026] -> 0x0083
[1100] [M]: 0x80002024 (0x00832623) sw fp, 12(t1)
mem[0x80C02640] <- 0x003FFC18


mem[X,0x80002028] -> 0x2483
mem[X,0x8000202A] -> 0x1981
[1101] [M]: 0x80002028 (0x19812483) lw s1, 408(sp)
mem[R,0x80400198] -> 0x80C02644
x9 <- 0x80C02644


mem[X,0x8000202C] -> 0x2383
mem[X,0x8000202E] -> 0x1781
[1102] [M]: 0x8000202C (0x17812383) lw t2, 376(sp)
mem[R,0x80400178] -> 0x80C02510
x7 <- 0x80C02510


mem[X,0x80002030] -> 0x2303
mem[X,0x80002032] -> 0x1801
[1103] [M]: 0x80002030 (0x18012303) lw t1, 384(sp)
mem[R,0x80400180] -> 0x00000208
x6 <- 0x00000208


mem[X,0x80002034] -> 0x0333
mem[X,0x80002036] -> 0x0073
[1104] [M]: 0x80002034 (0x00730333) add t1, t1, t2
x6 <- 0x80C02718


mem[X,0x80002038] -> 0x66E3
mem[X,0x8000203A] -> 0xC093
[1105] [M]: 0x80002038 (0xC09366E3) bltu t1, s1, 7180


mem[X,0x8000203C] -> 0x0393
mem[X,0x8000203E] -> 0x1000
[1106] [M]: 0x8000203C (0x10000393) addi t2, zero, 256
x7 <- 0x00000100


mem[X,0x80002040] -> 0x006F
mem[X,0x80002042] -> 0x0400
[1107] [M]: 0x80002040 (0x0400006F) jal zero, 64


mem[X,0x80002080] -> 0x0417
mem[X,0x80002082] -> 0x0000
[1108] [M]: 0x80002080 (0x00000417) auipc fp, 0
x8 <- 0x80002080


mem[X,0x80002084] -> 0x0413
mem[X,0x80002086] -> 0x03C4
[1109] [M]: 0x80002084 (0x03C40413) addi fp, fp, 60
x8 <- 0x800020BC


mem[X,0x80002088] -> 0x0433
mem[X,0x8000208A] -> 0x0074
[1110] [M]: 0x80002088 (0x00740433) add fp, fp, t2
x8 <- 0x800021BC


mem[X,0x8000208C] -> 0x1393
mem[X,0x8000208E] -> 0x0035
[1111] [M]: 0x8000208C (0x00351393) slli t2, a0, 3
x7 <- 0x00000078


mem[X,0x80002090] -> 0x0433
mem[X,0x80002092] -> 0x0074
[1112] [M]: 0x80002090 (0x00740433) add fp, fp, t2
x8 <- 0x80002234


mem[X,0x80002094] -> 0x7413
mem[X,0x80002096] -> 0xFF84
[1113] [M]: 0x80002094 (0xFF847413) andi fp, fp, 4088
x8 <- 0x80002230


mem[X,0x80002098] -> 0x2403
mem[X,0x8000209A] -> 0x0004
[1114] [M]: 0x80002098 (0x00042403) lw fp, 0(fp)
mem[R,0x80002230] -> 0x0000001F
x8 <- 0x0000001F


mem[X,0x8000209C] -> 0x0EE3
mem[X,0x8000209E] -> 0xC204
[1115] [M]: 0x8000209C (0xC2040EE3) beq fp, zero, 7228


mem[X,0x800020A0] -> 0x1393
mem[X,0x800020A2] -> 0x01F4
[1116] [M]: 0x800020A0 (0x01F41393) slli t2, fp, 31
x7 <- 0x80000000


mem[X,0x800020A4] -> 0xD863
mem[X,0x800020A6] -> 0x0003
[1117] [M]: 0x800020A4 (0x0003D863) bge t2, zero, 16


mem[X,0x800020A8] -> 0x5413
mem[X,0x800020AA] -> 0x0014
[1118] [M]: 0x800020A8 (0x00145413) srli fp, fp, 1
x8 <- 0x0000000F


mem[X,0x800020AC] -> 0x0CE3
mem[X,0x800020AE] -> 0xF885
[1119] [M]: 0x800020AC (0xF8850CE3) beq a0, fp, 8088


mem[X,0x80002044] -> 0x2303
mem[X,0x80002046] -> 0x1DC1
[1120] [M]: 0x80002044 (0x1DC12303) lw t1, 476(sp)
mem[R,0x804001DC] -> 0x10000010
x6 <- 0x10000010


mem[X,0x80002048] -> 0x2383
mem[X,0x8000204A] -> 0x1E01
[1121] [M]: 0x80002048 (0x1E012383) lw t2, 480(sp)
mem[R,0x804001E0] -> 0x80000AB0
x7 <- 0x80000AB0


mem[X,0x8000204C] -> 0x2403
mem[X,0x8000204E] -> 0x1E41
[1122] [M]: 0x8000204C (0x1E412403) lw fp, 484(sp)
mem[R,0x804001E4] -> 0x00000000
x8 <- 0x00000000


mem[X,0x80002050] -> 0x2483
mem[X,0x80002052] -> 0x1E81
[1123] [M]: 0x80002050 (0x1E812483) lw s1, 488(sp)
mem[R,0x804001E8] -> 0x90000AB0
x9 <- 0x90000AB0


mem[X,0x80002054] -> 0x2503
mem[X,0x80002056] -> 0x1EC1
[1124] [M]: 0x80002054 (0x1EC12503) lw a0, 492(sp)
mem[R,0x804001EC] -> 0x202000DB
x10 <- 0x202000DB


mem[X,0x80002058] -> 0x2583
mem[X,0x8000205A] -> 0x1F01
[1125] [M]: 0x80002058 (0x1F012583) lw a1, 496(sp)
mem[R,0x804001F0] -> 0x000000DB
x11 <- 0x000000DB


mem[X,0x8000205C] -> 0x2103
mem[X,0x8000205E] -> 0x1F41
[1126] [M]: 0x8000205C (0x1F412103) lw sp, 500(sp)
mem[R,0x804001F4] -> 0x80400000
x2 <- 0x80400000


mem[X,0x80002060] -> 0x0073
mem[X,0x80002062] -> 0x3020
[1127] [M]: 0x80002060 (0x30200073) mret
CSR mstatus <- 0x00000080
ret-ing from M to U


mem[X,0x80000BB4] -> 0x0013
mem[X,0x80000BB6] -> 0x0000
[1128] [U]: 0x90000BB4 (0x00000013) addi zero, zero, 0


mem[X,0x80000BB8] -> 0xA703
mem[X,0x80000BBA] -> 0x0147
[1129] [U]: 0x90000BB8 (0x0147A703) lw a4, 20(a5)
mem[R,0x80C02914] -> 0x202000DB
mem[R,0x80800014] -> 0x00000030
x14 <- 0x00000030


mem[R,0x80C02900] -> 0x200000DB
mem[X,0x80000BBC] -> 0x0013
mem[X,0x80000BBE] -> 0x0000
[1130] [U]: 0x90000BBC (0x00000013) addi zero, zero, 0


mem[X,0x80000BC0] -> 0x0013
mem[X,0x80000BC2] -> 0x0000
[1131] [U]: 0x90000BC0 (0x00000013) addi zero, zero, 0


mem[X,0x80000BC4] -> 0xAA23
mem[X,0x80000BC6] -> 0x02ED
[1132] [U]: 0x90000BC4 (0x02EDAA23) sw a4, 52(s11)
mem[R,0x80C02930] -> 0x20300401
mem[R,0x80C01050] -> 0x203008D7
mem[0x80C02548] <- 0x00000030


mem[R,0x80C02900] -> 0x200000DB
mem[X,0x80000BC8] -> 0x0313
mem[X,0x80000BCA] -> 0x0010
[1133] [U]: 0x90000BC8 (0x00100313) addi t1, zero, 1
x6 <- 0x00000001


mem[X,0x80000BCC] -> 0x0463
mem[X,0x80000BCE] -> 0x0203
[1134] [U]: 0x90000BCC (0x02030463) beq t1, zero, 40


mem[X,0x80000BD0] -> 0x02B7
mem[X,0x80000BD2] -> 0x0040
[1135] [U]: 0x90000BD0 (0x004002B7) lui t0, 1024
x5 <- 0x00400000


mem[X,0x80000BD4] -> 0x8293
mem[X,0x80000BD6] -> 0xFFC2
[1136] [U]: 0x90000BD4 (0xFFC28293) addi t0, t0, 4092
x5 <- 0x003FFFFC


mem[X,0x80000BD8] -> 0xD793
mem[X,0x80000BDA] -> 0x0167
[1137] [U]: 0x90000BD8 (0x0167D793) srli a5, a5, 22
x15 <- 0x00000245


mem[X,0x80000BDC] -> 0x9793
mem[X,0x80000BDE] -> 0x0167
[1138] [U]: 0x90000BDC (0x01679793) slli a5, a5, 22
x15 <- 0x91400000


mem[X,0x80000BE0] -> 0x82B3
mem[X,0x80000BE2] -> 0x0057
[1139] [U]: 0x90000BE0 (0x005782B3) add t0, a5, t0
x5 <- 0x917FFFFC


mem[X,0x80000BE4] -> 0x80E7
mem[X,0x80000BE6] -> 0x0002
[1140] [U]: 0x90000BE4 (0x000280E7) jalr ra, t0, 0
x1 <- 0x90000BE8


mem[R,0x80C02914] -> 0x202000DB
mem[X,0x80BFFFFC] -> 0x8067
mem[X,0x80BFFFFE] -> 0x0000
[1141] [U]: 0x917FFFFC (0x00008067) jalr zero, ra, 0


mem[R,0x80C02900] -> 0x200000DB
mem[X,0x80000BE8] -> 0x0013
mem[X,0x80000BEA] -> 0x0000
[1142] [U]: 0x90000BE8 (0x00000013) addi zero, zero, 0


mem[X,0x80000BEC] -> 0x0013
mem[X,0x80000BEE] -> 0x0000
[1143] [U]: 0x90000BEC (0x00000013) addi zero, zero, 0


mem[X,0x80000BF0] -> 0x006F
mem[X,0x80000BF2] -> 0x0240
[1144] [U]: 0x90000BF0 (0x0240006F) jal zero, 36


mem[X,0x80000C14] -> 0xAC23
mem[X,0x80000C16] -> 0x02CD
[1145] [U]: 0x90000C14 (0x02CDAC23) sw a2, 56(s11)
mem[R,0x80C02930] -> 0x20300401
mem[R,0x80C01050] -> 0x203008D7
mem[0x80C0254C] <- 0x00000090


mem[R,0x80C02900] -> 0x200000DB
mem[X,0x80000C18] -> 0x0013
mem[X,0x80000C1A] -> 0x0000
[1146] [U]: 0x90000C18 (0x00000013) addi zero, zero, 0


mem[X,0x80000C1C] -> 0x0013
mem[X,0x80000C1E] -> 0x0000
[1147] [U]: 0x90000C1C (0x00000013) addi zero, zero, 0


mem[X,0x80000C20] -> 0x0737
mem[X,0x80000C22] -> 0x0001
[1148] [U]: 0x90000C20 (0x00010737) lui a4, 16
x14 <- 0x00010000


mem[X,0x80000C24] -> 0x0713
mem[X,0x80000C26] -> 0xEEB7
[1149] [U]: 0x90000C24 (0xEEB70713) addi a4, a4, 3819
x14 <- 0x0000FEEB


mem[X,0x80000C28] -> 0xAE23
mem[X,0x80000C2A] -> 0x02ED
[1150] [U]: 0x90000C28 (0x02EDAE23) sw a4, 60(s11)
mem[R,0x80C02930] -> 0x20300401
mem[R,0x80C01050] -> 0x203008D7
mem[0x80C02550] <- 0x0000FEEB


mem[R,0x80C02900] -> 0x200000DB
mem[X,0x80000C2C] -> 0x0113
mem[X,0x80000C2E] -> 0x0000
[1151] [U]: 0x90000C2C (0x00000113) addi sp, zero, 0
x2 <- 0x00000000


mem[X,0x80000C30] -> 0x0073
mem[X,0x80000C32] -> 0x0000
[1152] [U]: 0x90000C30 (0x00000073) ecall
trapping from U to M to handle u-call
handling exc#0x08 at priv M with tval 0x00000000
CSR mstatus <- 0x00000000


mem[X,0x80001D00] -> 0x006F
mem[X,0x80001D02] -> 0x0800
[1153] [M]: 0x80001D00 (0x0800006F) jal zero, 128


mem[X,0x80001D80] -> 0x1173
mem[X,0x80001D82] -> 0x3401
[1154] [M]: 0x80001D80 (0x34011173) csrrw sp, mscratch, sp
CSR mscratch -> 0x80400000
CSR mscratch <- 0x00000000 (input: 0x00000000)
x2 <- 0x80400000


mem[X,0x80001D84] -> 0x2823
mem[X,0x80001D86] -> 0x1EB1
[1155] [M]: 0x80001D84 (0x1EB12823) sw a1, 496(sp)
mem[0x804001F0] <- 0x000000DB


mem[X,0x80001D88] -> 0x05EF
mem[X,0x80001D8A] -> 0x0B80
[1156] [M]: 0x80001D88 (0x0B8005EF) jal a1, 184
x11 <- 0x80001D8C


mem[X,0x80001E40] -> 0x2623
mem[X,0x80001E42] -> 0x1EA1
[1157] [M]: 0x80001E40 (0x1EA12623) sw a0, 492(sp)
mem[0x804001EC] <- 0x202000DB


mem[X,0x80001E44] -> 0x1573
mem[X,0x80001E46] -> 0x3401
[1158] [M]: 0x80001E44 (0x34011573) csrrw a0, mscratch, sp
CSR mscratch -> 0x00000000
CSR mscratch <- 0x80400000 (input: 0x80400000)
x10 <- 0x00000000


mem[X,0x80001E48] -> 0x2A23
mem[X,0x80001E4A] -> 0x1EA1
[1159] [M]: 0x80001E48 (0x1EA12A23) sw a0, 500(sp)
mem[0x804001F4] <- 0x00000000


mem[X,0x80001E4C] -> 0x2503
mem[X,0x80001E4E] -> 0x1B01
[1160] [M]: 0x80001E4C (0x1B012503) lw a0, 432(sp)
mem[R,0x804001B0] -> 0x80001E54
x10 <- 0x80001E54


mem[X,0x80001E50] -> 0x0067
mem[X,0x80001E52] -> 0x0005
[1161] [M]: 0x80001E50 (0x00050067) jalr zero, a0, 0


mem[X,0x80001E54] -> 0x2423
mem[X,0x80001E56] -> 0x1E91
[1162] [M]: 0x80001E54 (0x1E912423) sw s1, 488(sp)
mem[0x804001E8] <- 0x90000AB0


mem[X,0x80001E58] -> 0x2223
mem[X,0x80001E5A] -> 0x1E81
[1163] [M]: 0x80001E58 (0x1E812223) sw fp, 484(sp)
mem[0x804001E4] <- 0x00000000


mem[X,0x80001E5C] -> 0x2023
mem[X,0x80001E5E] -> 0x1E71
[1164] [M]: 0x80001E5C (0x1E712023) sw t2, 480(sp)
mem[0x804001E0] <- 0x80000AB0


mem[X,0x80001E60] -> 0x2E23
mem[X,0x80001E62] -> 0x1C61
[1165] [M]: 0x80001E60 (0x1C612E23) sw t1, 476(sp)
mem[0x804001DC] <- 0x00000001


mem[X,0x80001E64] -> 0x2573
mem[X,0x80001E66] -> 0x3420
[1166] [M]: 0x80001E64 (0x34202573) csrrs a0, mcause, zero
CSR mcause -> 0x00000008
x10 <- 0x00000008


mem[X,0x80001E68] -> 0x14B7
mem[X,0x80001E6A] -> 0x8000
[1167] [M]: 0x80001E68 (0x800014B7) lui s1, 524289
x9 <- 0x80001000


mem[X,0x80001E6C] -> 0x8493
mem[X,0x80001E6E] -> 0xFFC4
[1168] [M]: 0x80001E6C (0xFFC48493) addi s1, s1, 4092
x9 <- 0x80000FFC


mem[X,0x80001E70] -> 0xF4B3
mem[X,0x80001E72] -> 0x00A4
[1169] [M]: 0x80001E70 (0x00A4F4B3) and s1, s1, a0
x9 <- 0x00000008


mem[X,0x80001E74] -> 0x8493
mem[X,0x80001E76] -> 0xFF84
[1170] [M]: 0x80001E74 (0xFF848493) addi s1, s1, 4088
x9 <- 0x00000000


mem[X,0x80001E78] -> 0x9663
mem[X,0x80001E7A] -> 0x0004
[1171] [M]: 0x80001E78 (0x00049663) bne s1, zero, 12


mem[X,0x80001E7C] -> 0x2383
mem[X,0x80001E7E] -> 0x1F41
[1172] [M]: 0x80001E7C (0x1F412383) lw t2, 500(sp)
mem[R,0x804001F4] -> 0x00000000
x7 <- 0x00000000


mem[X,0x80001E80] -> 0x8663
mem[X,0x80001E82] -> 0x4803
[1173] [M]: 0x80001E80 (0x48038663) beq t2, zero, 1164


mem[X,0x8000230C] -> 0x0493
mem[X,0x8000230E] -> 0xFF55
[1174] [M]: 0x8000230C (0xFF550493) addi s1, a0, 4085
x9 <- 0xFFFFFFFD


mem[X,0x80002310] -> 0x8C63
mem[X,0x80002312] -> 0x0004
[1175] [M]: 0x80002310 (0x00048C63) beq s1, zero, 24


mem[X,0x80002314] -> 0x2583
mem[X,0x80002316] -> 0x3501
[1176] [M]: 0x80002314 (0x35012583) lw a1, 848(sp)
mem[R,0x80400350] -> 0x9000036C
x11 <- 0x9000036C


mem[X,0x80002318] -> 0xD463
mem[X,0x8000231A] -> 0x0003
[1177] [M]: 0x80002318 (0x0003D463) bge t2, zero, 8


mem[X,0x80002320] -> 0x2483
mem[X,0x80002322] -> 0x1581
[1178] [M]: 0x80002320 (0x15812483) lw s1, 344(sp)
mem[R,0x80400158] -> 0x8000036C
x9 <- 0x8000036C


mem[X,0x80002324] -> 0x84B3
mem[X,0x80002326] -> 0x40B4
[1179] [M]: 0x80002324 (0x40B484B3) sub s1, s1, a1
x9 <- 0xF0000000


mem[X,0x80002328] -> 0x23F3
mem[X,0x8000232A] -> 0x3410
[1180] [M]: 0x80002328 (0x341023F3) csrrs t2, mepc, zero
CSR mepc -> 0x90000C30
x7 <- 0x90000C30


mem[X,0x8000232C] -> 0x83B3
mem[X,0x8000232E] -> 0x0093
[1181] [M]: 0x8000232C (0x009383B3) add t2, t2, s1
x7 <- 0x80000C30


mem[X,0x80002330] -> 0x2303
mem[X,0x80002332] -> 0x1DC1
[1182] [M]: 0x80002330 (0x1DC12303) lw t1, 476(sp)
mem[R,0x804001DC] -> 0x00000001
x6 <- 0x00000001


mem[X,0x80002334] -> 0x2403
mem[X,0x80002336] -> 0x1E41
[1183] [M]: 0x80002334 (0x1E412403) lw fp, 484(sp)
mem[R,0x804001E4] -> 0x00000000
x8 <- 0x00000000


mem[X,0x80002338] -> 0x2483
mem[X,0x8000233A] -> 0x1E81
[1184] [M]: 0x80002338 (0x1E812483) lw s1, 488(sp)
mem[R,0x804001E8] -> 0x90000AB0
x9 <- 0x90000AB0


mem[X,0x8000233C] -> 0x2503
mem[X,0x8000233E] -> 0x1EC1
[1185] [M]: 0x8000233C (0x1EC12503) lw a0, 492(sp)
mem[R,0x804001EC] -> 0x202000DB
x10 <- 0x202000DB


mem[X,0x80002340] -> 0x2583
mem[X,0x80002342] -> 0x1F01
[1186] [M]: 0x80002340 (0x1F012583) lw a1, 496(sp)
mem[R,0x804001F0] -> 0x000000DB
x11 <- 0x000000DB


mem[X,0x80002344] -> 0x2103
mem[X,0x80002346] -> 0x1F41
[1187] [M]: 0x80002344 (0x1F412103) lw sp, 500(sp)
mem[R,0x804001F4] -> 0x00000000
x2 <- 0x00000000


mem[X,0x80002348] -> 0x8067
mem[X,0x8000234A] -> 0x0043
[1188] [M]: 0x80002348 (0x00438067) jalr zero, t2, 4


mem[X,0x80000C34] -> 0x0713
mem[X,0x80000C36] -> 0x1230
[1189] [M]: 0x80000C34 (0x12300713) addi a4, zero, 291
x14 <- 0x00000123


mem[X,0x80000C38] -> 0xA023
mem[X,0x80000C3A] -> 0x04E6
[1190] [M]: 0x80000C38 (0x04E6A023) sw a4, 64(a3)
mem[0x80C02554] <- 0x00000123


mem[X,0x80000C3C] -> 0x0013
mem[X,0x80000C3E] -> 0x0000
[1191] [M]: 0x80000C3C (0x00000013) addi zero, zero, 0


mem[X,0x80000C40] -> 0xF517
mem[X,0x80000C42] -> 0x007F
[1192] [M]: 0x80000C40 (0x007FF517) auipc a0, 2047
x10 <- 0x807FFC40


mem[X,0x80000C44] -> 0x0513
mem[X,0x80000C46] -> 0x3C05
[1193] [M]: 0x80000C44 (0x3C050513) addi a0, a0, 960
x10 <- 0x80800000


mem[X,0x80000C48] -> 0x0013
mem[X,0x80000C4A] -> 0x0000
[1194] [M]: 0x80000C48 (0x00000013) addi zero, zero, 0


mem[X,0x80000C4C] -> 0x0013
mem[X,0x80000C4E] -> 0x0000
[1195] [M]: 0x80000C4C (0x00000013) addi zero, zero, 0


mem[X,0x80000C50] -> 0x0013
mem[X,0x80000C52] -> 0x0000
[1196] [M]: 0x80000C50 (0x00000013) addi zero, zero, 0


mem[X,0x80000C54] -> 0x0013
mem[X,0x80000C56] -> 0x0000
[1197] [M]: 0x80000C54 (0x00000013) addi zero, zero, 0


mem[X,0x80000C58] -> 0x0013
mem[X,0x80000C5A] -> 0x0000
[1198] [M]: 0x80000C58 (0x00000013) addi zero, zero, 0


mem[X,0x80000C5C] -> 0x0013
mem[X,0x80000C5E] -> 0x0000
[1199] [M]: 0x80000C5C (0x00000013) addi zero, zero, 0


clint::tick mtime <- 0x000000000000000C
 clint timer pending at mtime 0x000000000000000C
htif::tick 0x0000000000000000
mem[X,0x80000C60] -> 0x0593
mem[X,0x80000C62] -> 0x0D70
[1200] [M]: 0x80000C60 (0x0D700593) addi a1, zero, 215
x11 <- 0x000000D7


mem[X,0x80000C64] -> 0x5513
mem[X,0x80000C66] -> 0x00C5
[1201] [M]: 0x80000C64 (0x00C55513) srli a0, a0, 12
x10 <- 0x00080800


mem[X,0x80000C68] -> 0x1513
mem[X,0x80000C6A] -> 0x00A5
[1202] [M]: 0x80000C68 (0x00A51513) slli a0, a0, 10
x10 <- 0x20200000


mem[X,0x80000C6C] -> 0x6533
mem[X,0x80000C6E] -> 0x00B5
[1203] [M]: 0x80000C6C (0x00B56533) or a0, a0, a1
x10 <- 0x202000D7


mem[X,0x80000C70] -> 0x0013
mem[X,0x80000C72] -> 0x0000
[1204] [M]: 0x80000C70 (0x00000013) addi zero, zero, 0


mem[X,0x80000C74] -> 0x0013
mem[X,0x80000C76] -> 0x0000
[1205] [M]: 0x80000C74 (0x00000013) addi zero, zero, 0


mem[X,0x80000C78] -> 0x0013
mem[X,0x80000C7A] -> 0x0000
[1206] [M]: 0x80000C78 (0x00000013) addi zero, zero, 0


mem[X,0x80000C7C] -> 0x0013
mem[X,0x80000C7E] -> 0x0000
[1207] [M]: 0x80000C7C (0x00000013) addi zero, zero, 0


mem[X,0x80000C80] -> 0x1317
mem[X,0x80000C82] -> 0x00C0
[1208] [M]: 0x80000C80 (0x00C01317) auipc t1, 3073
x6 <- 0x80C01C80


mem[X,0x80000C84] -> 0x0313
mem[X,0x80000C86] -> 0x3803
[1209] [M]: 0x80000C84 (0x38030313) addi t1, t1, 896
x6 <- 0x80C02000


mem[X,0x80000C88] -> 0x0013
mem[X,0x80000C8A] -> 0x0000
[1210] [M]: 0x80000C88 (0x00000013) addi zero, zero, 0


mem[X,0x80000C8C] -> 0x0013
mem[X,0x80000C8E] -> 0x0000
[1211] [M]: 0x80000C8C (0x00000013) addi zero, zero, 0


mem[X,0x80000C90] -> 0x0013
mem[X,0x80000C92] -> 0x0000
[1212] [M]: 0x80000C90 (0x00000013) addi zero, zero, 0


mem[X,0x80000C94] -> 0x0013
mem[X,0x80000C96] -> 0x0000
[1213] [M]: 0x80000C94 (0x00000013) addi zero, zero, 0


mem[X,0x80000C98] -> 0x0013
mem[X,0x80000C9A] -> 0x0000
[1214] [M]: 0x80000C98 (0x00000013) addi zero, zero, 0


mem[X,0x80000C9C] -> 0x0013
mem[X,0x80000C9E] -> 0x0000
[1215] [M]: 0x80000C9C (0x00000013) addi zero, zero, 0


mem[X,0x80000CA0] -> 0x12B7
mem[X,0x80000CA2] -> 0x0000
[1216] [M]: 0x80000CA0 (0x000012B7) lui t0, 1
x5 <- 0x00001000


mem[X,0x80000CA4] -> 0x8293
mem[X,0x80000CA6] -> 0x9142
[1217] [M]: 0x80000CA4 (0x91428293) addi t0, t0, 2324
x5 <- 0x00000914


mem[X,0x80000CA8] -> 0x0333
mem[X,0x80000CAA] -> 0x0053
[1218] [M]: 0x80000CA8 (0x00530333) add t1, t1, t0
x6 <- 0x80C02914


mem[X,0x80000CAC] -> 0x2023
mem[X,0x80000CAE] -> 0x00A3
[1219] [M]: 0x80000CAC (0x00A32023) sw a0, 0(t1)
mem[0x80C02914] <- 0x202000D7


mem[X,0x80000CB0] -> 0x0073
mem[X,0x80000CB2] -> 0x1200
[1220] [M]: 0x80000CB0 (0x12000073) sfence.vma zero, zero


mem[X,0x80000CB4] -> 0x0013
mem[X,0x80000CB6] -> 0x0000
[1221] [M]: 0x80000CB4 (0x00000013) addi zero, zero, 0


mem[X,0x80000CB8] -> 0x0013
mem[X,0x80000CBA] -> 0x0000
[1222] [M]: 0x80000CB8 (0x00000013) addi zero, zero, 0


mem[X,0x80000CBC] -> 0x0013
mem[X,0x80000CBE] -> 0x0000
[1223] [M]: 0x80000CBC (0x00000013) addi zero, zero, 0


mem[X,0x80000CC0] -> 0xF517
mem[X,0x80000CC2] -> 0x007F
[1224] [M]: 0x80000CC0 (0x007FF517) auipc a0, 2047
x10 <- 0x807FFCC0


mem[X,0x80000CC4] -> 0x0513
mem[X,0x80000CC6] -> 0x3405
[1225] [M]: 0x80000CC4 (0x34050513) addi a0, a0, 832
x10 <- 0x80800000


mem[X,0x80000CC8] -> 0x0013
mem[X,0x80000CCA] -> 0x0000
[1226] [M]: 0x80000CC8 (0x00000013) addi zero, zero, 0


mem[X,0x80000CCC] -> 0x0013
mem[X,0x80000CCE] -> 0x0000
[1227] [M]: 0x80000CCC (0x00000013) addi zero, zero, 0


mem[X,0x80000CD0] -> 0x0013
mem[X,0x80000CD2] -> 0x0000
[1228] [M]: 0x80000CD0 (0x00000013) addi zero, zero, 0


mem[X,0x80000CD4] -> 0x0013
mem[X,0x80000CD6] -> 0x0000
[1229] [M]: 0x80000CD4 (0x00000013) addi zero, zero, 0


mem[X,0x80000CD8] -> 0x0013
mem[X,0x80000CDA] -> 0x0000
[1230] [M]: 0x80000CD8 (0x00000013) addi zero, zero, 0


mem[X,0x80000CDC] -> 0x0013
mem[X,0x80000CDE] -> 0x0000
[1231] [M]: 0x80000CDC (0x00000013) addi zero, zero, 0


mem[X,0x80000CE0] -> 0x0593
mem[X,0x80000CE2] -> 0x0DF0
[1232] [M]: 0x80000CE0 (0x0DF00593) addi a1, zero, 223
x11 <- 0x000000DF


mem[X,0x80000CE4] -> 0x5513
mem[X,0x80000CE6] -> 0x00C5
[1233] [M]: 0x80000CE4 (0x00C55513) srli a0, a0, 12
x10 <- 0x00080800


mem[X,0x80000CE8] -> 0x1513
mem[X,0x80000CEA] -> 0x00A5
[1234] [M]: 0x80000CE8 (0x00A51513) slli a0, a0, 10
x10 <- 0x20200000


mem[X,0x80000CEC] -> 0x6533
mem[X,0x80000CEE] -> 0x00B5
[1235] [M]: 0x80000CEC (0x00B56533) or a0, a0, a1
x10 <- 0x202000DF


mem[X,0x80000CF0] -> 0x0013
mem[X,0x80000CF2] -> 0x0000
[1236] [M]: 0x80000CF0 (0x00000013) addi zero, zero, 0


mem[X,0x80000CF4] -> 0x0013
mem[X,0x80000CF6] -> 0x0000
[1237] [M]: 0x80000CF4 (0x00000013) addi zero, zero, 0


mem[X,0x80000CF8] -> 0x0013
mem[X,0x80000CFA] -> 0x0000
[1238] [M]: 0x80000CF8 (0x00000013) addi zero, zero, 0


mem[X,0x80000CFC] -> 0x0013
mem[X,0x80000CFE] -> 0x0000
[1239] [M]: 0x80000CFC (0x00000013) addi zero, zero, 0


mem[X,0x80000D00] -> 0x1317
mem[X,0x80000D02] -> 0x00C0
[1240] [M]: 0x80000D00 (0x00C01317) auipc t1, 3073
x6 <- 0x80C01D00


mem[X,0x80000D04] -> 0x0313
mem[X,0x80000D06] -> 0x3003
[1241] [M]: 0x80000D04 (0x30030313) addi t1, t1, 768
x6 <- 0x80C02000


mem[X,0x80000D08] -> 0x0013
mem[X,0x80000D0A] -> 0x0000
[1242] [M]: 0x80000D08 (0x00000013) addi zero, zero, 0


mem[X,0x80000D0C] -> 0x0013
mem[X,0x80000D0E] -> 0x0000
[1243] [M]: 0x80000D0C (0x00000013) addi zero, zero, 0


mem[X,0x80000D10] -> 0x0013
mem[X,0x80000D12] -> 0x0000
[1244] [M]: 0x80000D10 (0x00000013) addi zero, zero, 0


mem[X,0x80000D14] -> 0x0013
mem[X,0x80000D16] -> 0x0000
[1245] [M]: 0x80000D14 (0x00000013) addi zero, zero, 0


mem[X,0x80000D18] -> 0x0013
mem[X,0x80000D1A] -> 0x0000
[1246] [M]: 0x80000D18 (0x00000013) addi zero, zero, 0


mem[X,0x80000D1C] -> 0x0013
mem[X,0x80000D1E] -> 0x0000
[1247] [M]: 0x80000D1C (0x00000013) addi zero, zero, 0


mem[X,0x80000D20] -> 0x12B7
mem[X,0x80000D22] -> 0x0000
[1248] [M]: 0x80000D20 (0x000012B7) lui t0, 1
x5 <- 0x00001000


mem[X,0x80000D24] -> 0x8293
mem[X,0x80000D26] -> 0x9182
[1249] [M]: 0x80000D24 (0x91828293) addi t0, t0, 2328
x5 <- 0x00000918


mem[X,0x80000D28] -> 0x0333
mem[X,0x80000D2A] -> 0x0053
[1250] [M]: 0x80000D28 (0x00530333) add t1, t1, t0
x6 <- 0x80C02918


mem[X,0x80000D2C] -> 0x2023
mem[X,0x80000D2E] -> 0x00A3
[1251] [M]: 0x80000D2C (0x00A32023) sw a0, 0(t1)
mem[0x80C02918] <- 0x202000DF


mem[X,0x80000D30] -> 0x0073
mem[X,0x80000D32] -> 0x1200
[1252] [M]: 0x80000D30 (0x12000073) sfence.vma zero, zero


mem[X,0x80000D34] -> 0x24B7
mem[X,0x80000D36] -> 0x0000
[1253] [M]: 0x80000D34 (0x000024B7) lui s1, 2
x9 <- 0x00002000


mem[X,0x80000D38] -> 0x8493
mem[X,0x80000D3A] -> 0x8004
[1254] [M]: 0x80000D38 (0x80048493) addi s1, s1, 2048
x9 <- 0x00001800


mem[X,0x80000D3C] -> 0xB073
mem[X,0x80000D3E] -> 0x3004
[1255] [M]: 0x80000D3C (0x3004B073) csrrc zero, mstatus, s1
CSR mstatus -> 0x00000000
CSR mstatus <- 0x00000000 (input: 0x00000000)


mem[X,0x80000D40] -> 0x2173
mem[X,0x80000D42] -> 0x3400
[1256] [M]: 0x80000D40 (0x34002173) csrrs sp, mscratch, zero
CSR mscratch -> 0x80400000
x2 <- 0x80400000


mem[X,0x80000D44] -> 0x2303
mem[X,0x80000D46] -> 0x3501
[1257] [M]: 0x80000D44 (0x35012303) lw t1, 848(sp)
mem[R,0x80400350] -> 0x9000036C
x6 <- 0x9000036C


mem[X,0x80000D48] -> 0x2483
mem[X,0x80000D4A] -> 0x1581
[1258] [M]: 0x80000D48 (0x15812483) lw s1, 344(sp)
mem[R,0x80400158] -> 0x8000036C
x9 <- 0x8000036C


mem[X,0x80000D4C] -> 0x0333
mem[X,0x80000D4E] -> 0x4093
[1259] [M]: 0x80000D4C (0x40930333) sub t1, t1, s1
x6 <- 0x10000000


mem[X,0x80000D50] -> 0x0313
mem[X,0x80000D52] -> 0x0103
[1260] [M]: 0x80000D50 (0x01030313) addi t1, t1, 16
x6 <- 0x10000010


mem[X,0x80000D54] -> 0x0497
mem[X,0x80000D56] -> 0x0000
[1261] [M]: 0x80000D54 (0x00000497) auipc s1, 0
x9 <- 0x80000D54


mem[X,0x80000D58] -> 0x84B3
mem[X,0x80000D5A] -> 0x0064
[1262] [M]: 0x80000D58 (0x006484B3) add s1, s1, t1
x9 <- 0x90000D64


mem[X,0x80000D5C] -> 0x94F3
mem[X,0x80000D5E] -> 0x3414
[1263] [M]: 0x80000D5C (0x341494F3) csrrw s1, mepc, s1
CSR mepc -> 0x90000C30
CSR mepc <- 0x90000D64 (input: 0x90000D64)
x9 <- 0x90000C30


mem[X,0x80000D60] -> 0x0073
mem[X,0x80000D62] -> 0x3020
[1264] [M]: 0x80000D60 (0x30200073) mret
CSR mstatus <- 0x00000080
ret-ing from M to U


mem[R,0x80C02900] -> 0x200000DB
mem[X,0x80000D64] -> 0xE737
mem[X,0x80000D66] -> 0x0000
[1265] [U]: 0x90000D64 (0x0000E737) lui a4, 14
x14 <- 0x0000E000


mem[X,0x80000D68] -> 0x0713
mem[X,0x80000D6A] -> 0xEAD7
[1266] [U]: 0x90000D68 (0xEAD70713) addi a4, a4, 3757
x14 <- 0x0000DEAD


mem[X,0x80000D6C] -> 0xA223
mem[X,0x80000D6E] -> 0x04ED
[1267] [U]: 0x90000D6C (0x04EDA223) sw a4, 68(s11)
mem[R,0x80C02930] -> 0x20300401
mem[R,0x80C01050] -> 0x203008D7
mem[0x80C02558] <- 0x0000DEAD


mem[R,0x80C02900] -> 0x200000DB
mem[X,0x80000D70] -> 0x0013
mem[X,0x80000D72] -> 0x0000
[1268] [U]: 0x90000D70 (0x00000013) addi zero, zero, 0


mem[X,0x80000D74] -> 0x0013
mem[X,0x80000D76] -> 0x0000
[1269] [U]: 0x90000D74 (0x00000013) addi zero, zero, 0


mem[X,0x80000D78] -> 0x0013
mem[X,0x80000D7A] -> 0x0000
[1270] [U]: 0x90000D78 (0x00000013) addi zero, zero, 0


mem[X,0x80000D7C] -> 0x0013
mem[X,0x80000D7E] -> 0x0000
[1271] [U]: 0x90000D7C (0x00000013) addi zero, zero, 0


mem[X,0x80000D80] -> 0x07B7
mem[X,0x80000D82] -> 0x9140
[1272] [U]: 0x90000D80 (0x914007B7) lui a5, 594944
x15 <- 0x91400000


mem[X,0x80000D84] -> 0x0013
mem[X,0x80000D86] -> 0x0000
[1273] [U]: 0x90000D84 (0x00000013) addi zero, zero, 0


mem[X,0x80000D88] -> 0x0013
mem[X,0x80000D8A] -> 0x0000
[1274] [U]: 0x90000D88 (0x00000013) addi zero, zero, 0


mem[X,0x80000D8C] -> 0x0013
mem[X,0x80000D8E] -> 0x0000
[1275] [U]: 0x90000D8C (0x00000013) addi zero, zero, 0


mem[X,0x80000D90] -> 0x0013
mem[X,0x80000D92] -> 0x0000
[1276] [U]: 0x90000D90 (0x00000013) addi zero, zero, 0


mem[X,0x80000D94] -> 0x0013
mem[X,0x80000D96] -> 0x0000
[1277] [U]: 0x90000D94 (0x00000013) addi zero, zero, 0


mem[X,0x80000D98] -> 0x0013
mem[X,0x80000D9A] -> 0x0000
[1278] [U]: 0x90000D98 (0x00000013) addi zero, zero, 0


mem[X,0x80000D9C] -> 0x0013
mem[X,0x80000D9E] -> 0x0000
[1279] [U]: 0x90000D9C (0x00000013) addi zero, zero, 0


mem[X,0x80000DA0] -> 0x0613
mem[X,0x80000DA2] -> 0x0106
[1280] [U]: 0x90000DA0 (0x01060613) addi a2, a2, 16
x12 <- 0x000000A0


mem[X,0x80000DA4] -> 0x0713
mem[X,0x80000DA6] -> 0x0106
[1281] [U]: 0x90000DA4 (0x01060713) addi a4, a2, 16
x14 <- 0x000000B0


mem[X,0x80000DA8] -> 0x0613
mem[X,0x80000DAA] -> 0x0107
[1282] [U]: 0x90000DA8 (0x01070613) addi a2, a4, 16
x12 <- 0x000000C0


mem[X,0x80000DAC] -> 0xAA23
mem[X,0x80000DAE] -> 0x00C7
[1283] [U]: 0x90000DAC (0x00C7AA23) sw a2, 20(a5)
mem[R,0x80C02914] -> 0x202000D7
mem[0x80800014] <- 0x000000C0


mem[R,0x80C02900] -> 0x200000DB
mem[X,0x80000DB0] -> 0x0013
mem[X,0x80000DB2] -> 0x0000
[1284] [U]: 0x90000DB0 (0x00000013) addi zero, zero, 0


mem[X,0x80000DB4] -> 0x0013
mem[X,0x80000DB6] -> 0x0000
[1285] [U]: 0x90000DB4 (0x00000013) addi zero, zero, 0


mem[X,0x80000DB8] -> 0xA703
mem[X,0x80000DBA] -> 0x0147
[1286] [U]: 0x90000DB8 (0x0147A703) lw a4, 20(a5)
mem[R,0x80C02914] -> 0x202000D7
mem[R,0x80800014] -> 0x000000C0
x14 <- 0x000000C0


mem[R,0x80C02900] -> 0x200000DB
mem[X,0x80000DBC] -> 0x0013
mem[X,0x80000DBE] -> 0x0000
[1287] [U]: 0x90000DBC (0x00000013) addi zero, zero, 0


mem[X,0x80000DC0] -> 0x0013
mem[X,0x80000DC2] -> 0x0000
[1288] [U]: 0x90000DC0 (0x00000013) addi zero, zero, 0


mem[X,0x80000DC4] -> 0xA423
mem[X,0x80000DC6] -> 0x04ED
[1289] [U]: 0x90000DC4 (0x04EDA423) sw a4, 72(s11)
mem[R,0x80C02930] -> 0x20300401
mem[R,0x80C01050] -> 0x203008D7
mem[0x80C0255C] <- 0x000000C0


mem[R,0x80C02900] -> 0x200000DB
mem[X,0x80000DC8] -> 0x0313
mem[X,0x80000DCA] -> 0x0010
[1290] [U]: 0x90000DC8 (0x00100313) addi t1, zero, 1
x6 <- 0x00000001


mem[X,0x80000DCC] -> 0x0463
mem[X,0x80000DCE] -> 0x0203
[1291] [U]: 0x90000DCC (0x02030463) beq t1, zero, 40


mem[X,0x80000DD0] -> 0x02B7
mem[X,0x80000DD2] -> 0x0040
[1292] [U]: 0x90000DD0 (0x004002B7) lui t0, 1024
x5 <- 0x00400000


mem[X,0x80000DD4] -> 0x8293
mem[X,0x80000DD6] -> 0xFFC2
[1293] [U]: 0x90000DD4 (0xFFC28293) addi t0, t0, 4092
x5 <- 0x003FFFFC


mem[X,0x80000DD8] -> 0xD793
mem[X,0x80000DDA] -> 0x0167
[1294] [U]: 0x90000DD8 (0x0167D793) srli a5, a5, 22
x15 <- 0x00000245


mem[X,0x80000DDC] -> 0x9793
mem[X,0x80000DDE] -> 0x0167
[1295] [U]: 0x90000DDC (0x01679793) slli a5, a5, 22
x15 <- 0x91400000


mem[X,0x80000DE0] -> 0x82B3
mem[X,0x80000DE2] -> 0x0057
[1296] [U]: 0x90000DE0 (0x005782B3) add t0, a5, t0
x5 <- 0x917FFFFC


mem[X,0x80000DE4] -> 0x80E7
mem[X,0x80000DE6] -> 0x0002
[1297] [U]: 0x90000DE4 (0x000280E7) jalr ra, t0, 0
x1 <- 0x90000DE8


mem[R,0x80C02914] -> 0x202000D7
trapping from U to M to handle fetch-page-fault
handling exc#0x0C at priv M with tval 0x917FFFFC
CSR mstatus <- 0x00000000


mem[X,0x80001D00] -> 0x006F
mem[X,0x80001D02] -> 0x0800
[1298] [M]: 0x80001D00 (0x0800006F) jal zero, 128


mem[X,0x80001D80] -> 0x1173
mem[X,0x80001D82] -> 0x3401
[1299] [M]: 0x80001D80 (0x34011173) csrrw sp, mscratch, sp
CSR mscratch -> 0x80400000
CSR mscratch <- 0x80400000 (input: 0x80400000)
x2 <- 0x80400000


clint::tick mtime <- 0x000000000000000D
 clint timer pending at mtime 0x000000000000000D
htif::tick 0x0000000000000000
mem[X,0x80001D84] -> 0x2823
mem[X,0x80001D86] -> 0x1EB1
[1300] [M]: 0x80001D84 (0x1EB12823) sw a1, 496(sp)
mem[0x804001F0] <- 0x000000DF


mem[X,0x80001D88] -> 0x05EF
mem[X,0x80001D8A] -> 0x0B80
[1301] [M]: 0x80001D88 (0x0B8005EF) jal a1, 184
x11 <- 0x80001D8C


mem[X,0x80001E40] -> 0x2623
mem[X,0x80001E42] -> 0x1EA1
[1302] [M]: 0x80001E40 (0x1EA12623) sw a0, 492(sp)
mem[0x804001EC] <- 0x202000DF


mem[X,0x80001E44] -> 0x1573
mem[X,0x80001E46] -> 0x3401
[1303] [M]: 0x80001E44 (0x34011573) csrrw a0, mscratch, sp
CSR mscratch -> 0x80400000
CSR mscratch <- 0x80400000 (input: 0x80400000)
x10 <- 0x80400000


mem[X,0x80001E48] -> 0x2A23
mem[X,0x80001E4A] -> 0x1EA1
[1304] [M]: 0x80001E48 (0x1EA12A23) sw a0, 500(sp)
mem[0x804001F4] <- 0x80400000


mem[X,0x80001E4C] -> 0x2503
mem[X,0x80001E4E] -> 0x1B01
[1305] [M]: 0x80001E4C (0x1B012503) lw a0, 432(sp)
mem[R,0x804001B0] -> 0x80001E54
x10 <- 0x80001E54


mem[X,0x80001E50] -> 0x0067
mem[X,0x80001E52] -> 0x0005
[1306] [M]: 0x80001E50 (0x00050067) jalr zero, a0, 0


mem[X,0x80001E54] -> 0x2423
mem[X,0x80001E56] -> 0x1E91
[1307] [M]: 0x80001E54 (0x1E912423) sw s1, 488(sp)
mem[0x804001E8] <- 0x90000C30


mem[X,0x80001E58] -> 0x2223
mem[X,0x80001E5A] -> 0x1E81
[1308] [M]: 0x80001E58 (0x1E812223) sw fp, 484(sp)
mem[0x804001E4] <- 0x00000000


mem[X,0x80001E5C] -> 0x2023
mem[X,0x80001E5E] -> 0x1E71
[1309] [M]: 0x80001E5C (0x1E712023) sw t2, 480(sp)
mem[0x804001E0] <- 0x80000C30


mem[X,0x80001E60] -> 0x2E23
mem[X,0x80001E62] -> 0x1C61
[1310] [M]: 0x80001E60 (0x1C612E23) sw t1, 476(sp)
mem[0x804001DC] <- 0x00000001


mem[X,0x80001E64] -> 0x2573
mem[X,0x80001E66] -> 0x3420
[1311] [M]: 0x80001E64 (0x34202573) csrrs a0, mcause, zero
CSR mcause -> 0x0000000C
x10 <- 0x0000000C


mem[X,0x80001E68] -> 0x14B7
mem[X,0x80001E6A] -> 0x8000
[1312] [M]: 0x80001E68 (0x800014B7) lui s1, 524289
x9 <- 0x80001000


mem[X,0x80001E6C] -> 0x8493
mem[X,0x80001E6E] -> 0xFFC4
[1313] [M]: 0x80001E6C (0xFFC48493) addi s1, s1, 4092
x9 <- 0x80000FFC


mem[X,0x80001E70] -> 0xF4B3
mem[X,0x80001E72] -> 0x00A4
[1314] [M]: 0x80001E70 (0x00A4F4B3) and s1, s1, a0
x9 <- 0x0000000C


mem[X,0x80001E74] -> 0x8493
mem[X,0x80001E76] -> 0xFF84
[1315] [M]: 0x80001E74 (0xFF848493) addi s1, s1, 4088
x9 <- 0x00000004


mem[X,0x80001E78] -> 0x9663
mem[X,0x80001E7A] -> 0x0004
[1316] [M]: 0x80001E78 (0x00049663) bne s1, zero, 12


mem[X,0x80001E84] -> 0x0393
mem[X,0x80001E86] -> 0x0100
[1317] [M]: 0x80001E84 (0x01000393) addi t2, zero, 16
x7 <- 0x00000010


mem[X,0x80001E88] -> 0x5E63
mem[X,0x80001E8A] -> 0x0205
[1318] [M]: 0x80001E88 (0x02055E63) bge a0, zero, 60


mem[X,0x80001EC4] -> 0x2373
mem[X,0x80001EC6] -> 0x3010
[1319] [M]: 0x80001EC4 (0x30102373) csrrs t1, misa, zero
CSR misa -> 0x4014112D
x6 <- 0x4014112D


mem[X,0x80001EC8] -> 0x1313
mem[X,0x80001ECA] -> 0x0183
[1320] [M]: 0x80001EC8 (0x01831313) slli t1, t1, 24
x6 <- 0x2D000000


mem[X,0x80001ECC] -> 0x5463
mem[X,0x80001ECE] -> 0x0003
[1321] [M]: 0x80001ECC (0x00035463) bge t1, zero, 8


mem[X,0x80001ED4] -> 0x2303
mem[X,0x80001ED6] -> 0x1981
[1322] [M]: 0x80001ED4 (0x19812303) lw t1, 408(sp)
mem[R,0x80400198] -> 0x80C02644
x6 <- 0x80C02644


mem[X,0x80001ED8] -> 0x04B3
mem[X,0x80001EDA] -> 0x0073
[1323] [M]: 0x80001ED8 (0x007304B3) add s1, t1, t2
x9 <- 0x80C02654


mem[X,0x80001EDC] -> 0x2C23
mem[X,0x80001EDE] -> 0x1891
[1324] [M]: 0x80001EDC (0x18912C23) sw s1, 408(sp)
mem[0x80400198] <- 0x80C02654


mem[X,0x80001EE0] -> 0x2403
mem[X,0x80001EE2] -> 0x1781
[1325] [M]: 0x80001EE0 (0x17812403) lw fp, 376(sp)
mem[R,0x80400178] -> 0x80C02510
x8 <- 0x80C02510


mem[X,0x80001EE4] -> 0x0333
mem[X,0x80001EE6] -> 0x4083
[1326] [M]: 0x80001EE4 (0x40830333) sub t1, t1, fp
x6 <- 0x00000134


mem[X,0x80001EE8] -> 0x2403
mem[X,0x80001EEA] -> 0x1781
[1327] [M]: 0x80001EE8 (0x17812403) lw fp, 376(sp)
mem[R,0x80400178] -> 0x80C02510
x8 <- 0x80C02510


mem[X,0x80001EEC] -> 0x0333
mem[X,0x80001EEE] -> 0x0083
[1328] [M]: 0x80001EEC (0x00830333) add t1, t1, fp
x6 <- 0x80C02644


mem[X,0x80001EF0] -> 0x2403
mem[X,0x80001EF2] -> 0x1C01
[1329] [M]: 0x80001EF0 (0x1C012403) lw fp, 448(sp)
mem[R,0x804001C0] -> 0x80001D00
x8 <- 0x80001D00


mem[X,0x80001EF4] -> 0x85B3
mem[X,0x80001EF6] -> 0x4085
[1330] [M]: 0x80001EF4 (0x408585B3) sub a1, a1, fp
x11 <- 0x0000008C


mem[X,0x80001EF8] -> 0x9593
mem[X,0x80001EFA] -> 0x0045
[1331] [M]: 0x80001EF8 (0x00459593) slli a1, a1, 4
x11 <- 0x000008C0


mem[X,0x80001EFC] -> 0xE5B3
mem[X,0x80001EFE] -> 0x0075
[1332] [M]: 0x80001EFC (0x0075E5B3) or a1, a1, t2
x11 <- 0x000008D0


mem[X,0x80001F00] -> 0x8593
mem[X,0x80001F02] -> 0x0035
[1333] [M]: 0x80001F00 (0x00358593) addi a1, a1, 3
x11 <- 0x000008D3


mem[X,0x80001F04] -> 0x2023
mem[X,0x80001F06] -> 0x00B3
[1334] [M]: 0x80001F04 (0x00B32023) sw a1, 0(t1)
mem[0x80C02644] <- 0x000008D3


mem[X,0x80001F08] -> 0x2223
mem[X,0x80001F0A] -> 0x00A3
[1335] [M]: 0x80001F08 (0x00A32223) sw a0, 4(t1)
mem[0x80C02648] <- 0x0000000C


mem[X,0x80001F0C] -> 0x4C63
mem[X,0x80001F0E] -> 0x1405
[1336] [M]: 0x80001F0C (0x14054C63) blt a0, zero, 344


mem[X,0x80001F10] -> 0x25F3
mem[X,0x80001F12] -> 0x3000
[1337] [M]: 0x80001F10 (0x300025F3) csrrs a1, mstatus, zero
CSR mstatus -> 0x00000000
x11 <- 0x00000000


mem[X,0x80001F14] -> 0x9413
mem[X,0x80001F16] -> 0x00E5
[1338] [M]: 0x80001F14 (0x00E59413) slli fp, a1, 14
x8 <- 0x00000000


mem[X,0x80001F18] -> 0x5463
mem[X,0x80001F1A] -> 0x0004
[1339] [M]: 0x80001F18 (0x00045463) bge fp, zero, 8


mem[X,0x80001F20] -> 0xD493
mem[X,0x80001F22] -> 0x00B5
[1340] [M]: 0x80001F20 (0x00B5D493) srli s1, a1, 11
x9 <- 0x00000000


mem[X,0x80001F24] -> 0xF493
mem[X,0x80001F26] -> 0x0034
[1341] [M]: 0x80001F24 (0x0034F493) andi s1, s1, 3
x9 <- 0x00000000


mem[X,0x80001F28] -> 0x8493
mem[X,0x80001F2A] -> 0x0014
[1342] [M]: 0x80001F28 (0x00148493) addi s1, s1, 1
x9 <- 0x00000001


mem[X,0x80001F2C] -> 0xF493
mem[X,0x80001F2E] -> 0x0044
[1343] [M]: 0x80001F2C (0x0044F493) andi s1, s1, 4
x9 <- 0x00000000


mem[X,0x80001F30] -> 0x0593
mem[X,0x80001F32] -> 0x05D0
[1344] [M]: 0x80001F30 (0x05D00593) addi a1, zero, 93
x11 <- 0x0000005D


mem[X,0x80001F34] -> 0xD5B3
mem[X,0x80001F36] -> 0x0095
[1345] [M]: 0x80001F34 (0x0095D5B3) srl a1, a1, s1
x11 <- 0x0000005D


mem[X,0x80001F38] -> 0xF593
mem[X,0x80001F3A] -> 0x0015
[1346] [M]: 0x80001F38 (0x0015F593) andi a1, a1, 1
x11 <- 0x00000001


mem[X,0x80001F3C] -> 0x82E3
mem[X,0x80001F3E] -> 0xF605
[1347] [M]: 0x80001F3C (0xF60582E3) beq a1, zero, 8036


mem[X,0x80001F40] -> 0x0593
mem[X,0x80001F42] -> 0x1F80
[1348] [M]: 0x80001F40 (0x1F800593) addi a1, zero, 504
x11 <- 0x000001F8


mem[X,0x80001F44] -> 0xF413
mem[X,0x80001F46] -> 0x0014
[1349] [M]: 0x80001F44 (0x0014F413) andi fp, s1, 1
x8 <- 0x00000000


mem[X,0x80001F48] -> 0x95B3
mem[X,0x80001F4A] -> 0x0085
[1350] [M]: 0x80001F48 (0x008595B3) sll a1, a1, fp
x11 <- 0x000001F8


mem[X,0x80001F4C] -> 0x9413
mem[X,0x80001F4E] -> 0x01D4
[1351] [M]: 0x80001F4C (0x01D49413) slli fp, s1, 29
x8 <- 0x00000000


mem[X,0x80001F50] -> 0x5413
mem[X,0x80001F52] -> 0x41F4
[1352] [M]: 0x80001F50 (0x41F45413) srai fp, fp, 31
x8 <- 0x00000000


mem[X,0x80001F54] -> 0x4413
mem[X,0x80001F56] -> 0xFFF4
[1353] [M]: 0x80001F54 (0xFFF44413) xori fp, fp, 4095
x8 <- 0xFFFFFFFF


mem[X,0x80001F58] -> 0xF4B3
mem[X,0x80001F5A] -> 0x0085
[1354] [M]: 0x80001F58 (0x0085F4B3) and s1, a1, fp
x9 <- 0x000001F8


mem[X,0x80001F5C] -> 0x84B3
mem[X,0x80001F5E] -> 0x0024
[1355] [M]: 0x80001F5C (0x002484B3) add s1, s1, sp
x9 <- 0x804001F8


mem[X,0x80001F60] -> 0x23F3
mem[X,0x80001F62] -> 0x3410
[1356] [M]: 0x80001F60 (0x341023F3) csrrs t2, mepc, zero
CSR mepc -> 0x917FFFFC
x7 <- 0x917FFFFC


mem[X,0x80001F64] -> 0xA403
mem[X,0x80001F66] -> 0x1884
[1357] [M]: 0x80001F64 (0x1884A403) lw fp, 392(s1)
mem[R,0x80400380] -> 0x940003F0
x8 <- 0x940003F0


mem[X,0x80001F68] -> 0xA583
mem[X,0x80001F6A] -> 0x1904
[1358] [M]: 0x80001F68 (0x1904A583) lw a1, 400(s1)
mem[R,0x80400388] -> 0x00802010
x11 <- 0x00802010


mem[X,0x80001F6C] -> 0x85B3
mem[X,0x80001F6E] -> 0x0085
[1359] [M]: 0x80001F6C (0x008585B3) add a1, a1, fp
x11 <- 0x94802400


mem[X,0x80001F70] -> 0xF463
mem[X,0x80001F72] -> 0x00B3
[1360] [M]: 0x80001F70 (0x00B3F463) bgeu t2, a1, 8


mem[X,0x80001F74] -> 0xF663
mem[X,0x80001F76] -> 0x0283
[1361] [M]: 0x80001F74 (0x0283F663) bgeu t2, fp, 44


mem[X,0x80001F78] -> 0xA403
mem[X,0x80001F7A] -> 0x1584
[1362] [M]: 0x80001F78 (0x1584A403) lw fp, 344(s1)
mem[R,0x80400350] -> 0x9000036C
x8 <- 0x9000036C


mem[X,0x80001F7C] -> 0xA583
mem[X,0x80001F7E] -> 0x1604
[1363] [M]: 0x80001F7C (0x1604A583) lw a1, 352(s1)
mem[R,0x80400358] -> 0x000018D0
x11 <- 0x000018D0


mem[X,0x80001F80] -> 0x85B3
mem[X,0x80001F82] -> 0x0085
[1364] [M]: 0x80001F80 (0x008585B3) add a1, a1, fp
x11 <- 0x90001C3C


mem[X,0x80001F84] -> 0xF463
mem[X,0x80001F86] -> 0x00B3
[1365] [M]: 0x80001F84 (0x00B3F463) bgeu t2, a1, 8


mem[X,0x80001F8C] -> 0xA403
mem[X,0x80001F8E] -> 0x1684
[1366] [M]: 0x80001F8C (0x1684A403) lw fp, 360(s1)
mem[R,0x80400360] -> 0x910003FC
x8 <- 0x910003FC


mem[X,0x80001F90] -> 0xA583
mem[X,0x80001F92] -> 0x1704
[1367] [M]: 0x80001F90 (0x1704A583) lw a1, 368(s1)
mem[R,0x80400368] -> 0x00802010
x11 <- 0x00802010


mem[X,0x80001F94] -> 0x85B3
mem[X,0x80001F96] -> 0x0085
[1368] [M]: 0x80001F94 (0x008585B3) add a1, a1, fp
x11 <- 0x9180240C


mem[X,0x80001F98] -> 0xF6E3
mem[X,0x80001F9A] -> 0xCAB3
[1369] [M]: 0x80001F98 (0xCAB3F6E3) bgeu t2, a1, 7340


mem[X,0x80001F9C] -> 0xE4E3
mem[X,0x80001F9E] -> 0xCA83
[1370] [M]: 0x80001F9C (0xCA83E4E3) bltu t2, fp, 7336


mem[X,0x80001FA0] -> 0x8433
mem[X,0x80001FA2] -> 0x4083
[1371] [M]: 0x80001FA0 (0x40838433) sub fp, t2, fp
x8 <- 0x007FFC00


mem[X,0x80001FA4] -> 0x2423
mem[X,0x80001FA6] -> 0x0083
[1372] [M]: 0x80001FA4 (0x00832423) sw fp, 8(t1)
mem[0x80C0264C] <- 0x007FFC00


mem[X,0x80001FA8] -> 0xF593
mem[X,0x80001FAA] -> 0xFFC3
[1373] [M]: 0x80001FA8 (0xFFC3F593) andi a1, t2, 4092
x11 <- 0x917FFFFC


mem[X,0x80001FAC] -> 0x8593
mem[X,0x80001FAE] -> 0x0085
[1374] [M]: 0x80001FAC (0x00858593) addi a1, a1, 8
x11 <- 0x91800004


mem[X,0x80001FB0] -> 0x9073
mem[X,0x80001FB2] -> 0x3415
[1375] [M]: 0x80001FB0 (0x34159073) csrrw zero, mepc, a1
CSR mepc -> 0x917FFFFC
CSR mepc <- 0x91800004 (input: 0x91800004)


mem[X,0x80001FB4] -> 0x23F3
mem[X,0x80001FB6] -> 0x3430
[1376] [M]: 0x80001FB4 (0x343023F3) csrrs t2, mtval, zero
CSR mtval -> 0x917FFFFC
x7 <- 0x917FFFFC


mem[X,0x80001FB8] -> 0x7513
mem[X,0x80001FBA] -> 0x00F5
[1377] [M]: 0x80001FB8 (0x00F57513) andi a0, a0, 15
x10 <- 0x0000000C


mem[X,0x80001FBC] -> 0xB437
mem[X,0x80001FBE] -> 0x0000
[1378] [M]: 0x80001FBC (0x0000B437) lui fp, 11
x8 <- 0x0000B000


mem[X,0x80001FC0] -> 0x0413
mem[X,0x80001FC2] -> 0x0FB4
[1379] [M]: 0x80001FC0 (0x0FB40413) addi fp, fp, 251
x8 <- 0x0000B0FB


mem[X,0x80001FC4] -> 0x5433
mem[X,0x80001FC6] -> 0x00A4
[1380] [M]: 0x80001FC4 (0x00A45433) srl fp, fp, a0
x8 <- 0x0000000B


mem[X,0x80001FC8] -> 0x1413
mem[X,0x80001FCA] -> 0x01F4
[1381] [M]: 0x80001FC8 (0x01F41413) slli fp, fp, 31
x8 <- 0x80000000


mem[X,0x80001FCC] -> 0x5C63
mem[X,0x80001FCE] -> 0x0404
[1382] [M]: 0x80001FCC (0x04045C63) bge fp, zero, 88


mem[X,0x80001FD0] -> 0xA403
mem[X,0x80001FD2] -> 0x1884
[1383] [M]: 0x80001FD0 (0x1884A403) lw fp, 392(s1)
mem[R,0x80400380] -> 0x940003F0
x8 <- 0x940003F0


mem[X,0x80001FD4] -> 0xA583
mem[X,0x80001FD6] -> 0x1904
[1384] [M]: 0x80001FD4 (0x1904A583) lw a1, 400(s1)
mem[R,0x80400388] -> 0x00802010
x11 <- 0x00802010


mem[X,0x80001FD8] -> 0x85B3
mem[X,0x80001FDA] -> 0x0085
[1385] [M]: 0x80001FD8 (0x008585B3) add a1, a1, fp
x11 <- 0x94802400


mem[X,0x80001FDC] -> 0xF463
mem[X,0x80001FDE] -> 0x00B3
[1386] [M]: 0x80001FDC (0x00B3F463) bgeu t2, a1, 8


mem[X,0x80001FE0] -> 0xF063
mem[X,0x80001FE2] -> 0x0483
[1387] [M]: 0x80001FE0 (0x0483F063) bgeu t2, fp, 64


mem[X,0x80001FE4] -> 0xA403
mem[X,0x80001FE6] -> 0x1784
[1388] [M]: 0x80001FE4 (0x1784A403) lw fp, 376(s1)
mem[R,0x80400370] -> 0x93014510
x8 <- 0x93014510


mem[X,0x80001FE8] -> 0xA583
mem[X,0x80001FEA] -> 0x1804
[1389] [M]: 0x80001FE8 (0x1804A583) lw a1, 384(s1)
mem[R,0x80400378] -> 0x00000208
x11 <- 0x00000208


mem[X,0x80001FEC] -> 0x85B3
mem[X,0x80001FEE] -> 0x0085
[1390] [M]: 0x80001FEC (0x008585B3) add a1, a1, fp
x11 <- 0x93014718


mem[X,0x80001FF0] -> 0xF463
mem[X,0x80001FF2] -> 0x00B3
[1391] [M]: 0x80001FF0 (0x00B3F463) bgeu t2, a1, 8


mem[X,0x80001FF4] -> 0xF663
mem[X,0x80001FF6] -> 0x0283
[1392] [M]: 0x80001FF4 (0x0283F663) bgeu t2, fp, 44


mem[X,0x80001FF8] -> 0xA403
mem[X,0x80001FFA] -> 0x1584
[1393] [M]: 0x80001FF8 (0x1584A403) lw fp, 344(s1)
mem[R,0x80400350] -> 0x9000036C
x8 <- 0x9000036C


mem[X,0x80001FFC] -> 0xA583
mem[X,0x80001FFE] -> 0x1604
[1394] [M]: 0x80001FFC (0x1604A583) lw a1, 352(s1)
mem[R,0x80400358] -> 0x000018D0
x11 <- 0x000018D0


mem[X,0x80002000] -> 0x85B3
mem[X,0x80002002] -> 0x0085
[1395] [M]: 0x80002000 (0x008585B3) add a1, a1, fp
x11 <- 0x90001C3C


mem[X,0x80002004] -> 0xF463
mem[X,0x80002006] -> 0x00B3
[1396] [M]: 0x80002004 (0x00B3F463) bgeu t2, a1, 8


mem[X,0x8000200C] -> 0xA403
mem[X,0x8000200E] -> 0x1684
[1397] [M]: 0x8000200C (0x1684A403) lw fp, 360(s1)
mem[R,0x80400360] -> 0x910003FC
x8 <- 0x910003FC


mem[X,0x80002010] -> 0xA583
mem[X,0x80002012] -> 0x1704
[1398] [M]: 0x80002010 (0x1704A583) lw a1, 368(s1)
mem[R,0x80400368] -> 0x00802010
x11 <- 0x00802010


mem[X,0x80002014] -> 0x85B3
mem[X,0x80002016] -> 0x0085
[1399] [M]: 0x80002014 (0x008585B3) add a1, a1, fp
x11 <- 0x9180240C


clint::tick mtime <- 0x000000000000000E
 clint timer pending at mtime 0x000000000000000E
htif::tick 0x0000000000000000
mem[X,0x80002018] -> 0xF6E3
mem[X,0x8000201A] -> 0xC2B3
[1400] [M]: 0x80002018 (0xC2B3F6E3) bgeu t2, a1, 7212


mem[X,0x8000201C] -> 0xE4E3
mem[X,0x8000201E] -> 0xC283
[1401] [M]: 0x8000201C (0xC283E4E3) bltu t2, fp, 7208


mem[X,0x80002020] -> 0x8433
mem[X,0x80002022] -> 0x4083
[1402] [M]: 0x80002020 (0x40838433) sub fp, t2, fp
x8 <- 0x007FFC00


mem[X,0x80002024] -> 0x2623
mem[X,0x80002026] -> 0x0083
[1403] [M]: 0x80002024 (0x00832623) sw fp, 12(t1)
mem[0x80C02650] <- 0x007FFC00


mem[X,0x80002028] -> 0x2483
mem[X,0x8000202A] -> 0x1981
[1404] [M]: 0x80002028 (0x19812483) lw s1, 408(sp)
mem[R,0x80400198] -> 0x80C02654
x9 <- 0x80C02654


mem[X,0x8000202C] -> 0x2383
mem[X,0x8000202E] -> 0x1781
[1405] [M]: 0x8000202C (0x17812383) lw t2, 376(sp)
mem[R,0x80400178] -> 0x80C02510
x7 <- 0x80C02510


mem[X,0x80002030] -> 0x2303
mem[X,0x80002032] -> 0x1801
[1406] [M]: 0x80002030 (0x18012303) lw t1, 384(sp)
mem[R,0x80400180] -> 0x00000208
x6 <- 0x00000208


mem[X,0x80002034] -> 0x0333
mem[X,0x80002036] -> 0x0073
[1407] [M]: 0x80002034 (0x00730333) add t1, t1, t2
x6 <- 0x80C02718


mem[X,0x80002038] -> 0x66E3
mem[X,0x8000203A] -> 0xC093
[1408] [M]: 0x80002038 (0xC09366E3) bltu t1, s1, 7180


mem[X,0x8000203C] -> 0x0393
mem[X,0x8000203E] -> 0x1000
[1409] [M]: 0x8000203C (0x10000393) addi t2, zero, 256
x7 <- 0x00000100


mem[X,0x80002040] -> 0x006F
mem[X,0x80002042] -> 0x0400
[1410] [M]: 0x80002040 (0x0400006F) jal zero, 64


mem[X,0x80002080] -> 0x0417
mem[X,0x80002082] -> 0x0000
[1411] [M]: 0x80002080 (0x00000417) auipc fp, 0
x8 <- 0x80002080


mem[X,0x80002084] -> 0x0413
mem[X,0x80002086] -> 0x03C4
[1412] [M]: 0x80002084 (0x03C40413) addi fp, fp, 60
x8 <- 0x800020BC


mem[X,0x80002088] -> 0x0433
mem[X,0x8000208A] -> 0x0074
[1413] [M]: 0x80002088 (0x00740433) add fp, fp, t2
x8 <- 0x800021BC


mem[X,0x8000208C] -> 0x1393
mem[X,0x8000208E] -> 0x0035
[1414] [M]: 0x8000208C (0x00351393) slli t2, a0, 3
x7 <- 0x00000060


mem[X,0x80002090] -> 0x0433
mem[X,0x80002092] -> 0x0074
[1415] [M]: 0x80002090 (0x00740433) add fp, fp, t2
x8 <- 0x8000221C


mem[X,0x80002094] -> 0x7413
mem[X,0x80002096] -> 0xFF84
[1416] [M]: 0x80002094 (0xFF847413) andi fp, fp, 4088
x8 <- 0x80002218


mem[X,0x80002098] -> 0x2403
mem[X,0x8000209A] -> 0x0004
[1417] [M]: 0x80002098 (0x00042403) lw fp, 0(fp)
mem[R,0x80002218] -> 0x00000019
x8 <- 0x00000019


mem[X,0x8000209C] -> 0x0EE3
mem[X,0x8000209E] -> 0xC204
[1418] [M]: 0x8000209C (0xC2040EE3) beq fp, zero, 7228


mem[X,0x800020A0] -> 0x1393
mem[X,0x800020A2] -> 0x01F4
[1419] [M]: 0x800020A0 (0x01F41393) slli t2, fp, 31
x7 <- 0x80000000


mem[X,0x800020A4] -> 0xD863
mem[X,0x800020A6] -> 0x0003
[1420] [M]: 0x800020A4 (0x0003D863) bge t2, zero, 16


mem[X,0x800020A8] -> 0x5413
mem[X,0x800020AA] -> 0x0014
[1421] [M]: 0x800020A8 (0x00145413) srli fp, fp, 1
x8 <- 0x0000000C


mem[X,0x800020AC] -> 0x0CE3
mem[X,0x800020AE] -> 0xF885
[1422] [M]: 0x800020AC (0xF8850CE3) beq a0, fp, 8088


mem[X,0x80002044] -> 0x2303
mem[X,0x80002046] -> 0x1DC1
[1423] [M]: 0x80002044 (0x1DC12303) lw t1, 476(sp)
mem[R,0x804001DC] -> 0x00000001
x6 <- 0x00000001


mem[X,0x80002048] -> 0x2383
mem[X,0x8000204A] -> 0x1E01
[1424] [M]: 0x80002048 (0x1E012383) lw t2, 480(sp)
mem[R,0x804001E0] -> 0x80000C30
x7 <- 0x80000C30


mem[X,0x8000204C] -> 0x2403
mem[X,0x8000204E] -> 0x1E41
[1425] [M]: 0x8000204C (0x1E412403) lw fp, 484(sp)
mem[R,0x804001E4] -> 0x00000000
x8 <- 0x00000000


mem[X,0x80002050] -> 0x2483
mem[X,0x80002052] -> 0x1E81
[1426] [M]: 0x80002050 (0x1E812483) lw s1, 488(sp)
mem[R,0x804001E8] -> 0x90000C30
x9 <- 0x90000C30


mem[X,0x80002054] -> 0x2503
mem[X,0x80002056] -> 0x1EC1
[1427] [M]: 0x80002054 (0x1EC12503) lw a0, 492(sp)
mem[R,0x804001EC] -> 0x202000DF
x10 <- 0x202000DF


mem[X,0x80002058] -> 0x2583
mem[X,0x8000205A] -> 0x1F01
[1428] [M]: 0x80002058 (0x1F012583) lw a1, 496(sp)
mem[R,0x804001F0] -> 0x000000DF
x11 <- 0x000000DF


mem[X,0x8000205C] -> 0x2103
mem[X,0x8000205E] -> 0x1F41
[1429] [M]: 0x8000205C (0x1F412103) lw sp, 500(sp)
mem[R,0x804001F4] -> 0x80400000
x2 <- 0x80400000


mem[X,0x80002060] -> 0x0073
mem[X,0x80002062] -> 0x3020
[1430] [M]: 0x80002060 (0x30200073) mret
CSR mstatus <- 0x00000080
ret-ing from M to U


mem[R,0x80C02918] -> 0x202000DF
mem[X,0x80800004] -> 0x0013
mem[X,0x80800006] -> 0x0000
[1431] [U]: 0x91800004 (0x00000013) addi zero, zero, 0


mem[X,0x80800008] -> 0x8067
mem[X,0x8080000A] -> 0x0000
[1432] [U]: 0x91800008 (0x00008067) jalr zero, ra, 0


mem[R,0x80C02900] -> 0x200000DB
mem[X,0x80000DE8] -> 0x0013
mem[X,0x80000DEA] -> 0x0000
[1433] [U]: 0x90000DE8 (0x00000013) addi zero, zero, 0


mem[X,0x80000DEC] -> 0x0013
mem[X,0x80000DEE] -> 0x0000
[1434] [U]: 0x90000DEC (0x00000013) addi zero, zero, 0


mem[X,0x80000DF0] -> 0x006F
mem[X,0x80000DF2] -> 0x0240
[1435] [U]: 0x90000DF0 (0x0240006F) jal zero, 36


mem[X,0x80000E14] -> 0xA623
mem[X,0x80000E16] -> 0x04CD
[1436] [U]: 0x90000E14 (0x04CDA623) sw a2, 76(s11)
mem[R,0x80C02930] -> 0x20300401
mem[R,0x80C01050] -> 0x203008D7
mem[0x80C02560] <- 0x000000C0


mem[R,0x80C02900] -> 0x200000DB
mem[X,0x80000E18] -> 0x0013
mem[X,0x80000E1A] -> 0x0000
[1437] [U]: 0x90000E18 (0x00000013) addi zero, zero, 0


mem[X,0x80000E1C] -> 0x0013
mem[X,0x80000E1E] -> 0x0000
[1438] [U]: 0x90000E1C (0x00000013) addi zero, zero, 0


mem[X,0x80000E20] -> 0x0737
mem[X,0x80000E22] -> 0x0001
[1439] [U]: 0x90000E20 (0x00010737) lui a4, 16
x14 <- 0x00010000


mem[X,0x80000E24] -> 0x0713
mem[X,0x80000E26] -> 0xEEB7
[1440] [U]: 0x90000E24 (0xEEB70713) addi a4, a4, 3819
x14 <- 0x0000FEEB


mem[X,0x80000E28] -> 0xA823
mem[X,0x80000E2A] -> 0x04ED
[1441] [U]: 0x90000E28 (0x04EDA823) sw a4, 80(s11)
mem[R,0x80C02930] -> 0x20300401
mem[R,0x80C01050] -> 0x203008D7
mem[0x80C02564] <- 0x0000FEEB


mem[R,0x80C02900] -> 0x200000DB
mem[X,0x80000E2C] -> 0x0113
mem[X,0x80000E2E] -> 0x0000
[1442] [U]: 0x90000E2C (0x00000113) addi sp, zero, 0
x2 <- 0x00000000


mem[X,0x80000E30] -> 0x0073
mem[X,0x80000E32] -> 0x0000
[1443] [U]: 0x90000E30 (0x00000073) ecall
trapping from U to M to handle u-call
handling exc#0x08 at priv M with tval 0x00000000
CSR mstatus <- 0x00000000


mem[X,0x80001D00] -> 0x006F
mem[X,0x80001D02] -> 0x0800
[1444] [M]: 0x80001D00 (0x0800006F) jal zero, 128


mem[X,0x80001D80] -> 0x1173
mem[X,0x80001D82] -> 0x3401
[1445] [M]: 0x80001D80 (0x34011173) csrrw sp, mscratch, sp
CSR mscratch -> 0x80400000
CSR mscratch <- 0x00000000 (input: 0x00000000)
x2 <- 0x80400000


mem[X,0x80001D84] -> 0x2823
mem[X,0x80001D86] -> 0x1EB1
[1446] [M]: 0x80001D84 (0x1EB12823) sw a1, 496(sp)
mem[0x804001F0] <- 0x000000DF


mem[X,0x80001D88] -> 0x05EF
mem[X,0x80001D8A] -> 0x0B80
[1447] [M]: 0x80001D88 (0x0B8005EF) jal a1, 184
x11 <- 0x80001D8C


mem[X,0x80001E40] -> 0x2623
mem[X,0x80001E42] -> 0x1EA1
[1448] [M]: 0x80001E40 (0x1EA12623) sw a0, 492(sp)
mem[0x804001EC] <- 0x202000DF


mem[X,0x80001E44] -> 0x1573
mem[X,0x80001E46] -> 0x3401
[1449] [M]: 0x80001E44 (0x34011573) csrrw a0, mscratch, sp
CSR mscratch -> 0x00000000
CSR mscratch <- 0x80400000 (input: 0x80400000)
x10 <- 0x00000000


mem[X,0x80001E48] -> 0x2A23
mem[X,0x80001E4A] -> 0x1EA1
[1450] [M]: 0x80001E48 (0x1EA12A23) sw a0, 500(sp)
mem[0x804001F4] <- 0x00000000


mem[X,0x80001E4C] -> 0x2503
mem[X,0x80001E4E] -> 0x1B01
[1451] [M]: 0x80001E4C (0x1B012503) lw a0, 432(sp)
mem[R,0x804001B0] -> 0x80001E54
x10 <- 0x80001E54


mem[X,0x80001E50] -> 0x0067
mem[X,0x80001E52] -> 0x0005
[1452] [M]: 0x80001E50 (0x00050067) jalr zero, a0, 0


mem[X,0x80001E54] -> 0x2423
mem[X,0x80001E56] -> 0x1E91
[1453] [M]: 0x80001E54 (0x1E912423) sw s1, 488(sp)
mem[0x804001E8] <- 0x90000C30


mem[X,0x80001E58] -> 0x2223
mem[X,0x80001E5A] -> 0x1E81
[1454] [M]: 0x80001E58 (0x1E812223) sw fp, 484(sp)
mem[0x804001E4] <- 0x00000000


mem[X,0x80001E5C] -> 0x2023
mem[X,0x80001E5E] -> 0x1E71
[1455] [M]: 0x80001E5C (0x1E712023) sw t2, 480(sp)
mem[0x804001E0] <- 0x80000C30


mem[X,0x80001E60] -> 0x2E23
mem[X,0x80001E62] -> 0x1C61
[1456] [M]: 0x80001E60 (0x1C612E23) sw t1, 476(sp)
mem[0x804001DC] <- 0x00000001


mem[X,0x80001E64] -> 0x2573
mem[X,0x80001E66] -> 0x3420
[1457] [M]: 0x80001E64 (0x34202573) csrrs a0, mcause, zero
CSR mcause -> 0x00000008
x10 <- 0x00000008


mem[X,0x80001E68] -> 0x14B7
mem[X,0x80001E6A] -> 0x8000
[1458] [M]: 0x80001E68 (0x800014B7) lui s1, 524289
x9 <- 0x80001000


mem[X,0x80001E6C] -> 0x8493
mem[X,0x80001E6E] -> 0xFFC4
[1459] [M]: 0x80001E6C (0xFFC48493) addi s1, s1, 4092
x9 <- 0x80000FFC


mem[X,0x80001E70] -> 0xF4B3
mem[X,0x80001E72] -> 0x00A4
[1460] [M]: 0x80001E70 (0x00A4F4B3) and s1, s1, a0
x9 <- 0x00000008


mem[X,0x80001E74] -> 0x8493
mem[X,0x80001E76] -> 0xFF84
[1461] [M]: 0x80001E74 (0xFF848493) addi s1, s1, 4088
x9 <- 0x00000000


mem[X,0x80001E78] -> 0x9663
mem[X,0x80001E7A] -> 0x0004
[1462] [M]: 0x80001E78 (0x00049663) bne s1, zero, 12


mem[X,0x80001E7C] -> 0x2383
mem[X,0x80001E7E] -> 0x1F41
[1463] [M]: 0x80001E7C (0x1F412383) lw t2, 500(sp)
mem[R,0x804001F4] -> 0x00000000
x7 <- 0x00000000


mem[X,0x80001E80] -> 0x8663
mem[X,0x80001E82] -> 0x4803
[1464] [M]: 0x80001E80 (0x48038663) beq t2, zero, 1164


mem[X,0x8000230C] -> 0x0493
mem[X,0x8000230E] -> 0xFF55
[1465] [M]: 0x8000230C (0xFF550493) addi s1, a0, 4085
x9 <- 0xFFFFFFFD


mem[X,0x80002310] -> 0x8C63
mem[X,0x80002312] -> 0x0004
[1466] [M]: 0x80002310 (0x00048C63) beq s1, zero, 24


mem[X,0x80002314] -> 0x2583
mem[X,0x80002316] -> 0x3501
[1467] [M]: 0x80002314 (0x35012583) lw a1, 848(sp)
mem[R,0x80400350] -> 0x9000036C
x11 <- 0x9000036C


mem[X,0x80002318] -> 0xD463
mem[X,0x8000231A] -> 0x0003
[1468] [M]: 0x80002318 (0x0003D463) bge t2, zero, 8


mem[X,0x80002320] -> 0x2483
mem[X,0x80002322] -> 0x1581
[1469] [M]: 0x80002320 (0x15812483) lw s1, 344(sp)
mem[R,0x80400158] -> 0x8000036C
x9 <- 0x8000036C


mem[X,0x80002324] -> 0x84B3
mem[X,0x80002326] -> 0x40B4
[1470] [M]: 0x80002324 (0x40B484B3) sub s1, s1, a1
x9 <- 0xF0000000


mem[X,0x80002328] -> 0x23F3
mem[X,0x8000232A] -> 0x3410
[1471] [M]: 0x80002328 (0x341023F3) csrrs t2, mepc, zero
CSR mepc -> 0x90000E30
x7 <- 0x90000E30


mem[X,0x8000232C] -> 0x83B3
mem[X,0x8000232E] -> 0x0093
[1472] [M]: 0x8000232C (0x009383B3) add t2, t2, s1
x7 <- 0x80000E30


mem[X,0x80002330] -> 0x2303
mem[X,0x80002332] -> 0x1DC1
[1473] [M]: 0x80002330 (0x1DC12303) lw t1, 476(sp)
mem[R,0x804001DC] -> 0x00000001
x6 <- 0x00000001


mem[X,0x80002334] -> 0x2403
mem[X,0x80002336] -> 0x1E41
[1474] [M]: 0x80002334 (0x1E412403) lw fp, 484(sp)
mem[R,0x804001E4] -> 0x00000000
x8 <- 0x00000000


mem[X,0x80002338] -> 0x2483
mem[X,0x8000233A] -> 0x1E81
[1475] [M]: 0x80002338 (0x1E812483) lw s1, 488(sp)
mem[R,0x804001E8] -> 0x90000C30
x9 <- 0x90000C30


mem[X,0x8000233C] -> 0x2503
mem[X,0x8000233E] -> 0x1EC1
[1476] [M]: 0x8000233C (0x1EC12503) lw a0, 492(sp)
mem[R,0x804001EC] -> 0x202000DF
x10 <- 0x202000DF


mem[X,0x80002340] -> 0x2583
mem[X,0x80002342] -> 0x1F01
[1477] [M]: 0x80002340 (0x1F012583) lw a1, 496(sp)
mem[R,0x804001F0] -> 0x000000DF
x11 <- 0x000000DF


mem[X,0x80002344] -> 0x2103
mem[X,0x80002346] -> 0x1F41
[1478] [M]: 0x80002344 (0x1F412103) lw sp, 500(sp)
mem[R,0x804001F4] -> 0x00000000
x2 <- 0x00000000


mem[X,0x80002348] -> 0x8067
mem[X,0x8000234A] -> 0x0043
[1479] [M]: 0x80002348 (0x00438067) jalr zero, t2, 4


mem[X,0x80000E34] -> 0x0713
mem[X,0x80000E36] -> 0x1230
[1480] [M]: 0x80000E34 (0x12300713) addi a4, zero, 291
x14 <- 0x00000123


mem[X,0x80000E38] -> 0xAA23
mem[X,0x80000E3A] -> 0x04E6
[1481] [M]: 0x80000E38 (0x04E6AA23) sw a4, 84(a3)
mem[0x80C02568] <- 0x00000123


mem[X,0x80000E3C] -> 0x0013
mem[X,0x80000E3E] -> 0x0000
[1482] [M]: 0x80000E3C (0x00000013) addi zero, zero, 0


mem[X,0x80000E40] -> 0xF517
mem[X,0x80000E42] -> 0x007F
[1483] [M]: 0x80000E40 (0x007FF517) auipc a0, 2047
x10 <- 0x807FFE40


mem[X,0x80000E44] -> 0x0513
mem[X,0x80000E46] -> 0x1C05
[1484] [M]: 0x80000E44 (0x1C050513) addi a0, a0, 448
x10 <- 0x80800000


mem[X,0x80000E48] -> 0x0013
mem[X,0x80000E4A] -> 0x0000
[1485] [M]: 0x80000E48 (0x00000013) addi zero, zero, 0


mem[X,0x80000E4C] -> 0x0013
mem[X,0x80000E4E] -> 0x0000
[1486] [M]: 0x80000E4C (0x00000013) addi zero, zero, 0


mem[X,0x80000E50] -> 0x0013
mem[X,0x80000E52] -> 0x0000
[1487] [M]: 0x80000E50 (0x00000013) addi zero, zero, 0


mem[X,0x80000E54] -> 0x0013
mem[X,0x80000E56] -> 0x0000
[1488] [M]: 0x80000E54 (0x00000013) addi zero, zero, 0


mem[X,0x80000E58] -> 0x0013
mem[X,0x80000E5A] -> 0x0000
[1489] [M]: 0x80000E58 (0x00000013) addi zero, zero, 0


mem[X,0x80000E5C] -> 0x0013
mem[X,0x80000E5E] -> 0x0000
[1490] [M]: 0x80000E5C (0x00000013) addi zero, zero, 0


mem[X,0x80000E60] -> 0x0593
mem[X,0x80000E62] -> 0x0D30
[1491] [M]: 0x80000E60 (0x0D300593) addi a1, zero, 211
x11 <- 0x000000D3


mem[X,0x80000E64] -> 0x5513
mem[X,0x80000E66] -> 0x00C5
[1492] [M]: 0x80000E64 (0x00C55513) srli a0, a0, 12
x10 <- 0x00080800


mem[X,0x80000E68] -> 0x1513
mem[X,0x80000E6A] -> 0x00A5
[1493] [M]: 0x80000E68 (0x00A51513) slli a0, a0, 10
x10 <- 0x20200000


mem[X,0x80000E6C] -> 0x6533
mem[X,0x80000E6E] -> 0x00B5
[1494] [M]: 0x80000E6C (0x00B56533) or a0, a0, a1
x10 <- 0x202000D3


mem[X,0x80000E70] -> 0x0013
mem[X,0x80000E72] -> 0x0000
[1495] [M]: 0x80000E70 (0x00000013) addi zero, zero, 0


mem[X,0x80000E74] -> 0x0013
mem[X,0x80000E76] -> 0x0000
[1496] [M]: 0x80000E74 (0x00000013) addi zero, zero, 0


mem[X,0x80000E78] -> 0x0013
mem[X,0x80000E7A] -> 0x0000
[1497] [M]: 0x80000E78 (0x00000013) addi zero, zero, 0


mem[X,0x80000E7C] -> 0x0013
mem[X,0x80000E7E] -> 0x0000
[1498] [M]: 0x80000E7C (0x00000013) addi zero, zero, 0


mem[X,0x80000E80] -> 0x1317
mem[X,0x80000E82] -> 0x00C0
[1499] [M]: 0x80000E80 (0x00C01317) auipc t1, 3073
x6 <- 0x80C01E80


clint::tick mtime <- 0x000000000000000F
 clint timer pending at mtime 0x000000000000000F
htif::tick 0x0000000000000000
mem[X,0x80000E84] -> 0x0313
mem[X,0x80000E86] -> 0x1803
[1500] [M]: 0x80000E84 (0x18030313) addi t1, t1, 384
x6 <- 0x80C02000


mem[X,0x80000E88] -> 0x0013
mem[X,0x80000E8A] -> 0x0000
[1501] [M]: 0x80000E88 (0x00000013) addi zero, zero, 0


mem[X,0x80000E8C] -> 0x0013
mem[X,0x80000E8E] -> 0x0000
[1502] [M]: 0x80000E8C (0x00000013) addi zero, zero, 0


mem[X,0x80000E90] -> 0x0013
mem[X,0x80000E92] -> 0x0000
[1503] [M]: 0x80000E90 (0x00000013) addi zero, zero, 0


mem[X,0x80000E94] -> 0x0013
mem[X,0x80000E96] -> 0x0000
[1504] [M]: 0x80000E94 (0x00000013) addi zero, zero, 0


mem[X,0x80000E98] -> 0x0013
mem[X,0x80000E9A] -> 0x0000
[1505] [M]: 0x80000E98 (0x00000013) addi zero, zero, 0


mem[X,0x80000E9C] -> 0x0013
mem[X,0x80000E9E] -> 0x0000
[1506] [M]: 0x80000E9C (0x00000013) addi zero, zero, 0


mem[X,0x80000EA0] -> 0x12B7
mem[X,0x80000EA2] -> 0x0000
[1507] [M]: 0x80000EA0 (0x000012B7) lui t0, 1
x5 <- 0x00001000


mem[X,0x80000EA4] -> 0x8293
mem[X,0x80000EA6] -> 0x9142
[1508] [M]: 0x80000EA4 (0x91428293) addi t0, t0, 2324
x5 <- 0x00000914


mem[X,0x80000EA8] -> 0x0333
mem[X,0x80000EAA] -> 0x0053
[1509] [M]: 0x80000EA8 (0x00530333) add t1, t1, t0
x6 <- 0x80C02914


mem[X,0x80000EAC] -> 0x2023
mem[X,0x80000EAE] -> 0x00A3
[1510] [M]: 0x80000EAC (0x00A32023) sw a0, 0(t1)
mem[0x80C02914] <- 0x202000D3


mem[X,0x80000EB0] -> 0x0073
mem[X,0x80000EB2] -> 0x1200
[1511] [M]: 0x80000EB0 (0x12000073) sfence.vma zero, zero


mem[X,0x80000EB4] -> 0x0013
mem[X,0x80000EB6] -> 0x0000
[1512] [M]: 0x80000EB4 (0x00000013) addi zero, zero, 0


mem[X,0x80000EB8] -> 0x0013
mem[X,0x80000EBA] -> 0x0000
[1513] [M]: 0x80000EB8 (0x00000013) addi zero, zero, 0


mem[X,0x80000EBC] -> 0x0013
mem[X,0x80000EBE] -> 0x0000
[1514] [M]: 0x80000EBC (0x00000013) addi zero, zero, 0


mem[X,0x80000EC0] -> 0xF517
mem[X,0x80000EC2] -> 0x007F
[1515] [M]: 0x80000EC0 (0x007FF517) auipc a0, 2047
x10 <- 0x807FFEC0


mem[X,0x80000EC4] -> 0x0513
mem[X,0x80000EC6] -> 0x1405
[1516] [M]: 0x80000EC4 (0x14050513) addi a0, a0, 320
x10 <- 0x80800000


mem[X,0x80000EC8] -> 0x0013
mem[X,0x80000ECA] -> 0x0000
[1517] [M]: 0x80000EC8 (0x00000013) addi zero, zero, 0


mem[X,0x80000ECC] -> 0x0013
mem[X,0x80000ECE] -> 0x0000
[1518] [M]: 0x80000ECC (0x00000013) addi zero, zero, 0


mem[X,0x80000ED0] -> 0x0013
mem[X,0x80000ED2] -> 0x0000
[1519] [M]: 0x80000ED0 (0x00000013) addi zero, zero, 0


mem[X,0x80000ED4] -> 0x0013
mem[X,0x80000ED6] -> 0x0000
[1520] [M]: 0x80000ED4 (0x00000013) addi zero, zero, 0


mem[X,0x80000ED8] -> 0x0013
mem[X,0x80000EDA] -> 0x0000
[1521] [M]: 0x80000ED8 (0x00000013) addi zero, zero, 0


mem[X,0x80000EDC] -> 0x0013
mem[X,0x80000EDE] -> 0x0000
[1522] [M]: 0x80000EDC (0x00000013) addi zero, zero, 0


mem[X,0x80000EE0] -> 0x0593
mem[X,0x80000EE2] -> 0x0DF0
[1523] [M]: 0x80000EE0 (0x0DF00593) addi a1, zero, 223
x11 <- 0x000000DF


mem[X,0x80000EE4] -> 0x5513
mem[X,0x80000EE6] -> 0x00C5
[1524] [M]: 0x80000EE4 (0x00C55513) srli a0, a0, 12
x10 <- 0x00080800


mem[X,0x80000EE8] -> 0x1513
mem[X,0x80000EEA] -> 0x00A5
[1525] [M]: 0x80000EE8 (0x00A51513) slli a0, a0, 10
x10 <- 0x20200000


mem[X,0x80000EEC] -> 0x6533
mem[X,0x80000EEE] -> 0x00B5
[1526] [M]: 0x80000EEC (0x00B56533) or a0, a0, a1
x10 <- 0x202000DF


mem[X,0x80000EF0] -> 0x0013
mem[X,0x80000EF2] -> 0x0000
[1527] [M]: 0x80000EF0 (0x00000013) addi zero, zero, 0


mem[X,0x80000EF4] -> 0x0013
mem[X,0x80000EF6] -> 0x0000
[1528] [M]: 0x80000EF4 (0x00000013) addi zero, zero, 0


mem[X,0x80000EF8] -> 0x0013
mem[X,0x80000EFA] -> 0x0000
[1529] [M]: 0x80000EF8 (0x00000013) addi zero, zero, 0


mem[X,0x80000EFC] -> 0x0013
mem[X,0x80000EFE] -> 0x0000
[1530] [M]: 0x80000EFC (0x00000013) addi zero, zero, 0


mem[X,0x80000F00] -> 0x1317
mem[X,0x80000F02] -> 0x00C0
[1531] [M]: 0x80000F00 (0x00C01317) auipc t1, 3073
x6 <- 0x80C01F00


mem[X,0x80000F04] -> 0x0313
mem[X,0x80000F06] -> 0x1003
[1532] [M]: 0x80000F04 (0x10030313) addi t1, t1, 256
x6 <- 0x80C02000


mem[X,0x80000F08] -> 0x0013
mem[X,0x80000F0A] -> 0x0000
[1533] [M]: 0x80000F08 (0x00000013) addi zero, zero, 0


mem[X,0x80000F0C] -> 0x0013
mem[X,0x80000F0E] -> 0x0000
[1534] [M]: 0x80000F0C (0x00000013) addi zero, zero, 0


mem[X,0x80000F10] -> 0x0013
mem[X,0x80000F12] -> 0x0000
[1535] [M]: 0x80000F10 (0x00000013) addi zero, zero, 0


mem[X,0x80000F14] -> 0x0013
mem[X,0x80000F16] -> 0x0000
[1536] [M]: 0x80000F14 (0x00000013) addi zero, zero, 0


mem[X,0x80000F18] -> 0x0013
mem[X,0x80000F1A] -> 0x0000
[1537] [M]: 0x80000F18 (0x00000013) addi zero, zero, 0


mem[X,0x80000F1C] -> 0x0013
mem[X,0x80000F1E] -> 0x0000
[1538] [M]: 0x80000F1C (0x00000013) addi zero, zero, 0


mem[X,0x80000F20] -> 0x12B7
mem[X,0x80000F22] -> 0x0000
[1539] [M]: 0x80000F20 (0x000012B7) lui t0, 1
x5 <- 0x00001000


mem[X,0x80000F24] -> 0x8293
mem[X,0x80000F26] -> 0x9182
[1540] [M]: 0x80000F24 (0x91828293) addi t0, t0, 2328
x5 <- 0x00000918


mem[X,0x80000F28] -> 0x0333
mem[X,0x80000F2A] -> 0x0053
[1541] [M]: 0x80000F28 (0x00530333) add t1, t1, t0
x6 <- 0x80C02918


mem[X,0x80000F2C] -> 0x2023
mem[X,0x80000F2E] -> 0x00A3
[1542] [M]: 0x80000F2C (0x00A32023) sw a0, 0(t1)
mem[0x80C02918] <- 0x202000DF


mem[X,0x80000F30] -> 0x0073
mem[X,0x80000F32] -> 0x1200
[1543] [M]: 0x80000F30 (0x12000073) sfence.vma zero, zero


mem[X,0x80000F34] -> 0x24B7
mem[X,0x80000F36] -> 0x0000
[1544] [M]: 0x80000F34 (0x000024B7) lui s1, 2
x9 <- 0x00002000


mem[X,0x80000F38] -> 0x8493
mem[X,0x80000F3A] -> 0x8004
[1545] [M]: 0x80000F38 (0x80048493) addi s1, s1, 2048
x9 <- 0x00001800


mem[X,0x80000F3C] -> 0xB073
mem[X,0x80000F3E] -> 0x3004
[1546] [M]: 0x80000F3C (0x3004B073) csrrc zero, mstatus, s1
CSR mstatus -> 0x00000000
CSR mstatus <- 0x00000000 (input: 0x00000000)


mem[X,0x80000F40] -> 0x2173
mem[X,0x80000F42] -> 0x3400
[1547] [M]: 0x80000F40 (0x34002173) csrrs sp, mscratch, zero
CSR mscratch -> 0x80400000
x2 <- 0x80400000


mem[X,0x80000F44] -> 0x2303
mem[X,0x80000F46] -> 0x3501
[1548] [M]: 0x80000F44 (0x35012303) lw t1, 848(sp)
mem[R,0x80400350] -> 0x9000036C
x6 <- 0x9000036C


mem[X,0x80000F48] -> 0x2483
mem[X,0x80000F4A] -> 0x1581
[1549] [M]: 0x80000F48 (0x15812483) lw s1, 344(sp)
mem[R,0x80400158] -> 0x8000036C
x9 <- 0x8000036C


mem[X,0x80000F4C] -> 0x0333
mem[X,0x80000F4E] -> 0x4093
[1550] [M]: 0x80000F4C (0x40930333) sub t1, t1, s1
x6 <- 0x10000000


mem[X,0x80000F50] -> 0x0313
mem[X,0x80000F52] -> 0x0103
[1551] [M]: 0x80000F50 (0x01030313) addi t1, t1, 16
x6 <- 0x10000010


mem[X,0x80000F54] -> 0x0497
mem[X,0x80000F56] -> 0x0000
[1552] [M]: 0x80000F54 (0x00000497) auipc s1, 0
x9 <- 0x80000F54


mem[X,0x80000F58] -> 0x84B3
mem[X,0x80000F5A] -> 0x0064
[1553] [M]: 0x80000F58 (0x006484B3) add s1, s1, t1
x9 <- 0x90000F64


mem[X,0x80000F5C] -> 0x94F3
mem[X,0x80000F5E] -> 0x3414
[1554] [M]: 0x80000F5C (0x341494F3) csrrw s1, mepc, s1
CSR mepc -> 0x90000E30
CSR mepc <- 0x90000F64 (input: 0x90000F64)
x9 <- 0x90000E30


mem[X,0x80000F60] -> 0x0073
mem[X,0x80000F62] -> 0x3020
[1555] [M]: 0x80000F60 (0x30200073) mret
CSR mstatus <- 0x00000080
ret-ing from M to U


mem[R,0x80C02900] -> 0x200000DB
mem[X,0x80000F64] -> 0xE737
mem[X,0x80000F66] -> 0x0000
[1556] [U]: 0x90000F64 (0x0000E737) lui a4, 14
x14 <- 0x0000E000


mem[X,0x80000F68] -> 0x0713
mem[X,0x80000F6A] -> 0xEAD7
[1557] [U]: 0x90000F68 (0xEAD70713) addi a4, a4, 3757
x14 <- 0x0000DEAD


mem[X,0x80000F6C] -> 0xAC23
mem[X,0x80000F6E] -> 0x04ED
[1558] [U]: 0x90000F6C (0x04EDAC23) sw a4, 88(s11)
mem[R,0x80C02930] -> 0x20300401
mem[R,0x80C01050] -> 0x203008D7
mem[0x80C0256C] <- 0x0000DEAD


mem[R,0x80C02900] -> 0x200000DB
mem[X,0x80000F70] -> 0x0013
mem[X,0x80000F72] -> 0x0000
[1559] [U]: 0x90000F70 (0x00000013) addi zero, zero, 0


mem[X,0x80000F74] -> 0x0013
mem[X,0x80000F76] -> 0x0000
[1560] [U]: 0x90000F74 (0x00000013) addi zero, zero, 0


mem[X,0x80000F78] -> 0x0013
mem[X,0x80000F7A] -> 0x0000
[1561] [U]: 0x90000F78 (0x00000013) addi zero, zero, 0


mem[X,0x80000F7C] -> 0x0013
mem[X,0x80000F7E] -> 0x0000
[1562] [U]: 0x90000F7C (0x00000013) addi zero, zero, 0


mem[X,0x80000F80] -> 0x07B7
mem[X,0x80000F82] -> 0x9140
[1563] [U]: 0x90000F80 (0x914007B7) lui a5, 594944
x15 <- 0x91400000


mem[X,0x80000F84] -> 0x0013
mem[X,0x80000F86] -> 0x0000
[1564] [U]: 0x90000F84 (0x00000013) addi zero, zero, 0


mem[X,0x80000F88] -> 0x0013
mem[X,0x80000F8A] -> 0x0000
[1565] [U]: 0x90000F88 (0x00000013) addi zero, zero, 0


mem[X,0x80000F8C] -> 0x0013
mem[X,0x80000F8E] -> 0x0000
[1566] [U]: 0x90000F8C (0x00000013) addi zero, zero, 0


mem[X,0x80000F90] -> 0x0013
mem[X,0x80000F92] -> 0x0000
[1567] [U]: 0x90000F90 (0x00000013) addi zero, zero, 0


mem[X,0x80000F94] -> 0x0013
mem[X,0x80000F96] -> 0x0000
[1568] [U]: 0x90000F94 (0x00000013) addi zero, zero, 0


mem[X,0x80000F98] -> 0x0013
mem[X,0x80000F9A] -> 0x0000
[1569] [U]: 0x90000F98 (0x00000013) addi zero, zero, 0


mem[X,0x80000F9C] -> 0x0013
mem[X,0x80000F9E] -> 0x0000
[1570] [U]: 0x90000F9C (0x00000013) addi zero, zero, 0


mem[X,0x80000FA0] -> 0x0613
mem[X,0x80000FA2] -> 0x0106
[1571] [U]: 0x90000FA0 (0x01060613) addi a2, a2, 16
x12 <- 0x000000D0


mem[X,0x80000FA4] -> 0x0713
mem[X,0x80000FA6] -> 0x0106
[1572] [U]: 0x90000FA4 (0x01060713) addi a4, a2, 16
x14 <- 0x000000E0


mem[X,0x80000FA8] -> 0x0613
mem[X,0x80000FAA] -> 0x0107
[1573] [U]: 0x90000FA8 (0x01070613) addi a2, a4, 16
x12 <- 0x000000F0


mem[X,0x80000FAC] -> 0xAA23
mem[X,0x80000FAE] -> 0x00C7
[1574] [U]: 0x90000FAC (0x00C7AA23) sw a2, 20(a5)
mem[R,0x80C02914] -> 0x202000D3
trapping from U to M to handle store/amo-page-fault
handling exc#0x0F at priv M with tval 0x91400014
CSR mstatus <- 0x00000000


mem[X,0x80001D00] -> 0x006F
mem[X,0x80001D02] -> 0x0800
[1575] [M]: 0x80001D00 (0x0800006F) jal zero, 128


mem[X,0x80001D80] -> 0x1173
mem[X,0x80001D82] -> 0x3401
[1576] [M]: 0x80001D80 (0x34011173) csrrw sp, mscratch, sp
CSR mscratch -> 0x80400000
CSR mscratch <- 0x80400000 (input: 0x80400000)
x2 <- 0x80400000


mem[X,0x80001D84] -> 0x2823
mem[X,0x80001D86] -> 0x1EB1
[1577] [M]: 0x80001D84 (0x1EB12823) sw a1, 496(sp)
mem[0x804001F0] <- 0x000000DF


mem[X,0x80001D88] -> 0x05EF
mem[X,0x80001D8A] -> 0x0B80
[1578] [M]: 0x80001D88 (0x0B8005EF) jal a1, 184
x11 <- 0x80001D8C


mem[X,0x80001E40] -> 0x2623
mem[X,0x80001E42] -> 0x1EA1
[1579] [M]: 0x80001E40 (0x1EA12623) sw a0, 492(sp)
mem[0x804001EC] <- 0x202000DF


mem[X,0x80001E44] -> 0x1573
mem[X,0x80001E46] -> 0x3401
[1580] [M]: 0x80001E44 (0x34011573) csrrw a0, mscratch, sp
CSR mscratch -> 0x80400000
CSR mscratch <- 0x80400000 (input: 0x80400000)
x10 <- 0x80400000


mem[X,0x80001E48] -> 0x2A23
mem[X,0x80001E4A] -> 0x1EA1
[1581] [M]: 0x80001E48 (0x1EA12A23) sw a0, 500(sp)
mem[0x804001F4] <- 0x80400000


mem[X,0x80001E4C] -> 0x2503
mem[X,0x80001E4E] -> 0x1B01
[1582] [M]: 0x80001E4C (0x1B012503) lw a0, 432(sp)
mem[R,0x804001B0] -> 0x80001E54
x10 <- 0x80001E54


mem[X,0x80001E50] -> 0x0067
mem[X,0x80001E52] -> 0x0005
[1583] [M]: 0x80001E50 (0x00050067) jalr zero, a0, 0


mem[X,0x80001E54] -> 0x2423
mem[X,0x80001E56] -> 0x1E91
[1584] [M]: 0x80001E54 (0x1E912423) sw s1, 488(sp)
mem[0x804001E8] <- 0x90000E30


mem[X,0x80001E58] -> 0x2223
mem[X,0x80001E5A] -> 0x1E81
[1585] [M]: 0x80001E58 (0x1E812223) sw fp, 484(sp)
mem[0x804001E4] <- 0x00000000


mem[X,0x80001E5C] -> 0x2023
mem[X,0x80001E5E] -> 0x1E71
[1586] [M]: 0x80001E5C (0x1E712023) sw t2, 480(sp)
mem[0x804001E0] <- 0x80000E30


mem[X,0x80001E60] -> 0x2E23
mem[X,0x80001E62] -> 0x1C61
[1587] [M]: 0x80001E60 (0x1C612E23) sw t1, 476(sp)
mem[0x804001DC] <- 0x10000010


mem[X,0x80001E64] -> 0x2573
mem[X,0x80001E66] -> 0x3420
[1588] [M]: 0x80001E64 (0x34202573) csrrs a0, mcause, zero
CSR mcause -> 0x0000000F
x10 <- 0x0000000F


mem[X,0x80001E68] -> 0x14B7
mem[X,0x80001E6A] -> 0x8000
[1589] [M]: 0x80001E68 (0x800014B7) lui s1, 524289
x9 <- 0x80001000


mem[X,0x80001E6C] -> 0x8493
mem[X,0x80001E6E] -> 0xFFC4
[1590] [M]: 0x80001E6C (0xFFC48493) addi s1, s1, 4092
x9 <- 0x80000FFC


mem[X,0x80001E70] -> 0xF4B3
mem[X,0x80001E72] -> 0x00A4
[1591] [M]: 0x80001E70 (0x00A4F4B3) and s1, s1, a0
x9 <- 0x0000000C


mem[X,0x80001E74] -> 0x8493
mem[X,0x80001E76] -> 0xFF84
[1592] [M]: 0x80001E74 (0xFF848493) addi s1, s1, 4088
x9 <- 0x00000004


mem[X,0x80001E78] -> 0x9663
mem[X,0x80001E7A] -> 0x0004
[1593] [M]: 0x80001E78 (0x00049663) bne s1, zero, 12


mem[X,0x80001E84] -> 0x0393
mem[X,0x80001E86] -> 0x0100
[1594] [M]: 0x80001E84 (0x01000393) addi t2, zero, 16
x7 <- 0x00000010


mem[X,0x80001E88] -> 0x5E63
mem[X,0x80001E8A] -> 0x0205
[1595] [M]: 0x80001E88 (0x02055E63) bge a0, zero, 60


mem[X,0x80001EC4] -> 0x2373
mem[X,0x80001EC6] -> 0x3010
[1596] [M]: 0x80001EC4 (0x30102373) csrrs t1, misa, zero
CSR misa -> 0x4014112D
x6 <- 0x4014112D


mem[X,0x80001EC8] -> 0x1313
mem[X,0x80001ECA] -> 0x0183
[1597] [M]: 0x80001EC8 (0x01831313) slli t1, t1, 24
x6 <- 0x2D000000


mem[X,0x80001ECC] -> 0x5463
mem[X,0x80001ECE] -> 0x0003
[1598] [M]: 0x80001ECC (0x00035463) bge t1, zero, 8


mem[X,0x80001ED4] -> 0x2303
mem[X,0x80001ED6] -> 0x1981
[1599] [M]: 0x80001ED4 (0x19812303) lw t1, 408(sp)
mem[R,0x80400198] -> 0x80C02654
x6 <- 0x80C02654


clint::tick mtime <- 0x0000000000000010
 clint timer pending at mtime 0x0000000000000010
htif::tick 0x0000000000000000
mem[X,0x80001ED8] -> 0x04B3
mem[X,0x80001EDA] -> 0x0073
[1600] [M]: 0x80001ED8 (0x007304B3) add s1, t1, t2
x9 <- 0x80C02664


mem[X,0x80001EDC] -> 0x2C23
mem[X,0x80001EDE] -> 0x1891
[1601] [M]: 0x80001EDC (0x18912C23) sw s1, 408(sp)
mem[0x80400198] <- 0x80C02664


mem[X,0x80001EE0] -> 0x2403
mem[X,0x80001EE2] -> 0x1781
[1602] [M]: 0x80001EE0 (0x17812403) lw fp, 376(sp)
mem[R,0x80400178] -> 0x80C02510
x8 <- 0x80C02510


mem[X,0x80001EE4] -> 0x0333
mem[X,0x80001EE6] -> 0x4083
[1603] [M]: 0x80001EE4 (0x40830333) sub t1, t1, fp
x6 <- 0x00000144


mem[X,0x80001EE8] -> 0x2403
mem[X,0x80001EEA] -> 0x1781
[1604] [M]: 0x80001EE8 (0x17812403) lw fp, 376(sp)
mem[R,0x80400178] -> 0x80C02510
x8 <- 0x80C02510


mem[X,0x80001EEC] -> 0x0333
mem[X,0x80001EEE] -> 0x0083
[1605] [M]: 0x80001EEC (0x00830333) add t1, t1, fp
x6 <- 0x80C02654


mem[X,0x80001EF0] -> 0x2403
mem[X,0x80001EF2] -> 0x1C01
[1606] [M]: 0x80001EF0 (0x1C012403) lw fp, 448(sp)
mem[R,0x804001C0] -> 0x80001D00
x8 <- 0x80001D00


mem[X,0x80001EF4] -> 0x85B3
mem[X,0x80001EF6] -> 0x4085
[1607] [M]: 0x80001EF4 (0x408585B3) sub a1, a1, fp
x11 <- 0x0000008C


mem[X,0x80001EF8] -> 0x9593
mem[X,0x80001EFA] -> 0x0045
[1608] [M]: 0x80001EF8 (0x00459593) slli a1, a1, 4
x11 <- 0x000008C0


mem[X,0x80001EFC] -> 0xE5B3
mem[X,0x80001EFE] -> 0x0075
[1609] [M]: 0x80001EFC (0x0075E5B3) or a1, a1, t2
x11 <- 0x000008D0


mem[X,0x80001F00] -> 0x8593
mem[X,0x80001F02] -> 0x0035
[1610] [M]: 0x80001F00 (0x00358593) addi a1, a1, 3
x11 <- 0x000008D3


mem[X,0x80001F04] -> 0x2023
mem[X,0x80001F06] -> 0x00B3
[1611] [M]: 0x80001F04 (0x00B32023) sw a1, 0(t1)
mem[0x80C02654] <- 0x000008D3


mem[X,0x80001F08] -> 0x2223
mem[X,0x80001F0A] -> 0x00A3
[1612] [M]: 0x80001F08 (0x00A32223) sw a0, 4(t1)
mem[0x80C02658] <- 0x0000000F


mem[X,0x80001F0C] -> 0x4C63
mem[X,0x80001F0E] -> 0x1405
[1613] [M]: 0x80001F0C (0x14054C63) blt a0, zero, 344


mem[X,0x80001F10] -> 0x25F3
mem[X,0x80001F12] -> 0x3000
[1614] [M]: 0x80001F10 (0x300025F3) csrrs a1, mstatus, zero
CSR mstatus -> 0x00000000
x11 <- 0x00000000


mem[X,0x80001F14] -> 0x9413
mem[X,0x80001F16] -> 0x00E5
[1615] [M]: 0x80001F14 (0x00E59413) slli fp, a1, 14
x8 <- 0x00000000


mem[X,0x80001F18] -> 0x5463
mem[X,0x80001F1A] -> 0x0004
[1616] [M]: 0x80001F18 (0x00045463) bge fp, zero, 8


mem[X,0x80001F20] -> 0xD493
mem[X,0x80001F22] -> 0x00B5
[1617] [M]: 0x80001F20 (0x00B5D493) srli s1, a1, 11
x9 <- 0x00000000


mem[X,0x80001F24] -> 0xF493
mem[X,0x80001F26] -> 0x0034
[1618] [M]: 0x80001F24 (0x0034F493) andi s1, s1, 3
x9 <- 0x00000000


mem[X,0x80001F28] -> 0x8493
mem[X,0x80001F2A] -> 0x0014
[1619] [M]: 0x80001F28 (0x00148493) addi s1, s1, 1
x9 <- 0x00000001


mem[X,0x80001F2C] -> 0xF493
mem[X,0x80001F2E] -> 0x0044
[1620] [M]: 0x80001F2C (0x0044F493) andi s1, s1, 4
x9 <- 0x00000000


mem[X,0x80001F30] -> 0x0593
mem[X,0x80001F32] -> 0x05D0
[1621] [M]: 0x80001F30 (0x05D00593) addi a1, zero, 93
x11 <- 0x0000005D


mem[X,0x80001F34] -> 0xD5B3
mem[X,0x80001F36] -> 0x0095
[1622] [M]: 0x80001F34 (0x0095D5B3) srl a1, a1, s1
x11 <- 0x0000005D


mem[X,0x80001F38] -> 0xF593
mem[X,0x80001F3A] -> 0x0015
[1623] [M]: 0x80001F38 (0x0015F593) andi a1, a1, 1
x11 <- 0x00000001


mem[X,0x80001F3C] -> 0x82E3
mem[X,0x80001F3E] -> 0xF605
[1624] [M]: 0x80001F3C (0xF60582E3) beq a1, zero, 8036


mem[X,0x80001F40] -> 0x0593
mem[X,0x80001F42] -> 0x1F80
[1625] [M]: 0x80001F40 (0x1F800593) addi a1, zero, 504
x11 <- 0x000001F8


mem[X,0x80001F44] -> 0xF413
mem[X,0x80001F46] -> 0x0014
[1626] [M]: 0x80001F44 (0x0014F413) andi fp, s1, 1
x8 <- 0x00000000


mem[X,0x80001F48] -> 0x95B3
mem[X,0x80001F4A] -> 0x0085
[1627] [M]: 0x80001F48 (0x008595B3) sll a1, a1, fp
x11 <- 0x000001F8


mem[X,0x80001F4C] -> 0x9413
mem[X,0x80001F4E] -> 0x01D4
[1628] [M]: 0x80001F4C (0x01D49413) slli fp, s1, 29
x8 <- 0x00000000


mem[X,0x80001F50] -> 0x5413
mem[X,0x80001F52] -> 0x41F4
[1629] [M]: 0x80001F50 (0x41F45413) srai fp, fp, 31
x8 <- 0x00000000


mem[X,0x80001F54] -> 0x4413
mem[X,0x80001F56] -> 0xFFF4
[1630] [M]: 0x80001F54 (0xFFF44413) xori fp, fp, 4095
x8 <- 0xFFFFFFFF


mem[X,0x80001F58] -> 0xF4B3
mem[X,0x80001F5A] -> 0x0085
[1631] [M]: 0x80001F58 (0x0085F4B3) and s1, a1, fp
x9 <- 0x000001F8


mem[X,0x80001F5C] -> 0x84B3
mem[X,0x80001F5E] -> 0x0024
[1632] [M]: 0x80001F5C (0x002484B3) add s1, s1, sp
x9 <- 0x804001F8


mem[X,0x80001F60] -> 0x23F3
mem[X,0x80001F62] -> 0x3410
[1633] [M]: 0x80001F60 (0x341023F3) csrrs t2, mepc, zero
CSR mepc -> 0x90000FAC
x7 <- 0x90000FAC


mem[X,0x80001F64] -> 0xA403
mem[X,0x80001F66] -> 0x1884
[1634] [M]: 0x80001F64 (0x1884A403) lw fp, 392(s1)
mem[R,0x80400380] -> 0x940003F0
x8 <- 0x940003F0


mem[X,0x80001F68] -> 0xA583
mem[X,0x80001F6A] -> 0x1904
[1635] [M]: 0x80001F68 (0x1904A583) lw a1, 400(s1)
mem[R,0x80400388] -> 0x00802010
x11 <- 0x00802010


mem[X,0x80001F6C] -> 0x85B3
mem[X,0x80001F6E] -> 0x0085
[1636] [M]: 0x80001F6C (0x008585B3) add a1, a1, fp
x11 <- 0x94802400


mem[X,0x80001F70] -> 0xF463
mem[X,0x80001F72] -> 0x00B3
[1637] [M]: 0x80001F70 (0x00B3F463) bgeu t2, a1, 8


mem[X,0x80001F74] -> 0xF663
mem[X,0x80001F76] -> 0x0283
[1638] [M]: 0x80001F74 (0x0283F663) bgeu t2, fp, 44


mem[X,0x80001F78] -> 0xA403
mem[X,0x80001F7A] -> 0x1584
[1639] [M]: 0x80001F78 (0x1584A403) lw fp, 344(s1)
mem[R,0x80400350] -> 0x9000036C
x8 <- 0x9000036C


mem[X,0x80001F7C] -> 0xA583
mem[X,0x80001F7E] -> 0x1604
[1640] [M]: 0x80001F7C (0x1604A583) lw a1, 352(s1)
mem[R,0x80400358] -> 0x000018D0
x11 <- 0x000018D0


mem[X,0x80001F80] -> 0x85B3
mem[X,0x80001F82] -> 0x0085
[1641] [M]: 0x80001F80 (0x008585B3) add a1, a1, fp
x11 <- 0x90001C3C


mem[X,0x80001F84] -> 0xF463
mem[X,0x80001F86] -> 0x00B3
[1642] [M]: 0x80001F84 (0x00B3F463) bgeu t2, a1, 8


mem[X,0x80001F88] -> 0xFC63
mem[X,0x80001F8A] -> 0x0083
[1643] [M]: 0x80001F88 (0x0083FC63) bgeu t2, fp, 24


mem[X,0x80001FA0] -> 0x8433
mem[X,0x80001FA2] -> 0x4083
[1644] [M]: 0x80001FA0 (0x40838433) sub fp, t2, fp
x8 <- 0x00000C40


mem[X,0x80001FA4] -> 0x2423
mem[X,0x80001FA6] -> 0x0083
[1645] [M]: 0x80001FA4 (0x00832423) sw fp, 8(t1)
mem[0x80C0265C] <- 0x00000C40


mem[X,0x80001FA8] -> 0xF593
mem[X,0x80001FAA] -> 0xFFC3
[1646] [M]: 0x80001FA8 (0xFFC3F593) andi a1, t2, 4092
x11 <- 0x90000FAC


mem[X,0x80001FAC] -> 0x8593
mem[X,0x80001FAE] -> 0x0085
[1647] [M]: 0x80001FAC (0x00858593) addi a1, a1, 8
x11 <- 0x90000FB4


mem[X,0x80001FB0] -> 0x9073
mem[X,0x80001FB2] -> 0x3415
[1648] [M]: 0x80001FB0 (0x34159073) csrrw zero, mepc, a1
CSR mepc -> 0x90000FAC
CSR mepc <- 0x90000FB4 (input: 0x90000FB4)


mem[X,0x80001FB4] -> 0x23F3
mem[X,0x80001FB6] -> 0x3430
[1649] [M]: 0x80001FB4 (0x343023F3) csrrs t2, mtval, zero
CSR mtval -> 0x91400014
x7 <- 0x91400014


mem[X,0x80001FB8] -> 0x7513
mem[X,0x80001FBA] -> 0x00F5
[1650] [M]: 0x80001FB8 (0x00F57513) andi a0, a0, 15
x10 <- 0x0000000F


mem[X,0x80001FBC] -> 0xB437
mem[X,0x80001FBE] -> 0x0000
[1651] [M]: 0x80001FBC (0x0000B437) lui fp, 11
x8 <- 0x0000B000


mem[X,0x80001FC0] -> 0x0413
mem[X,0x80001FC2] -> 0x0FB4
[1652] [M]: 0x80001FC0 (0x0FB40413) addi fp, fp, 251
x8 <- 0x0000B0FB


mem[X,0x80001FC4] -> 0x5433
mem[X,0x80001FC6] -> 0x00A4
[1653] [M]: 0x80001FC4 (0x00A45433) srl fp, fp, a0
x8 <- 0x00000001


mem[X,0x80001FC8] -> 0x1413
mem[X,0x80001FCA] -> 0x01F4
[1654] [M]: 0x80001FC8 (0x01F41413) slli fp, fp, 31
x8 <- 0x80000000


mem[X,0x80001FCC] -> 0x5C63
mem[X,0x80001FCE] -> 0x0404
[1655] [M]: 0x80001FCC (0x04045C63) bge fp, zero, 88


mem[X,0x80001FD0] -> 0xA403
mem[X,0x80001FD2] -> 0x1884
[1656] [M]: 0x80001FD0 (0x1884A403) lw fp, 392(s1)
mem[R,0x80400380] -> 0x940003F0
x8 <- 0x940003F0


mem[X,0x80001FD4] -> 0xA583
mem[X,0x80001FD6] -> 0x1904
[1657] [M]: 0x80001FD4 (0x1904A583) lw a1, 400(s1)
mem[R,0x80400388] -> 0x00802010
x11 <- 0x00802010


mem[X,0x80001FD8] -> 0x85B3
mem[X,0x80001FDA] -> 0x0085
[1658] [M]: 0x80001FD8 (0x008585B3) add a1, a1, fp
x11 <- 0x94802400


mem[X,0x80001FDC] -> 0xF463
mem[X,0x80001FDE] -> 0x00B3
[1659] [M]: 0x80001FDC (0x00B3F463) bgeu t2, a1, 8


mem[X,0x80001FE0] -> 0xF063
mem[X,0x80001FE2] -> 0x0483
[1660] [M]: 0x80001FE0 (0x0483F063) bgeu t2, fp, 64


mem[X,0x80001FE4] -> 0xA403
mem[X,0x80001FE6] -> 0x1784
[1661] [M]: 0x80001FE4 (0x1784A403) lw fp, 376(s1)
mem[R,0x80400370] -> 0x93014510
x8 <- 0x93014510


mem[X,0x80001FE8] -> 0xA583
mem[X,0x80001FEA] -> 0x1804
[1662] [M]: 0x80001FE8 (0x1804A583) lw a1, 384(s1)
mem[R,0x80400378] -> 0x00000208
x11 <- 0x00000208


mem[X,0x80001FEC] -> 0x85B3
mem[X,0x80001FEE] -> 0x0085
[1663] [M]: 0x80001FEC (0x008585B3) add a1, a1, fp
x11 <- 0x93014718


mem[X,0x80001FF0] -> 0xF463
mem[X,0x80001FF2] -> 0x00B3
[1664] [M]: 0x80001FF0 (0x00B3F463) bgeu t2, a1, 8


mem[X,0x80001FF4] -> 0xF663
mem[X,0x80001FF6] -> 0x0283
[1665] [M]: 0x80001FF4 (0x0283F663) bgeu t2, fp, 44


mem[X,0x80001FF8] -> 0xA403
mem[X,0x80001FFA] -> 0x1584
[1666] [M]: 0x80001FF8 (0x1584A403) lw fp, 344(s1)
mem[R,0x80400350] -> 0x9000036C
x8 <- 0x9000036C


mem[X,0x80001FFC] -> 0xA583
mem[X,0x80001FFE] -> 0x1604
[1667] [M]: 0x80001FFC (0x1604A583) lw a1, 352(s1)
mem[R,0x80400358] -> 0x000018D0
x11 <- 0x000018D0


mem[X,0x80002000] -> 0x85B3
mem[X,0x80002002] -> 0x0085
[1668] [M]: 0x80002000 (0x008585B3) add a1, a1, fp
x11 <- 0x90001C3C


mem[X,0x80002004] -> 0xF463
mem[X,0x80002006] -> 0x00B3
[1669] [M]: 0x80002004 (0x00B3F463) bgeu t2, a1, 8


mem[X,0x8000200C] -> 0xA403
mem[X,0x8000200E] -> 0x1684
[1670] [M]: 0x8000200C (0x1684A403) lw fp, 360(s1)
mem[R,0x80400360] -> 0x910003FC
x8 <- 0x910003FC


mem[X,0x80002010] -> 0xA583
mem[X,0x80002012] -> 0x1704
[1671] [M]: 0x80002010 (0x1704A583) lw a1, 368(s1)
mem[R,0x80400368] -> 0x00802010
x11 <- 0x00802010


mem[X,0x80002014] -> 0x85B3
mem[X,0x80002016] -> 0x0085
[1672] [M]: 0x80002014 (0x008585B3) add a1, a1, fp
x11 <- 0x9180240C


mem[X,0x80002018] -> 0xF6E3
mem[X,0x8000201A] -> 0xC2B3
[1673] [M]: 0x80002018 (0xC2B3F6E3) bgeu t2, a1, 7212


mem[X,0x8000201C] -> 0xE4E3
mem[X,0x8000201E] -> 0xC283
[1674] [M]: 0x8000201C (0xC283E4E3) bltu t2, fp, 7208


mem[X,0x80002020] -> 0x8433
mem[X,0x80002022] -> 0x4083
[1675] [M]: 0x80002020 (0x40838433) sub fp, t2, fp
x8 <- 0x003FFC18


mem[X,0x80002024] -> 0x2623
mem[X,0x80002026] -> 0x0083
[1676] [M]: 0x80002024 (0x00832623) sw fp, 12(t1)
mem[0x80C02660] <- 0x003FFC18


mem[X,0x80002028] -> 0x2483
mem[X,0x8000202A] -> 0x1981
[1677] [M]: 0x80002028 (0x19812483) lw s1, 408(sp)
mem[R,0x80400198] -> 0x80C02664
x9 <- 0x80C02664


mem[X,0x8000202C] -> 0x2383
mem[X,0x8000202E] -> 0x1781
[1678] [M]: 0x8000202C (0x17812383) lw t2, 376(sp)
mem[R,0x80400178] -> 0x80C02510
x7 <- 0x80C02510


mem[X,0x80002030] -> 0x2303
mem[X,0x80002032] -> 0x1801
[1679] [M]: 0x80002030 (0x18012303) lw t1, 384(sp)
mem[R,0x80400180] -> 0x00000208
x6 <- 0x00000208


mem[X,0x80002034] -> 0x0333
mem[X,0x80002036] -> 0x0073
[1680] [M]: 0x80002034 (0x00730333) add t1, t1, t2
x6 <- 0x80C02718


mem[X,0x80002038] -> 0x66E3
mem[X,0x8000203A] -> 0xC093
[1681] [M]: 0x80002038 (0xC09366E3) bltu t1, s1, 7180


mem[X,0x8000203C] -> 0x0393
mem[X,0x8000203E] -> 0x1000
[1682] [M]: 0x8000203C (0x10000393) addi t2, zero, 256
x7 <- 0x00000100


mem[X,0x80002040] -> 0x006F
mem[X,0x80002042] -> 0x0400
[1683] [M]: 0x80002040 (0x0400006F) jal zero, 64


mem[X,0x80002080] -> 0x0417
mem[X,0x80002082] -> 0x0000
[1684] [M]: 0x80002080 (0x00000417) auipc fp, 0
x8 <- 0x80002080


mem[X,0x80002084] -> 0x0413
mem[X,0x80002086] -> 0x03C4
[1685] [M]: 0x80002084 (0x03C40413) addi fp, fp, 60
x8 <- 0x800020BC


mem[X,0x80002088] -> 0x0433
mem[X,0x8000208A] -> 0x0074
[1686] [M]: 0x80002088 (0x00740433) add fp, fp, t2
x8 <- 0x800021BC


mem[X,0x8000208C] -> 0x1393
mem[X,0x8000208E] -> 0x0035
[1687] [M]: 0x8000208C (0x00351393) slli t2, a0, 3
x7 <- 0x00000078


mem[X,0x80002090] -> 0x0433
mem[X,0x80002092] -> 0x0074
[1688] [M]: 0x80002090 (0x00740433) add fp, fp, t2
x8 <- 0x80002234


mem[X,0x80002094] -> 0x7413
mem[X,0x80002096] -> 0xFF84
[1689] [M]: 0x80002094 (0xFF847413) andi fp, fp, 4088
x8 <- 0x80002230


mem[X,0x80002098] -> 0x2403
mem[X,0x8000209A] -> 0x0004
[1690] [M]: 0x80002098 (0x00042403) lw fp, 0(fp)
mem[R,0x80002230] -> 0x0000001F
x8 <- 0x0000001F


mem[X,0x8000209C] -> 0x0EE3
mem[X,0x8000209E] -> 0xC204
[1691] [M]: 0x8000209C (0xC2040EE3) beq fp, zero, 7228


mem[X,0x800020A0] -> 0x1393
mem[X,0x800020A2] -> 0x01F4
[1692] [M]: 0x800020A0 (0x01F41393) slli t2, fp, 31
x7 <- 0x80000000


mem[X,0x800020A4] -> 0xD863
mem[X,0x800020A6] -> 0x0003
[1693] [M]: 0x800020A4 (0x0003D863) bge t2, zero, 16


mem[X,0x800020A8] -> 0x5413
mem[X,0x800020AA] -> 0x0014
[1694] [M]: 0x800020A8 (0x00145413) srli fp, fp, 1
x8 <- 0x0000000F


mem[X,0x800020AC] -> 0x0CE3
mem[X,0x800020AE] -> 0xF885
[1695] [M]: 0x800020AC (0xF8850CE3) beq a0, fp, 8088


mem[X,0x80002044] -> 0x2303
mem[X,0x80002046] -> 0x1DC1
[1696] [M]: 0x80002044 (0x1DC12303) lw t1, 476(sp)
mem[R,0x804001DC] -> 0x10000010
x6 <- 0x10000010


mem[X,0x80002048] -> 0x2383
mem[X,0x8000204A] -> 0x1E01
[1697] [M]: 0x80002048 (0x1E012383) lw t2, 480(sp)
mem[R,0x804001E0] -> 0x80000E30
x7 <- 0x80000E30


mem[X,0x8000204C] -> 0x2403
mem[X,0x8000204E] -> 0x1E41
[1698] [M]: 0x8000204C (0x1E412403) lw fp, 484(sp)
mem[R,0x804001E4] -> 0x00000000
x8 <- 0x00000000


mem[X,0x80002050] -> 0x2483
mem[X,0x80002052] -> 0x1E81
[1699] [M]: 0x80002050 (0x1E812483) lw s1, 488(sp)
mem[R,0x804001E8] -> 0x90000E30
x9 <- 0x90000E30


clint::tick mtime <- 0x0000000000000011
 clint timer pending at mtime 0x0000000000000011
htif::tick 0x0000000000000000
mem[X,0x80002054] -> 0x2503
mem[X,0x80002056] -> 0x1EC1
[1700] [M]: 0x80002054 (0x1EC12503) lw a0, 492(sp)
mem[R,0x804001EC] -> 0x202000DF
x10 <- 0x202000DF


mem[X,0x80002058] -> 0x2583
mem[X,0x8000205A] -> 0x1F01
[1701] [M]: 0x80002058 (0x1F012583) lw a1, 496(sp)
mem[R,0x804001F0] -> 0x000000DF
x11 <- 0x000000DF


mem[X,0x8000205C] -> 0x2103
mem[X,0x8000205E] -> 0x1F41
[1702] [M]: 0x8000205C (0x1F412103) lw sp, 500(sp)
mem[R,0x804001F4] -> 0x80400000
x2 <- 0x80400000


mem[X,0x80002060] -> 0x0073
mem[X,0x80002062] -> 0x3020
[1703] [M]: 0x80002060 (0x30200073) mret
CSR mstatus <- 0x00000080
ret-ing from M to U


mem[X,0x80000FB4] -> 0x0013
mem[X,0x80000FB6] -> 0x0000
[1704] [U]: 0x90000FB4 (0x00000013) addi zero, zero, 0


mem[X,0x80000FB8] -> 0xA703
mem[X,0x80000FBA] -> 0x0147
[1705] [U]: 0x90000FB8 (0x0147A703) lw a4, 20(a5)
mem[R,0x80C02914] -> 0x202000D3
mem[R,0x80800014] -> 0x000000C0
x14 <- 0x000000C0


mem[R,0x80C02900] -> 0x200000DB
mem[X,0x80000FBC] -> 0x0013
mem[X,0x80000FBE] -> 0x0000
[1706] [U]: 0x90000FBC (0x00000013) addi zero, zero, 0


mem[X,0x80000FC0] -> 0x0013
mem[X,0x80000FC2] -> 0x0000
[1707] [U]: 0x90000FC0 (0x00000013) addi zero, zero, 0


mem[X,0x80000FC4] -> 0xAE23
mem[X,0x80000FC6] -> 0x04ED
[1708] [U]: 0x90000FC4 (0x04EDAE23) sw a4, 92(s11)
mem[R,0x80C02930] -> 0x20300401
mem[R,0x80C01050] -> 0x203008D7
mem[0x80C02570] <- 0x000000C0


mem[R,0x80C02900] -> 0x200000DB
mem[X,0x80000FC8] -> 0x0313
mem[X,0x80000FCA] -> 0x0010
[1709] [U]: 0x90000FC8 (0x00100313) addi t1, zero, 1
x6 <- 0x00000001


mem[X,0x80000FCC] -> 0x0463
mem[X,0x80000FCE] -> 0x0203
[1710] [U]: 0x90000FCC (0x02030463) beq t1, zero, 40


mem[X,0x80000FD0] -> 0x02B7
mem[X,0x80000FD2] -> 0x0040
[1711] [U]: 0x90000FD0 (0x004002B7) lui t0, 1024
x5 <- 0x00400000


mem[X,0x80000FD4] -> 0x8293
mem[X,0x80000FD6] -> 0xFFC2
[1712] [U]: 0x90000FD4 (0xFFC28293) addi t0, t0, 4092
x5 <- 0x003FFFFC


mem[X,0x80000FD8] -> 0xD793
mem[X,0x80000FDA] -> 0x0167
[1713] [U]: 0x90000FD8 (0x0167D793) srli a5, a5, 22
x15 <- 0x00000245


mem[X,0x80000FDC] -> 0x9793
mem[X,0x80000FDE] -> 0x0167
[1714] [U]: 0x90000FDC (0x01679793) slli a5, a5, 22
x15 <- 0x91400000


mem[X,0x80000FE0] -> 0x82B3
mem[X,0x80000FE2] -> 0x0057
[1715] [U]: 0x90000FE0 (0x005782B3) add t0, a5, t0
x5 <- 0x917FFFFC


mem[X,0x80000FE4] -> 0x80E7
mem[X,0x80000FE6] -> 0x0002
[1716] [U]: 0x90000FE4 (0x000280E7) jalr ra, t0, 0
x1 <- 0x90000FE8


mem[R,0x80C02914] -> 0x202000D3
trapping from U to M to handle fetch-page-fault
handling exc#0x0C at priv M with tval 0x917FFFFC
CSR mstatus <- 0x00000000


mem[X,0x80001D00] -> 0x006F
mem[X,0x80001D02] -> 0x0800
[1717] [M]: 0x80001D00 (0x0800006F) jal zero, 128


mem[X,0x80001D80] -> 0x1173
mem[X,0x80001D82] -> 0x3401
[1718] [M]: 0x80001D80 (0x34011173) csrrw sp, mscratch, sp
CSR mscratch -> 0x80400000
CSR mscratch <- 0x80400000 (input: 0x80400000)
x2 <- 0x80400000


mem[X,0x80001D84] -> 0x2823
mem[X,0x80001D86] -> 0x1EB1
[1719] [M]: 0x80001D84 (0x1EB12823) sw a1, 496(sp)
mem[0x804001F0] <- 0x000000DF


mem[X,0x80001D88] -> 0x05EF
mem[X,0x80001D8A] -> 0x0B80
[1720] [M]: 0x80001D88 (0x0B8005EF) jal a1, 184
x11 <- 0x80001D8C


mem[X,0x80001E40] -> 0x2623
mem[X,0x80001E42] -> 0x1EA1
[1721] [M]: 0x80001E40 (0x1EA12623) sw a0, 492(sp)
mem[0x804001EC] <- 0x202000DF


mem[X,0x80001E44] -> 0x1573
mem[X,0x80001E46] -> 0x3401
[1722] [M]: 0x80001E44 (0x34011573) csrrw a0, mscratch, sp
CSR mscratch -> 0x80400000
CSR mscratch <- 0x80400000 (input: 0x80400000)
x10 <- 0x80400000


mem[X,0x80001E48] -> 0x2A23
mem[X,0x80001E4A] -> 0x1EA1
[1723] [M]: 0x80001E48 (0x1EA12A23) sw a0, 500(sp)
mem[0x804001F4] <- 0x80400000


mem[X,0x80001E4C] -> 0x2503
mem[X,0x80001E4E] -> 0x1B01
[1724] [M]: 0x80001E4C (0x1B012503) lw a0, 432(sp)
mem[R,0x804001B0] -> 0x80001E54
x10 <- 0x80001E54


mem[X,0x80001E50] -> 0x0067
mem[X,0x80001E52] -> 0x0005
[1725] [M]: 0x80001E50 (0x00050067) jalr zero, a0, 0


mem[X,0x80001E54] -> 0x2423
mem[X,0x80001E56] -> 0x1E91
[1726] [M]: 0x80001E54 (0x1E912423) sw s1, 488(sp)
mem[0x804001E8] <- 0x90000E30


mem[X,0x80001E58] -> 0x2223
mem[X,0x80001E5A] -> 0x1E81
[1727] [M]: 0x80001E58 (0x1E812223) sw fp, 484(sp)
mem[0x804001E4] <- 0x00000000


mem[X,0x80001E5C] -> 0x2023
mem[X,0x80001E5E] -> 0x1E71
[1728] [M]: 0x80001E5C (0x1E712023) sw t2, 480(sp)
mem[0x804001E0] <- 0x80000E30


mem[X,0x80001E60] -> 0x2E23
mem[X,0x80001E62] -> 0x1C61
[1729] [M]: 0x80001E60 (0x1C612E23) sw t1, 476(sp)
mem[0x804001DC] <- 0x00000001


mem[X,0x80001E64] -> 0x2573
mem[X,0x80001E66] -> 0x3420
[1730] [M]: 0x80001E64 (0x34202573) csrrs a0, mcause, zero
CSR mcause -> 0x0000000C
x10 <- 0x0000000C


mem[X,0x80001E68] -> 0x14B7
mem[X,0x80001E6A] -> 0x8000
[1731] [M]: 0x80001E68 (0x800014B7) lui s1, 524289
x9 <- 0x80001000


mem[X,0x80001E6C] -> 0x8493
mem[X,0x80001E6E] -> 0xFFC4
[1732] [M]: 0x80001E6C (0xFFC48493) addi s1, s1, 4092
x9 <- 0x80000FFC


mem[X,0x80001E70] -> 0xF4B3
mem[X,0x80001E72] -> 0x00A4
[1733] [M]: 0x80001E70 (0x00A4F4B3) and s1, s1, a0
x9 <- 0x0000000C


mem[X,0x80001E74] -> 0x8493
mem[X,0x80001E76] -> 0xFF84
[1734] [M]: 0x80001E74 (0xFF848493) addi s1, s1, 4088
x9 <- 0x00000004


mem[X,0x80001E78] -> 0x9663
mem[X,0x80001E7A] -> 0x0004
[1735] [M]: 0x80001E78 (0x00049663) bne s1, zero, 12


mem[X,0x80001E84] -> 0x0393
mem[X,0x80001E86] -> 0x0100
[1736] [M]: 0x80001E84 (0x01000393) addi t2, zero, 16
x7 <- 0x00000010


mem[X,0x80001E88] -> 0x5E63
mem[X,0x80001E8A] -> 0x0205
[1737] [M]: 0x80001E88 (0x02055E63) bge a0, zero, 60


mem[X,0x80001EC4] -> 0x2373
mem[X,0x80001EC6] -> 0x3010
[1738] [M]: 0x80001EC4 (0x30102373) csrrs t1, misa, zero
CSR misa -> 0x4014112D
x6 <- 0x4014112D


mem[X,0x80001EC8] -> 0x1313
mem[X,0x80001ECA] -> 0x0183
[1739] [M]: 0x80001EC8 (0x01831313) slli t1, t1, 24
x6 <- 0x2D000000


mem[X,0x80001ECC] -> 0x5463
mem[X,0x80001ECE] -> 0x0003
[1740] [M]: 0x80001ECC (0x00035463) bge t1, zero, 8


mem[X,0x80001ED4] -> 0x2303
mem[X,0x80001ED6] -> 0x1981
[1741] [M]: 0x80001ED4 (0x19812303) lw t1, 408(sp)
mem[R,0x80400198] -> 0x80C02664
x6 <- 0x80C02664


mem[X,0x80001ED8] -> 0x04B3
mem[X,0x80001EDA] -> 0x0073
[1742] [M]: 0x80001ED8 (0x007304B3) add s1, t1, t2
x9 <- 0x80C02674


mem[X,0x80001EDC] -> 0x2C23
mem[X,0x80001EDE] -> 0x1891
[1743] [M]: 0x80001EDC (0x18912C23) sw s1, 408(sp)
mem[0x80400198] <- 0x80C02674


mem[X,0x80001EE0] -> 0x2403
mem[X,0x80001EE2] -> 0x1781
[1744] [M]: 0x80001EE0 (0x17812403) lw fp, 376(sp)
mem[R,0x80400178] -> 0x80C02510
x8 <- 0x80C02510


mem[X,0x80001EE4] -> 0x0333
mem[X,0x80001EE6] -> 0x4083
[1745] [M]: 0x80001EE4 (0x40830333) sub t1, t1, fp
x6 <- 0x00000154


mem[X,0x80001EE8] -> 0x2403
mem[X,0x80001EEA] -> 0x1781
[1746] [M]: 0x80001EE8 (0x17812403) lw fp, 376(sp)
mem[R,0x80400178] -> 0x80C02510
x8 <- 0x80C02510


mem[X,0x80001EEC] -> 0x0333
mem[X,0x80001EEE] -> 0x0083
[1747] [M]: 0x80001EEC (0x00830333) add t1, t1, fp
x6 <- 0x80C02664


mem[X,0x80001EF0] -> 0x2403
mem[X,0x80001EF2] -> 0x1C01
[1748] [M]: 0x80001EF0 (0x1C012403) lw fp, 448(sp)
mem[R,0x804001C0] -> 0x80001D00
x8 <- 0x80001D00


mem[X,0x80001EF4] -> 0x85B3
mem[X,0x80001EF6] -> 0x4085
[1749] [M]: 0x80001EF4 (0x408585B3) sub a1, a1, fp
x11 <- 0x0000008C


mem[X,0x80001EF8] -> 0x9593
mem[X,0x80001EFA] -> 0x0045
[1750] [M]: 0x80001EF8 (0x00459593) slli a1, a1, 4
x11 <- 0x000008C0


mem[X,0x80001EFC] -> 0xE5B3
mem[X,0x80001EFE] -> 0x0075
[1751] [M]: 0x80001EFC (0x0075E5B3) or a1, a1, t2
x11 <- 0x000008D0


mem[X,0x80001F00] -> 0x8593
mem[X,0x80001F02] -> 0x0035
[1752] [M]: 0x80001F00 (0x00358593) addi a1, a1, 3
x11 <- 0x000008D3


mem[X,0x80001F04] -> 0x2023
mem[X,0x80001F06] -> 0x00B3
[1753] [M]: 0x80001F04 (0x00B32023) sw a1, 0(t1)
mem[0x80C02664] <- 0x000008D3


mem[X,0x80001F08] -> 0x2223
mem[X,0x80001F0A] -> 0x00A3
[1754] [M]: 0x80001F08 (0x00A32223) sw a0, 4(t1)
mem[0x80C02668] <- 0x0000000C


mem[X,0x80001F0C] -> 0x4C63
mem[X,0x80001F0E] -> 0x1405
[1755] [M]: 0x80001F0C (0x14054C63) blt a0, zero, 344


mem[X,0x80001F10] -> 0x25F3
mem[X,0x80001F12] -> 0x3000
[1756] [M]: 0x80001F10 (0x300025F3) csrrs a1, mstatus, zero
CSR mstatus -> 0x00000000
x11 <- 0x00000000


mem[X,0x80001F14] -> 0x9413
mem[X,0x80001F16] -> 0x00E5
[1757] [M]: 0x80001F14 (0x00E59413) slli fp, a1, 14
x8 <- 0x00000000


mem[X,0x80001F18] -> 0x5463
mem[X,0x80001F1A] -> 0x0004
[1758] [M]: 0x80001F18 (0x00045463) bge fp, zero, 8


mem[X,0x80001F20] -> 0xD493
mem[X,0x80001F22] -> 0x00B5
[1759] [M]: 0x80001F20 (0x00B5D493) srli s1, a1, 11
x9 <- 0x00000000


mem[X,0x80001F24] -> 0xF493
mem[X,0x80001F26] -> 0x0034
[1760] [M]: 0x80001F24 (0x0034F493) andi s1, s1, 3
x9 <- 0x00000000


mem[X,0x80001F28] -> 0x8493
mem[X,0x80001F2A] -> 0x0014
[1761] [M]: 0x80001F28 (0x00148493) addi s1, s1, 1
x9 <- 0x00000001


mem[X,0x80001F2C] -> 0xF493
mem[X,0x80001F2E] -> 0x0044
[1762] [M]: 0x80001F2C (0x0044F493) andi s1, s1, 4
x9 <- 0x00000000


mem[X,0x80001F30] -> 0x0593
mem[X,0x80001F32] -> 0x05D0
[1763] [M]: 0x80001F30 (0x05D00593) addi a1, zero, 93
x11 <- 0x0000005D


mem[X,0x80001F34] -> 0xD5B3
mem[X,0x80001F36] -> 0x0095
[1764] [M]: 0x80001F34 (0x0095D5B3) srl a1, a1, s1
x11 <- 0x0000005D


mem[X,0x80001F38] -> 0xF593
mem[X,0x80001F3A] -> 0x0015
[1765] [M]: 0x80001F38 (0x0015F593) andi a1, a1, 1
x11 <- 0x00000001


mem[X,0x80001F3C] -> 0x82E3
mem[X,0x80001F3E] -> 0xF605
[1766] [M]: 0x80001F3C (0xF60582E3) beq a1, zero, 8036


mem[X,0x80001F40] -> 0x0593
mem[X,0x80001F42] -> 0x1F80
[1767] [M]: 0x80001F40 (0x1F800593) addi a1, zero, 504
x11 <- 0x000001F8


mem[X,0x80001F44] -> 0xF413
mem[X,0x80001F46] -> 0x0014
[1768] [M]: 0x80001F44 (0x0014F413) andi fp, s1, 1
x8 <- 0x00000000


mem[X,0x80001F48] -> 0x95B3
mem[X,0x80001F4A] -> 0x0085
[1769] [M]: 0x80001F48 (0x008595B3) sll a1, a1, fp
x11 <- 0x000001F8


mem[X,0x80001F4C] -> 0x9413
mem[X,0x80001F4E] -> 0x01D4
[1770] [M]: 0x80001F4C (0x01D49413) slli fp, s1, 29
x8 <- 0x00000000


mem[X,0x80001F50] -> 0x5413
mem[X,0x80001F52] -> 0x41F4
[1771] [M]: 0x80001F50 (0x41F45413) srai fp, fp, 31
x8 <- 0x00000000


mem[X,0x80001F54] -> 0x4413
mem[X,0x80001F56] -> 0xFFF4
[1772] [M]: 0x80001F54 (0xFFF44413) xori fp, fp, 4095
x8 <- 0xFFFFFFFF


mem[X,0x80001F58] -> 0xF4B3
mem[X,0x80001F5A] -> 0x0085
[1773] [M]: 0x80001F58 (0x0085F4B3) and s1, a1, fp
x9 <- 0x000001F8


mem[X,0x80001F5C] -> 0x84B3
mem[X,0x80001F5E] -> 0x0024
[1774] [M]: 0x80001F5C (0x002484B3) add s1, s1, sp
x9 <- 0x804001F8


mem[X,0x80001F60] -> 0x23F3
mem[X,0x80001F62] -> 0x3410
[1775] [M]: 0x80001F60 (0x341023F3) csrrs t2, mepc, zero
CSR mepc -> 0x917FFFFC
x7 <- 0x917FFFFC


mem[X,0x80001F64] -> 0xA403
mem[X,0x80001F66] -> 0x1884
[1776] [M]: 0x80001F64 (0x1884A403) lw fp, 392(s1)
mem[R,0x80400380] -> 0x940003F0
x8 <- 0x940003F0


mem[X,0x80001F68] -> 0xA583
mem[X,0x80001F6A] -> 0x1904
[1777] [M]: 0x80001F68 (0x1904A583) lw a1, 400(s1)
mem[R,0x80400388] -> 0x00802010
x11 <- 0x00802010


mem[X,0x80001F6C] -> 0x85B3
mem[X,0x80001F6E] -> 0x0085
[1778] [M]: 0x80001F6C (0x008585B3) add a1, a1, fp
x11 <- 0x94802400


mem[X,0x80001F70] -> 0xF463
mem[X,0x80001F72] -> 0x00B3
[1779] [M]: 0x80001F70 (0x00B3F463) bgeu t2, a1, 8


mem[X,0x80001F74] -> 0xF663
mem[X,0x80001F76] -> 0x0283
[1780] [M]: 0x80001F74 (0x0283F663) bgeu t2, fp, 44


mem[X,0x80001F78] -> 0xA403
mem[X,0x80001F7A] -> 0x1584
[1781] [M]: 0x80001F78 (0x1584A403) lw fp, 344(s1)
mem[R,0x80400350] -> 0x9000036C
x8 <- 0x9000036C


mem[X,0x80001F7C] -> 0xA583
mem[X,0x80001F7E] -> 0x1604
[1782] [M]: 0x80001F7C (0x1604A583) lw a1, 352(s1)
mem[R,0x80400358] -> 0x000018D0
x11 <- 0x000018D0


mem[X,0x80001F80] -> 0x85B3
mem[X,0x80001F82] -> 0x0085
[1783] [M]: 0x80001F80 (0x008585B3) add a1, a1, fp
x11 <- 0x90001C3C


mem[X,0x80001F84] -> 0xF463
mem[X,0x80001F86] -> 0x00B3
[1784] [M]: 0x80001F84 (0x00B3F463) bgeu t2, a1, 8


mem[X,0x80001F8C] -> 0xA403
mem[X,0x80001F8E] -> 0x1684
[1785] [M]: 0x80001F8C (0x1684A403) lw fp, 360(s1)
mem[R,0x80400360] -> 0x910003FC
x8 <- 0x910003FC


mem[X,0x80001F90] -> 0xA583
mem[X,0x80001F92] -> 0x1704
[1786] [M]: 0x80001F90 (0x1704A583) lw a1, 368(s1)
mem[R,0x80400368] -> 0x00802010
x11 <- 0x00802010


mem[X,0x80001F94] -> 0x85B3
mem[X,0x80001F96] -> 0x0085
[1787] [M]: 0x80001F94 (0x008585B3) add a1, a1, fp
x11 <- 0x9180240C


mem[X,0x80001F98] -> 0xF6E3
mem[X,0x80001F9A] -> 0xCAB3
[1788] [M]: 0x80001F98 (0xCAB3F6E3) bgeu t2, a1, 7340


mem[X,0x80001F9C] -> 0xE4E3
mem[X,0x80001F9E] -> 0xCA83
[1789] [M]: 0x80001F9C (0xCA83E4E3) bltu t2, fp, 7336


mem[X,0x80001FA0] -> 0x8433
mem[X,0x80001FA2] -> 0x4083
[1790] [M]: 0x80001FA0 (0x40838433) sub fp, t2, fp
x8 <- 0x007FFC00


mem[X,0x80001FA4] -> 0x2423
mem[X,0x80001FA6] -> 0x0083
[1791] [M]: 0x80001FA4 (0x00832423) sw fp, 8(t1)
mem[0x80C0266C] <- 0x007FFC00


mem[X,0x80001FA8] -> 0xF593
mem[X,0x80001FAA] -> 0xFFC3
[1792] [M]: 0x80001FA8 (0xFFC3F593) andi a1, t2, 4092
x11 <- 0x917FFFFC


mem[X,0x80001FAC] -> 0x8593
mem[X,0x80001FAE] -> 0x0085
[1793] [M]: 0x80001FAC (0x00858593) addi a1, a1, 8
x11 <- 0x91800004


mem[X,0x80001FB0] -> 0x9073
mem[X,0x80001FB2] -> 0x3415
[1794] [M]: 0x80001FB0 (0x34159073) csrrw zero, mepc, a1
CSR mepc -> 0x917FFFFC
CSR mepc <- 0x91800004 (input: 0x91800004)


mem[X,0x80001FB4] -> 0x23F3
mem[X,0x80001FB6] -> 0x3430
[1795] [M]: 0x80001FB4 (0x343023F3) csrrs t2, mtval, zero
CSR mtval -> 0x917FFFFC
x7 <- 0x917FFFFC


mem[X,0x80001FB8] -> 0x7513
mem[X,0x80001FBA] -> 0x00F5
[1796] [M]: 0x80001FB8 (0x00F57513) andi a0, a0, 15
x10 <- 0x0000000C


mem[X,0x80001FBC] -> 0xB437
mem[X,0x80001FBE] -> 0x0000
[1797] [M]: 0x80001FBC (0x0000B437) lui fp, 11
x8 <- 0x0000B000


mem[X,0x80001FC0] -> 0x0413
mem[X,0x80001FC2] -> 0x0FB4
[1798] [M]: 0x80001FC0 (0x0FB40413) addi fp, fp, 251
x8 <- 0x0000B0FB


mem[X,0x80001FC4] -> 0x5433
mem[X,0x80001FC6] -> 0x00A4
[1799] [M]: 0x80001FC4 (0x00A45433) srl fp, fp, a0
x8 <- 0x0000000B


clint::tick mtime <- 0x0000000000000012
 clint timer pending at mtime 0x0000000000000012
htif::tick 0x0000000000000000
mem[X,0x80001FC8] -> 0x1413
mem[X,0x80001FCA] -> 0x01F4
[1800] [M]: 0x80001FC8 (0x01F41413) slli fp, fp, 31
x8 <- 0x80000000


mem[X,0x80001FCC] -> 0x5C63
mem[X,0x80001FCE] -> 0x0404
[1801] [M]: 0x80001FCC (0x04045C63) bge fp, zero, 88


mem[X,0x80001FD0] -> 0xA403
mem[X,0x80001FD2] -> 0x1884
[1802] [M]: 0x80001FD0 (0x1884A403) lw fp, 392(s1)
mem[R,0x80400380] -> 0x940003F0
x8 <- 0x940003F0


mem[X,0x80001FD4] -> 0xA583
mem[X,0x80001FD6] -> 0x1904
[1803] [M]: 0x80001FD4 (0x1904A583) lw a1, 400(s1)
mem[R,0x80400388] -> 0x00802010
x11 <- 0x00802010


mem[X,0x80001FD8] -> 0x85B3
mem[X,0x80001FDA] -> 0x0085
[1804] [M]: 0x80001FD8 (0x008585B3) add a1, a1, fp
x11 <- 0x94802400


mem[X,0x80001FDC] -> 0xF463
mem[X,0x80001FDE] -> 0x00B3
[1805] [M]: 0x80001FDC (0x00B3F463) bgeu t2, a1, 8


mem[X,0x80001FE0] -> 0xF063
mem[X,0x80001FE2] -> 0x0483
[1806] [M]: 0x80001FE0 (0x0483F063) bgeu t2, fp, 64


mem[X,0x80001FE4] -> 0xA403
mem[X,0x80001FE6] -> 0x1784
[1807] [M]: 0x80001FE4 (0x1784A403) lw fp, 376(s1)
mem[R,0x80400370] -> 0x93014510
x8 <- 0x93014510


mem[X,0x80001FE8] -> 0xA583
mem[X,0x80001FEA] -> 0x1804
[1808] [M]: 0x80001FE8 (0x1804A583) lw a1, 384(s1)
mem[R,0x80400378] -> 0x00000208
x11 <- 0x00000208


mem[X,0x80001FEC] -> 0x85B3
mem[X,0x80001FEE] -> 0x0085
[1809] [M]: 0x80001FEC (0x008585B3) add a1, a1, fp
x11 <- 0x93014718


mem[X,0x80001FF0] -> 0xF463
mem[X,0x80001FF2] -> 0x00B3
[1810] [M]: 0x80001FF0 (0x00B3F463) bgeu t2, a1, 8


mem[X,0x80001FF4] -> 0xF663
mem[X,0x80001FF6] -> 0x0283
[1811] [M]: 0x80001FF4 (0x0283F663) bgeu t2, fp, 44


mem[X,0x80001FF8] -> 0xA403
mem[X,0x80001FFA] -> 0x1584
[1812] [M]: 0x80001FF8 (0x1584A403) lw fp, 344(s1)
mem[R,0x80400350] -> 0x9000036C
x8 <- 0x9000036C


mem[X,0x80001FFC] -> 0xA583
mem[X,0x80001FFE] -> 0x1604
[1813] [M]: 0x80001FFC (0x1604A583) lw a1, 352(s1)
mem[R,0x80400358] -> 0x000018D0
x11 <- 0x000018D0


mem[X,0x80002000] -> 0x85B3
mem[X,0x80002002] -> 0x0085
[1814] [M]: 0x80002000 (0x008585B3) add a1, a1, fp
x11 <- 0x90001C3C


mem[X,0x80002004] -> 0xF463
mem[X,0x80002006] -> 0x00B3
[1815] [M]: 0x80002004 (0x00B3F463) bgeu t2, a1, 8


mem[X,0x8000200C] -> 0xA403
mem[X,0x8000200E] -> 0x1684
[1816] [M]: 0x8000200C (0x1684A403) lw fp, 360(s1)
mem[R,0x80400360] -> 0x910003FC
x8 <- 0x910003FC


mem[X,0x80002010] -> 0xA583
mem[X,0x80002012] -> 0x1704
[1817] [M]: 0x80002010 (0x1704A583) lw a1, 368(s1)
mem[R,0x80400368] -> 0x00802010
x11 <- 0x00802010


mem[X,0x80002014] -> 0x85B3
mem[X,0x80002016] -> 0x0085
[1818] [M]: 0x80002014 (0x008585B3) add a1, a1, fp
x11 <- 0x9180240C


mem[X,0x80002018] -> 0xF6E3
mem[X,0x8000201A] -> 0xC2B3
[1819] [M]: 0x80002018 (0xC2B3F6E3) bgeu t2, a1, 7212


mem[X,0x8000201C] -> 0xE4E3
mem[X,0x8000201E] -> 0xC283
[1820] [M]: 0x8000201C (0xC283E4E3) bltu t2, fp, 7208


mem[X,0x80002020] -> 0x8433
mem[X,0x80002022] -> 0x4083
[1821] [M]: 0x80002020 (0x40838433) sub fp, t2, fp
x8 <- 0x007FFC00


mem[X,0x80002024] -> 0x2623
mem[X,0x80002026] -> 0x0083
[1822] [M]: 0x80002024 (0x00832623) sw fp, 12(t1)
mem[0x80C02670] <- 0x007FFC00


mem[X,0x80002028] -> 0x2483
mem[X,0x8000202A] -> 0x1981
[1823] [M]: 0x80002028 (0x19812483) lw s1, 408(sp)
mem[R,0x80400198] -> 0x80C02674
x9 <- 0x80C02674


mem[X,0x8000202C] -> 0x2383
mem[X,0x8000202E] -> 0x1781
[1824] [M]: 0x8000202C (0x17812383) lw t2, 376(sp)
mem[R,0x80400178] -> 0x80C02510
x7 <- 0x80C02510


mem[X,0x80002030] -> 0x2303
mem[X,0x80002032] -> 0x1801
[1825] [M]: 0x80002030 (0x18012303) lw t1, 384(sp)
mem[R,0x80400180] -> 0x00000208
x6 <- 0x00000208


mem[X,0x80002034] -> 0x0333
mem[X,0x80002036] -> 0x0073
[1826] [M]: 0x80002034 (0x00730333) add t1, t1, t2
x6 <- 0x80C02718


mem[X,0x80002038] -> 0x66E3
mem[X,0x8000203A] -> 0xC093
[1827] [M]: 0x80002038 (0xC09366E3) bltu t1, s1, 7180


mem[X,0x8000203C] -> 0x0393
mem[X,0x8000203E] -> 0x1000
[1828] [M]: 0x8000203C (0x10000393) addi t2, zero, 256
x7 <- 0x00000100


mem[X,0x80002040] -> 0x006F
mem[X,0x80002042] -> 0x0400
[1829] [M]: 0x80002040 (0x0400006F) jal zero, 64


mem[X,0x80002080] -> 0x0417
mem[X,0x80002082] -> 0x0000
[1830] [M]: 0x80002080 (0x00000417) auipc fp, 0
x8 <- 0x80002080


mem[X,0x80002084] -> 0x0413
mem[X,0x80002086] -> 0x03C4
[1831] [M]: 0x80002084 (0x03C40413) addi fp, fp, 60
x8 <- 0x800020BC


mem[X,0x80002088] -> 0x0433
mem[X,0x8000208A] -> 0x0074
[1832] [M]: 0x80002088 (0x00740433) add fp, fp, t2
x8 <- 0x800021BC


mem[X,0x8000208C] -> 0x1393
mem[X,0x8000208E] -> 0x0035
[1833] [M]: 0x8000208C (0x00351393) slli t2, a0, 3
x7 <- 0x00000060


mem[X,0x80002090] -> 0x0433
mem[X,0x80002092] -> 0x0074
[1834] [M]: 0x80002090 (0x00740433) add fp, fp, t2
x8 <- 0x8000221C


mem[X,0x80002094] -> 0x7413
mem[X,0x80002096] -> 0xFF84
[1835] [M]: 0x80002094 (0xFF847413) andi fp, fp, 4088
x8 <- 0x80002218


mem[X,0x80002098] -> 0x2403
mem[X,0x8000209A] -> 0x0004
[1836] [M]: 0x80002098 (0x00042403) lw fp, 0(fp)
mem[R,0x80002218] -> 0x00000019
x8 <- 0x00000019


mem[X,0x8000209C] -> 0x0EE3
mem[X,0x8000209E] -> 0xC204
[1837] [M]: 0x8000209C (0xC2040EE3) beq fp, zero, 7228


mem[X,0x800020A0] -> 0x1393
mem[X,0x800020A2] -> 0x01F4
[1838] [M]: 0x800020A0 (0x01F41393) slli t2, fp, 31
x7 <- 0x80000000


mem[X,0x800020A4] -> 0xD863
mem[X,0x800020A6] -> 0x0003
[1839] [M]: 0x800020A4 (0x0003D863) bge t2, zero, 16


mem[X,0x800020A8] -> 0x5413
mem[X,0x800020AA] -> 0x0014
[1840] [M]: 0x800020A8 (0x00145413) srli fp, fp, 1
x8 <- 0x0000000C


mem[X,0x800020AC] -> 0x0CE3
mem[X,0x800020AE] -> 0xF885
[1841] [M]: 0x800020AC (0xF8850CE3) beq a0, fp, 8088


mem[X,0x80002044] -> 0x2303
mem[X,0x80002046] -> 0x1DC1
[1842] [M]: 0x80002044 (0x1DC12303) lw t1, 476(sp)
mem[R,0x804001DC] -> 0x00000001
x6 <- 0x00000001


mem[X,0x80002048] -> 0x2383
mem[X,0x8000204A] -> 0x1E01
[1843] [M]: 0x80002048 (0x1E012383) lw t2, 480(sp)
mem[R,0x804001E0] -> 0x80000E30
x7 <- 0x80000E30


mem[X,0x8000204C] -> 0x2403
mem[X,0x8000204E] -> 0x1E41
[1844] [M]: 0x8000204C (0x1E412403) lw fp, 484(sp)
mem[R,0x804001E4] -> 0x00000000
x8 <- 0x00000000


mem[X,0x80002050] -> 0x2483
mem[X,0x80002052] -> 0x1E81
[1845] [M]: 0x80002050 (0x1E812483) lw s1, 488(sp)
mem[R,0x804001E8] -> 0x90000E30
x9 <- 0x90000E30


mem[X,0x80002054] -> 0x2503
mem[X,0x80002056] -> 0x1EC1
[1846] [M]: 0x80002054 (0x1EC12503) lw a0, 492(sp)
mem[R,0x804001EC] -> 0x202000DF
x10 <- 0x202000DF


mem[X,0x80002058] -> 0x2583
mem[X,0x8000205A] -> 0x1F01
[1847] [M]: 0x80002058 (0x1F012583) lw a1, 496(sp)
mem[R,0x804001F0] -> 0x000000DF
x11 <- 0x000000DF


mem[X,0x8000205C] -> 0x2103
mem[X,0x8000205E] -> 0x1F41
[1848] [M]: 0x8000205C (0x1F412103) lw sp, 500(sp)
mem[R,0x804001F4] -> 0x80400000
x2 <- 0x80400000


mem[X,0x80002060] -> 0x0073
mem[X,0x80002062] -> 0x3020
[1849] [M]: 0x80002060 (0x30200073) mret
CSR mstatus <- 0x00000080
ret-ing from M to U


mem[R,0x80C02918] -> 0x202000DF
mem[X,0x80800004] -> 0x0013
mem[X,0x80800006] -> 0x0000
[1850] [U]: 0x91800004 (0x00000013) addi zero, zero, 0


mem[X,0x80800008] -> 0x8067
mem[X,0x8080000A] -> 0x0000
[1851] [U]: 0x91800008 (0x00008067) jalr zero, ra, 0


mem[R,0x80C02900] -> 0x200000DB
mem[X,0x80000FE8] -> 0x0013
mem[X,0x80000FEA] -> 0x0000
[1852] [U]: 0x90000FE8 (0x00000013) addi zero, zero, 0


mem[X,0x80000FEC] -> 0x0013
mem[X,0x80000FEE] -> 0x0000
[1853] [U]: 0x90000FEC (0x00000013) addi zero, zero, 0


mem[X,0x80000FF0] -> 0x006F
mem[X,0x80000FF2] -> 0x0240
[1854] [U]: 0x90000FF0 (0x0240006F) jal zero, 36


mem[X,0x80001014] -> 0xA023
mem[X,0x80001016] -> 0x06CD
[1855] [U]: 0x90001014 (0x06CDA023) sw a2, 96(s11)
mem[R,0x80C02930] -> 0x20300401
mem[R,0x80C01050] -> 0x203008D7
mem[0x80C02574] <- 0x000000F0


mem[R,0x80C02900] -> 0x200000DB
mem[X,0x80001018] -> 0x0013
mem[X,0x8000101A] -> 0x0000
[1856] [U]: 0x90001018 (0x00000013) addi zero, zero, 0


mem[X,0x8000101C] -> 0x0013
mem[X,0x8000101E] -> 0x0000
[1857] [U]: 0x9000101C (0x00000013) addi zero, zero, 0


mem[X,0x80001020] -> 0x0737
mem[X,0x80001022] -> 0x0001
[1858] [U]: 0x90001020 (0x00010737) lui a4, 16
x14 <- 0x00010000


mem[X,0x80001024] -> 0x0713
mem[X,0x80001026] -> 0xEEB7
[1859] [U]: 0x90001024 (0xEEB70713) addi a4, a4, 3819
x14 <- 0x0000FEEB


mem[X,0x80001028] -> 0xA223
mem[X,0x8000102A] -> 0x06ED
[1860] [U]: 0x90001028 (0x06EDA223) sw a4, 100(s11)
mem[R,0x80C02930] -> 0x20300401
mem[R,0x80C01050] -> 0x203008D7
mem[0x80C02578] <- 0x0000FEEB


mem[R,0x80C02900] -> 0x200000DB
mem[X,0x8000102C] -> 0x0113
mem[X,0x8000102E] -> 0x0000
[1861] [U]: 0x9000102C (0x00000113) addi sp, zero, 0
x2 <- 0x00000000


mem[X,0x80001030] -> 0x0073
mem[X,0x80001032] -> 0x0000
[1862] [U]: 0x90001030 (0x00000073) ecall
trapping from U to M to handle u-call
handling exc#0x08 at priv M with tval 0x00000000
CSR mstatus <- 0x00000000


mem[X,0x80001D00] -> 0x006F
mem[X,0x80001D02] -> 0x0800
[1863] [M]: 0x80001D00 (0x0800006F) jal zero, 128


mem[X,0x80001D80] -> 0x1173
mem[X,0x80001D82] -> 0x3401
[1864] [M]: 0x80001D80 (0x34011173) csrrw sp, mscratch, sp
CSR mscratch -> 0x80400000
CSR mscratch <- 0x00000000 (input: 0x00000000)
x2 <- 0x80400000


mem[X,0x80001D84] -> 0x2823
mem[X,0x80001D86] -> 0x1EB1
[1865] [M]: 0x80001D84 (0x1EB12823) sw a1, 496(sp)
mem[0x804001F0] <- 0x000000DF


mem[X,0x80001D88] -> 0x05EF
mem[X,0x80001D8A] -> 0x0B80
[1866] [M]: 0x80001D88 (0x0B8005EF) jal a1, 184
x11 <- 0x80001D8C


mem[X,0x80001E40] -> 0x2623
mem[X,0x80001E42] -> 0x1EA1
[1867] [M]: 0x80001E40 (0x1EA12623) sw a0, 492(sp)
mem[0x804001EC] <- 0x202000DF


mem[X,0x80001E44] -> 0x1573
mem[X,0x80001E46] -> 0x3401
[1868] [M]: 0x80001E44 (0x34011573) csrrw a0, mscratch, sp
CSR mscratch -> 0x00000000
CSR mscratch <- 0x80400000 (input: 0x80400000)
x10 <- 0x00000000


mem[X,0x80001E48] -> 0x2A23
mem[X,0x80001E4A] -> 0x1EA1
[1869] [M]: 0x80001E48 (0x1EA12A23) sw a0, 500(sp)
mem[0x804001F4] <- 0x00000000


mem[X,0x80001E4C] -> 0x2503
mem[X,0x80001E4E] -> 0x1B01
[1870] [M]: 0x80001E4C (0x1B012503) lw a0, 432(sp)
mem[R,0x804001B0] -> 0x80001E54
x10 <- 0x80001E54


mem[X,0x80001E50] -> 0x0067
mem[X,0x80001E52] -> 0x0005
[1871] [M]: 0x80001E50 (0x00050067) jalr zero, a0, 0


mem[X,0x80001E54] -> 0x2423
mem[X,0x80001E56] -> 0x1E91
[1872] [M]: 0x80001E54 (0x1E912423) sw s1, 488(sp)
mem[0x804001E8] <- 0x90000E30


mem[X,0x80001E58] -> 0x2223
mem[X,0x80001E5A] -> 0x1E81
[1873] [M]: 0x80001E58 (0x1E812223) sw fp, 484(sp)
mem[0x804001E4] <- 0x00000000


mem[X,0x80001E5C] -> 0x2023
mem[X,0x80001E5E] -> 0x1E71
[1874] [M]: 0x80001E5C (0x1E712023) sw t2, 480(sp)
mem[0x804001E0] <- 0x80000E30


mem[X,0x80001E60] -> 0x2E23
mem[X,0x80001E62] -> 0x1C61
[1875] [M]: 0x80001E60 (0x1C612E23) sw t1, 476(sp)
mem[0x804001DC] <- 0x00000001


mem[X,0x80001E64] -> 0x2573
mem[X,0x80001E66] -> 0x3420
[1876] [M]: 0x80001E64 (0x34202573) csrrs a0, mcause, zero
CSR mcause -> 0x00000008
x10 <- 0x00000008


mem[X,0x80001E68] -> 0x14B7
mem[X,0x80001E6A] -> 0x8000
[1877] [M]: 0x80001E68 (0x800014B7) lui s1, 524289
x9 <- 0x80001000


mem[X,0x80001E6C] -> 0x8493
mem[X,0x80001E6E] -> 0xFFC4
[1878] [M]: 0x80001E6C (0xFFC48493) addi s1, s1, 4092
x9 <- 0x80000FFC


mem[X,0x80001E70] -> 0xF4B3
mem[X,0x80001E72] -> 0x00A4
[1879] [M]: 0x80001E70 (0x00A4F4B3) and s1, s1, a0
x9 <- 0x00000008


mem[X,0x80001E74] -> 0x8493
mem[X,0x80001E76] -> 0xFF84
[1880] [M]: 0x80001E74 (0xFF848493) addi s1, s1, 4088
x9 <- 0x00000000


mem[X,0x80001E78] -> 0x9663
mem[X,0x80001E7A] -> 0x0004
[1881] [M]: 0x80001E78 (0x00049663) bne s1, zero, 12


mem[X,0x80001E7C] -> 0x2383
mem[X,0x80001E7E] -> 0x1F41
[1882] [M]: 0x80001E7C (0x1F412383) lw t2, 500(sp)
mem[R,0x804001F4] -> 0x00000000
x7 <- 0x00000000


mem[X,0x80001E80] -> 0x8663
mem[X,0x80001E82] -> 0x4803
[1883] [M]: 0x80001E80 (0x48038663) beq t2, zero, 1164


mem[X,0x8000230C] -> 0x0493
mem[X,0x8000230E] -> 0xFF55
[1884] [M]: 0x8000230C (0xFF550493) addi s1, a0, 4085
x9 <- 0xFFFFFFFD


mem[X,0x80002310] -> 0x8C63
mem[X,0x80002312] -> 0x0004
[1885] [M]: 0x80002310 (0x00048C63) beq s1, zero, 24


mem[X,0x80002314] -> 0x2583
mem[X,0x80002316] -> 0x3501
[1886] [M]: 0x80002314 (0x35012583) lw a1, 848(sp)
mem[R,0x80400350] -> 0x9000036C
x11 <- 0x9000036C


mem[X,0x80002318] -> 0xD463
mem[X,0x8000231A] -> 0x0003
[1887] [M]: 0x80002318 (0x0003D463) bge t2, zero, 8


mem[X,0x80002320] -> 0x2483
mem[X,0x80002322] -> 0x1581
[1888] [M]: 0x80002320 (0x15812483) lw s1, 344(sp)
mem[R,0x80400158] -> 0x8000036C
x9 <- 0x8000036C


mem[X,0x80002324] -> 0x84B3
mem[X,0x80002326] -> 0x40B4
[1889] [M]: 0x80002324 (0x40B484B3) sub s1, s1, a1
x9 <- 0xF0000000


mem[X,0x80002328] -> 0x23F3
mem[X,0x8000232A] -> 0x3410
[1890] [M]: 0x80002328 (0x341023F3) csrrs t2, mepc, zero
CSR mepc -> 0x90001030
x7 <- 0x90001030


mem[X,0x8000232C] -> 0x83B3
mem[X,0x8000232E] -> 0x0093
[1891] [M]: 0x8000232C (0x009383B3) add t2, t2, s1
x7 <- 0x80001030


mem[X,0x80002330] -> 0x2303
mem[X,0x80002332] -> 0x1DC1
[1892] [M]: 0x80002330 (0x1DC12303) lw t1, 476(sp)
mem[R,0x804001DC] -> 0x00000001
x6 <- 0x00000001


mem[X,0x80002334] -> 0x2403
mem[X,0x80002336] -> 0x1E41
[1893] [M]: 0x80002334 (0x1E412403) lw fp, 484(sp)
mem[R,0x804001E4] -> 0x00000000
x8 <- 0x00000000


mem[X,0x80002338] -> 0x2483
mem[X,0x8000233A] -> 0x1E81
[1894] [M]: 0x80002338 (0x1E812483) lw s1, 488(sp)
mem[R,0x804001E8] -> 0x90000E30
x9 <- 0x90000E30


mem[X,0x8000233C] -> 0x2503
mem[X,0x8000233E] -> 0x1EC1
[1895] [M]: 0x8000233C (0x1EC12503) lw a0, 492(sp)
mem[R,0x804001EC] -> 0x202000DF
x10 <- 0x202000DF


mem[X,0x80002340] -> 0x2583
mem[X,0x80002342] -> 0x1F01
[1896] [M]: 0x80002340 (0x1F012583) lw a1, 496(sp)
mem[R,0x804001F0] -> 0x000000DF
x11 <- 0x000000DF


mem[X,0x80002344] -> 0x2103
mem[X,0x80002346] -> 0x1F41
[1897] [M]: 0x80002344 (0x1F412103) lw sp, 500(sp)
mem[R,0x804001F4] -> 0x00000000
x2 <- 0x00000000


mem[X,0x80002348] -> 0x8067
mem[X,0x8000234A] -> 0x0043
[1898] [M]: 0x80002348 (0x00438067) jalr zero, t2, 4


mem[X,0x80001034] -> 0x0713
mem[X,0x80001036] -> 0x1230
[1899] [M]: 0x80001034 (0x12300713) addi a4, zero, 291
x14 <- 0x00000123


clint::tick mtime <- 0x0000000000000013
 clint timer pending at mtime 0x0000000000000013
htif::tick 0x0000000000000000
mem[X,0x80001038] -> 0xA423
mem[X,0x8000103A] -> 0x06E6
[1900] [M]: 0x80001038 (0x06E6A423) sw a4, 104(a3)
mem[0x80C0257C] <- 0x00000123


mem[X,0x8000103C] -> 0x0013
mem[X,0x8000103E] -> 0x0000
[1901] [M]: 0x8000103C (0x00000013) addi zero, zero, 0


mem[X,0x80001040] -> 0x0517
mem[X,0x80001042] -> 0x00C0
[1902] [M]: 0x80001040 (0x00C00517) auipc a0, 3072
x10 <- 0x80C01040


mem[X,0x80001044] -> 0x0513
mem[X,0x80001046] -> 0xFC05
[1903] [M]: 0x80001044 (0xFC050513) addi a0, a0, 4032
x10 <- 0x80C01000


mem[X,0x80001048] -> 0x0013
mem[X,0x8000104A] -> 0x0000
[1904] [M]: 0x80001048 (0x00000013) addi zero, zero, 0


mem[X,0x8000104C] -> 0x0013
mem[X,0x8000104E] -> 0x0000
[1905] [M]: 0x8000104C (0x00000013) addi zero, zero, 0


mem[X,0x80001050] -> 0x0013
mem[X,0x80001052] -> 0x0000
[1906] [M]: 0x80001050 (0x00000013) addi zero, zero, 0


mem[X,0x80001054] -> 0x0013
mem[X,0x80001056] -> 0x0000
[1907] [M]: 0x80001054 (0x00000013) addi zero, zero, 0


mem[X,0x80001058] -> 0x0013
mem[X,0x8000105A] -> 0x0000
[1908] [M]: 0x80001058 (0x00000013) addi zero, zero, 0


mem[X,0x8000105C] -> 0x0013
mem[X,0x8000105E] -> 0x0000
[1909] [M]: 0x8000105C (0x00000013) addi zero, zero, 0


mem[X,0x80001060] -> 0x0593
mem[X,0x80001062] -> 0x0010
[1910] [M]: 0x80001060 (0x00100593) addi a1, zero, 1
x11 <- 0x00000001


mem[X,0x80001064] -> 0x5513
mem[X,0x80001066] -> 0x00C5
[1911] [M]: 0x80001064 (0x00C55513) srli a0, a0, 12
x10 <- 0x00080C01


mem[X,0x80001068] -> 0x1513
mem[X,0x8000106A] -> 0x00A5
[1912] [M]: 0x80001068 (0x00A51513) slli a0, a0, 10
x10 <- 0x20300400


mem[X,0x8000106C] -> 0x6533
mem[X,0x8000106E] -> 0x00B5
[1913] [M]: 0x8000106C (0x00B56533) or a0, a0, a1
x10 <- 0x20300401


mem[X,0x80001070] -> 0x0013
mem[X,0x80001072] -> 0x0000
[1914] [M]: 0x80001070 (0x00000013) addi zero, zero, 0


mem[X,0x80001074] -> 0x0013
mem[X,0x80001076] -> 0x0000
[1915] [M]: 0x80001074 (0x00000013) addi zero, zero, 0


mem[X,0x80001078] -> 0x0013
mem[X,0x8000107A] -> 0x0000
[1916] [M]: 0x80001078 (0x00000013) addi zero, zero, 0


mem[X,0x8000107C] -> 0x0013
mem[X,0x8000107E] -> 0x0000
[1917] [M]: 0x8000107C (0x00000013) addi zero, zero, 0


mem[X,0x80001080] -> 0x1317
mem[X,0x80001082] -> 0x00C0
[1918] [M]: 0x80001080 (0x00C01317) auipc t1, 3073
x6 <- 0x80C02080


mem[X,0x80001084] -> 0x0313
mem[X,0x80001086] -> 0xF803
[1919] [M]: 0x80001084 (0xF8030313) addi t1, t1, 3968
x6 <- 0x80C02000


mem[X,0x80001088] -> 0x0013
mem[X,0x8000108A] -> 0x0000
[1920] [M]: 0x80001088 (0x00000013) addi zero, zero, 0


mem[X,0x8000108C] -> 0x0013
mem[X,0x8000108E] -> 0x0000
[1921] [M]: 0x8000108C (0x00000013) addi zero, zero, 0


mem[X,0x80001090] -> 0x0013
mem[X,0x80001092] -> 0x0000
[1922] [M]: 0x80001090 (0x00000013) addi zero, zero, 0


mem[X,0x80001094] -> 0x0013
mem[X,0x80001096] -> 0x0000
[1923] [M]: 0x80001094 (0x00000013) addi zero, zero, 0


mem[X,0x80001098] -> 0x0013
mem[X,0x8000109A] -> 0x0000
[1924] [M]: 0x80001098 (0x00000013) addi zero, zero, 0


mem[X,0x8000109C] -> 0x0013
mem[X,0x8000109E] -> 0x0000
[1925] [M]: 0x8000109C (0x00000013) addi zero, zero, 0


mem[X,0x800010A0] -> 0x12B7
mem[X,0x800010A2] -> 0x0000
[1926] [M]: 0x800010A0 (0x000012B7) lui t0, 1
x5 <- 0x00001000


mem[X,0x800010A4] -> 0x8293
mem[X,0x800010A6] -> 0x9142
[1927] [M]: 0x800010A4 (0x91428293) addi t0, t0, 2324
x5 <- 0x00000914


mem[X,0x800010A8] -> 0x0333
mem[X,0x800010AA] -> 0x0053
[1928] [M]: 0x800010A8 (0x00530333) add t1, t1, t0
x6 <- 0x80C02914


mem[X,0x800010AC] -> 0x2023
mem[X,0x800010AE] -> 0x00A3
[1929] [M]: 0x800010AC (0x00A32023) sw a0, 0(t1)
mem[0x80C02914] <- 0x20300401


mem[X,0x800010B0] -> 0x0013
mem[X,0x800010B2] -> 0x0000
[1930] [M]: 0x800010B0 (0x00000013) addi zero, zero, 0


mem[X,0x800010B4] -> 0x0013
mem[X,0x800010B6] -> 0x0000
[1931] [M]: 0x800010B4 (0x00000013) addi zero, zero, 0


mem[X,0x800010B8] -> 0x0013
mem[X,0x800010BA] -> 0x0000
[1932] [M]: 0x800010B8 (0x00000013) addi zero, zero, 0


mem[X,0x800010BC] -> 0x0013
mem[X,0x800010BE] -> 0x0000
[1933] [M]: 0x800010BC (0x00000013) addi zero, zero, 0


mem[X,0x800010C0] -> 0xF517
mem[X,0x800010C2] -> 0x00BF
[1934] [M]: 0x800010C0 (0x00BFF517) auipc a0, 3071
x10 <- 0x80C000C0


mem[X,0x800010C4] -> 0x0513
mem[X,0x800010C6] -> 0xF405
[1935] [M]: 0x800010C4 (0xF4050513) addi a0, a0, 3904
x10 <- 0x80C00000


mem[X,0x800010C8] -> 0x0013
mem[X,0x800010CA] -> 0x0000
[1936] [M]: 0x800010C8 (0x00000013) addi zero, zero, 0


mem[X,0x800010CC] -> 0x0013
mem[X,0x800010CE] -> 0x0000
[1937] [M]: 0x800010CC (0x00000013) addi zero, zero, 0


mem[X,0x800010D0] -> 0x0013
mem[X,0x800010D2] -> 0x0000
[1938] [M]: 0x800010D0 (0x00000013) addi zero, zero, 0


mem[X,0x800010D4] -> 0x0013
mem[X,0x800010D6] -> 0x0000
[1939] [M]: 0x800010D4 (0x00000013) addi zero, zero, 0


mem[X,0x800010D8] -> 0x0013
mem[X,0x800010DA] -> 0x0000
[1940] [M]: 0x800010D8 (0x00000013) addi zero, zero, 0


mem[X,0x800010DC] -> 0x0013
mem[X,0x800010DE] -> 0x0000
[1941] [M]: 0x800010DC (0x00000013) addi zero, zero, 0


mem[X,0x800010E0] -> 0x0593
mem[X,0x800010E2] -> 0x0DF0
[1942] [M]: 0x800010E0 (0x0DF00593) addi a1, zero, 223
x11 <- 0x000000DF


mem[X,0x800010E4] -> 0x5513
mem[X,0x800010E6] -> 0x00C5
[1943] [M]: 0x800010E4 (0x00C55513) srli a0, a0, 12
x10 <- 0x00080C00


mem[X,0x800010E8] -> 0x1513
mem[X,0x800010EA] -> 0x00A5
[1944] [M]: 0x800010E8 (0x00A51513) slli a0, a0, 10
x10 <- 0x20300000


mem[X,0x800010EC] -> 0x6533
mem[X,0x800010EE] -> 0x00B5
[1945] [M]: 0x800010EC (0x00B56533) or a0, a0, a1
x10 <- 0x203000DF


mem[X,0x800010F0] -> 0x0013
mem[X,0x800010F2] -> 0x0000
[1946] [M]: 0x800010F0 (0x00000013) addi zero, zero, 0


mem[X,0x800010F4] -> 0x0013
mem[X,0x800010F6] -> 0x0000
[1947] [M]: 0x800010F4 (0x00000013) addi zero, zero, 0


mem[X,0x800010F8] -> 0x0013
mem[X,0x800010FA] -> 0x0000
[1948] [M]: 0x800010F8 (0x00000013) addi zero, zero, 0


mem[X,0x800010FC] -> 0x0013
mem[X,0x800010FE] -> 0x0000
[1949] [M]: 0x800010FC (0x00000013) addi zero, zero, 0


mem[X,0x80001100] -> 0x0317
mem[X,0x80001102] -> 0x00C0
[1950] [M]: 0x80001100 (0x00C00317) auipc t1, 3072
x6 <- 0x80C01100


mem[X,0x80001104] -> 0x0313
mem[X,0x80001106] -> 0xF003
[1951] [M]: 0x80001104 (0xF0030313) addi t1, t1, 3840
x6 <- 0x80C01000


mem[X,0x80001108] -> 0x0013
mem[X,0x8000110A] -> 0x0000
[1952] [M]: 0x80001108 (0x00000013) addi zero, zero, 0


mem[X,0x8000110C] -> 0x0013
mem[X,0x8000110E] -> 0x0000
[1953] [M]: 0x8000110C (0x00000013) addi zero, zero, 0


mem[X,0x80001110] -> 0x0013
mem[X,0x80001112] -> 0x0000
[1954] [M]: 0x80001110 (0x00000013) addi zero, zero, 0


mem[X,0x80001114] -> 0x0013
mem[X,0x80001116] -> 0x0000
[1955] [M]: 0x80001114 (0x00000013) addi zero, zero, 0


mem[X,0x80001118] -> 0x0013
mem[X,0x8000111A] -> 0x0000
[1956] [M]: 0x80001118 (0x00000013) addi zero, zero, 0


mem[X,0x8000111C] -> 0x0013
mem[X,0x8000111E] -> 0x0000
[1957] [M]: 0x8000111C (0x00000013) addi zero, zero, 0


mem[X,0x80001120] -> 0x0293
mem[X,0x80001122] -> 0x0000
[1958] [M]: 0x80001120 (0x00000293) addi t0, zero, 0
x5 <- 0x00000000


mem[X,0x80001124] -> 0x0333
mem[X,0x80001126] -> 0x0053
[1959] [M]: 0x80001124 (0x00530333) add t1, t1, t0
x6 <- 0x80C01000


mem[X,0x80001128] -> 0x2023
mem[X,0x8000112A] -> 0x00A3
[1960] [M]: 0x80001128 (0x00A32023) sw a0, 0(t1)
mem[0x80C01000] <- 0x203000DF


mem[X,0x8000112C] -> 0x0073
mem[X,0x8000112E] -> 0x1200
[1961] [M]: 0x8000112C (0x12000073) sfence.vma zero, zero


mem[X,0x80001130] -> 0x24B7
mem[X,0x80001132] -> 0x0000
[1962] [M]: 0x80001130 (0x000024B7) lui s1, 2
x9 <- 0x00002000


mem[X,0x80001134] -> 0x8493
mem[X,0x80001136] -> 0x8004
[1963] [M]: 0x80001134 (0x80048493) addi s1, s1, 2048
x9 <- 0x00001800


mem[X,0x80001138] -> 0xB073
mem[X,0x8000113A] -> 0x3004
[1964] [M]: 0x80001138 (0x3004B073) csrrc zero, mstatus, s1
CSR mstatus -> 0x00000000
CSR mstatus <- 0x00000000 (input: 0x00000000)


mem[X,0x8000113C] -> 0x2173
mem[X,0x8000113E] -> 0x3400
[1965] [M]: 0x8000113C (0x34002173) csrrs sp, mscratch, zero
CSR mscratch -> 0x80400000
x2 <- 0x80400000


mem[X,0x80001140] -> 0x2303
mem[X,0x80001142] -> 0x3501
[1966] [M]: 0x80001140 (0x35012303) lw t1, 848(sp)
mem[R,0x80400350] -> 0x9000036C
x6 <- 0x9000036C


mem[X,0x80001144] -> 0x2483
mem[X,0x80001146] -> 0x1581
[1967] [M]: 0x80001144 (0x15812483) lw s1, 344(sp)
mem[R,0x80400158] -> 0x8000036C
x9 <- 0x8000036C


mem[X,0x80001148] -> 0x0333
mem[X,0x8000114A] -> 0x4093
[1968] [M]: 0x80001148 (0x40930333) sub t1, t1, s1
x6 <- 0x10000000


mem[X,0x8000114C] -> 0x0313
mem[X,0x8000114E] -> 0x0103
[1969] [M]: 0x8000114C (0x01030313) addi t1, t1, 16
x6 <- 0x10000010


mem[X,0x80001150] -> 0x0497
mem[X,0x80001152] -> 0x0000
[1970] [M]: 0x80001150 (0x00000497) auipc s1, 0
x9 <- 0x80001150


mem[X,0x80001154] -> 0x84B3
mem[X,0x80001156] -> 0x0064
[1971] [M]: 0x80001154 (0x006484B3) add s1, s1, t1
x9 <- 0x90001160


mem[X,0x80001158] -> 0x94F3
mem[X,0x8000115A] -> 0x3414
[1972] [M]: 0x80001158 (0x341494F3) csrrw s1, mepc, s1
CSR mepc -> 0x90001030
CSR mepc <- 0x90001160 (input: 0x90001160)
x9 <- 0x90001030


mem[X,0x8000115C] -> 0x0073
mem[X,0x8000115E] -> 0x3020
[1973] [M]: 0x8000115C (0x30200073) mret
CSR mstatus <- 0x00000080
ret-ing from M to U


mem[R,0x80C02900] -> 0x200000DB
mem[X,0x80001160] -> 0xE737
mem[X,0x80001162] -> 0x0000
[1974] [U]: 0x90001160 (0x0000E737) lui a4, 14
x14 <- 0x0000E000


mem[X,0x80001164] -> 0x0713
mem[X,0x80001166] -> 0xEAD7
[1975] [U]: 0x90001164 (0xEAD70713) addi a4, a4, 3757
x14 <- 0x0000DEAD


mem[X,0x80001168] -> 0xA623
mem[X,0x8000116A] -> 0x06ED
[1976] [U]: 0x90001168 (0x06EDA623) sw a4, 108(s11)
mem[R,0x80C02930] -> 0x20300401
mem[R,0x80C01050] -> 0x203008D7
mem[0x80C02580] <- 0x0000DEAD


mem[R,0x80C02900] -> 0x200000DB
mem[X,0x8000116C] -> 0x0013
mem[X,0x8000116E] -> 0x0000
[1977] [U]: 0x9000116C (0x00000013) addi zero, zero, 0


mem[X,0x80001170] -> 0x0013
mem[X,0x80001172] -> 0x0000
[1978] [U]: 0x90001170 (0x00000013) addi zero, zero, 0


mem[X,0x80001174] -> 0x0013
mem[X,0x80001176] -> 0x0000
[1979] [U]: 0x90001174 (0x00000013) addi zero, zero, 0


mem[X,0x80001178] -> 0x0013
mem[X,0x8000117A] -> 0x0000
[1980] [U]: 0x90001178 (0x00000013) addi zero, zero, 0


mem[X,0x8000117C] -> 0x0013
mem[X,0x8000117E] -> 0x0000
[1981] [U]: 0x9000117C (0x00000013) addi zero, zero, 0


mem[X,0x80001180] -> 0x07B7
mem[X,0x80001182] -> 0x9140
[1982] [U]: 0x90001180 (0x914007B7) lui a5, 594944
x15 <- 0x91400000


mem[X,0x80001184] -> 0x0013
mem[X,0x80001186] -> 0x0000
[1983] [U]: 0x90001184 (0x00000013) addi zero, zero, 0


mem[X,0x80001188] -> 0x0013
mem[X,0x8000118A] -> 0x0000
[1984] [U]: 0x90001188 (0x00000013) addi zero, zero, 0


mem[X,0x8000118C] -> 0x0013
mem[X,0x8000118E] -> 0x0000
[1985] [U]: 0x9000118C (0x00000013) addi zero, zero, 0


mem[X,0x80001190] -> 0x0013
mem[X,0x80001192] -> 0x0000
[1986] [U]: 0x90001190 (0x00000013) addi zero, zero, 0


mem[X,0x80001194] -> 0x0013
mem[X,0x80001196] -> 0x0000
[1987] [U]: 0x90001194 (0x00000013) addi zero, zero, 0


mem[X,0x80001198] -> 0x0013
mem[X,0x8000119A] -> 0x0000
[1988] [U]: 0x90001198 (0x00000013) addi zero, zero, 0


mem[X,0x8000119C] -> 0x0013
mem[X,0x8000119E] -> 0x0000
[1989] [U]: 0x9000119C (0x00000013) addi zero, zero, 0


mem[X,0x800011A0] -> 0x0613
mem[X,0x800011A2] -> 0x0106
[1990] [U]: 0x900011A0 (0x01060613) addi a2, a2, 16
x12 <- 0x00000100


mem[X,0x800011A4] -> 0x0713
mem[X,0x800011A6] -> 0x0106
[1991] [U]: 0x900011A4 (0x01060713) addi a4, a2, 16
x14 <- 0x00000110


mem[X,0x800011A8] -> 0x0613
mem[X,0x800011AA] -> 0x0107
[1992] [U]: 0x900011A8 (0x01070613) addi a2, a4, 16
x12 <- 0x00000120


mem[X,0x800011AC] -> 0xAA23
mem[X,0x800011AE] -> 0x00C7
[1993] [U]: 0x900011AC (0x00C7AA23) sw a2, 20(a5)
mem[R,0x80C02914] -> 0x20300401
mem[R,0x80C01000] -> 0x203000DF
mem[0x80C00014] <- 0x00000120


mem[R,0x80C02900] -> 0x200000DB
mem[X,0x800011B0] -> 0x0013
mem[X,0x800011B2] -> 0x0000
[1994] [U]: 0x900011B0 (0x00000013) addi zero, zero, 0


mem[X,0x800011B4] -> 0x0013
mem[X,0x800011B6] -> 0x0000
[1995] [U]: 0x900011B4 (0x00000013) addi zero, zero, 0


mem[X,0x800011B8] -> 0xA703
mem[X,0x800011BA] -> 0x0147
[1996] [U]: 0x900011B8 (0x0147A703) lw a4, 20(a5)
mem[R,0x80C02914] -> 0x20300401
mem[R,0x80C01000] -> 0x203000DF
mem[R,0x80C00014] -> 0x00000120
x14 <- 0x00000120


mem[R,0x80C02900] -> 0x200000DB
mem[X,0x800011BC] -> 0x0013
mem[X,0x800011BE] -> 0x0000
[1997] [U]: 0x900011BC (0x00000013) addi zero, zero, 0


mem[X,0x800011C0] -> 0x0013
mem[X,0x800011C2] -> 0x0000
[1998] [U]: 0x900011C0 (0x00000013) addi zero, zero, 0


mem[X,0x800011C4] -> 0xA823
mem[X,0x800011C6] -> 0x06ED
[1999] [U]: 0x900011C4 (0x06EDA823) sw a4, 112(s11)
mem[R,0x80C02930] -> 0x20300401
mem[R,0x80C01050] -> 0x203008D7
mem[0x80C02584] <- 0x00000120


clint::tick mtime <- 0x0000000000000014
 clint timer pending at mtime 0x0000000000000014
htif::tick 0x0000000000000000
mem[R,0x80C02900] -> 0x200000DB
mem[X,0x800011C8] -> 0x0313
mem[X,0x800011CA] -> 0x0000
[2000] [U]: 0x900011C8 (0x00000313) addi t1, zero, 0
x6 <- 0x00000000


mem[X,0x800011CC] -> 0x0463
mem[X,0x800011CE] -> 0x0203
[2001] [U]: 0x900011CC (0x02030463) beq t1, zero, 40


mem[X,0x800011F4] -> 0x12B7
mem[X,0x800011F6] -> 0x0000
[2002] [U]: 0x900011F4 (0x000012B7) lui t0, 1
x5 <- 0x00001000


mem[X,0x800011F8] -> 0x8293
mem[X,0x800011FA] -> 0xFFC2
[2003] [U]: 0x900011F8 (0xFFC28293) addi t0, t0, 4092
x5 <- 0x00000FFC


mem[X,0x800011FC] -> 0xD793
mem[X,0x800011FE] -> 0x00C7
[2004] [U]: 0x900011FC (0x00C7D793) srli a5, a5, 12
x15 <- 0x00091400


mem[X,0x80001200] -> 0x9793
mem[X,0x80001202] -> 0x00C7
[2005] [U]: 0x90001200 (0x00C79793) slli a5, a5, 12
x15 <- 0x91400000


mem[X,0x80001204] -> 0x82B3
mem[X,0x80001206] -> 0x0057
[2006] [U]: 0x90001204 (0x005782B3) add t0, a5, t0
x5 <- 0x91400FFC


mem[X,0x80001208] -> 0x80E7
mem[X,0x8000120A] -> 0x0002
[2007] [U]: 0x90001208 (0x000280E7) jalr ra, t0, 0
x1 <- 0x9000120C


mem[R,0x80C02914] -> 0x20300401
mem[R,0x80C01000] -> 0x203000DF
mem[X,0x80C00FFC] -> 0x8067
mem[X,0x80C00FFE] -> 0x0000
[2008] [U]: 0x91400FFC (0x00008067) jalr zero, ra, 0


mem[R,0x80C02900] -> 0x200000DB
mem[X,0x8000120C] -> 0x0013
mem[X,0x8000120E] -> 0x0000
[2009] [U]: 0x9000120C (0x00000013) addi zero, zero, 0


mem[X,0x80001210] -> 0x0013
mem[X,0x80001212] -> 0x0000
[2010] [U]: 0x90001210 (0x00000013) addi zero, zero, 0


mem[X,0x80001214] -> 0xAA23
mem[X,0x80001216] -> 0x06CD
[2011] [U]: 0x90001214 (0x06CDAA23) sw a2, 116(s11)
mem[R,0x80C02930] -> 0x20300401
mem[R,0x80C01050] -> 0x203008D7
mem[0x80C02588] <- 0x00000120


mem[R,0x80C02900] -> 0x200000DB
mem[X,0x80001218] -> 0x0013
mem[X,0x8000121A] -> 0x0000
[2012] [U]: 0x90001218 (0x00000013) addi zero, zero, 0


mem[X,0x8000121C] -> 0x0013
mem[X,0x8000121E] -> 0x0000
[2013] [U]: 0x9000121C (0x00000013) addi zero, zero, 0


mem[X,0x80001220] -> 0x0737
mem[X,0x80001222] -> 0x0001
[2014] [U]: 0x90001220 (0x00010737) lui a4, 16
x14 <- 0x00010000


mem[X,0x80001224] -> 0x0713
mem[X,0x80001226] -> 0xEEB7
[2015] [U]: 0x90001224 (0xEEB70713) addi a4, a4, 3819
x14 <- 0x0000FEEB


mem[X,0x80001228] -> 0xAC23
mem[X,0x8000122A] -> 0x06ED
[2016] [U]: 0x90001228 (0x06EDAC23) sw a4, 120(s11)
mem[R,0x80C02930] -> 0x20300401
mem[R,0x80C01050] -> 0x203008D7
mem[0x80C0258C] <- 0x0000FEEB


mem[R,0x80C02900] -> 0x200000DB
mem[X,0x8000122C] -> 0x0113
mem[X,0x8000122E] -> 0x0000
[2017] [U]: 0x9000122C (0x00000113) addi sp, zero, 0
x2 <- 0x00000000


mem[X,0x80001230] -> 0x0073
mem[X,0x80001232] -> 0x0000
[2018] [U]: 0x90001230 (0x00000073) ecall
trapping from U to M to handle u-call
handling exc#0x08 at priv M with tval 0x00000000
CSR mstatus <- 0x00000000


mem[X,0x80001D00] -> 0x006F
mem[X,0x80001D02] -> 0x0800
[2019] [M]: 0x80001D00 (0x0800006F) jal zero, 128


mem[X,0x80001D80] -> 0x1173
mem[X,0x80001D82] -> 0x3401
[2020] [M]: 0x80001D80 (0x34011173) csrrw sp, mscratch, sp
CSR mscratch -> 0x80400000
CSR mscratch <- 0x00000000 (input: 0x00000000)
x2 <- 0x80400000


mem[X,0x80001D84] -> 0x2823
mem[X,0x80001D86] -> 0x1EB1
[2021] [M]: 0x80001D84 (0x1EB12823) sw a1, 496(sp)
mem[0x804001F0] <- 0x000000DF


mem[X,0x80001D88] -> 0x05EF
mem[X,0x80001D8A] -> 0x0B80
[2022] [M]: 0x80001D88 (0x0B8005EF) jal a1, 184
x11 <- 0x80001D8C


mem[X,0x80001E40] -> 0x2623
mem[X,0x80001E42] -> 0x1EA1
[2023] [M]: 0x80001E40 (0x1EA12623) sw a0, 492(sp)
mem[0x804001EC] <- 0x203000DF


mem[X,0x80001E44] -> 0x1573
mem[X,0x80001E46] -> 0x3401
[2024] [M]: 0x80001E44 (0x34011573) csrrw a0, mscratch, sp
CSR mscratch -> 0x00000000
CSR mscratch <- 0x80400000 (input: 0x80400000)
x10 <- 0x00000000


mem[X,0x80001E48] -> 0x2A23
mem[X,0x80001E4A] -> 0x1EA1
[2025] [M]: 0x80001E48 (0x1EA12A23) sw a0, 500(sp)
mem[0x804001F4] <- 0x00000000


mem[X,0x80001E4C] -> 0x2503
mem[X,0x80001E4E] -> 0x1B01
[2026] [M]: 0x80001E4C (0x1B012503) lw a0, 432(sp)
mem[R,0x804001B0] -> 0x80001E54
x10 <- 0x80001E54


mem[X,0x80001E50] -> 0x0067
mem[X,0x80001E52] -> 0x0005
[2027] [M]: 0x80001E50 (0x00050067) jalr zero, a0, 0


mem[X,0x80001E54] -> 0x2423
mem[X,0x80001E56] -> 0x1E91
[2028] [M]: 0x80001E54 (0x1E912423) sw s1, 488(sp)
mem[0x804001E8] <- 0x90001030


mem[X,0x80001E58] -> 0x2223
mem[X,0x80001E5A] -> 0x1E81
[2029] [M]: 0x80001E58 (0x1E812223) sw fp, 484(sp)
mem[0x804001E4] <- 0x00000000


mem[X,0x80001E5C] -> 0x2023
mem[X,0x80001E5E] -> 0x1E71
[2030] [M]: 0x80001E5C (0x1E712023) sw t2, 480(sp)
mem[0x804001E0] <- 0x80001030


mem[X,0x80001E60] -> 0x2E23
mem[X,0x80001E62] -> 0x1C61
[2031] [M]: 0x80001E60 (0x1C612E23) sw t1, 476(sp)
mem[0x804001DC] <- 0x00000000


mem[X,0x80001E64] -> 0x2573
mem[X,0x80001E66] -> 0x3420
[2032] [M]: 0x80001E64 (0x34202573) csrrs a0, mcause, zero
CSR mcause -> 0x00000008
x10 <- 0x00000008


mem[X,0x80001E68] -> 0x14B7
mem[X,0x80001E6A] -> 0x8000
[2033] [M]: 0x80001E68 (0x800014B7) lui s1, 524289
x9 <- 0x80001000


mem[X,0x80001E6C] -> 0x8493
mem[X,0x80001E6E] -> 0xFFC4
[2034] [M]: 0x80001E6C (0xFFC48493) addi s1, s1, 4092
x9 <- 0x80000FFC


mem[X,0x80001E70] -> 0xF4B3
mem[X,0x80001E72] -> 0x00A4
[2035] [M]: 0x80001E70 (0x00A4F4B3) and s1, s1, a0
x9 <- 0x00000008


mem[X,0x80001E74] -> 0x8493
mem[X,0x80001E76] -> 0xFF84
[2036] [M]: 0x80001E74 (0xFF848493) addi s1, s1, 4088
x9 <- 0x00000000


mem[X,0x80001E78] -> 0x9663
mem[X,0x80001E7A] -> 0x0004
[2037] [M]: 0x80001E78 (0x00049663) bne s1, zero, 12


mem[X,0x80001E7C] -> 0x2383
mem[X,0x80001E7E] -> 0x1F41
[2038] [M]: 0x80001E7C (0x1F412383) lw t2, 500(sp)
mem[R,0x804001F4] -> 0x00000000
x7 <- 0x00000000


mem[X,0x80001E80] -> 0x8663
mem[X,0x80001E82] -> 0x4803
[2039] [M]: 0x80001E80 (0x48038663) beq t2, zero, 1164


mem[X,0x8000230C] -> 0x0493
mem[X,0x8000230E] -> 0xFF55
[2040] [M]: 0x8000230C (0xFF550493) addi s1, a0, 4085
x9 <- 0xFFFFFFFD


mem[X,0x80002310] -> 0x8C63
mem[X,0x80002312] -> 0x0004
[2041] [M]: 0x80002310 (0x00048C63) beq s1, zero, 24


mem[X,0x80002314] -> 0x2583
mem[X,0x80002316] -> 0x3501
[2042] [M]: 0x80002314 (0x35012583) lw a1, 848(sp)
mem[R,0x80400350] -> 0x9000036C
x11 <- 0x9000036C


mem[X,0x80002318] -> 0xD463
mem[X,0x8000231A] -> 0x0003
[2043] [M]: 0x80002318 (0x0003D463) bge t2, zero, 8


mem[X,0x80002320] -> 0x2483
mem[X,0x80002322] -> 0x1581
[2044] [M]: 0x80002320 (0x15812483) lw s1, 344(sp)
mem[R,0x80400158] -> 0x8000036C
x9 <- 0x8000036C


mem[X,0x80002324] -> 0x84B3
mem[X,0x80002326] -> 0x40B4
[2045] [M]: 0x80002324 (0x40B484B3) sub s1, s1, a1
x9 <- 0xF0000000


mem[X,0x80002328] -> 0x23F3
mem[X,0x8000232A] -> 0x3410
[2046] [M]: 0x80002328 (0x341023F3) csrrs t2, mepc, zero
CSR mepc -> 0x90001230
x7 <- 0x90001230


mem[X,0x8000232C] -> 0x83B3
mem[X,0x8000232E] -> 0x0093
[2047] [M]: 0x8000232C (0x009383B3) add t2, t2, s1
x7 <- 0x80001230


mem[X,0x80002330] -> 0x2303
mem[X,0x80002332] -> 0x1DC1
[2048] [M]: 0x80002330 (0x1DC12303) lw t1, 476(sp)
mem[R,0x804001DC] -> 0x00000000
x6 <- 0x00000000


mem[X,0x80002334] -> 0x2403
mem[X,0x80002336] -> 0x1E41
[2049] [M]: 0x80002334 (0x1E412403) lw fp, 484(sp)
mem[R,0x804001E4] -> 0x00000000
x8 <- 0x00000000


mem[X,0x80002338] -> 0x2483
mem[X,0x8000233A] -> 0x1E81
[2050] [M]: 0x80002338 (0x1E812483) lw s1, 488(sp)
mem[R,0x804001E8] -> 0x90001030
x9 <- 0x90001030


mem[X,0x8000233C] -> 0x2503
mem[X,0x8000233E] -> 0x1EC1
[2051] [M]: 0x8000233C (0x1EC12503) lw a0, 492(sp)
mem[R,0x804001EC] -> 0x203000DF
x10 <- 0x203000DF


mem[X,0x80002340] -> 0x2583
mem[X,0x80002342] -> 0x1F01
[2052] [M]: 0x80002340 (0x1F012583) lw a1, 496(sp)
mem[R,0x804001F0] -> 0x000000DF
x11 <- 0x000000DF


mem[X,0x80002344] -> 0x2103
mem[X,0x80002346] -> 0x1F41
[2053] [M]: 0x80002344 (0x1F412103) lw sp, 500(sp)
mem[R,0x804001F4] -> 0x00000000
x2 <- 0x00000000


mem[X,0x80002348] -> 0x8067
mem[X,0x8000234A] -> 0x0043
[2054] [M]: 0x80002348 (0x00438067) jalr zero, t2, 4


mem[X,0x80001234] -> 0x0713
mem[X,0x80001236] -> 0x1230
[2055] [M]: 0x80001234 (0x12300713) addi a4, zero, 291
x14 <- 0x00000123


mem[X,0x80001238] -> 0xAE23
mem[X,0x8000123A] -> 0x06E6
[2056] [M]: 0x80001238 (0x06E6AE23) sw a4, 124(a3)
mem[0x80C02590] <- 0x00000123


mem[X,0x8000123C] -> 0x0013
mem[X,0x8000123E] -> 0x0000
[2057] [M]: 0x8000123C (0x00000013) addi zero, zero, 0


mem[X,0x80001240] -> 0x0517
mem[X,0x80001242] -> 0x00C0
[2058] [M]: 0x80001240 (0x00C00517) auipc a0, 3072
x10 <- 0x80C01240


mem[X,0x80001244] -> 0x0513
mem[X,0x80001246] -> 0xDC05
[2059] [M]: 0x80001244 (0xDC050513) addi a0, a0, 3520
x10 <- 0x80C01000


mem[X,0x80001248] -> 0x0013
mem[X,0x8000124A] -> 0x0000
[2060] [M]: 0x80001248 (0x00000013) addi zero, zero, 0


mem[X,0x8000124C] -> 0x0013
mem[X,0x8000124E] -> 0x0000
[2061] [M]: 0x8000124C (0x00000013) addi zero, zero, 0


mem[X,0x80001250] -> 0x0013
mem[X,0x80001252] -> 0x0000
[2062] [M]: 0x80001250 (0x00000013) addi zero, zero, 0


mem[X,0x80001254] -> 0x0013
mem[X,0x80001256] -> 0x0000
[2063] [M]: 0x80001254 (0x00000013) addi zero, zero, 0


mem[X,0x80001258] -> 0x0013
mem[X,0x8000125A] -> 0x0000
[2064] [M]: 0x80001258 (0x00000013) addi zero, zero, 0


mem[X,0x8000125C] -> 0x0013
mem[X,0x8000125E] -> 0x0000
[2065] [M]: 0x8000125C (0x00000013) addi zero, zero, 0


mem[X,0x80001260] -> 0x0593
mem[X,0x80001262] -> 0x0010
[2066] [M]: 0x80001260 (0x00100593) addi a1, zero, 1
x11 <- 0x00000001


mem[X,0x80001264] -> 0x5513
mem[X,0x80001266] -> 0x00C5
[2067] [M]: 0x80001264 (0x00C55513) srli a0, a0, 12
x10 <- 0x00080C01


mem[X,0x80001268] -> 0x1513
mem[X,0x8000126A] -> 0x00A5
[2068] [M]: 0x80001268 (0x00A51513) slli a0, a0, 10
x10 <- 0x20300400


mem[X,0x8000126C] -> 0x6533
mem[X,0x8000126E] -> 0x00B5
[2069] [M]: 0x8000126C (0x00B56533) or a0, a0, a1
x10 <- 0x20300401


mem[X,0x80001270] -> 0x0013
mem[X,0x80001272] -> 0x0000
[2070] [M]: 0x80001270 (0x00000013) addi zero, zero, 0


mem[X,0x80001274] -> 0x0013
mem[X,0x80001276] -> 0x0000
[2071] [M]: 0x80001274 (0x00000013) addi zero, zero, 0


mem[X,0x80001278] -> 0x0013
mem[X,0x8000127A] -> 0x0000
[2072] [M]: 0x80001278 (0x00000013) addi zero, zero, 0


mem[X,0x8000127C] -> 0x0013
mem[X,0x8000127E] -> 0x0000
[2073] [M]: 0x8000127C (0x00000013) addi zero, zero, 0


mem[X,0x80001280] -> 0x1317
mem[X,0x80001282] -> 0x00C0
[2074] [M]: 0x80001280 (0x00C01317) auipc t1, 3073
x6 <- 0x80C02280


mem[X,0x80001284] -> 0x0313
mem[X,0x80001286] -> 0xD803
[2075] [M]: 0x80001284 (0xD8030313) addi t1, t1, 3456
x6 <- 0x80C02000


mem[X,0x80001288] -> 0x0013
mem[X,0x8000128A] -> 0x0000
[2076] [M]: 0x80001288 (0x00000013) addi zero, zero, 0


mem[X,0x8000128C] -> 0x0013
mem[X,0x8000128E] -> 0x0000
[2077] [M]: 0x8000128C (0x00000013) addi zero, zero, 0


mem[X,0x80001290] -> 0x0013
mem[X,0x80001292] -> 0x0000
[2078] [M]: 0x80001290 (0x00000013) addi zero, zero, 0


mem[X,0x80001294] -> 0x0013
mem[X,0x80001296] -> 0x0000
[2079] [M]: 0x80001294 (0x00000013) addi zero, zero, 0


mem[X,0x80001298] -> 0x0013
mem[X,0x8000129A] -> 0x0000
[2080] [M]: 0x80001298 (0x00000013) addi zero, zero, 0


mem[X,0x8000129C] -> 0x0013
mem[X,0x8000129E] -> 0x0000
[2081] [M]: 0x8000129C (0x00000013) addi zero, zero, 0


mem[X,0x800012A0] -> 0x12B7
mem[X,0x800012A2] -> 0x0000
[2082] [M]: 0x800012A0 (0x000012B7) lui t0, 1
x5 <- 0x00001000


mem[X,0x800012A4] -> 0x8293
mem[X,0x800012A6] -> 0x9142
[2083] [M]: 0x800012A4 (0x91428293) addi t0, t0, 2324
x5 <- 0x00000914


mem[X,0x800012A8] -> 0x0333
mem[X,0x800012AA] -> 0x0053
[2084] [M]: 0x800012A8 (0x00530333) add t1, t1, t0
x6 <- 0x80C02914


mem[X,0x800012AC] -> 0x2023
mem[X,0x800012AE] -> 0x00A3
[2085] [M]: 0x800012AC (0x00A32023) sw a0, 0(t1)
mem[0x80C02914] <- 0x20300401


mem[X,0x800012B0] -> 0x0013
mem[X,0x800012B2] -> 0x0000
[2086] [M]: 0x800012B0 (0x00000013) addi zero, zero, 0


mem[X,0x800012B4] -> 0x0013
mem[X,0x800012B6] -> 0x0000
[2087] [M]: 0x800012B4 (0x00000013) addi zero, zero, 0


mem[X,0x800012B8] -> 0x0013
mem[X,0x800012BA] -> 0x0000
[2088] [M]: 0x800012B8 (0x00000013) addi zero, zero, 0


mem[X,0x800012BC] -> 0x0013
mem[X,0x800012BE] -> 0x0000
[2089] [M]: 0x800012BC (0x00000013) addi zero, zero, 0


mem[X,0x800012C0] -> 0xF517
mem[X,0x800012C2] -> 0x00BF
[2090] [M]: 0x800012C0 (0x00BFF517) auipc a0, 3071
x10 <- 0x80C002C0


mem[X,0x800012C4] -> 0x0513
mem[X,0x800012C6] -> 0xD405
[2091] [M]: 0x800012C4 (0xD4050513) addi a0, a0, 3392
x10 <- 0x80C00000


mem[X,0x800012C8] -> 0x0013
mem[X,0x800012CA] -> 0x0000
[2092] [M]: 0x800012C8 (0x00000013) addi zero, zero, 0


mem[X,0x800012CC] -> 0x0013
mem[X,0x800012CE] -> 0x0000
[2093] [M]: 0x800012CC (0x00000013) addi zero, zero, 0


mem[X,0x800012D0] -> 0x0013
mem[X,0x800012D2] -> 0x0000
[2094] [M]: 0x800012D0 (0x00000013) addi zero, zero, 0


mem[X,0x800012D4] -> 0x0013
mem[X,0x800012D6] -> 0x0000
[2095] [M]: 0x800012D4 (0x00000013) addi zero, zero, 0


mem[X,0x800012D8] -> 0x0013
mem[X,0x800012DA] -> 0x0000
[2096] [M]: 0x800012D8 (0x00000013) addi zero, zero, 0


mem[X,0x800012DC] -> 0x0013
mem[X,0x800012DE] -> 0x0000
[2097] [M]: 0x800012DC (0x00000013) addi zero, zero, 0


mem[X,0x800012E0] -> 0x0593
mem[X,0x800012E2] -> 0x0D90
[2098] [M]: 0x800012E0 (0x0D900593) addi a1, zero, 217
x11 <- 0x000000D9


mem[X,0x800012E4] -> 0x5513
mem[X,0x800012E6] -> 0x00C5
[2099] [M]: 0x800012E4 (0x00C55513) srli a0, a0, 12
x10 <- 0x00080C00


clint::tick mtime <- 0x0000000000000015
 clint timer pending at mtime 0x0000000000000015
htif::tick 0x0000000000000000
mem[X,0x800012E8] -> 0x1513
mem[X,0x800012EA] -> 0x00A5
[2100] [M]: 0x800012E8 (0x00A51513) slli a0, a0, 10
x10 <- 0x20300000


mem[X,0x800012EC] -> 0x6533
mem[X,0x800012EE] -> 0x00B5
[2101] [M]: 0x800012EC (0x00B56533) or a0, a0, a1
x10 <- 0x203000D9


mem[X,0x800012F0] -> 0x0013
mem[X,0x800012F2] -> 0x0000
[2102] [M]: 0x800012F0 (0x00000013) addi zero, zero, 0


mem[X,0x800012F4] -> 0x0013
mem[X,0x800012F6] -> 0x0000
[2103] [M]: 0x800012F4 (0x00000013) addi zero, zero, 0


mem[X,0x800012F8] -> 0x0013
mem[X,0x800012FA] -> 0x0000
[2104] [M]: 0x800012F8 (0x00000013) addi zero, zero, 0


mem[X,0x800012FC] -> 0x0013
mem[X,0x800012FE] -> 0x0000
[2105] [M]: 0x800012FC (0x00000013) addi zero, zero, 0


mem[X,0x80001300] -> 0x0317
mem[X,0x80001302] -> 0x00C0
[2106] [M]: 0x80001300 (0x00C00317) auipc t1, 3072
x6 <- 0x80C01300


mem[X,0x80001304] -> 0x0313
mem[X,0x80001306] -> 0xD003
[2107] [M]: 0x80001304 (0xD0030313) addi t1, t1, 3328
x6 <- 0x80C01000


mem[X,0x80001308] -> 0x0013
mem[X,0x8000130A] -> 0x0000
[2108] [M]: 0x80001308 (0x00000013) addi zero, zero, 0


mem[X,0x8000130C] -> 0x0013
mem[X,0x8000130E] -> 0x0000
[2109] [M]: 0x8000130C (0x00000013) addi zero, zero, 0


mem[X,0x80001310] -> 0x0013
mem[X,0x80001312] -> 0x0000
[2110] [M]: 0x80001310 (0x00000013) addi zero, zero, 0


mem[X,0x80001314] -> 0x0013
mem[X,0x80001316] -> 0x0000
[2111] [M]: 0x80001314 (0x00000013) addi zero, zero, 0


mem[X,0x80001318] -> 0x0013
mem[X,0x8000131A] -> 0x0000
[2112] [M]: 0x80001318 (0x00000013) addi zero, zero, 0


mem[X,0x8000131C] -> 0x0013
mem[X,0x8000131E] -> 0x0000
[2113] [M]: 0x8000131C (0x00000013) addi zero, zero, 0


mem[X,0x80001320] -> 0x0293
mem[X,0x80001322] -> 0x0000
[2114] [M]: 0x80001320 (0x00000293) addi t0, zero, 0
x5 <- 0x00000000


mem[X,0x80001324] -> 0x0333
mem[X,0x80001326] -> 0x0053
[2115] [M]: 0x80001324 (0x00530333) add t1, t1, t0
x6 <- 0x80C01000


mem[X,0x80001328] -> 0x2023
mem[X,0x8000132A] -> 0x00A3
[2116] [M]: 0x80001328 (0x00A32023) sw a0, 0(t1)
mem[0x80C01000] <- 0x203000D9


mem[X,0x8000132C] -> 0x0073
mem[X,0x8000132E] -> 0x1200
[2117] [M]: 0x8000132C (0x12000073) sfence.vma zero, zero


mem[X,0x80001330] -> 0x24B7
mem[X,0x80001332] -> 0x0000
[2118] [M]: 0x80001330 (0x000024B7) lui s1, 2
x9 <- 0x00002000


mem[X,0x80001334] -> 0x8493
mem[X,0x80001336] -> 0x8004
[2119] [M]: 0x80001334 (0x80048493) addi s1, s1, 2048
x9 <- 0x00001800


mem[X,0x80001338] -> 0xB073
mem[X,0x8000133A] -> 0x3004
[2120] [M]: 0x80001338 (0x3004B073) csrrc zero, mstatus, s1
CSR mstatus -> 0x00000000
CSR mstatus <- 0x00000000 (input: 0x00000000)


mem[X,0x8000133C] -> 0x2173
mem[X,0x8000133E] -> 0x3400
[2121] [M]: 0x8000133C (0x34002173) csrrs sp, mscratch, zero
CSR mscratch -> 0x80400000
x2 <- 0x80400000


mem[X,0x80001340] -> 0x2303
mem[X,0x80001342] -> 0x3501
[2122] [M]: 0x80001340 (0x35012303) lw t1, 848(sp)
mem[R,0x80400350] -> 0x9000036C
x6 <- 0x9000036C


mem[X,0x80001344] -> 0x2483
mem[X,0x80001346] -> 0x1581
[2123] [M]: 0x80001344 (0x15812483) lw s1, 344(sp)
mem[R,0x80400158] -> 0x8000036C
x9 <- 0x8000036C


mem[X,0x80001348] -> 0x0333
mem[X,0x8000134A] -> 0x4093
[2124] [M]: 0x80001348 (0x40930333) sub t1, t1, s1
x6 <- 0x10000000


mem[X,0x8000134C] -> 0x0313
mem[X,0x8000134E] -> 0x0103
[2125] [M]: 0x8000134C (0x01030313) addi t1, t1, 16
x6 <- 0x10000010


mem[X,0x80001350] -> 0x0497
mem[X,0x80001352] -> 0x0000
[2126] [M]: 0x80001350 (0x00000497) auipc s1, 0
x9 <- 0x80001350


mem[X,0x80001354] -> 0x84B3
mem[X,0x80001356] -> 0x0064
[2127] [M]: 0x80001354 (0x006484B3) add s1, s1, t1
x9 <- 0x90001360


mem[X,0x80001358] -> 0x94F3
mem[X,0x8000135A] -> 0x3414
[2128] [M]: 0x80001358 (0x341494F3) csrrw s1, mepc, s1
CSR mepc -> 0x90001230
CSR mepc <- 0x90001360 (input: 0x90001360)
x9 <- 0x90001230


mem[X,0x8000135C] -> 0x0073
mem[X,0x8000135E] -> 0x3020
[2129] [M]: 0x8000135C (0x30200073) mret
CSR mstatus <- 0x00000080
ret-ing from M to U


mem[R,0x80C02900] -> 0x200000DB
mem[X,0x80001360] -> 0xE737
mem[X,0x80001362] -> 0x0000
[2130] [U]: 0x90001360 (0x0000E737) lui a4, 14
x14 <- 0x0000E000


mem[X,0x80001364] -> 0x0713
mem[X,0x80001366] -> 0xEAD7
[2131] [U]: 0x90001364 (0xEAD70713) addi a4, a4, 3757
x14 <- 0x0000DEAD


mem[X,0x80001368] -> 0xA023
mem[X,0x8000136A] -> 0x08ED
[2132] [U]: 0x90001368 (0x08EDA023) sw a4, 128(s11)
mem[R,0x80C02930] -> 0x20300401
mem[R,0x80C01050] -> 0x203008D7
mem[0x80C02594] <- 0x0000DEAD


mem[R,0x80C02900] -> 0x200000DB
mem[X,0x8000136C] -> 0x0013
mem[X,0x8000136E] -> 0x0000
[2133] [U]: 0x9000136C (0x00000013) addi zero, zero, 0


mem[X,0x80001370] -> 0x0013
mem[X,0x80001372] -> 0x0000
[2134] [U]: 0x90001370 (0x00000013) addi zero, zero, 0


mem[X,0x80001374] -> 0x0013
mem[X,0x80001376] -> 0x0000
[2135] [U]: 0x90001374 (0x00000013) addi zero, zero, 0


mem[X,0x80001378] -> 0x0013
mem[X,0x8000137A] -> 0x0000
[2136] [U]: 0x90001378 (0x00000013) addi zero, zero, 0


mem[X,0x8000137C] -> 0x0013
mem[X,0x8000137E] -> 0x0000
[2137] [U]: 0x9000137C (0x00000013) addi zero, zero, 0


mem[X,0x80001380] -> 0x07B7
mem[X,0x80001382] -> 0x9140
[2138] [U]: 0x90001380 (0x914007B7) lui a5, 594944
x15 <- 0x91400000


mem[X,0x80001384] -> 0x0013
mem[X,0x80001386] -> 0x0000
[2139] [U]: 0x90001384 (0x00000013) addi zero, zero, 0


mem[X,0x80001388] -> 0x0013
mem[X,0x8000138A] -> 0x0000
[2140] [U]: 0x90001388 (0x00000013) addi zero, zero, 0


mem[X,0x8000138C] -> 0x0013
mem[X,0x8000138E] -> 0x0000
[2141] [U]: 0x9000138C (0x00000013) addi zero, zero, 0


mem[X,0x80001390] -> 0x0013
mem[X,0x80001392] -> 0x0000
[2142] [U]: 0x90001390 (0x00000013) addi zero, zero, 0


mem[X,0x80001394] -> 0x0013
mem[X,0x80001396] -> 0x0000
[2143] [U]: 0x90001394 (0x00000013) addi zero, zero, 0


mem[X,0x80001398] -> 0x0013
mem[X,0x8000139A] -> 0x0000
[2144] [U]: 0x90001398 (0x00000013) addi zero, zero, 0


mem[X,0x8000139C] -> 0x0013
mem[X,0x8000139E] -> 0x0000
[2145] [U]: 0x9000139C (0x00000013) addi zero, zero, 0


mem[X,0x800013A0] -> 0x0613
mem[X,0x800013A2] -> 0x0106
[2146] [U]: 0x900013A0 (0x01060613) addi a2, a2, 16
x12 <- 0x00000130


mem[X,0x800013A4] -> 0x0713
mem[X,0x800013A6] -> 0x0106
[2147] [U]: 0x900013A4 (0x01060713) addi a4, a2, 16
x14 <- 0x00000140


mem[X,0x800013A8] -> 0x0613
mem[X,0x800013AA] -> 0x0107
[2148] [U]: 0x900013A8 (0x01070613) addi a2, a4, 16
x12 <- 0x00000150


mem[X,0x800013AC] -> 0xAA23
mem[X,0x800013AE] -> 0x00C7
[2149] [U]: 0x900013AC (0x00C7AA23) sw a2, 20(a5)
mem[R,0x80C02914] -> 0x20300401
mem[R,0x80C01000] -> 0x203000D9
trapping from U to M to handle store/amo-page-fault
handling exc#0x0F at priv M with tval 0x91400014
CSR mstatus <- 0x00000000


mem[X,0x80001D00] -> 0x006F
mem[X,0x80001D02] -> 0x0800
[2150] [M]: 0x80001D00 (0x0800006F) jal zero, 128


mem[X,0x80001D80] -> 0x1173
mem[X,0x80001D82] -> 0x3401
[2151] [M]: 0x80001D80 (0x34011173) csrrw sp, mscratch, sp
CSR mscratch -> 0x80400000
CSR mscratch <- 0x80400000 (input: 0x80400000)
x2 <- 0x80400000


mem[X,0x80001D84] -> 0x2823
mem[X,0x80001D86] -> 0x1EB1
[2152] [M]: 0x80001D84 (0x1EB12823) sw a1, 496(sp)
mem[0x804001F0] <- 0x000000D9


mem[X,0x80001D88] -> 0x05EF
mem[X,0x80001D8A] -> 0x0B80
[2153] [M]: 0x80001D88 (0x0B8005EF) jal a1, 184
x11 <- 0x80001D8C


mem[X,0x80001E40] -> 0x2623
mem[X,0x80001E42] -> 0x1EA1
[2154] [M]: 0x80001E40 (0x1EA12623) sw a0, 492(sp)
mem[0x804001EC] <- 0x203000D9


mem[X,0x80001E44] -> 0x1573
mem[X,0x80001E46] -> 0x3401
[2155] [M]: 0x80001E44 (0x34011573) csrrw a0, mscratch, sp
CSR mscratch -> 0x80400000
CSR mscratch <- 0x80400000 (input: 0x80400000)
x10 <- 0x80400000


mem[X,0x80001E48] -> 0x2A23
mem[X,0x80001E4A] -> 0x1EA1
[2156] [M]: 0x80001E48 (0x1EA12A23) sw a0, 500(sp)
mem[0x804001F4] <- 0x80400000


mem[X,0x80001E4C] -> 0x2503
mem[X,0x80001E4E] -> 0x1B01
[2157] [M]: 0x80001E4C (0x1B012503) lw a0, 432(sp)
mem[R,0x804001B0] -> 0x80001E54
x10 <- 0x80001E54


mem[X,0x80001E50] -> 0x0067
mem[X,0x80001E52] -> 0x0005
[2158] [M]: 0x80001E50 (0x00050067) jalr zero, a0, 0


mem[X,0x80001E54] -> 0x2423
mem[X,0x80001E56] -> 0x1E91
[2159] [M]: 0x80001E54 (0x1E912423) sw s1, 488(sp)
mem[0x804001E8] <- 0x90001230


mem[X,0x80001E58] -> 0x2223
mem[X,0x80001E5A] -> 0x1E81
[2160] [M]: 0x80001E58 (0x1E812223) sw fp, 484(sp)
mem[0x804001E4] <- 0x00000000


mem[X,0x80001E5C] -> 0x2023
mem[X,0x80001E5E] -> 0x1E71
[2161] [M]: 0x80001E5C (0x1E712023) sw t2, 480(sp)
mem[0x804001E0] <- 0x80001230


mem[X,0x80001E60] -> 0x2E23
mem[X,0x80001E62] -> 0x1C61
[2162] [M]: 0x80001E60 (0x1C612E23) sw t1, 476(sp)
mem[0x804001DC] <- 0x10000010


mem[X,0x80001E64] -> 0x2573
mem[X,0x80001E66] -> 0x3420
[2163] [M]: 0x80001E64 (0x34202573) csrrs a0, mcause, zero
CSR mcause -> 0x0000000F
x10 <- 0x0000000F


mem[X,0x80001E68] -> 0x14B7
mem[X,0x80001E6A] -> 0x8000
[2164] [M]: 0x80001E68 (0x800014B7) lui s1, 524289
x9 <- 0x80001000


mem[X,0x80001E6C] -> 0x8493
mem[X,0x80001E6E] -> 0xFFC4
[2165] [M]: 0x80001E6C (0xFFC48493) addi s1, s1, 4092
x9 <- 0x80000FFC


mem[X,0x80001E70] -> 0xF4B3
mem[X,0x80001E72] -> 0x00A4
[2166] [M]: 0x80001E70 (0x00A4F4B3) and s1, s1, a0
x9 <- 0x0000000C


mem[X,0x80001E74] -> 0x8493
mem[X,0x80001E76] -> 0xFF84
[2167] [M]: 0x80001E74 (0xFF848493) addi s1, s1, 4088
x9 <- 0x00000004


mem[X,0x80001E78] -> 0x9663
mem[X,0x80001E7A] -> 0x0004
[2168] [M]: 0x80001E78 (0x00049663) bne s1, zero, 12


mem[X,0x80001E84] -> 0x0393
mem[X,0x80001E86] -> 0x0100
[2169] [M]: 0x80001E84 (0x01000393) addi t2, zero, 16
x7 <- 0x00000010


mem[X,0x80001E88] -> 0x5E63
mem[X,0x80001E8A] -> 0x0205
[2170] [M]: 0x80001E88 (0x02055E63) bge a0, zero, 60


mem[X,0x80001EC4] -> 0x2373
mem[X,0x80001EC6] -> 0x3010
[2171] [M]: 0x80001EC4 (0x30102373) csrrs t1, misa, zero
CSR misa -> 0x4014112D
x6 <- 0x4014112D


mem[X,0x80001EC8] -> 0x1313
mem[X,0x80001ECA] -> 0x0183
[2172] [M]: 0x80001EC8 (0x01831313) slli t1, t1, 24
x6 <- 0x2D000000


mem[X,0x80001ECC] -> 0x5463
mem[X,0x80001ECE] -> 0x0003
[2173] [M]: 0x80001ECC (0x00035463) bge t1, zero, 8


mem[X,0x80001ED4] -> 0x2303
mem[X,0x80001ED6] -> 0x1981
[2174] [M]: 0x80001ED4 (0x19812303) lw t1, 408(sp)
mem[R,0x80400198] -> 0x80C02674
x6 <- 0x80C02674


mem[X,0x80001ED8] -> 0x04B3
mem[X,0x80001EDA] -> 0x0073
[2175] [M]: 0x80001ED8 (0x007304B3) add s1, t1, t2
x9 <- 0x80C02684


mem[X,0x80001EDC] -> 0x2C23
mem[X,0x80001EDE] -> 0x1891
[2176] [M]: 0x80001EDC (0x18912C23) sw s1, 408(sp)
mem[0x80400198] <- 0x80C02684


mem[X,0x80001EE0] -> 0x2403
mem[X,0x80001EE2] -> 0x1781
[2177] [M]: 0x80001EE0 (0x17812403) lw fp, 376(sp)
mem[R,0x80400178] -> 0x80C02510
x8 <- 0x80C02510


mem[X,0x80001EE4] -> 0x0333
mem[X,0x80001EE6] -> 0x4083
[2178] [M]: 0x80001EE4 (0x40830333) sub t1, t1, fp
x6 <- 0x00000164


mem[X,0x80001EE8] -> 0x2403
mem[X,0x80001EEA] -> 0x1781
[2179] [M]: 0x80001EE8 (0x17812403) lw fp, 376(sp)
mem[R,0x80400178] -> 0x80C02510
x8 <- 0x80C02510


mem[X,0x80001EEC] -> 0x0333
mem[X,0x80001EEE] -> 0x0083
[2180] [M]: 0x80001EEC (0x00830333) add t1, t1, fp
x6 <- 0x80C02674


mem[X,0x80001EF0] -> 0x2403
mem[X,0x80001EF2] -> 0x1C01
[2181] [M]: 0x80001EF0 (0x1C012403) lw fp, 448(sp)
mem[R,0x804001C0] -> 0x80001D00
x8 <- 0x80001D00


mem[X,0x80001EF4] -> 0x85B3
mem[X,0x80001EF6] -> 0x4085
[2182] [M]: 0x80001EF4 (0x408585B3) sub a1, a1, fp
x11 <- 0x0000008C


mem[X,0x80001EF8] -> 0x9593
mem[X,0x80001EFA] -> 0x0045
[2183] [M]: 0x80001EF8 (0x00459593) slli a1, a1, 4
x11 <- 0x000008C0


mem[X,0x80001EFC] -> 0xE5B3
mem[X,0x80001EFE] -> 0x0075
[2184] [M]: 0x80001EFC (0x0075E5B3) or a1, a1, t2
x11 <- 0x000008D0


mem[X,0x80001F00] -> 0x8593
mem[X,0x80001F02] -> 0x0035
[2185] [M]: 0x80001F00 (0x00358593) addi a1, a1, 3
x11 <- 0x000008D3


mem[X,0x80001F04] -> 0x2023
mem[X,0x80001F06] -> 0x00B3
[2186] [M]: 0x80001F04 (0x00B32023) sw a1, 0(t1)
mem[0x80C02674] <- 0x000008D3


mem[X,0x80001F08] -> 0x2223
mem[X,0x80001F0A] -> 0x00A3
[2187] [M]: 0x80001F08 (0x00A32223) sw a0, 4(t1)
mem[0x80C02678] <- 0x0000000F


mem[X,0x80001F0C] -> 0x4C63
mem[X,0x80001F0E] -> 0x1405
[2188] [M]: 0x80001F0C (0x14054C63) blt a0, zero, 344


mem[X,0x80001F10] -> 0x25F3
mem[X,0x80001F12] -> 0x3000
[2189] [M]: 0x80001F10 (0x300025F3) csrrs a1, mstatus, zero
CSR mstatus -> 0x00000000
x11 <- 0x00000000


mem[X,0x80001F14] -> 0x9413
mem[X,0x80001F16] -> 0x00E5
[2190] [M]: 0x80001F14 (0x00E59413) slli fp, a1, 14
x8 <- 0x00000000


mem[X,0x80001F18] -> 0x5463
mem[X,0x80001F1A] -> 0x0004
[2191] [M]: 0x80001F18 (0x00045463) bge fp, zero, 8


mem[X,0x80001F20] -> 0xD493
mem[X,0x80001F22] -> 0x00B5
[2192] [M]: 0x80001F20 (0x00B5D493) srli s1, a1, 11
x9 <- 0x00000000


mem[X,0x80001F24] -> 0xF493
mem[X,0x80001F26] -> 0x0034
[2193] [M]: 0x80001F24 (0x0034F493) andi s1, s1, 3
x9 <- 0x00000000


mem[X,0x80001F28] -> 0x8493
mem[X,0x80001F2A] -> 0x0014
[2194] [M]: 0x80001F28 (0x00148493) addi s1, s1, 1
x9 <- 0x00000001


mem[X,0x80001F2C] -> 0xF493
mem[X,0x80001F2E] -> 0x0044
[2195] [M]: 0x80001F2C (0x0044F493) andi s1, s1, 4
x9 <- 0x00000000


mem[X,0x80001F30] -> 0x0593
mem[X,0x80001F32] -> 0x05D0
[2196] [M]: 0x80001F30 (0x05D00593) addi a1, zero, 93
x11 <- 0x0000005D


mem[X,0x80001F34] -> 0xD5B3
mem[X,0x80001F36] -> 0x0095
[2197] [M]: 0x80001F34 (0x0095D5B3) srl a1, a1, s1
x11 <- 0x0000005D


mem[X,0x80001F38] -> 0xF593
mem[X,0x80001F3A] -> 0x0015
[2198] [M]: 0x80001F38 (0x0015F593) andi a1, a1, 1
x11 <- 0x00000001


mem[X,0x80001F3C] -> 0x82E3
mem[X,0x80001F3E] -> 0xF605
[2199] [M]: 0x80001F3C (0xF60582E3) beq a1, zero, 8036


clint::tick mtime <- 0x0000000000000016
 clint timer pending at mtime 0x0000000000000016
htif::tick 0x0000000000000000
mem[X,0x80001F40] -> 0x0593
mem[X,0x80001F42] -> 0x1F80
[2200] [M]: 0x80001F40 (0x1F800593) addi a1, zero, 504
x11 <- 0x000001F8


mem[X,0x80001F44] -> 0xF413
mem[X,0x80001F46] -> 0x0014
[2201] [M]: 0x80001F44 (0x0014F413) andi fp, s1, 1
x8 <- 0x00000000


mem[X,0x80001F48] -> 0x95B3
mem[X,0x80001F4A] -> 0x0085
[2202] [M]: 0x80001F48 (0x008595B3) sll a1, a1, fp
x11 <- 0x000001F8


mem[X,0x80001F4C] -> 0x9413
mem[X,0x80001F4E] -> 0x01D4
[2203] [M]: 0x80001F4C (0x01D49413) slli fp, s1, 29
x8 <- 0x00000000


mem[X,0x80001F50] -> 0x5413
mem[X,0x80001F52] -> 0x41F4
[2204] [M]: 0x80001F50 (0x41F45413) srai fp, fp, 31
x8 <- 0x00000000


mem[X,0x80001F54] -> 0x4413
mem[X,0x80001F56] -> 0xFFF4
[2205] [M]: 0x80001F54 (0xFFF44413) xori fp, fp, 4095
x8 <- 0xFFFFFFFF


mem[X,0x80001F58] -> 0xF4B3
mem[X,0x80001F5A] -> 0x0085
[2206] [M]: 0x80001F58 (0x0085F4B3) and s1, a1, fp
x9 <- 0x000001F8


mem[X,0x80001F5C] -> 0x84B3
mem[X,0x80001F5E] -> 0x0024
[2207] [M]: 0x80001F5C (0x002484B3) add s1, s1, sp
x9 <- 0x804001F8


mem[X,0x80001F60] -> 0x23F3
mem[X,0x80001F62] -> 0x3410
[2208] [M]: 0x80001F60 (0x341023F3) csrrs t2, mepc, zero
CSR mepc -> 0x900013AC
x7 <- 0x900013AC


mem[X,0x80001F64] -> 0xA403
mem[X,0x80001F66] -> 0x1884
[2209] [M]: 0x80001F64 (0x1884A403) lw fp, 392(s1)
mem[R,0x80400380] -> 0x940003F0
x8 <- 0x940003F0


mem[X,0x80001F68] -> 0xA583
mem[X,0x80001F6A] -> 0x1904
[2210] [M]: 0x80001F68 (0x1904A583) lw a1, 400(s1)
mem[R,0x80400388] -> 0x00802010
x11 <- 0x00802010


mem[X,0x80001F6C] -> 0x85B3
mem[X,0x80001F6E] -> 0x0085
[2211] [M]: 0x80001F6C (0x008585B3) add a1, a1, fp
x11 <- 0x94802400


mem[X,0x80001F70] -> 0xF463
mem[X,0x80001F72] -> 0x00B3
[2212] [M]: 0x80001F70 (0x00B3F463) bgeu t2, a1, 8


mem[X,0x80001F74] -> 0xF663
mem[X,0x80001F76] -> 0x0283
[2213] [M]: 0x80001F74 (0x0283F663) bgeu t2, fp, 44


mem[X,0x80001F78] -> 0xA403
mem[X,0x80001F7A] -> 0x1584
[2214] [M]: 0x80001F78 (0x1584A403) lw fp, 344(s1)
mem[R,0x80400350] -> 0x9000036C
x8 <- 0x9000036C


mem[X,0x80001F7C] -> 0xA583
mem[X,0x80001F7E] -> 0x1604
[2215] [M]: 0x80001F7C (0x1604A583) lw a1, 352(s1)
mem[R,0x80400358] -> 0x000018D0
x11 <- 0x000018D0


mem[X,0x80001F80] -> 0x85B3
mem[X,0x80001F82] -> 0x0085
[2216] [M]: 0x80001F80 (0x008585B3) add a1, a1, fp
x11 <- 0x90001C3C


mem[X,0x80001F84] -> 0xF463
mem[X,0x80001F86] -> 0x00B3
[2217] [M]: 0x80001F84 (0x00B3F463) bgeu t2, a1, 8


mem[X,0x80001F88] -> 0xFC63
mem[X,0x80001F8A] -> 0x0083
[2218] [M]: 0x80001F88 (0x0083FC63) bgeu t2, fp, 24


mem[X,0x80001FA0] -> 0x8433
mem[X,0x80001FA2] -> 0x4083
[2219] [M]: 0x80001FA0 (0x40838433) sub fp, t2, fp
x8 <- 0x00001040


mem[X,0x80001FA4] -> 0x2423
mem[X,0x80001FA6] -> 0x0083
[2220] [M]: 0x80001FA4 (0x00832423) sw fp, 8(t1)
mem[0x80C0267C] <- 0x00001040


mem[X,0x80001FA8] -> 0xF593
mem[X,0x80001FAA] -> 0xFFC3
[2221] [M]: 0x80001FA8 (0xFFC3F593) andi a1, t2, 4092
x11 <- 0x900013AC


mem[X,0x80001FAC] -> 0x8593
mem[X,0x80001FAE] -> 0x0085
[2222] [M]: 0x80001FAC (0x00858593) addi a1, a1, 8
x11 <- 0x900013B4


mem[X,0x80001FB0] -> 0x9073
mem[X,0x80001FB2] -> 0x3415
[2223] [M]: 0x80001FB0 (0x34159073) csrrw zero, mepc, a1
CSR mepc -> 0x900013AC
CSR mepc <- 0x900013B4 (input: 0x900013B4)


mem[X,0x80001FB4] -> 0x23F3
mem[X,0x80001FB6] -> 0x3430
[2224] [M]: 0x80001FB4 (0x343023F3) csrrs t2, mtval, zero
CSR mtval -> 0x91400014
x7 <- 0x91400014


mem[X,0x80001FB8] -> 0x7513
mem[X,0x80001FBA] -> 0x00F5
[2225] [M]: 0x80001FB8 (0x00F57513) andi a0, a0, 15
x10 <- 0x0000000F


mem[X,0x80001FBC] -> 0xB437
mem[X,0x80001FBE] -> 0x0000
[2226] [M]: 0x80001FBC (0x0000B437) lui fp, 11
x8 <- 0x0000B000


mem[X,0x80001FC0] -> 0x0413
mem[X,0x80001FC2] -> 0x0FB4
[2227] [M]: 0x80001FC0 (0x0FB40413) addi fp, fp, 251
x8 <- 0x0000B0FB


mem[X,0x80001FC4] -> 0x5433
mem[X,0x80001FC6] -> 0x00A4
[2228] [M]: 0x80001FC4 (0x00A45433) srl fp, fp, a0
x8 <- 0x00000001


mem[X,0x80001FC8] -> 0x1413
mem[X,0x80001FCA] -> 0x01F4
[2229] [M]: 0x80001FC8 (0x01F41413) slli fp, fp, 31
x8 <- 0x80000000


mem[X,0x80001FCC] -> 0x5C63
mem[X,0x80001FCE] -> 0x0404
[2230] [M]: 0x80001FCC (0x04045C63) bge fp, zero, 88


mem[X,0x80001FD0] -> 0xA403
mem[X,0x80001FD2] -> 0x1884
[2231] [M]: 0x80001FD0 (0x1884A403) lw fp, 392(s1)
mem[R,0x80400380] -> 0x940003F0
x8 <- 0x940003F0


mem[X,0x80001FD4] -> 0xA583
mem[X,0x80001FD6] -> 0x1904
[2232] [M]: 0x80001FD4 (0x1904A583) lw a1, 400(s1)
mem[R,0x80400388] -> 0x00802010
x11 <- 0x00802010


mem[X,0x80001FD8] -> 0x85B3
mem[X,0x80001FDA] -> 0x0085
[2233] [M]: 0x80001FD8 (0x008585B3) add a1, a1, fp
x11 <- 0x94802400


mem[X,0x80001FDC] -> 0xF463
mem[X,0x80001FDE] -> 0x00B3
[2234] [M]: 0x80001FDC (0x00B3F463) bgeu t2, a1, 8


mem[X,0x80001FE0] -> 0xF063
mem[X,0x80001FE2] -> 0x0483
[2235] [M]: 0x80001FE0 (0x0483F063) bgeu t2, fp, 64


mem[X,0x80001FE4] -> 0xA403
mem[X,0x80001FE6] -> 0x1784
[2236] [M]: 0x80001FE4 (0x1784A403) lw fp, 376(s1)
mem[R,0x80400370] -> 0x93014510
x8 <- 0x93014510


mem[X,0x80001FE8] -> 0xA583
mem[X,0x80001FEA] -> 0x1804
[2237] [M]: 0x80001FE8 (0x1804A583) lw a1, 384(s1)
mem[R,0x80400378] -> 0x00000208
x11 <- 0x00000208


mem[X,0x80001FEC] -> 0x85B3
mem[X,0x80001FEE] -> 0x0085
[2238] [M]: 0x80001FEC (0x008585B3) add a1, a1, fp
x11 <- 0x93014718


mem[X,0x80001FF0] -> 0xF463
mem[X,0x80001FF2] -> 0x00B3
[2239] [M]: 0x80001FF0 (0x00B3F463) bgeu t2, a1, 8


mem[X,0x80001FF4] -> 0xF663
mem[X,0x80001FF6] -> 0x0283
[2240] [M]: 0x80001FF4 (0x0283F663) bgeu t2, fp, 44


mem[X,0x80001FF8] -> 0xA403
mem[X,0x80001FFA] -> 0x1584
[2241] [M]: 0x80001FF8 (0x1584A403) lw fp, 344(s1)
mem[R,0x80400350] -> 0x9000036C
x8 <- 0x9000036C


mem[X,0x80001FFC] -> 0xA583
mem[X,0x80001FFE] -> 0x1604
[2242] [M]: 0x80001FFC (0x1604A583) lw a1, 352(s1)
mem[R,0x80400358] -> 0x000018D0
x11 <- 0x000018D0


mem[X,0x80002000] -> 0x85B3
mem[X,0x80002002] -> 0x0085
[2243] [M]: 0x80002000 (0x008585B3) add a1, a1, fp
x11 <- 0x90001C3C


mem[X,0x80002004] -> 0xF463
mem[X,0x80002006] -> 0x00B3
[2244] [M]: 0x80002004 (0x00B3F463) bgeu t2, a1, 8


mem[X,0x8000200C] -> 0xA403
mem[X,0x8000200E] -> 0x1684
[2245] [M]: 0x8000200C (0x1684A403) lw fp, 360(s1)
mem[R,0x80400360] -> 0x910003FC
x8 <- 0x910003FC


mem[X,0x80002010] -> 0xA583
mem[X,0x80002012] -> 0x1704
[2246] [M]: 0x80002010 (0x1704A583) lw a1, 368(s1)
mem[R,0x80400368] -> 0x00802010
x11 <- 0x00802010


mem[X,0x80002014] -> 0x85B3
mem[X,0x80002016] -> 0x0085
[2247] [M]: 0x80002014 (0x008585B3) add a1, a1, fp
x11 <- 0x9180240C


mem[X,0x80002018] -> 0xF6E3
mem[X,0x8000201A] -> 0xC2B3
[2248] [M]: 0x80002018 (0xC2B3F6E3) bgeu t2, a1, 7212


mem[X,0x8000201C] -> 0xE4E3
mem[X,0x8000201E] -> 0xC283
[2249] [M]: 0x8000201C (0xC283E4E3) bltu t2, fp, 7208


mem[X,0x80002020] -> 0x8433
mem[X,0x80002022] -> 0x4083
[2250] [M]: 0x80002020 (0x40838433) sub fp, t2, fp
x8 <- 0x003FFC18


mem[X,0x80002024] -> 0x2623
mem[X,0x80002026] -> 0x0083
[2251] [M]: 0x80002024 (0x00832623) sw fp, 12(t1)
mem[0x80C02680] <- 0x003FFC18


mem[X,0x80002028] -> 0x2483
mem[X,0x8000202A] -> 0x1981
[2252] [M]: 0x80002028 (0x19812483) lw s1, 408(sp)
mem[R,0x80400198] -> 0x80C02684
x9 <- 0x80C02684


mem[X,0x8000202C] -> 0x2383
mem[X,0x8000202E] -> 0x1781
[2253] [M]: 0x8000202C (0x17812383) lw t2, 376(sp)
mem[R,0x80400178] -> 0x80C02510
x7 <- 0x80C02510


mem[X,0x80002030] -> 0x2303
mem[X,0x80002032] -> 0x1801
[2254] [M]: 0x80002030 (0x18012303) lw t1, 384(sp)
mem[R,0x80400180] -> 0x00000208
x6 <- 0x00000208


mem[X,0x80002034] -> 0x0333
mem[X,0x80002036] -> 0x0073
[2255] [M]: 0x80002034 (0x00730333) add t1, t1, t2
x6 <- 0x80C02718


mem[X,0x80002038] -> 0x66E3
mem[X,0x8000203A] -> 0xC093
[2256] [M]: 0x80002038 (0xC09366E3) bltu t1, s1, 7180


mem[X,0x8000203C] -> 0x0393
mem[X,0x8000203E] -> 0x1000
[2257] [M]: 0x8000203C (0x10000393) addi t2, zero, 256
x7 <- 0x00000100


mem[X,0x80002040] -> 0x006F
mem[X,0x80002042] -> 0x0400
[2258] [M]: 0x80002040 (0x0400006F) jal zero, 64


mem[X,0x80002080] -> 0x0417
mem[X,0x80002082] -> 0x0000
[2259] [M]: 0x80002080 (0x00000417) auipc fp, 0
x8 <- 0x80002080


mem[X,0x80002084] -> 0x0413
mem[X,0x80002086] -> 0x03C4
[2260] [M]: 0x80002084 (0x03C40413) addi fp, fp, 60
x8 <- 0x800020BC


mem[X,0x80002088] -> 0x0433
mem[X,0x8000208A] -> 0x0074
[2261] [M]: 0x80002088 (0x00740433) add fp, fp, t2
x8 <- 0x800021BC


mem[X,0x8000208C] -> 0x1393
mem[X,0x8000208E] -> 0x0035
[2262] [M]: 0x8000208C (0x00351393) slli t2, a0, 3
x7 <- 0x00000078


mem[X,0x80002090] -> 0x0433
mem[X,0x80002092] -> 0x0074
[2263] [M]: 0x80002090 (0x00740433) add fp, fp, t2
x8 <- 0x80002234


mem[X,0x80002094] -> 0x7413
mem[X,0x80002096] -> 0xFF84
[2264] [M]: 0x80002094 (0xFF847413) andi fp, fp, 4088
x8 <- 0x80002230


mem[X,0x80002098] -> 0x2403
mem[X,0x8000209A] -> 0x0004
[2265] [M]: 0x80002098 (0x00042403) lw fp, 0(fp)
mem[R,0x80002230] -> 0x0000001F
x8 <- 0x0000001F


mem[X,0x8000209C] -> 0x0EE3
mem[X,0x8000209E] -> 0xC204
[2266] [M]: 0x8000209C (0xC2040EE3) beq fp, zero, 7228


mem[X,0x800020A0] -> 0x1393
mem[X,0x800020A2] -> 0x01F4
[2267] [M]: 0x800020A0 (0x01F41393) slli t2, fp, 31
x7 <- 0x80000000


mem[X,0x800020A4] -> 0xD863
mem[X,0x800020A6] -> 0x0003
[2268] [M]: 0x800020A4 (0x0003D863) bge t2, zero, 16


mem[X,0x800020A8] -> 0x5413
mem[X,0x800020AA] -> 0x0014
[2269] [M]: 0x800020A8 (0x00145413) srli fp, fp, 1
x8 <- 0x0000000F


mem[X,0x800020AC] -> 0x0CE3
mem[X,0x800020AE] -> 0xF885
[2270] [M]: 0x800020AC (0xF8850CE3) beq a0, fp, 8088


mem[X,0x80002044] -> 0x2303
mem[X,0x80002046] -> 0x1DC1
[2271] [M]: 0x80002044 (0x1DC12303) lw t1, 476(sp)
mem[R,0x804001DC] -> 0x10000010
x6 <- 0x10000010


mem[X,0x80002048] -> 0x2383
mem[X,0x8000204A] -> 0x1E01
[2272] [M]: 0x80002048 (0x1E012383) lw t2, 480(sp)
mem[R,0x804001E0] -> 0x80001230
x7 <- 0x80001230


mem[X,0x8000204C] -> 0x2403
mem[X,0x8000204E] -> 0x1E41
[2273] [M]: 0x8000204C (0x1E412403) lw fp, 484(sp)
mem[R,0x804001E4] -> 0x00000000
x8 <- 0x00000000


mem[X,0x80002050] -> 0x2483
mem[X,0x80002052] -> 0x1E81
[2274] [M]: 0x80002050 (0x1E812483) lw s1, 488(sp)
mem[R,0x804001E8] -> 0x90001230
x9 <- 0x90001230


mem[X,0x80002054] -> 0x2503
mem[X,0x80002056] -> 0x1EC1
[2275] [M]: 0x80002054 (0x1EC12503) lw a0, 492(sp)
mem[R,0x804001EC] -> 0x203000D9
x10 <- 0x203000D9


mem[X,0x80002058] -> 0x2583
mem[X,0x8000205A] -> 0x1F01
[2276] [M]: 0x80002058 (0x1F012583) lw a1, 496(sp)
mem[R,0x804001F0] -> 0x000000D9
x11 <- 0x000000D9


mem[X,0x8000205C] -> 0x2103
mem[X,0x8000205E] -> 0x1F41
[2277] [M]: 0x8000205C (0x1F412103) lw sp, 500(sp)
mem[R,0x804001F4] -> 0x80400000
x2 <- 0x80400000


mem[X,0x80002060] -> 0x0073
mem[X,0x80002062] -> 0x3020
[2278] [M]: 0x80002060 (0x30200073) mret
CSR mstatus <- 0x00000080
ret-ing from M to U


mem[X,0x800013B4] -> 0x0013
mem[X,0x800013B6] -> 0x0000
[2279] [U]: 0x900013B4 (0x00000013) addi zero, zero, 0


mem[X,0x800013B8] -> 0xA703
mem[X,0x800013BA] -> 0x0147
[2280] [U]: 0x900013B8 (0x0147A703) lw a4, 20(a5)
mem[R,0x80C02914] -> 0x20300401
mem[R,0x80C01000] -> 0x203000D9
trapping from U to M to handle load-page-fault
handling exc#0x0D at priv M with tval 0x91400014
CSR mstatus <- 0x00000000


mem[X,0x80001D00] -> 0x006F
mem[X,0x80001D02] -> 0x0800
[2281] [M]: 0x80001D00 (0x0800006F) jal zero, 128


mem[X,0x80001D80] -> 0x1173
mem[X,0x80001D82] -> 0x3401
[2282] [M]: 0x80001D80 (0x34011173) csrrw sp, mscratch, sp
CSR mscratch -> 0x80400000
CSR mscratch <- 0x80400000 (input: 0x80400000)
x2 <- 0x80400000


mem[X,0x80001D84] -> 0x2823
mem[X,0x80001D86] -> 0x1EB1
[2283] [M]: 0x80001D84 (0x1EB12823) sw a1, 496(sp)
mem[0x804001F0] <- 0x000000D9


mem[X,0x80001D88] -> 0x05EF
mem[X,0x80001D8A] -> 0x0B80
[2284] [M]: 0x80001D88 (0x0B8005EF) jal a1, 184
x11 <- 0x80001D8C


mem[X,0x80001E40] -> 0x2623
mem[X,0x80001E42] -> 0x1EA1
[2285] [M]: 0x80001E40 (0x1EA12623) sw a0, 492(sp)
mem[0x804001EC] <- 0x203000D9


mem[X,0x80001E44] -> 0x1573
mem[X,0x80001E46] -> 0x3401
[2286] [M]: 0x80001E44 (0x34011573) csrrw a0, mscratch, sp
CSR mscratch -> 0x80400000
CSR mscratch <- 0x80400000 (input: 0x80400000)
x10 <- 0x80400000


mem[X,0x80001E48] -> 0x2A23
mem[X,0x80001E4A] -> 0x1EA1
[2287] [M]: 0x80001E48 (0x1EA12A23) sw a0, 500(sp)
mem[0x804001F4] <- 0x80400000


mem[X,0x80001E4C] -> 0x2503
mem[X,0x80001E4E] -> 0x1B01
[2288] [M]: 0x80001E4C (0x1B012503) lw a0, 432(sp)
mem[R,0x804001B0] -> 0x80001E54
x10 <- 0x80001E54


mem[X,0x80001E50] -> 0x0067
mem[X,0x80001E52] -> 0x0005
[2289] [M]: 0x80001E50 (0x00050067) jalr zero, a0, 0


mem[X,0x80001E54] -> 0x2423
mem[X,0x80001E56] -> 0x1E91
[2290] [M]: 0x80001E54 (0x1E912423) sw s1, 488(sp)
mem[0x804001E8] <- 0x90001230


mem[X,0x80001E58] -> 0x2223
mem[X,0x80001E5A] -> 0x1E81
[2291] [M]: 0x80001E58 (0x1E812223) sw fp, 484(sp)
mem[0x804001E4] <- 0x00000000


mem[X,0x80001E5C] -> 0x2023
mem[X,0x80001E5E] -> 0x1E71
[2292] [M]: 0x80001E5C (0x1E712023) sw t2, 480(sp)
mem[0x804001E0] <- 0x80001230


mem[X,0x80001E60] -> 0x2E23
mem[X,0x80001E62] -> 0x1C61
[2293] [M]: 0x80001E60 (0x1C612E23) sw t1, 476(sp)
mem[0x804001DC] <- 0x10000010


mem[X,0x80001E64] -> 0x2573
mem[X,0x80001E66] -> 0x3420
[2294] [M]: 0x80001E64 (0x34202573) csrrs a0, mcause, zero
CSR mcause -> 0x0000000D
x10 <- 0x0000000D


mem[X,0x80001E68] -> 0x14B7
mem[X,0x80001E6A] -> 0x8000
[2295] [M]: 0x80001E68 (0x800014B7) lui s1, 524289
x9 <- 0x80001000


mem[X,0x80001E6C] -> 0x8493
mem[X,0x80001E6E] -> 0xFFC4
[2296] [M]: 0x80001E6C (0xFFC48493) addi s1, s1, 4092
x9 <- 0x80000FFC


mem[X,0x80001E70] -> 0xF4B3
mem[X,0x80001E72] -> 0x00A4
[2297] [M]: 0x80001E70 (0x00A4F4B3) and s1, s1, a0
x9 <- 0x0000000C


mem[X,0x80001E74] -> 0x8493
mem[X,0x80001E76] -> 0xFF84
[2298] [M]: 0x80001E74 (0xFF848493) addi s1, s1, 4088
x9 <- 0x00000004


mem[X,0x80001E78] -> 0x9663
mem[X,0x80001E7A] -> 0x0004
[2299] [M]: 0x80001E78 (0x00049663) bne s1, zero, 12


clint::tick mtime <- 0x0000000000000017
 clint timer pending at mtime 0x0000000000000017
htif::tick 0x0000000000000000
mem[X,0x80001E84] -> 0x0393
mem[X,0x80001E86] -> 0x0100
[2300] [M]: 0x80001E84 (0x01000393) addi t2, zero, 16
x7 <- 0x00000010


mem[X,0x80001E88] -> 0x5E63
mem[X,0x80001E8A] -> 0x0205
[2301] [M]: 0x80001E88 (0x02055E63) bge a0, zero, 60


mem[X,0x80001EC4] -> 0x2373
mem[X,0x80001EC6] -> 0x3010
[2302] [M]: 0x80001EC4 (0x30102373) csrrs t1, misa, zero
CSR misa -> 0x4014112D
x6 <- 0x4014112D


mem[X,0x80001EC8] -> 0x1313
mem[X,0x80001ECA] -> 0x0183
[2303] [M]: 0x80001EC8 (0x01831313) slli t1, t1, 24
x6 <- 0x2D000000


mem[X,0x80001ECC] -> 0x5463
mem[X,0x80001ECE] -> 0x0003
[2304] [M]: 0x80001ECC (0x00035463) bge t1, zero, 8


mem[X,0x80001ED4] -> 0x2303
mem[X,0x80001ED6] -> 0x1981
[2305] [M]: 0x80001ED4 (0x19812303) lw t1, 408(sp)
mem[R,0x80400198] -> 0x80C02684
x6 <- 0x80C02684


mem[X,0x80001ED8] -> 0x04B3
mem[X,0x80001EDA] -> 0x0073
[2306] [M]: 0x80001ED8 (0x007304B3) add s1, t1, t2
x9 <- 0x80C02694


mem[X,0x80001EDC] -> 0x2C23
mem[X,0x80001EDE] -> 0x1891
[2307] [M]: 0x80001EDC (0x18912C23) sw s1, 408(sp)
mem[0x80400198] <- 0x80C02694


mem[X,0x80001EE0] -> 0x2403
mem[X,0x80001EE2] -> 0x1781
[2308] [M]: 0x80001EE0 (0x17812403) lw fp, 376(sp)
mem[R,0x80400178] -> 0x80C02510
x8 <- 0x80C02510


mem[X,0x80001EE4] -> 0x0333
mem[X,0x80001EE6] -> 0x4083
[2309] [M]: 0x80001EE4 (0x40830333) sub t1, t1, fp
x6 <- 0x00000174


mem[X,0x80001EE8] -> 0x2403
mem[X,0x80001EEA] -> 0x1781
[2310] [M]: 0x80001EE8 (0x17812403) lw fp, 376(sp)
mem[R,0x80400178] -> 0x80C02510
x8 <- 0x80C02510


mem[X,0x80001EEC] -> 0x0333
mem[X,0x80001EEE] -> 0x0083
[2311] [M]: 0x80001EEC (0x00830333) add t1, t1, fp
x6 <- 0x80C02684


mem[X,0x80001EF0] -> 0x2403
mem[X,0x80001EF2] -> 0x1C01
[2312] [M]: 0x80001EF0 (0x1C012403) lw fp, 448(sp)
mem[R,0x804001C0] -> 0x80001D00
x8 <- 0x80001D00


mem[X,0x80001EF4] -> 0x85B3
mem[X,0x80001EF6] -> 0x4085
[2313] [M]: 0x80001EF4 (0x408585B3) sub a1, a1, fp
x11 <- 0x0000008C


mem[X,0x80001EF8] -> 0x9593
mem[X,0x80001EFA] -> 0x0045
[2314] [M]: 0x80001EF8 (0x00459593) slli a1, a1, 4
x11 <- 0x000008C0


mem[X,0x80001EFC] -> 0xE5B3
mem[X,0x80001EFE] -> 0x0075
[2315] [M]: 0x80001EFC (0x0075E5B3) or a1, a1, t2
x11 <- 0x000008D0


mem[X,0x80001F00] -> 0x8593
mem[X,0x80001F02] -> 0x0035
[2316] [M]: 0x80001F00 (0x00358593) addi a1, a1, 3
x11 <- 0x000008D3


mem[X,0x80001F04] -> 0x2023
mem[X,0x80001F06] -> 0x00B3
[2317] [M]: 0x80001F04 (0x00B32023) sw a1, 0(t1)
mem[0x80C02684] <- 0x000008D3


mem[X,0x80001F08] -> 0x2223
mem[X,0x80001F0A] -> 0x00A3
[2318] [M]: 0x80001F08 (0x00A32223) sw a0, 4(t1)
mem[0x80C02688] <- 0x0000000D


mem[X,0x80001F0C] -> 0x4C63
mem[X,0x80001F0E] -> 0x1405
[2319] [M]: 0x80001F0C (0x14054C63) blt a0, zero, 344


mem[X,0x80001F10] -> 0x25F3
mem[X,0x80001F12] -> 0x3000
[2320] [M]: 0x80001F10 (0x300025F3) csrrs a1, mstatus, zero
CSR mstatus -> 0x00000000
x11 <- 0x00000000


mem[X,0x80001F14] -> 0x9413
mem[X,0x80001F16] -> 0x00E5
[2321] [M]: 0x80001F14 (0x00E59413) slli fp, a1, 14
x8 <- 0x00000000


mem[X,0x80001F18] -> 0x5463
mem[X,0x80001F1A] -> 0x0004
[2322] [M]: 0x80001F18 (0x00045463) bge fp, zero, 8


mem[X,0x80001F20] -> 0xD493
mem[X,0x80001F22] -> 0x00B5
[2323] [M]: 0x80001F20 (0x00B5D493) srli s1, a1, 11
x9 <- 0x00000000


mem[X,0x80001F24] -> 0xF493
mem[X,0x80001F26] -> 0x0034
[2324] [M]: 0x80001F24 (0x0034F493) andi s1, s1, 3
x9 <- 0x00000000


mem[X,0x80001F28] -> 0x8493
mem[X,0x80001F2A] -> 0x0014
[2325] [M]: 0x80001F28 (0x00148493) addi s1, s1, 1
x9 <- 0x00000001


mem[X,0x80001F2C] -> 0xF493
mem[X,0x80001F2E] -> 0x0044
[2326] [M]: 0x80001F2C (0x0044F493) andi s1, s1, 4
x9 <- 0x00000000


mem[X,0x80001F30] -> 0x0593
mem[X,0x80001F32] -> 0x05D0
[2327] [M]: 0x80001F30 (0x05D00593) addi a1, zero, 93
x11 <- 0x0000005D


mem[X,0x80001F34] -> 0xD5B3
mem[X,0x80001F36] -> 0x0095
[2328] [M]: 0x80001F34 (0x0095D5B3) srl a1, a1, s1
x11 <- 0x0000005D


mem[X,0x80001F38] -> 0xF593
mem[X,0x80001F3A] -> 0x0015
[2329] [M]: 0x80001F38 (0x0015F593) andi a1, a1, 1
x11 <- 0x00000001


mem[X,0x80001F3C] -> 0x82E3
mem[X,0x80001F3E] -> 0xF605
[2330] [M]: 0x80001F3C (0xF60582E3) beq a1, zero, 8036


mem[X,0x80001F40] -> 0x0593
mem[X,0x80001F42] -> 0x1F80
[2331] [M]: 0x80001F40 (0x1F800593) addi a1, zero, 504
x11 <- 0x000001F8


mem[X,0x80001F44] -> 0xF413
mem[X,0x80001F46] -> 0x0014
[2332] [M]: 0x80001F44 (0x0014F413) andi fp, s1, 1
x8 <- 0x00000000


mem[X,0x80001F48] -> 0x95B3
mem[X,0x80001F4A] -> 0x0085
[2333] [M]: 0x80001F48 (0x008595B3) sll a1, a1, fp
x11 <- 0x000001F8


mem[X,0x80001F4C] -> 0x9413
mem[X,0x80001F4E] -> 0x01D4
[2334] [M]: 0x80001F4C (0x01D49413) slli fp, s1, 29
x8 <- 0x00000000


mem[X,0x80001F50] -> 0x5413
mem[X,0x80001F52] -> 0x41F4
[2335] [M]: 0x80001F50 (0x41F45413) srai fp, fp, 31
x8 <- 0x00000000


mem[X,0x80001F54] -> 0x4413
mem[X,0x80001F56] -> 0xFFF4
[2336] [M]: 0x80001F54 (0xFFF44413) xori fp, fp, 4095
x8 <- 0xFFFFFFFF


mem[X,0x80001F58] -> 0xF4B3
mem[X,0x80001F5A] -> 0x0085
[2337] [M]: 0x80001F58 (0x0085F4B3) and s1, a1, fp
x9 <- 0x000001F8


mem[X,0x80001F5C] -> 0x84B3
mem[X,0x80001F5E] -> 0x0024
[2338] [M]: 0x80001F5C (0x002484B3) add s1, s1, sp
x9 <- 0x804001F8


mem[X,0x80001F60] -> 0x23F3
mem[X,0x80001F62] -> 0x3410
[2339] [M]: 0x80001F60 (0x341023F3) csrrs t2, mepc, zero
CSR mepc -> 0x900013B8
x7 <- 0x900013B8


mem[X,0x80001F64] -> 0xA403
mem[X,0x80001F66] -> 0x1884
[2340] [M]: 0x80001F64 (0x1884A403) lw fp, 392(s1)
mem[R,0x80400380] -> 0x940003F0
x8 <- 0x940003F0


mem[X,0x80001F68] -> 0xA583
mem[X,0x80001F6A] -> 0x1904
[2341] [M]: 0x80001F68 (0x1904A583) lw a1, 400(s1)
mem[R,0x80400388] -> 0x00802010
x11 <- 0x00802010


mem[X,0x80001F6C] -> 0x85B3
mem[X,0x80001F6E] -> 0x0085
[2342] [M]: 0x80001F6C (0x008585B3) add a1, a1, fp
x11 <- 0x94802400


mem[X,0x80001F70] -> 0xF463
mem[X,0x80001F72] -> 0x00B3
[2343] [M]: 0x80001F70 (0x00B3F463) bgeu t2, a1, 8


mem[X,0x80001F74] -> 0xF663
mem[X,0x80001F76] -> 0x0283
[2344] [M]: 0x80001F74 (0x0283F663) bgeu t2, fp, 44


mem[X,0x80001F78] -> 0xA403
mem[X,0x80001F7A] -> 0x1584
[2345] [M]: 0x80001F78 (0x1584A403) lw fp, 344(s1)
mem[R,0x80400350] -> 0x9000036C
x8 <- 0x9000036C


mem[X,0x80001F7C] -> 0xA583
mem[X,0x80001F7E] -> 0x1604
[2346] [M]: 0x80001F7C (0x1604A583) lw a1, 352(s1)
mem[R,0x80400358] -> 0x000018D0
x11 <- 0x000018D0


mem[X,0x80001F80] -> 0x85B3
mem[X,0x80001F82] -> 0x0085
[2347] [M]: 0x80001F80 (0x008585B3) add a1, a1, fp
x11 <- 0x90001C3C


mem[X,0x80001F84] -> 0xF463
mem[X,0x80001F86] -> 0x00B3
[2348] [M]: 0x80001F84 (0x00B3F463) bgeu t2, a1, 8


mem[X,0x80001F88] -> 0xFC63
mem[X,0x80001F8A] -> 0x0083
[2349] [M]: 0x80001F88 (0x0083FC63) bgeu t2, fp, 24


mem[X,0x80001FA0] -> 0x8433
mem[X,0x80001FA2] -> 0x4083
[2350] [M]: 0x80001FA0 (0x40838433) sub fp, t2, fp
x8 <- 0x0000104C


mem[X,0x80001FA4] -> 0x2423
mem[X,0x80001FA6] -> 0x0083
[2351] [M]: 0x80001FA4 (0x00832423) sw fp, 8(t1)
mem[0x80C0268C] <- 0x0000104C


mem[X,0x80001FA8] -> 0xF593
mem[X,0x80001FAA] -> 0xFFC3
[2352] [M]: 0x80001FA8 (0xFFC3F593) andi a1, t2, 4092
x11 <- 0x900013B8


mem[X,0x80001FAC] -> 0x8593
mem[X,0x80001FAE] -> 0x0085
[2353] [M]: 0x80001FAC (0x00858593) addi a1, a1, 8
x11 <- 0x900013C0


mem[X,0x80001FB0] -> 0x9073
mem[X,0x80001FB2] -> 0x3415
[2354] [M]: 0x80001FB0 (0x34159073) csrrw zero, mepc, a1
CSR mepc -> 0x900013B8
CSR mepc <- 0x900013C0 (input: 0x900013C0)


mem[X,0x80001FB4] -> 0x23F3
mem[X,0x80001FB6] -> 0x3430
[2355] [M]: 0x80001FB4 (0x343023F3) csrrs t2, mtval, zero
CSR mtval -> 0x91400014
x7 <- 0x91400014


mem[X,0x80001FB8] -> 0x7513
mem[X,0x80001FBA] -> 0x00F5
[2356] [M]: 0x80001FB8 (0x00F57513) andi a0, a0, 15
x10 <- 0x0000000D


mem[X,0x80001FBC] -> 0xB437
mem[X,0x80001FBE] -> 0x0000
[2357] [M]: 0x80001FBC (0x0000B437) lui fp, 11
x8 <- 0x0000B000


mem[X,0x80001FC0] -> 0x0413
mem[X,0x80001FC2] -> 0x0FB4
[2358] [M]: 0x80001FC0 (0x0FB40413) addi fp, fp, 251
x8 <- 0x0000B0FB


mem[X,0x80001FC4] -> 0x5433
mem[X,0x80001FC6] -> 0x00A4
[2359] [M]: 0x80001FC4 (0x00A45433) srl fp, fp, a0
x8 <- 0x00000005


mem[X,0x80001FC8] -> 0x1413
mem[X,0x80001FCA] -> 0x01F4
[2360] [M]: 0x80001FC8 (0x01F41413) slli fp, fp, 31
x8 <- 0x80000000


mem[X,0x80001FCC] -> 0x5C63
mem[X,0x80001FCE] -> 0x0404
[2361] [M]: 0x80001FCC (0x04045C63) bge fp, zero, 88


mem[X,0x80001FD0] -> 0xA403
mem[X,0x80001FD2] -> 0x1884
[2362] [M]: 0x80001FD0 (0x1884A403) lw fp, 392(s1)
mem[R,0x80400380] -> 0x940003F0
x8 <- 0x940003F0


mem[X,0x80001FD4] -> 0xA583
mem[X,0x80001FD6] -> 0x1904
[2363] [M]: 0x80001FD4 (0x1904A583) lw a1, 400(s1)
mem[R,0x80400388] -> 0x00802010
x11 <- 0x00802010


mem[X,0x80001FD8] -> 0x85B3
mem[X,0x80001FDA] -> 0x0085
[2364] [M]: 0x80001FD8 (0x008585B3) add a1, a1, fp
x11 <- 0x94802400


mem[X,0x80001FDC] -> 0xF463
mem[X,0x80001FDE] -> 0x00B3
[2365] [M]: 0x80001FDC (0x00B3F463) bgeu t2, a1, 8


mem[X,0x80001FE0] -> 0xF063
mem[X,0x80001FE2] -> 0x0483
[2366] [M]: 0x80001FE0 (0x0483F063) bgeu t2, fp, 64


mem[X,0x80001FE4] -> 0xA403
mem[X,0x80001FE6] -> 0x1784
[2367] [M]: 0x80001FE4 (0x1784A403) lw fp, 376(s1)
mem[R,0x80400370] -> 0x93014510
x8 <- 0x93014510


mem[X,0x80001FE8] -> 0xA583
mem[X,0x80001FEA] -> 0x1804
[2368] [M]: 0x80001FE8 (0x1804A583) lw a1, 384(s1)
mem[R,0x80400378] -> 0x00000208
x11 <- 0x00000208


mem[X,0x80001FEC] -> 0x85B3
mem[X,0x80001FEE] -> 0x0085
[2369] [M]: 0x80001FEC (0x008585B3) add a1, a1, fp
x11 <- 0x93014718


mem[X,0x80001FF0] -> 0xF463
mem[X,0x80001FF2] -> 0x00B3
[2370] [M]: 0x80001FF0 (0x00B3F463) bgeu t2, a1, 8


mem[X,0x80001FF4] -> 0xF663
mem[X,0x80001FF6] -> 0x0283
[2371] [M]: 0x80001FF4 (0x0283F663) bgeu t2, fp, 44


mem[X,0x80001FF8] -> 0xA403
mem[X,0x80001FFA] -> 0x1584
[2372] [M]: 0x80001FF8 (0x1584A403) lw fp, 344(s1)
mem[R,0x80400350] -> 0x9000036C
x8 <- 0x9000036C


mem[X,0x80001FFC] -> 0xA583
mem[X,0x80001FFE] -> 0x1604
[2373] [M]: 0x80001FFC (0x1604A583) lw a1, 352(s1)
mem[R,0x80400358] -> 0x000018D0
x11 <- 0x000018D0


mem[X,0x80002000] -> 0x85B3
mem[X,0x80002002] -> 0x0085
[2374] [M]: 0x80002000 (0x008585B3) add a1, a1, fp
x11 <- 0x90001C3C


mem[X,0x80002004] -> 0xF463
mem[X,0x80002006] -> 0x00B3
[2375] [M]: 0x80002004 (0x00B3F463) bgeu t2, a1, 8


mem[X,0x8000200C] -> 0xA403
mem[X,0x8000200E] -> 0x1684
[2376] [M]: 0x8000200C (0x1684A403) lw fp, 360(s1)
mem[R,0x80400360] -> 0x910003FC
x8 <- 0x910003FC


mem[X,0x80002010] -> 0xA583
mem[X,0x80002012] -> 0x1704
[2377] [M]: 0x80002010 (0x1704A583) lw a1, 368(s1)
mem[R,0x80400368] -> 0x00802010
x11 <- 0x00802010


mem[X,0x80002014] -> 0x85B3
mem[X,0x80002016] -> 0x0085
[2378] [M]: 0x80002014 (0x008585B3) add a1, a1, fp
x11 <- 0x9180240C


mem[X,0x80002018] -> 0xF6E3
mem[X,0x8000201A] -> 0xC2B3
[2379] [M]: 0x80002018 (0xC2B3F6E3) bgeu t2, a1, 7212


mem[X,0x8000201C] -> 0xE4E3
mem[X,0x8000201E] -> 0xC283
[2380] [M]: 0x8000201C (0xC283E4E3) bltu t2, fp, 7208


mem[X,0x80002020] -> 0x8433
mem[X,0x80002022] -> 0x4083
[2381] [M]: 0x80002020 (0x40838433) sub fp, t2, fp
x8 <- 0x003FFC18


mem[X,0x80002024] -> 0x2623
mem[X,0x80002026] -> 0x0083
[2382] [M]: 0x80002024 (0x00832623) sw fp, 12(t1)
mem[0x80C02690] <- 0x003FFC18


mem[X,0x80002028] -> 0x2483
mem[X,0x8000202A] -> 0x1981
[2383] [M]: 0x80002028 (0x19812483) lw s1, 408(sp)
mem[R,0x80400198] -> 0x80C02694
x9 <- 0x80C02694


mem[X,0x8000202C] -> 0x2383
mem[X,0x8000202E] -> 0x1781
[2384] [M]: 0x8000202C (0x17812383) lw t2, 376(sp)
mem[R,0x80400178] -> 0x80C02510
x7 <- 0x80C02510


mem[X,0x80002030] -> 0x2303
mem[X,0x80002032] -> 0x1801
[2385] [M]: 0x80002030 (0x18012303) lw t1, 384(sp)
mem[R,0x80400180] -> 0x00000208
x6 <- 0x00000208


mem[X,0x80002034] -> 0x0333
mem[X,0x80002036] -> 0x0073
[2386] [M]: 0x80002034 (0x00730333) add t1, t1, t2
x6 <- 0x80C02718


mem[X,0x80002038] -> 0x66E3
mem[X,0x8000203A] -> 0xC093
[2387] [M]: 0x80002038 (0xC09366E3) bltu t1, s1, 7180


mem[X,0x8000203C] -> 0x0393
mem[X,0x8000203E] -> 0x1000
[2388] [M]: 0x8000203C (0x10000393) addi t2, zero, 256
x7 <- 0x00000100


mem[X,0x80002040] -> 0x006F
mem[X,0x80002042] -> 0x0400
[2389] [M]: 0x80002040 (0x0400006F) jal zero, 64


mem[X,0x80002080] -> 0x0417
mem[X,0x80002082] -> 0x0000
[2390] [M]: 0x80002080 (0x00000417) auipc fp, 0
x8 <- 0x80002080


mem[X,0x80002084] -> 0x0413
mem[X,0x80002086] -> 0x03C4
[2391] [M]: 0x80002084 (0x03C40413) addi fp, fp, 60
x8 <- 0x800020BC


mem[X,0x80002088] -> 0x0433
mem[X,0x8000208A] -> 0x0074
[2392] [M]: 0x80002088 (0x00740433) add fp, fp, t2
x8 <- 0x800021BC


mem[X,0x8000208C] -> 0x1393
mem[X,0x8000208E] -> 0x0035
[2393] [M]: 0x8000208C (0x00351393) slli t2, a0, 3
x7 <- 0x00000068


mem[X,0x80002090] -> 0x0433
mem[X,0x80002092] -> 0x0074
[2394] [M]: 0x80002090 (0x00740433) add fp, fp, t2
x8 <- 0x80002224


mem[X,0x80002094] -> 0x7413
mem[X,0x80002096] -> 0xFF84
[2395] [M]: 0x80002094 (0xFF847413) andi fp, fp, 4088
x8 <- 0x80002220


mem[X,0x80002098] -> 0x2403
mem[X,0x8000209A] -> 0x0004
[2396] [M]: 0x80002098 (0x00042403) lw fp, 0(fp)
mem[R,0x80002220] -> 0x0000001B
x8 <- 0x0000001B


mem[X,0x8000209C] -> 0x0EE3
mem[X,0x8000209E] -> 0xC204
[2397] [M]: 0x8000209C (0xC2040EE3) beq fp, zero, 7228


mem[X,0x800020A0] -> 0x1393
mem[X,0x800020A2] -> 0x01F4
[2398] [M]: 0x800020A0 (0x01F41393) slli t2, fp, 31
x7 <- 0x80000000


mem[X,0x800020A4] -> 0xD863
mem[X,0x800020A6] -> 0x0003
[2399] [M]: 0x800020A4 (0x0003D863) bge t2, zero, 16


clint::tick mtime <- 0x0000000000000018
 clint timer pending at mtime 0x0000000000000018
htif::tick 0x0000000000000000
mem[X,0x800020A8] -> 0x5413
mem[X,0x800020AA] -> 0x0014
[2400] [M]: 0x800020A8 (0x00145413) srli fp, fp, 1
x8 <- 0x0000000D


mem[X,0x800020AC] -> 0x0CE3
mem[X,0x800020AE] -> 0xF885
[2401] [M]: 0x800020AC (0xF8850CE3) beq a0, fp, 8088


mem[X,0x80002044] -> 0x2303
mem[X,0x80002046] -> 0x1DC1
[2402] [M]: 0x80002044 (0x1DC12303) lw t1, 476(sp)
mem[R,0x804001DC] -> 0x10000010
x6 <- 0x10000010


mem[X,0x80002048] -> 0x2383
mem[X,0x8000204A] -> 0x1E01
[2403] [M]: 0x80002048 (0x1E012383) lw t2, 480(sp)
mem[R,0x804001E0] -> 0x80001230
x7 <- 0x80001230


mem[X,0x8000204C] -> 0x2403
mem[X,0x8000204E] -> 0x1E41
[2404] [M]: 0x8000204C (0x1E412403) lw fp, 484(sp)
mem[R,0x804001E4] -> 0x00000000
x8 <- 0x00000000


mem[X,0x80002050] -> 0x2483
mem[X,0x80002052] -> 0x1E81
[2405] [M]: 0x80002050 (0x1E812483) lw s1, 488(sp)
mem[R,0x804001E8] -> 0x90001230
x9 <- 0x90001230


mem[X,0x80002054] -> 0x2503
mem[X,0x80002056] -> 0x1EC1
[2406] [M]: 0x80002054 (0x1EC12503) lw a0, 492(sp)
mem[R,0x804001EC] -> 0x203000D9
x10 <- 0x203000D9


mem[X,0x80002058] -> 0x2583
mem[X,0x8000205A] -> 0x1F01
[2407] [M]: 0x80002058 (0x1F012583) lw a1, 496(sp)
mem[R,0x804001F0] -> 0x000000D9
x11 <- 0x000000D9


mem[X,0x8000205C] -> 0x2103
mem[X,0x8000205E] -> 0x1F41
[2408] [M]: 0x8000205C (0x1F412103) lw sp, 500(sp)
mem[R,0x804001F4] -> 0x80400000
x2 <- 0x80400000


mem[X,0x80002060] -> 0x0073
mem[X,0x80002062] -> 0x3020
[2409] [M]: 0x80002060 (0x30200073) mret
CSR mstatus <- 0x00000080
ret-ing from M to U


mem[X,0x800013C0] -> 0x0013
mem[X,0x800013C2] -> 0x0000
[2410] [U]: 0x900013C0 (0x00000013) addi zero, zero, 0


mem[X,0x800013C4] -> 0xA223
mem[X,0x800013C6] -> 0x08ED
[2411] [U]: 0x900013C4 (0x08EDA223) sw a4, 132(s11)
mem[R,0x80C02930] -> 0x20300401
mem[R,0x80C01050] -> 0x203008D7
mem[0x80C02598] <- 0x00000140


mem[R,0x80C02900] -> 0x200000DB
mem[X,0x800013C8] -> 0x0313
mem[X,0x800013CA] -> 0x0000
[2412] [U]: 0x900013C8 (0x00000313) addi t1, zero, 0
x6 <- 0x00000000


mem[X,0x800013CC] -> 0x0463
mem[X,0x800013CE] -> 0x0203
[2413] [U]: 0x900013CC (0x02030463) beq t1, zero, 40


mem[X,0x800013F4] -> 0x12B7
mem[X,0x800013F6] -> 0x0000
[2414] [U]: 0x900013F4 (0x000012B7) lui t0, 1
x5 <- 0x00001000


mem[X,0x800013F8] -> 0x8293
mem[X,0x800013FA] -> 0xFFC2
[2415] [U]: 0x900013F8 (0xFFC28293) addi t0, t0, 4092
x5 <- 0x00000FFC


mem[X,0x800013FC] -> 0xD793
mem[X,0x800013FE] -> 0x00C7
[2416] [U]: 0x900013FC (0x00C7D793) srli a5, a5, 12
x15 <- 0x00091400


mem[X,0x80001400] -> 0x9793
mem[X,0x80001402] -> 0x00C7
[2417] [U]: 0x90001400 (0x00C79793) slli a5, a5, 12
x15 <- 0x91400000


mem[X,0x80001404] -> 0x82B3
mem[X,0x80001406] -> 0x0057
[2418] [U]: 0x90001404 (0x005782B3) add t0, a5, t0
x5 <- 0x91400FFC


mem[X,0x80001408] -> 0x80E7
mem[X,0x8000140A] -> 0x0002
[2419] [U]: 0x90001408 (0x000280E7) jalr ra, t0, 0
x1 <- 0x9000140C


mem[R,0x80C02914] -> 0x20300401
mem[R,0x80C01000] -> 0x203000D9
mem[X,0x80C00FFC] -> 0x8067
mem[X,0x80C00FFE] -> 0x0000
[2420] [U]: 0x91400FFC (0x00008067) jalr zero, ra, 0


mem[R,0x80C02900] -> 0x200000DB
mem[X,0x8000140C] -> 0x0013
mem[X,0x8000140E] -> 0x0000
[2421] [U]: 0x9000140C (0x00000013) addi zero, zero, 0


mem[X,0x80001410] -> 0x0013
mem[X,0x80001412] -> 0x0000
[2422] [U]: 0x90001410 (0x00000013) addi zero, zero, 0


mem[X,0x80001414] -> 0xA423
mem[X,0x80001416] -> 0x08CD
[2423] [U]: 0x90001414 (0x08CDA423) sw a2, 136(s11)
mem[R,0x80C02930] -> 0x20300401
mem[R,0x80C01050] -> 0x203008D7
mem[0x80C0259C] <- 0x00000150


mem[R,0x80C02900] -> 0x200000DB
mem[X,0x80001418] -> 0x0013
mem[X,0x8000141A] -> 0x0000
[2424] [U]: 0x90001418 (0x00000013) addi zero, zero, 0


mem[X,0x8000141C] -> 0x0013
mem[X,0x8000141E] -> 0x0000
[2425] [U]: 0x9000141C (0x00000013) addi zero, zero, 0


mem[X,0x80001420] -> 0x0737
mem[X,0x80001422] -> 0x0001
[2426] [U]: 0x90001420 (0x00010737) lui a4, 16
x14 <- 0x00010000


mem[X,0x80001424] -> 0x0713
mem[X,0x80001426] -> 0xEEB7
[2427] [U]: 0x90001424 (0xEEB70713) addi a4, a4, 3819
x14 <- 0x0000FEEB


mem[X,0x80001428] -> 0xA623
mem[X,0x8000142A] -> 0x08ED
[2428] [U]: 0x90001428 (0x08EDA623) sw a4, 140(s11)
mem[R,0x80C02930] -> 0x20300401
mem[R,0x80C01050] -> 0x203008D7
mem[0x80C025A0] <- 0x0000FEEB


mem[R,0x80C02900] -> 0x200000DB
mem[X,0x8000142C] -> 0x0113
mem[X,0x8000142E] -> 0x0000
[2429] [U]: 0x9000142C (0x00000113) addi sp, zero, 0
x2 <- 0x00000000


mem[X,0x80001430] -> 0x0073
mem[X,0x80001432] -> 0x0000
[2430] [U]: 0x90001430 (0x00000073) ecall
trapping from U to M to handle u-call
handling exc#0x08 at priv M with tval 0x00000000
CSR mstatus <- 0x00000000


mem[X,0x80001D00] -> 0x006F
mem[X,0x80001D02] -> 0x0800
[2431] [M]: 0x80001D00 (0x0800006F) jal zero, 128


mem[X,0x80001D80] -> 0x1173
mem[X,0x80001D82] -> 0x3401
[2432] [M]: 0x80001D80 (0x34011173) csrrw sp, mscratch, sp
CSR mscratch -> 0x80400000
CSR mscratch <- 0x00000000 (input: 0x00000000)
x2 <- 0x80400000


mem[X,0x80001D84] -> 0x2823
mem[X,0x80001D86] -> 0x1EB1
[2433] [M]: 0x80001D84 (0x1EB12823) sw a1, 496(sp)
mem[0x804001F0] <- 0x000000D9


mem[X,0x80001D88] -> 0x05EF
mem[X,0x80001D8A] -> 0x0B80
[2434] [M]: 0x80001D88 (0x0B8005EF) jal a1, 184
x11 <- 0x80001D8C


mem[X,0x80001E40] -> 0x2623
mem[X,0x80001E42] -> 0x1EA1
[2435] [M]: 0x80001E40 (0x1EA12623) sw a0, 492(sp)
mem[0x804001EC] <- 0x203000D9


mem[X,0x80001E44] -> 0x1573
mem[X,0x80001E46] -> 0x3401
[2436] [M]: 0x80001E44 (0x34011573) csrrw a0, mscratch, sp
CSR mscratch -> 0x00000000
CSR mscratch <- 0x80400000 (input: 0x80400000)
x10 <- 0x00000000


mem[X,0x80001E48] -> 0x2A23
mem[X,0x80001E4A] -> 0x1EA1
[2437] [M]: 0x80001E48 (0x1EA12A23) sw a0, 500(sp)
mem[0x804001F4] <- 0x00000000


mem[X,0x80001E4C] -> 0x2503
mem[X,0x80001E4E] -> 0x1B01
[2438] [M]: 0x80001E4C (0x1B012503) lw a0, 432(sp)
mem[R,0x804001B0] -> 0x80001E54
x10 <- 0x80001E54


mem[X,0x80001E50] -> 0x0067
mem[X,0x80001E52] -> 0x0005
[2439] [M]: 0x80001E50 (0x00050067) jalr zero, a0, 0


mem[X,0x80001E54] -> 0x2423
mem[X,0x80001E56] -> 0x1E91
[2440] [M]: 0x80001E54 (0x1E912423) sw s1, 488(sp)
mem[0x804001E8] <- 0x90001230


mem[X,0x80001E58] -> 0x2223
mem[X,0x80001E5A] -> 0x1E81
[2441] [M]: 0x80001E58 (0x1E812223) sw fp, 484(sp)
mem[0x804001E4] <- 0x00000000


mem[X,0x80001E5C] -> 0x2023
mem[X,0x80001E5E] -> 0x1E71
[2442] [M]: 0x80001E5C (0x1E712023) sw t2, 480(sp)
mem[0x804001E0] <- 0x80001230


mem[X,0x80001E60] -> 0x2E23
mem[X,0x80001E62] -> 0x1C61
[2443] [M]: 0x80001E60 (0x1C612E23) sw t1, 476(sp)
mem[0x804001DC] <- 0x00000000


mem[X,0x80001E64] -> 0x2573
mem[X,0x80001E66] -> 0x3420
[2444] [M]: 0x80001E64 (0x34202573) csrrs a0, mcause, zero
CSR mcause -> 0x00000008
x10 <- 0x00000008


mem[X,0x80001E68] -> 0x14B7
mem[X,0x80001E6A] -> 0x8000
[2445] [M]: 0x80001E68 (0x800014B7) lui s1, 524289
x9 <- 0x80001000


mem[X,0x80001E6C] -> 0x8493
mem[X,0x80001E6E] -> 0xFFC4
[2446] [M]: 0x80001E6C (0xFFC48493) addi s1, s1, 4092
x9 <- 0x80000FFC


mem[X,0x80001E70] -> 0xF4B3
mem[X,0x80001E72] -> 0x00A4
[2447] [M]: 0x80001E70 (0x00A4F4B3) and s1, s1, a0
x9 <- 0x00000008


mem[X,0x80001E74] -> 0x8493
mem[X,0x80001E76] -> 0xFF84
[2448] [M]: 0x80001E74 (0xFF848493) addi s1, s1, 4088
x9 <- 0x00000000


mem[X,0x80001E78] -> 0x9663
mem[X,0x80001E7A] -> 0x0004
[2449] [M]: 0x80001E78 (0x00049663) bne s1, zero, 12


mem[X,0x80001E7C] -> 0x2383
mem[X,0x80001E7E] -> 0x1F41
[2450] [M]: 0x80001E7C (0x1F412383) lw t2, 500(sp)
mem[R,0x804001F4] -> 0x00000000
x7 <- 0x00000000


mem[X,0x80001E80] -> 0x8663
mem[X,0x80001E82] -> 0x4803
[2451] [M]: 0x80001E80 (0x48038663) beq t2, zero, 1164


mem[X,0x8000230C] -> 0x0493
mem[X,0x8000230E] -> 0xFF55
[2452] [M]: 0x8000230C (0xFF550493) addi s1, a0, 4085
x9 <- 0xFFFFFFFD


mem[X,0x80002310] -> 0x8C63
mem[X,0x80002312] -> 0x0004
[2453] [M]: 0x80002310 (0x00048C63) beq s1, zero, 24


mem[X,0x80002314] -> 0x2583
mem[X,0x80002316] -> 0x3501
[2454] [M]: 0x80002314 (0x35012583) lw a1, 848(sp)
mem[R,0x80400350] -> 0x9000036C
x11 <- 0x9000036C


mem[X,0x80002318] -> 0xD463
mem[X,0x8000231A] -> 0x0003
[2455] [M]: 0x80002318 (0x0003D463) bge t2, zero, 8


mem[X,0x80002320] -> 0x2483
mem[X,0x80002322] -> 0x1581
[2456] [M]: 0x80002320 (0x15812483) lw s1, 344(sp)
mem[R,0x80400158] -> 0x8000036C
x9 <- 0x8000036C


mem[X,0x80002324] -> 0x84B3
mem[X,0x80002326] -> 0x40B4
[2457] [M]: 0x80002324 (0x40B484B3) sub s1, s1, a1
x9 <- 0xF0000000


mem[X,0x80002328] -> 0x23F3
mem[X,0x8000232A] -> 0x3410
[2458] [M]: 0x80002328 (0x341023F3) csrrs t2, mepc, zero
CSR mepc -> 0x90001430
x7 <- 0x90001430


mem[X,0x8000232C] -> 0x83B3
mem[X,0x8000232E] -> 0x0093
[2459] [M]: 0x8000232C (0x009383B3) add t2, t2, s1
x7 <- 0x80001430


mem[X,0x80002330] -> 0x2303
mem[X,0x80002332] -> 0x1DC1
[2460] [M]: 0x80002330 (0x1DC12303) lw t1, 476(sp)
mem[R,0x804001DC] -> 0x00000000
x6 <- 0x00000000


mem[X,0x80002334] -> 0x2403
mem[X,0x80002336] -> 0x1E41
[2461] [M]: 0x80002334 (0x1E412403) lw fp, 484(sp)
mem[R,0x804001E4] -> 0x00000000
x8 <- 0x00000000


mem[X,0x80002338] -> 0x2483
mem[X,0x8000233A] -> 0x1E81
[2462] [M]: 0x80002338 (0x1E812483) lw s1, 488(sp)
mem[R,0x804001E8] -> 0x90001230
x9 <- 0x90001230


mem[X,0x8000233C] -> 0x2503
mem[X,0x8000233E] -> 0x1EC1
[2463] [M]: 0x8000233C (0x1EC12503) lw a0, 492(sp)
mem[R,0x804001EC] -> 0x203000D9
x10 <- 0x203000D9


mem[X,0x80002340] -> 0x2583
mem[X,0x80002342] -> 0x1F01
[2464] [M]: 0x80002340 (0x1F012583) lw a1, 496(sp)
mem[R,0x804001F0] -> 0x000000D9
x11 <- 0x000000D9


mem[X,0x80002344] -> 0x2103
mem[X,0x80002346] -> 0x1F41
[2465] [M]: 0x80002344 (0x1F412103) lw sp, 500(sp)
mem[R,0x804001F4] -> 0x00000000
x2 <- 0x00000000


mem[X,0x80002348] -> 0x8067
mem[X,0x8000234A] -> 0x0043
[2466] [M]: 0x80002348 (0x00438067) jalr zero, t2, 4


mem[X,0x80001434] -> 0x0713
mem[X,0x80001436] -> 0x1230
[2467] [M]: 0x80001434 (0x12300713) addi a4, zero, 291
x14 <- 0x00000123


mem[X,0x80001438] -> 0xA823
mem[X,0x8000143A] -> 0x08E6
[2468] [M]: 0x80001438 (0x08E6A823) sw a4, 144(a3)
mem[0x80C025A4] <- 0x00000123


mem[X,0x8000143C] -> 0x0013
mem[X,0x8000143E] -> 0x0000
[2469] [M]: 0x8000143C (0x00000013) addi zero, zero, 0


mem[X,0x80001440] -> 0x0517
mem[X,0x80001442] -> 0x00C0
[2470] [M]: 0x80001440 (0x00C00517) auipc a0, 3072
x10 <- 0x80C01440


mem[X,0x80001444] -> 0x0513
mem[X,0x80001446] -> 0xBC05
[2471] [M]: 0x80001444 (0xBC050513) addi a0, a0, 3008
x10 <- 0x80C01000


mem[X,0x80001448] -> 0x0013
mem[X,0x8000144A] -> 0x0000
[2472] [M]: 0x80001448 (0x00000013) addi zero, zero, 0


mem[X,0x8000144C] -> 0x0013
mem[X,0x8000144E] -> 0x0000
[2473] [M]: 0x8000144C (0x00000013) addi zero, zero, 0


mem[X,0x80001450] -> 0x0013
mem[X,0x80001452] -> 0x0000
[2474] [M]: 0x80001450 (0x00000013) addi zero, zero, 0


mem[X,0x80001454] -> 0x0013
mem[X,0x80001456] -> 0x0000
[2475] [M]: 0x80001454 (0x00000013) addi zero, zero, 0


mem[X,0x80001458] -> 0x0013
mem[X,0x8000145A] -> 0x0000
[2476] [M]: 0x80001458 (0x00000013) addi zero, zero, 0


mem[X,0x8000145C] -> 0x0013
mem[X,0x8000145E] -> 0x0000
[2477] [M]: 0x8000145C (0x00000013) addi zero, zero, 0


mem[X,0x80001460] -> 0x0593
mem[X,0x80001462] -> 0x0010
[2478] [M]: 0x80001460 (0x00100593) addi a1, zero, 1
x11 <- 0x00000001


mem[X,0x80001464] -> 0x5513
mem[X,0x80001466] -> 0x00C5
[2479] [M]: 0x80001464 (0x00C55513) srli a0, a0, 12
x10 <- 0x00080C01


mem[X,0x80001468] -> 0x1513
mem[X,0x8000146A] -> 0x00A5
[2480] [M]: 0x80001468 (0x00A51513) slli a0, a0, 10
x10 <- 0x20300400


mem[X,0x8000146C] -> 0x6533
mem[X,0x8000146E] -> 0x00B5
[2481] [M]: 0x8000146C (0x00B56533) or a0, a0, a1
x10 <- 0x20300401


mem[X,0x80001470] -> 0x0013
mem[X,0x80001472] -> 0x0000
[2482] [M]: 0x80001470 (0x00000013) addi zero, zero, 0


mem[X,0x80001474] -> 0x0013
mem[X,0x80001476] -> 0x0000
[2483] [M]: 0x80001474 (0x00000013) addi zero, zero, 0


mem[X,0x80001478] -> 0x0013
mem[X,0x8000147A] -> 0x0000
[2484] [M]: 0x80001478 (0x00000013) addi zero, zero, 0


mem[X,0x8000147C] -> 0x0013
mem[X,0x8000147E] -> 0x0000
[2485] [M]: 0x8000147C (0x00000013) addi zero, zero, 0


mem[X,0x80001480] -> 0x1317
mem[X,0x80001482] -> 0x00C0
[2486] [M]: 0x80001480 (0x00C01317) auipc t1, 3073
x6 <- 0x80C02480


mem[X,0x80001484] -> 0x0313
mem[X,0x80001486] -> 0xB803
[2487] [M]: 0x80001484 (0xB8030313) addi t1, t1, 2944
x6 <- 0x80C02000


mem[X,0x80001488] -> 0x0013
mem[X,0x8000148A] -> 0x0000
[2488] [M]: 0x80001488 (0x00000013) addi zero, zero, 0


mem[X,0x8000148C] -> 0x0013
mem[X,0x8000148E] -> 0x0000
[2489] [M]: 0x8000148C (0x00000013) addi zero, zero, 0


mem[X,0x80001490] -> 0x0013
mem[X,0x80001492] -> 0x0000
[2490] [M]: 0x80001490 (0x00000013) addi zero, zero, 0


mem[X,0x80001494] -> 0x0013
mem[X,0x80001496] -> 0x0000
[2491] [M]: 0x80001494 (0x00000013) addi zero, zero, 0


mem[X,0x80001498] -> 0x0013
mem[X,0x8000149A] -> 0x0000
[2492] [M]: 0x80001498 (0x00000013) addi zero, zero, 0


mem[X,0x8000149C] -> 0x0013
mem[X,0x8000149E] -> 0x0000
[2493] [M]: 0x8000149C (0x00000013) addi zero, zero, 0


mem[X,0x800014A0] -> 0x12B7
mem[X,0x800014A2] -> 0x0000
[2494] [M]: 0x800014A0 (0x000012B7) lui t0, 1
x5 <- 0x00001000


mem[X,0x800014A4] -> 0x8293
mem[X,0x800014A6] -> 0x9142
[2495] [M]: 0x800014A4 (0x91428293) addi t0, t0, 2324
x5 <- 0x00000914


mem[X,0x800014A8] -> 0x0333
mem[X,0x800014AA] -> 0x0053
[2496] [M]: 0x800014A8 (0x00530333) add t1, t1, t0
x6 <- 0x80C02914


mem[X,0x800014AC] -> 0x2023
mem[X,0x800014AE] -> 0x00A3
[2497] [M]: 0x800014AC (0x00A32023) sw a0, 0(t1)
mem[0x80C02914] <- 0x20300401


mem[X,0x800014B0] -> 0x0013
mem[X,0x800014B2] -> 0x0000
[2498] [M]: 0x800014B0 (0x00000013) addi zero, zero, 0


mem[X,0x800014B4] -> 0x0013
mem[X,0x800014B6] -> 0x0000
[2499] [M]: 0x800014B4 (0x00000013) addi zero, zero, 0


clint::tick mtime <- 0x0000000000000019
 clint timer pending at mtime 0x0000000000000019
htif::tick 0x0000000000000000
mem[X,0x800014B8] -> 0x0013
mem[X,0x800014BA] -> 0x0000
[2500] [M]: 0x800014B8 (0x00000013) addi zero, zero, 0


mem[X,0x800014BC] -> 0x0013
mem[X,0x800014BE] -> 0x0000
[2501] [M]: 0x800014BC (0x00000013) addi zero, zero, 0


mem[X,0x800014C0] -> 0xF517
mem[X,0x800014C2] -> 0x00BF
[2502] [M]: 0x800014C0 (0x00BFF517) auipc a0, 3071
x10 <- 0x80C004C0


mem[X,0x800014C4] -> 0x0513
mem[X,0x800014C6] -> 0xB405
[2503] [M]: 0x800014C4 (0xB4050513) addi a0, a0, 2880
x10 <- 0x80C00000


mem[X,0x800014C8] -> 0x0013
mem[X,0x800014CA] -> 0x0000
[2504] [M]: 0x800014C8 (0x00000013) addi zero, zero, 0


mem[X,0x800014CC] -> 0x0013
mem[X,0x800014CE] -> 0x0000
[2505] [M]: 0x800014CC (0x00000013) addi zero, zero, 0


mem[X,0x800014D0] -> 0x0013
mem[X,0x800014D2] -> 0x0000
[2506] [M]: 0x800014D0 (0x00000013) addi zero, zero, 0


mem[X,0x800014D4] -> 0x0013
mem[X,0x800014D6] -> 0x0000
[2507] [M]: 0x800014D4 (0x00000013) addi zero, zero, 0


mem[X,0x800014D8] -> 0x0013
mem[X,0x800014DA] -> 0x0000
[2508] [M]: 0x800014D8 (0x00000013) addi zero, zero, 0


mem[X,0x800014DC] -> 0x0013
mem[X,0x800014DE] -> 0x0000
[2509] [M]: 0x800014DC (0x00000013) addi zero, zero, 0


mem[X,0x800014E0] -> 0x0593
mem[X,0x800014E2] -> 0x0DB0
[2510] [M]: 0x800014E0 (0x0DB00593) addi a1, zero, 219
x11 <- 0x000000DB


mem[X,0x800014E4] -> 0x5513
mem[X,0x800014E6] -> 0x00C5
[2511] [M]: 0x800014E4 (0x00C55513) srli a0, a0, 12
x10 <- 0x00080C00


mem[X,0x800014E8] -> 0x1513
mem[X,0x800014EA] -> 0x00A5
[2512] [M]: 0x800014E8 (0x00A51513) slli a0, a0, 10
x10 <- 0x20300000


mem[X,0x800014EC] -> 0x6533
mem[X,0x800014EE] -> 0x00B5
[2513] [M]: 0x800014EC (0x00B56533) or a0, a0, a1
x10 <- 0x203000DB


mem[X,0x800014F0] -> 0x0013
mem[X,0x800014F2] -> 0x0000
[2514] [M]: 0x800014F0 (0x00000013) addi zero, zero, 0


mem[X,0x800014F4] -> 0x0013
mem[X,0x800014F6] -> 0x0000
[2515] [M]: 0x800014F4 (0x00000013) addi zero, zero, 0


mem[X,0x800014F8] -> 0x0013
mem[X,0x800014FA] -> 0x0000
[2516] [M]: 0x800014F8 (0x00000013) addi zero, zero, 0


mem[X,0x800014FC] -> 0x0013
mem[X,0x800014FE] -> 0x0000
[2517] [M]: 0x800014FC (0x00000013) addi zero, zero, 0


mem[X,0x80001500] -> 0x0317
mem[X,0x80001502] -> 0x00C0
[2518] [M]: 0x80001500 (0x00C00317) auipc t1, 3072
x6 <- 0x80C01500


mem[X,0x80001504] -> 0x0313
mem[X,0x80001506] -> 0xB003
[2519] [M]: 0x80001504 (0xB0030313) addi t1, t1, 2816
x6 <- 0x80C01000


mem[X,0x80001508] -> 0x0013
mem[X,0x8000150A] -> 0x0000
[2520] [M]: 0x80001508 (0x00000013) addi zero, zero, 0


mem[X,0x8000150C] -> 0x0013
mem[X,0x8000150E] -> 0x0000
[2521] [M]: 0x8000150C (0x00000013) addi zero, zero, 0


mem[X,0x80001510] -> 0x0013
mem[X,0x80001512] -> 0x0000
[2522] [M]: 0x80001510 (0x00000013) addi zero, zero, 0


mem[X,0x80001514] -> 0x0013
mem[X,0x80001516] -> 0x0000
[2523] [M]: 0x80001514 (0x00000013) addi zero, zero, 0


mem[X,0x80001518] -> 0x0013
mem[X,0x8000151A] -> 0x0000
[2524] [M]: 0x80001518 (0x00000013) addi zero, zero, 0


mem[X,0x8000151C] -> 0x0013
mem[X,0x8000151E] -> 0x0000
[2525] [M]: 0x8000151C (0x00000013) addi zero, zero, 0


mem[X,0x80001520] -> 0x0293
mem[X,0x80001522] -> 0x0000
[2526] [M]: 0x80001520 (0x00000293) addi t0, zero, 0
x5 <- 0x00000000


mem[X,0x80001524] -> 0x0333
mem[X,0x80001526] -> 0x0053
[2527] [M]: 0x80001524 (0x00530333) add t1, t1, t0
x6 <- 0x80C01000


mem[X,0x80001528] -> 0x2023
mem[X,0x8000152A] -> 0x00A3
[2528] [M]: 0x80001528 (0x00A32023) sw a0, 0(t1)
mem[0x80C01000] <- 0x203000DB


mem[X,0x8000152C] -> 0x0073
mem[X,0x8000152E] -> 0x1200
[2529] [M]: 0x8000152C (0x12000073) sfence.vma zero, zero


mem[X,0x80001530] -> 0x24B7
mem[X,0x80001532] -> 0x0000
[2530] [M]: 0x80001530 (0x000024B7) lui s1, 2
x9 <- 0x00002000


mem[X,0x80001534] -> 0x8493
mem[X,0x80001536] -> 0x8004
[2531] [M]: 0x80001534 (0x80048493) addi s1, s1, 2048
x9 <- 0x00001800


mem[X,0x80001538] -> 0xB073
mem[X,0x8000153A] -> 0x3004
[2532] [M]: 0x80001538 (0x3004B073) csrrc zero, mstatus, s1
CSR mstatus -> 0x00000000
CSR mstatus <- 0x00000000 (input: 0x00000000)


mem[X,0x8000153C] -> 0x2173
mem[X,0x8000153E] -> 0x3400
[2533] [M]: 0x8000153C (0x34002173) csrrs sp, mscratch, zero
CSR mscratch -> 0x80400000
x2 <- 0x80400000


mem[X,0x80001540] -> 0x2303
mem[X,0x80001542] -> 0x3501
[2534] [M]: 0x80001540 (0x35012303) lw t1, 848(sp)
mem[R,0x80400350] -> 0x9000036C
x6 <- 0x9000036C


mem[X,0x80001544] -> 0x2483
mem[X,0x80001546] -> 0x1581
[2535] [M]: 0x80001544 (0x15812483) lw s1, 344(sp)
mem[R,0x80400158] -> 0x8000036C
x9 <- 0x8000036C


mem[X,0x80001548] -> 0x0333
mem[X,0x8000154A] -> 0x4093
[2536] [M]: 0x80001548 (0x40930333) sub t1, t1, s1
x6 <- 0x10000000


mem[X,0x8000154C] -> 0x0313
mem[X,0x8000154E] -> 0x0103
[2537] [M]: 0x8000154C (0x01030313) addi t1, t1, 16
x6 <- 0x10000010


mem[X,0x80001550] -> 0x0497
mem[X,0x80001552] -> 0x0000
[2538] [M]: 0x80001550 (0x00000497) auipc s1, 0
x9 <- 0x80001550


mem[X,0x80001554] -> 0x84B3
mem[X,0x80001556] -> 0x0064
[2539] [M]: 0x80001554 (0x006484B3) add s1, s1, t1
x9 <- 0x90001560


mem[X,0x80001558] -> 0x94F3
mem[X,0x8000155A] -> 0x3414
[2540] [M]: 0x80001558 (0x341494F3) csrrw s1, mepc, s1
CSR mepc -> 0x90001430
CSR mepc <- 0x90001560 (input: 0x90001560)
x9 <- 0x90001430


mem[X,0x8000155C] -> 0x0073
mem[X,0x8000155E] -> 0x3020
[2541] [M]: 0x8000155C (0x30200073) mret
CSR mstatus <- 0x00000080
ret-ing from M to U


mem[R,0x80C02900] -> 0x200000DB
mem[X,0x80001560] -> 0xE737
mem[X,0x80001562] -> 0x0000
[2542] [U]: 0x90001560 (0x0000E737) lui a4, 14
x14 <- 0x0000E000


mem[X,0x80001564] -> 0x0713
mem[X,0x80001566] -> 0xEAD7
[2543] [U]: 0x90001564 (0xEAD70713) addi a4, a4, 3757
x14 <- 0x0000DEAD


mem[X,0x80001568] -> 0xAA23
mem[X,0x8000156A] -> 0x08ED
[2544] [U]: 0x90001568 (0x08EDAA23) sw a4, 148(s11)
mem[R,0x80C02930] -> 0x20300401
mem[R,0x80C01050] -> 0x203008D7
mem[0x80C025A8] <- 0x0000DEAD


mem[R,0x80C02900] -> 0x200000DB
mem[X,0x8000156C] -> 0x0013
mem[X,0x8000156E] -> 0x0000
[2545] [U]: 0x9000156C (0x00000013) addi zero, zero, 0


mem[X,0x80001570] -> 0x0013
mem[X,0x80001572] -> 0x0000
[2546] [U]: 0x90001570 (0x00000013) addi zero, zero, 0


mem[X,0x80001574] -> 0x0013
mem[X,0x80001576] -> 0x0000
[2547] [U]: 0x90001574 (0x00000013) addi zero, zero, 0


mem[X,0x80001578] -> 0x0013
mem[X,0x8000157A] -> 0x0000
[2548] [U]: 0x90001578 (0x00000013) addi zero, zero, 0


mem[X,0x8000157C] -> 0x0013
mem[X,0x8000157E] -> 0x0000
[2549] [U]: 0x9000157C (0x00000013) addi zero, zero, 0


mem[X,0x80001580] -> 0x07B7
mem[X,0x80001582] -> 0x9140
[2550] [U]: 0x90001580 (0x914007B7) lui a5, 594944
x15 <- 0x91400000


mem[X,0x80001584] -> 0x0013
mem[X,0x80001586] -> 0x0000
[2551] [U]: 0x90001584 (0x00000013) addi zero, zero, 0


mem[X,0x80001588] -> 0x0013
mem[X,0x8000158A] -> 0x0000
[2552] [U]: 0x90001588 (0x00000013) addi zero, zero, 0


mem[X,0x8000158C] -> 0x0013
mem[X,0x8000158E] -> 0x0000
[2553] [U]: 0x9000158C (0x00000013) addi zero, zero, 0


mem[X,0x80001590] -> 0x0013
mem[X,0x80001592] -> 0x0000
[2554] [U]: 0x90001590 (0x00000013) addi zero, zero, 0


mem[X,0x80001594] -> 0x0013
mem[X,0x80001596] -> 0x0000
[2555] [U]: 0x90001594 (0x00000013) addi zero, zero, 0


mem[X,0x80001598] -> 0x0013
mem[X,0x8000159A] -> 0x0000
[2556] [U]: 0x90001598 (0x00000013) addi zero, zero, 0


mem[X,0x8000159C] -> 0x0013
mem[X,0x8000159E] -> 0x0000
[2557] [U]: 0x9000159C (0x00000013) addi zero, zero, 0


mem[X,0x800015A0] -> 0x0613
mem[X,0x800015A2] -> 0x0106
[2558] [U]: 0x900015A0 (0x01060613) addi a2, a2, 16
x12 <- 0x00000160


mem[X,0x800015A4] -> 0x0713
mem[X,0x800015A6] -> 0x0106
[2559] [U]: 0x900015A4 (0x01060713) addi a4, a2, 16
x14 <- 0x00000170


mem[X,0x800015A8] -> 0x0613
mem[X,0x800015AA] -> 0x0107
[2560] [U]: 0x900015A8 (0x01070613) addi a2, a4, 16
x12 <- 0x00000180


mem[X,0x800015AC] -> 0xAA23
mem[X,0x800015AE] -> 0x00C7
[2561] [U]: 0x900015AC (0x00C7AA23) sw a2, 20(a5)
mem[R,0x80C02914] -> 0x20300401
mem[R,0x80C01000] -> 0x203000DB
trapping from U to M to handle store/amo-page-fault
handling exc#0x0F at priv M with tval 0x91400014
CSR mstatus <- 0x00000000


mem[X,0x80001D00] -> 0x006F
mem[X,0x80001D02] -> 0x0800
[2562] [M]: 0x80001D00 (0x0800006F) jal zero, 128


mem[X,0x80001D80] -> 0x1173
mem[X,0x80001D82] -> 0x3401
[2563] [M]: 0x80001D80 (0x34011173) csrrw sp, mscratch, sp
CSR mscratch -> 0x80400000
CSR mscratch <- 0x80400000 (input: 0x80400000)
x2 <- 0x80400000


mem[X,0x80001D84] -> 0x2823
mem[X,0x80001D86] -> 0x1EB1
[2564] [M]: 0x80001D84 (0x1EB12823) sw a1, 496(sp)
mem[0x804001F0] <- 0x000000DB


mem[X,0x80001D88] -> 0x05EF
mem[X,0x80001D8A] -> 0x0B80
[2565] [M]: 0x80001D88 (0x0B8005EF) jal a1, 184
x11 <- 0x80001D8C


mem[X,0x80001E40] -> 0x2623
mem[X,0x80001E42] -> 0x1EA1
[2566] [M]: 0x80001E40 (0x1EA12623) sw a0, 492(sp)
mem[0x804001EC] <- 0x203000DB


mem[X,0x80001E44] -> 0x1573
mem[X,0x80001E46] -> 0x3401
[2567] [M]: 0x80001E44 (0x34011573) csrrw a0, mscratch, sp
CSR mscratch -> 0x80400000
CSR mscratch <- 0x80400000 (input: 0x80400000)
x10 <- 0x80400000


mem[X,0x80001E48] -> 0x2A23
mem[X,0x80001E4A] -> 0x1EA1
[2568] [M]: 0x80001E48 (0x1EA12A23) sw a0, 500(sp)
mem[0x804001F4] <- 0x80400000


mem[X,0x80001E4C] -> 0x2503
mem[X,0x80001E4E] -> 0x1B01
[2569] [M]: 0x80001E4C (0x1B012503) lw a0, 432(sp)
mem[R,0x804001B0] -> 0x80001E54
x10 <- 0x80001E54


mem[X,0x80001E50] -> 0x0067
mem[X,0x80001E52] -> 0x0005
[2570] [M]: 0x80001E50 (0x00050067) jalr zero, a0, 0


mem[X,0x80001E54] -> 0x2423
mem[X,0x80001E56] -> 0x1E91
[2571] [M]: 0x80001E54 (0x1E912423) sw s1, 488(sp)
mem[0x804001E8] <- 0x90001430


mem[X,0x80001E58] -> 0x2223
mem[X,0x80001E5A] -> 0x1E81
[2572] [M]: 0x80001E58 (0x1E812223) sw fp, 484(sp)
mem[0x804001E4] <- 0x00000000


mem[X,0x80001E5C] -> 0x2023
mem[X,0x80001E5E] -> 0x1E71
[2573] [M]: 0x80001E5C (0x1E712023) sw t2, 480(sp)
mem[0x804001E0] <- 0x80001430


mem[X,0x80001E60] -> 0x2E23
mem[X,0x80001E62] -> 0x1C61
[2574] [M]: 0x80001E60 (0x1C612E23) sw t1, 476(sp)
mem[0x804001DC] <- 0x10000010


mem[X,0x80001E64] -> 0x2573
mem[X,0x80001E66] -> 0x3420
[2575] [M]: 0x80001E64 (0x34202573) csrrs a0, mcause, zero
CSR mcause -> 0x0000000F
x10 <- 0x0000000F


mem[X,0x80001E68] -> 0x14B7
mem[X,0x80001E6A] -> 0x8000
[2576] [M]: 0x80001E68 (0x800014B7) lui s1, 524289
x9 <- 0x80001000


mem[X,0x80001E6C] -> 0x8493
mem[X,0x80001E6E] -> 0xFFC4
[2577] [M]: 0x80001E6C (0xFFC48493) addi s1, s1, 4092
x9 <- 0x80000FFC


mem[X,0x80001E70] -> 0xF4B3
mem[X,0x80001E72] -> 0x00A4
[2578] [M]: 0x80001E70 (0x00A4F4B3) and s1, s1, a0
x9 <- 0x0000000C


mem[X,0x80001E74] -> 0x8493
mem[X,0x80001E76] -> 0xFF84
[2579] [M]: 0x80001E74 (0xFF848493) addi s1, s1, 4088
x9 <- 0x00000004


mem[X,0x80001E78] -> 0x9663
mem[X,0x80001E7A] -> 0x0004
[2580] [M]: 0x80001E78 (0x00049663) bne s1, zero, 12


mem[X,0x80001E84] -> 0x0393
mem[X,0x80001E86] -> 0x0100
[2581] [M]: 0x80001E84 (0x01000393) addi t2, zero, 16
x7 <- 0x00000010


mem[X,0x80001E88] -> 0x5E63
mem[X,0x80001E8A] -> 0x0205
[2582] [M]: 0x80001E88 (0x02055E63) bge a0, zero, 60


mem[X,0x80001EC4] -> 0x2373
mem[X,0x80001EC6] -> 0x3010
[2583] [M]: 0x80001EC4 (0x30102373) csrrs t1, misa, zero
CSR misa -> 0x4014112D
x6 <- 0x4014112D


mem[X,0x80001EC8] -> 0x1313
mem[X,0x80001ECA] -> 0x0183
[2584] [M]: 0x80001EC8 (0x01831313) slli t1, t1, 24
x6 <- 0x2D000000


mem[X,0x80001ECC] -> 0x5463
mem[X,0x80001ECE] -> 0x0003
[2585] [M]: 0x80001ECC (0x00035463) bge t1, zero, 8


mem[X,0x80001ED4] -> 0x2303
mem[X,0x80001ED6] -> 0x1981
[2586] [M]: 0x80001ED4 (0x19812303) lw t1, 408(sp)
mem[R,0x80400198] -> 0x80C02694
x6 <- 0x80C02694


mem[X,0x80001ED8] -> 0x04B3
mem[X,0x80001EDA] -> 0x0073
[2587] [M]: 0x80001ED8 (0x007304B3) add s1, t1, t2
x9 <- 0x80C026A4


mem[X,0x80001EDC] -> 0x2C23
mem[X,0x80001EDE] -> 0x1891
[2588] [M]: 0x80001EDC (0x18912C23) sw s1, 408(sp)
mem[0x80400198] <- 0x80C026A4


mem[X,0x80001EE0] -> 0x2403
mem[X,0x80001EE2] -> 0x1781
[2589] [M]: 0x80001EE0 (0x17812403) lw fp, 376(sp)
mem[R,0x80400178] -> 0x80C02510
x8 <- 0x80C02510


mem[X,0x80001EE4] -> 0x0333
mem[X,0x80001EE6] -> 0x4083
[2590] [M]: 0x80001EE4 (0x40830333) sub t1, t1, fp
x6 <- 0x00000184


mem[X,0x80001EE8] -> 0x2403
mem[X,0x80001EEA] -> 0x1781
[2591] [M]: 0x80001EE8 (0x17812403) lw fp, 376(sp)
mem[R,0x80400178] -> 0x80C02510
x8 <- 0x80C02510


mem[X,0x80001EEC] -> 0x0333
mem[X,0x80001EEE] -> 0x0083
[2592] [M]: 0x80001EEC (0x00830333) add t1, t1, fp
x6 <- 0x80C02694


mem[X,0x80001EF0] -> 0x2403
mem[X,0x80001EF2] -> 0x1C01
[2593] [M]: 0x80001EF0 (0x1C012403) lw fp, 448(sp)
mem[R,0x804001C0] -> 0x80001D00
x8 <- 0x80001D00


mem[X,0x80001EF4] -> 0x85B3
mem[X,0x80001EF6] -> 0x4085
[2594] [M]: 0x80001EF4 (0x408585B3) sub a1, a1, fp
x11 <- 0x0000008C


mem[X,0x80001EF8] -> 0x9593
mem[X,0x80001EFA] -> 0x0045
[2595] [M]: 0x80001EF8 (0x00459593) slli a1, a1, 4
x11 <- 0x000008C0


mem[X,0x80001EFC] -> 0xE5B3
mem[X,0x80001EFE] -> 0x0075
[2596] [M]: 0x80001EFC (0x0075E5B3) or a1, a1, t2
x11 <- 0x000008D0


mem[X,0x80001F00] -> 0x8593
mem[X,0x80001F02] -> 0x0035
[2597] [M]: 0x80001F00 (0x00358593) addi a1, a1, 3
x11 <- 0x000008D3


mem[X,0x80001F04] -> 0x2023
mem[X,0x80001F06] -> 0x00B3
[2598] [M]: 0x80001F04 (0x00B32023) sw a1, 0(t1)
mem[0x80C02694] <- 0x000008D3


mem[X,0x80001F08] -> 0x2223
mem[X,0x80001F0A] -> 0x00A3
[2599] [M]: 0x80001F08 (0x00A32223) sw a0, 4(t1)
mem[0x80C02698] <- 0x0000000F


clint::tick mtime <- 0x000000000000001A
 clint timer pending at mtime 0x000000000000001A
htif::tick 0x0000000000000000
mem[X,0x80001F0C] -> 0x4C63
mem[X,0x80001F0E] -> 0x1405
[2600] [M]: 0x80001F0C (0x14054C63) blt a0, zero, 344


mem[X,0x80001F10] -> 0x25F3
mem[X,0x80001F12] -> 0x3000
[2601] [M]: 0x80001F10 (0x300025F3) csrrs a1, mstatus, zero
CSR mstatus -> 0x00000000
x11 <- 0x00000000


mem[X,0x80001F14] -> 0x9413
mem[X,0x80001F16] -> 0x00E5
[2602] [M]: 0x80001F14 (0x00E59413) slli fp, a1, 14
x8 <- 0x00000000


mem[X,0x80001F18] -> 0x5463
mem[X,0x80001F1A] -> 0x0004
[2603] [M]: 0x80001F18 (0x00045463) bge fp, zero, 8


mem[X,0x80001F20] -> 0xD493
mem[X,0x80001F22] -> 0x00B5
[2604] [M]: 0x80001F20 (0x00B5D493) srli s1, a1, 11
x9 <- 0x00000000


mem[X,0x80001F24] -> 0xF493
mem[X,0x80001F26] -> 0x0034
[2605] [M]: 0x80001F24 (0x0034F493) andi s1, s1, 3
x9 <- 0x00000000


mem[X,0x80001F28] -> 0x8493
mem[X,0x80001F2A] -> 0x0014
[2606] [M]: 0x80001F28 (0x00148493) addi s1, s1, 1
x9 <- 0x00000001


mem[X,0x80001F2C] -> 0xF493
mem[X,0x80001F2E] -> 0x0044
[2607] [M]: 0x80001F2C (0x0044F493) andi s1, s1, 4
x9 <- 0x00000000


mem[X,0x80001F30] -> 0x0593
mem[X,0x80001F32] -> 0x05D0
[2608] [M]: 0x80001F30 (0x05D00593) addi a1, zero, 93
x11 <- 0x0000005D


mem[X,0x80001F34] -> 0xD5B3
mem[X,0x80001F36] -> 0x0095
[2609] [M]: 0x80001F34 (0x0095D5B3) srl a1, a1, s1
x11 <- 0x0000005D


mem[X,0x80001F38] -> 0xF593
mem[X,0x80001F3A] -> 0x0015
[2610] [M]: 0x80001F38 (0x0015F593) andi a1, a1, 1
x11 <- 0x00000001


mem[X,0x80001F3C] -> 0x82E3
mem[X,0x80001F3E] -> 0xF605
[2611] [M]: 0x80001F3C (0xF60582E3) beq a1, zero, 8036


mem[X,0x80001F40] -> 0x0593
mem[X,0x80001F42] -> 0x1F80
[2612] [M]: 0x80001F40 (0x1F800593) addi a1, zero, 504
x11 <- 0x000001F8


mem[X,0x80001F44] -> 0xF413
mem[X,0x80001F46] -> 0x0014
[2613] [M]: 0x80001F44 (0x0014F413) andi fp, s1, 1
x8 <- 0x00000000


mem[X,0x80001F48] -> 0x95B3
mem[X,0x80001F4A] -> 0x0085
[2614] [M]: 0x80001F48 (0x008595B3) sll a1, a1, fp
x11 <- 0x000001F8


mem[X,0x80001F4C] -> 0x9413
mem[X,0x80001F4E] -> 0x01D4
[2615] [M]: 0x80001F4C (0x01D49413) slli fp, s1, 29
x8 <- 0x00000000


mem[X,0x80001F50] -> 0x5413
mem[X,0x80001F52] -> 0x41F4
[2616] [M]: 0x80001F50 (0x41F45413) srai fp, fp, 31
x8 <- 0x00000000


mem[X,0x80001F54] -> 0x4413
mem[X,0x80001F56] -> 0xFFF4
[2617] [M]: 0x80001F54 (0xFFF44413) xori fp, fp, 4095
x8 <- 0xFFFFFFFF


mem[X,0x80001F58] -> 0xF4B3
mem[X,0x80001F5A] -> 0x0085
[2618] [M]: 0x80001F58 (0x0085F4B3) and s1, a1, fp
x9 <- 0x000001F8


mem[X,0x80001F5C] -> 0x84B3
mem[X,0x80001F5E] -> 0x0024
[2619] [M]: 0x80001F5C (0x002484B3) add s1, s1, sp
x9 <- 0x804001F8


mem[X,0x80001F60] -> 0x23F3
mem[X,0x80001F62] -> 0x3410
[2620] [M]: 0x80001F60 (0x341023F3) csrrs t2, mepc, zero
CSR mepc -> 0x900015AC
x7 <- 0x900015AC


mem[X,0x80001F64] -> 0xA403
mem[X,0x80001F66] -> 0x1884
[2621] [M]: 0x80001F64 (0x1884A403) lw fp, 392(s1)
mem[R,0x80400380] -> 0x940003F0
x8 <- 0x940003F0


mem[X,0x80001F68] -> 0xA583
mem[X,0x80001F6A] -> 0x1904
[2622] [M]: 0x80001F68 (0x1904A583) lw a1, 400(s1)
mem[R,0x80400388] -> 0x00802010
x11 <- 0x00802010


mem[X,0x80001F6C] -> 0x85B3
mem[X,0x80001F6E] -> 0x0085
[2623] [M]: 0x80001F6C (0x008585B3) add a1, a1, fp
x11 <- 0x94802400


mem[X,0x80001F70] -> 0xF463
mem[X,0x80001F72] -> 0x00B3
[2624] [M]: 0x80001F70 (0x00B3F463) bgeu t2, a1, 8


mem[X,0x80001F74] -> 0xF663
mem[X,0x80001F76] -> 0x0283
[2625] [M]: 0x80001F74 (0x0283F663) bgeu t2, fp, 44


mem[X,0x80001F78] -> 0xA403
mem[X,0x80001F7A] -> 0x1584
[2626] [M]: 0x80001F78 (0x1584A403) lw fp, 344(s1)
mem[R,0x80400350] -> 0x9000036C
x8 <- 0x9000036C


mem[X,0x80001F7C] -> 0xA583
mem[X,0x80001F7E] -> 0x1604
[2627] [M]: 0x80001F7C (0x1604A583) lw a1, 352(s1)
mem[R,0x80400358] -> 0x000018D0
x11 <- 0x000018D0


mem[X,0x80001F80] -> 0x85B3
mem[X,0x80001F82] -> 0x0085
[2628] [M]: 0x80001F80 (0x008585B3) add a1, a1, fp
x11 <- 0x90001C3C


mem[X,0x80001F84] -> 0xF463
mem[X,0x80001F86] -> 0x00B3
[2629] [M]: 0x80001F84 (0x00B3F463) bgeu t2, a1, 8


mem[X,0x80001F88] -> 0xFC63
mem[X,0x80001F8A] -> 0x0083
[2630] [M]: 0x80001F88 (0x0083FC63) bgeu t2, fp, 24


mem[X,0x80001FA0] -> 0x8433
mem[X,0x80001FA2] -> 0x4083
[2631] [M]: 0x80001FA0 (0x40838433) sub fp, t2, fp
x8 <- 0x00001240


mem[X,0x80001FA4] -> 0x2423
mem[X,0x80001FA6] -> 0x0083
[2632] [M]: 0x80001FA4 (0x00832423) sw fp, 8(t1)
mem[0x80C0269C] <- 0x00001240


mem[X,0x80001FA8] -> 0xF593
mem[X,0x80001FAA] -> 0xFFC3
[2633] [M]: 0x80001FA8 (0xFFC3F593) andi a1, t2, 4092
x11 <- 0x900015AC


mem[X,0x80001FAC] -> 0x8593
mem[X,0x80001FAE] -> 0x0085
[2634] [M]: 0x80001FAC (0x00858593) addi a1, a1, 8
x11 <- 0x900015B4


mem[X,0x80001FB0] -> 0x9073
mem[X,0x80001FB2] -> 0x3415
[2635] [M]: 0x80001FB0 (0x34159073) csrrw zero, mepc, a1
CSR mepc -> 0x900015AC
CSR mepc <- 0x900015B4 (input: 0x900015B4)


mem[X,0x80001FB4] -> 0x23F3
mem[X,0x80001FB6] -> 0x3430
[2636] [M]: 0x80001FB4 (0x343023F3) csrrs t2, mtval, zero
CSR mtval -> 0x91400014
x7 <- 0x91400014


mem[X,0x80001FB8] -> 0x7513
mem[X,0x80001FBA] -> 0x00F5
[2637] [M]: 0x80001FB8 (0x00F57513) andi a0, a0, 15
x10 <- 0x0000000F


mem[X,0x80001FBC] -> 0xB437
mem[X,0x80001FBE] -> 0x0000
[2638] [M]: 0x80001FBC (0x0000B437) lui fp, 11
x8 <- 0x0000B000


mem[X,0x80001FC0] -> 0x0413
mem[X,0x80001FC2] -> 0x0FB4
[2639] [M]: 0x80001FC0 (0x0FB40413) addi fp, fp, 251
x8 <- 0x0000B0FB


mem[X,0x80001FC4] -> 0x5433
mem[X,0x80001FC6] -> 0x00A4
[2640] [M]: 0x80001FC4 (0x00A45433) srl fp, fp, a0
x8 <- 0x00000001


mem[X,0x80001FC8] -> 0x1413
mem[X,0x80001FCA] -> 0x01F4
[2641] [M]: 0x80001FC8 (0x01F41413) slli fp, fp, 31
x8 <- 0x80000000


mem[X,0x80001FCC] -> 0x5C63
mem[X,0x80001FCE] -> 0x0404
[2642] [M]: 0x80001FCC (0x04045C63) bge fp, zero, 88


mem[X,0x80001FD0] -> 0xA403
mem[X,0x80001FD2] -> 0x1884
[2643] [M]: 0x80001FD0 (0x1884A403) lw fp, 392(s1)
mem[R,0x80400380] -> 0x940003F0
x8 <- 0x940003F0


mem[X,0x80001FD4] -> 0xA583
mem[X,0x80001FD6] -> 0x1904
[2644] [M]: 0x80001FD4 (0x1904A583) lw a1, 400(s1)
mem[R,0x80400388] -> 0x00802010
x11 <- 0x00802010


mem[X,0x80001FD8] -> 0x85B3
mem[X,0x80001FDA] -> 0x0085
[2645] [M]: 0x80001FD8 (0x008585B3) add a1, a1, fp
x11 <- 0x94802400


mem[X,0x80001FDC] -> 0xF463
mem[X,0x80001FDE] -> 0x00B3
[2646] [M]: 0x80001FDC (0x00B3F463) bgeu t2, a1, 8


mem[X,0x80001FE0] -> 0xF063
mem[X,0x80001FE2] -> 0x0483
[2647] [M]: 0x80001FE0 (0x0483F063) bgeu t2, fp, 64


mem[X,0x80001FE4] -> 0xA403
mem[X,0x80001FE6] -> 0x1784
[2648] [M]: 0x80001FE4 (0x1784A403) lw fp, 376(s1)
mem[R,0x80400370] -> 0x93014510
x8 <- 0x93014510


mem[X,0x80001FE8] -> 0xA583
mem[X,0x80001FEA] -> 0x1804
[2649] [M]: 0x80001FE8 (0x1804A583) lw a1, 384(s1)
mem[R,0x80400378] -> 0x00000208
x11 <- 0x00000208


mem[X,0x80001FEC] -> 0x85B3
mem[X,0x80001FEE] -> 0x0085
[2650] [M]: 0x80001FEC (0x008585B3) add a1, a1, fp
x11 <- 0x93014718


mem[X,0x80001FF0] -> 0xF463
mem[X,0x80001FF2] -> 0x00B3
[2651] [M]: 0x80001FF0 (0x00B3F463) bgeu t2, a1, 8


mem[X,0x80001FF4] -> 0xF663
mem[X,0x80001FF6] -> 0x0283
[2652] [M]: 0x80001FF4 (0x0283F663) bgeu t2, fp, 44


mem[X,0x80001FF8] -> 0xA403
mem[X,0x80001FFA] -> 0x1584
[2653] [M]: 0x80001FF8 (0x1584A403) lw fp, 344(s1)
mem[R,0x80400350] -> 0x9000036C
x8 <- 0x9000036C


mem[X,0x80001FFC] -> 0xA583
mem[X,0x80001FFE] -> 0x1604
[2654] [M]: 0x80001FFC (0x1604A583) lw a1, 352(s1)
mem[R,0x80400358] -> 0x000018D0
x11 <- 0x000018D0


mem[X,0x80002000] -> 0x85B3
mem[X,0x80002002] -> 0x0085
[2655] [M]: 0x80002000 (0x008585B3) add a1, a1, fp
x11 <- 0x90001C3C


mem[X,0x80002004] -> 0xF463
mem[X,0x80002006] -> 0x00B3
[2656] [M]: 0x80002004 (0x00B3F463) bgeu t2, a1, 8


mem[X,0x8000200C] -> 0xA403
mem[X,0x8000200E] -> 0x1684
[2657] [M]: 0x8000200C (0x1684A403) lw fp, 360(s1)
mem[R,0x80400360] -> 0x910003FC
x8 <- 0x910003FC


mem[X,0x80002010] -> 0xA583
mem[X,0x80002012] -> 0x1704
[2658] [M]: 0x80002010 (0x1704A583) lw a1, 368(s1)
mem[R,0x80400368] -> 0x00802010
x11 <- 0x00802010


mem[X,0x80002014] -> 0x85B3
mem[X,0x80002016] -> 0x0085
[2659] [M]: 0x80002014 (0x008585B3) add a1, a1, fp
x11 <- 0x9180240C


mem[X,0x80002018] -> 0xF6E3
mem[X,0x8000201A] -> 0xC2B3
[2660] [M]: 0x80002018 (0xC2B3F6E3) bgeu t2, a1, 7212


mem[X,0x8000201C] -> 0xE4E3
mem[X,0x8000201E] -> 0xC283
[2661] [M]: 0x8000201C (0xC283E4E3) bltu t2, fp, 7208


mem[X,0x80002020] -> 0x8433
mem[X,0x80002022] -> 0x4083
[2662] [M]: 0x80002020 (0x40838433) sub fp, t2, fp
x8 <- 0x003FFC18


mem[X,0x80002024] -> 0x2623
mem[X,0x80002026] -> 0x0083
[2663] [M]: 0x80002024 (0x00832623) sw fp, 12(t1)
mem[0x80C026A0] <- 0x003FFC18


mem[X,0x80002028] -> 0x2483
mem[X,0x8000202A] -> 0x1981
[2664] [M]: 0x80002028 (0x19812483) lw s1, 408(sp)
mem[R,0x80400198] -> 0x80C026A4
x9 <- 0x80C026A4


mem[X,0x8000202C] -> 0x2383
mem[X,0x8000202E] -> 0x1781
[2665] [M]: 0x8000202C (0x17812383) lw t2, 376(sp)
mem[R,0x80400178] -> 0x80C02510
x7 <- 0x80C02510


mem[X,0x80002030] -> 0x2303
mem[X,0x80002032] -> 0x1801
[2666] [M]: 0x80002030 (0x18012303) lw t1, 384(sp)
mem[R,0x80400180] -> 0x00000208
x6 <- 0x00000208


mem[X,0x80002034] -> 0x0333
mem[X,0x80002036] -> 0x0073
[2667] [M]: 0x80002034 (0x00730333) add t1, t1, t2
x6 <- 0x80C02718


mem[X,0x80002038] -> 0x66E3
mem[X,0x8000203A] -> 0xC093
[2668] [M]: 0x80002038 (0xC09366E3) bltu t1, s1, 7180


mem[X,0x8000203C] -> 0x0393
mem[X,0x8000203E] -> 0x1000
[2669] [M]: 0x8000203C (0x10000393) addi t2, zero, 256
x7 <- 0x00000100


mem[X,0x80002040] -> 0x006F
mem[X,0x80002042] -> 0x0400
[2670] [M]: 0x80002040 (0x0400006F) jal zero, 64


mem[X,0x80002080] -> 0x0417
mem[X,0x80002082] -> 0x0000
[2671] [M]: 0x80002080 (0x00000417) auipc fp, 0
x8 <- 0x80002080


mem[X,0x80002084] -> 0x0413
mem[X,0x80002086] -> 0x03C4
[2672] [M]: 0x80002084 (0x03C40413) addi fp, fp, 60
x8 <- 0x800020BC


mem[X,0x80002088] -> 0x0433
mem[X,0x8000208A] -> 0x0074
[2673] [M]: 0x80002088 (0x00740433) add fp, fp, t2
x8 <- 0x800021BC


mem[X,0x8000208C] -> 0x1393
mem[X,0x8000208E] -> 0x0035
[2674] [M]: 0x8000208C (0x00351393) slli t2, a0, 3
x7 <- 0x00000078


mem[X,0x80002090] -> 0x0433
mem[X,0x80002092] -> 0x0074
[2675] [M]: 0x80002090 (0x00740433) add fp, fp, t2
x8 <- 0x80002234


mem[X,0x80002094] -> 0x7413
mem[X,0x80002096] -> 0xFF84
[2676] [M]: 0x80002094 (0xFF847413) andi fp, fp, 4088
x8 <- 0x80002230


mem[X,0x80002098] -> 0x2403
mem[X,0x8000209A] -> 0x0004
[2677] [M]: 0x80002098 (0x00042403) lw fp, 0(fp)
mem[R,0x80002230] -> 0x0000001F
x8 <- 0x0000001F


mem[X,0x8000209C] -> 0x0EE3
mem[X,0x8000209E] -> 0xC204
[2678] [M]: 0x8000209C (0xC2040EE3) beq fp, zero, 7228


mem[X,0x800020A0] -> 0x1393
mem[X,0x800020A2] -> 0x01F4
[2679] [M]: 0x800020A0 (0x01F41393) slli t2, fp, 31
x7 <- 0x80000000


mem[X,0x800020A4] -> 0xD863
mem[X,0x800020A6] -> 0x0003
[2680] [M]: 0x800020A4 (0x0003D863) bge t2, zero, 16


mem[X,0x800020A8] -> 0x5413
mem[X,0x800020AA] -> 0x0014
[2681] [M]: 0x800020A8 (0x00145413) srli fp, fp, 1
x8 <- 0x0000000F


mem[X,0x800020AC] -> 0x0CE3
mem[X,0x800020AE] -> 0xF885
[2682] [M]: 0x800020AC (0xF8850CE3) beq a0, fp, 8088


mem[X,0x80002044] -> 0x2303
mem[X,0x80002046] -> 0x1DC1
[2683] [M]: 0x80002044 (0x1DC12303) lw t1, 476(sp)
mem[R,0x804001DC] -> 0x10000010
x6 <- 0x10000010


mem[X,0x80002048] -> 0x2383
mem[X,0x8000204A] -> 0x1E01
[2684] [M]: 0x80002048 (0x1E012383) lw t2, 480(sp)
mem[R,0x804001E0] -> 0x80001430
x7 <- 0x80001430


mem[X,0x8000204C] -> 0x2403
mem[X,0x8000204E] -> 0x1E41
[2685] [M]: 0x8000204C (0x1E412403) lw fp, 484(sp)
mem[R,0x804001E4] -> 0x00000000
x8 <- 0x00000000


mem[X,0x80002050] -> 0x2483
mem[X,0x80002052] -> 0x1E81
[2686] [M]: 0x80002050 (0x1E812483) lw s1, 488(sp)
mem[R,0x804001E8] -> 0x90001430
x9 <- 0x90001430


mem[X,0x80002054] -> 0x2503
mem[X,0x80002056] -> 0x1EC1
[2687] [M]: 0x80002054 (0x1EC12503) lw a0, 492(sp)
mem[R,0x804001EC] -> 0x203000DB
x10 <- 0x203000DB


mem[X,0x80002058] -> 0x2583
mem[X,0x8000205A] -> 0x1F01
[2688] [M]: 0x80002058 (0x1F012583) lw a1, 496(sp)
mem[R,0x804001F0] -> 0x000000DB
x11 <- 0x000000DB


mem[X,0x8000205C] -> 0x2103
mem[X,0x8000205E] -> 0x1F41
[2689] [M]: 0x8000205C (0x1F412103) lw sp, 500(sp)
mem[R,0x804001F4] -> 0x80400000
x2 <- 0x80400000


mem[X,0x80002060] -> 0x0073
mem[X,0x80002062] -> 0x3020
[2690] [M]: 0x80002060 (0x30200073) mret
CSR mstatus <- 0x00000080
ret-ing from M to U


mem[X,0x800015B4] -> 0x0013
mem[X,0x800015B6] -> 0x0000
[2691] [U]: 0x900015B4 (0x00000013) addi zero, zero, 0


mem[X,0x800015B8] -> 0xA703
mem[X,0x800015BA] -> 0x0147
[2692] [U]: 0x900015B8 (0x0147A703) lw a4, 20(a5)
mem[R,0x80C02914] -> 0x20300401
mem[R,0x80C01000] -> 0x203000DB
mem[R,0x80C00014] -> 0x00000120
x14 <- 0x00000120


mem[R,0x80C02900] -> 0x200000DB
mem[X,0x800015BC] -> 0x0013
mem[X,0x800015BE] -> 0x0000
[2693] [U]: 0x900015BC (0x00000013) addi zero, zero, 0


mem[X,0x800015C0] -> 0x0013
mem[X,0x800015C2] -> 0x0000
[2694] [U]: 0x900015C0 (0x00000013) addi zero, zero, 0


mem[X,0x800015C4] -> 0xAC23
mem[X,0x800015C6] -> 0x08ED
[2695] [U]: 0x900015C4 (0x08EDAC23) sw a4, 152(s11)
mem[R,0x80C02930] -> 0x20300401
mem[R,0x80C01050] -> 0x203008D7
mem[0x80C025AC] <- 0x00000120


mem[R,0x80C02900] -> 0x200000DB
mem[X,0x800015C8] -> 0x0313
mem[X,0x800015CA] -> 0x0000
[2696] [U]: 0x900015C8 (0x00000313) addi t1, zero, 0
x6 <- 0x00000000


mem[X,0x800015CC] -> 0x0463
mem[X,0x800015CE] -> 0x0203
[2697] [U]: 0x900015CC (0x02030463) beq t1, zero, 40


mem[X,0x800015F4] -> 0x12B7
mem[X,0x800015F6] -> 0x0000
[2698] [U]: 0x900015F4 (0x000012B7) lui t0, 1
x5 <- 0x00001000


mem[X,0x800015F8] -> 0x8293
mem[X,0x800015FA] -> 0xFFC2
[2699] [U]: 0x900015F8 (0xFFC28293) addi t0, t0, 4092
x5 <- 0x00000FFC


clint::tick mtime <- 0x000000000000001B
 clint timer pending at mtime 0x000000000000001B
htif::tick 0x0000000000000000
mem[X,0x800015FC] -> 0xD793
mem[X,0x800015FE] -> 0x00C7
[2700] [U]: 0x900015FC (0x00C7D793) srli a5, a5, 12
x15 <- 0x00091400


mem[X,0x80001600] -> 0x9793
mem[X,0x80001602] -> 0x00C7
[2701] [U]: 0x90001600 (0x00C79793) slli a5, a5, 12
x15 <- 0x91400000


mem[X,0x80001604] -> 0x82B3
mem[X,0x80001606] -> 0x0057
[2702] [U]: 0x90001604 (0x005782B3) add t0, a5, t0
x5 <- 0x91400FFC


mem[X,0x80001608] -> 0x80E7
mem[X,0x8000160A] -> 0x0002
[2703] [U]: 0x90001608 (0x000280E7) jalr ra, t0, 0
x1 <- 0x9000160C


mem[R,0x80C02914] -> 0x20300401
mem[R,0x80C01000] -> 0x203000DB
mem[X,0x80C00FFC] -> 0x8067
mem[X,0x80C00FFE] -> 0x0000
[2704] [U]: 0x91400FFC (0x00008067) jalr zero, ra, 0


mem[R,0x80C02900] -> 0x200000DB
mem[X,0x8000160C] -> 0x0013
mem[X,0x8000160E] -> 0x0000
[2705] [U]: 0x9000160C (0x00000013) addi zero, zero, 0


mem[X,0x80001610] -> 0x0013
mem[X,0x80001612] -> 0x0000
[2706] [U]: 0x90001610 (0x00000013) addi zero, zero, 0


mem[X,0x80001614] -> 0xAE23
mem[X,0x80001616] -> 0x08CD
[2707] [U]: 0x90001614 (0x08CDAE23) sw a2, 156(s11)
mem[R,0x80C02930] -> 0x20300401
mem[R,0x80C01050] -> 0x203008D7
mem[0x80C025B0] <- 0x00000180


mem[R,0x80C02900] -> 0x200000DB
mem[X,0x80001618] -> 0x0013
mem[X,0x8000161A] -> 0x0000
[2708] [U]: 0x90001618 (0x00000013) addi zero, zero, 0


mem[X,0x8000161C] -> 0x0013
mem[X,0x8000161E] -> 0x0000
[2709] [U]: 0x9000161C (0x00000013) addi zero, zero, 0


mem[X,0x80001620] -> 0x0737
mem[X,0x80001622] -> 0x0001
[2710] [U]: 0x90001620 (0x00010737) lui a4, 16
x14 <- 0x00010000


mem[X,0x80001624] -> 0x0713
mem[X,0x80001626] -> 0xEEB7
[2711] [U]: 0x90001624 (0xEEB70713) addi a4, a4, 3819
x14 <- 0x0000FEEB


mem[X,0x80001628] -> 0xA023
mem[X,0x8000162A] -> 0x0AED
[2712] [U]: 0x90001628 (0x0AEDA023) sw a4, 160(s11)
mem[R,0x80C02930] -> 0x20300401
mem[R,0x80C01050] -> 0x203008D7
mem[0x80C025B4] <- 0x0000FEEB


mem[R,0x80C02900] -> 0x200000DB
mem[X,0x8000162C] -> 0x0113
mem[X,0x8000162E] -> 0x0000
[2713] [U]: 0x9000162C (0x00000113) addi sp, zero, 0
x2 <- 0x00000000


mem[X,0x80001630] -> 0x0073
mem[X,0x80001632] -> 0x0000
[2714] [U]: 0x90001630 (0x00000073) ecall
trapping from U to M to handle u-call
handling exc#0x08 at priv M with tval 0x00000000
CSR mstatus <- 0x00000000


mem[X,0x80001D00] -> 0x006F
mem[X,0x80001D02] -> 0x0800
[2715] [M]: 0x80001D00 (0x0800006F) jal zero, 128


mem[X,0x80001D80] -> 0x1173
mem[X,0x80001D82] -> 0x3401
[2716] [M]: 0x80001D80 (0x34011173) csrrw sp, mscratch, sp
CSR mscratch -> 0x80400000
CSR mscratch <- 0x00000000 (input: 0x00000000)
x2 <- 0x80400000


mem[X,0x80001D84] -> 0x2823
mem[X,0x80001D86] -> 0x1EB1
[2717] [M]: 0x80001D84 (0x1EB12823) sw a1, 496(sp)
mem[0x804001F0] <- 0x000000DB


mem[X,0x80001D88] -> 0x05EF
mem[X,0x80001D8A] -> 0x0B80
[2718] [M]: 0x80001D88 (0x0B8005EF) jal a1, 184
x11 <- 0x80001D8C


mem[X,0x80001E40] -> 0x2623
mem[X,0x80001E42] -> 0x1EA1
[2719] [M]: 0x80001E40 (0x1EA12623) sw a0, 492(sp)
mem[0x804001EC] <- 0x203000DB


mem[X,0x80001E44] -> 0x1573
mem[X,0x80001E46] -> 0x3401
[2720] [M]: 0x80001E44 (0x34011573) csrrw a0, mscratch, sp
CSR mscratch -> 0x00000000
CSR mscratch <- 0x80400000 (input: 0x80400000)
x10 <- 0x00000000


mem[X,0x80001E48] -> 0x2A23
mem[X,0x80001E4A] -> 0x1EA1
[2721] [M]: 0x80001E48 (0x1EA12A23) sw a0, 500(sp)
mem[0x804001F4] <- 0x00000000


mem[X,0x80001E4C] -> 0x2503
mem[X,0x80001E4E] -> 0x1B01
[2722] [M]: 0x80001E4C (0x1B012503) lw a0, 432(sp)
mem[R,0x804001B0] -> 0x80001E54
x10 <- 0x80001E54


mem[X,0x80001E50] -> 0x0067
mem[X,0x80001E52] -> 0x0005
[2723] [M]: 0x80001E50 (0x00050067) jalr zero, a0, 0


mem[X,0x80001E54] -> 0x2423
mem[X,0x80001E56] -> 0x1E91
[2724] [M]: 0x80001E54 (0x1E912423) sw s1, 488(sp)
mem[0x804001E8] <- 0x90001430


mem[X,0x80001E58] -> 0x2223
mem[X,0x80001E5A] -> 0x1E81
[2725] [M]: 0x80001E58 (0x1E812223) sw fp, 484(sp)
mem[0x804001E4] <- 0x00000000


mem[X,0x80001E5C] -> 0x2023
mem[X,0x80001E5E] -> 0x1E71
[2726] [M]: 0x80001E5C (0x1E712023) sw t2, 480(sp)
mem[0x804001E0] <- 0x80001430


mem[X,0x80001E60] -> 0x2E23
mem[X,0x80001E62] -> 0x1C61
[2727] [M]: 0x80001E60 (0x1C612E23) sw t1, 476(sp)
mem[0x804001DC] <- 0x00000000


mem[X,0x80001E64] -> 0x2573
mem[X,0x80001E66] -> 0x3420
[2728] [M]: 0x80001E64 (0x34202573) csrrs a0, mcause, zero
CSR mcause -> 0x00000008
x10 <- 0x00000008


mem[X,0x80001E68] -> 0x14B7
mem[X,0x80001E6A] -> 0x8000
[2729] [M]: 0x80001E68 (0x800014B7) lui s1, 524289
x9 <- 0x80001000


mem[X,0x80001E6C] -> 0x8493
mem[X,0x80001E6E] -> 0xFFC4
[2730] [M]: 0x80001E6C (0xFFC48493) addi s1, s1, 4092
x9 <- 0x80000FFC


mem[X,0x80001E70] -> 0xF4B3
mem[X,0x80001E72] -> 0x00A4
[2731] [M]: 0x80001E70 (0x00A4F4B3) and s1, s1, a0
x9 <- 0x00000008


mem[X,0x80001E74] -> 0x8493
mem[X,0x80001E76] -> 0xFF84
[2732] [M]: 0x80001E74 (0xFF848493) addi s1, s1, 4088
x9 <- 0x00000000


mem[X,0x80001E78] -> 0x9663
mem[X,0x80001E7A] -> 0x0004
[2733] [M]: 0x80001E78 (0x00049663) bne s1, zero, 12


mem[X,0x80001E7C] -> 0x2383
mem[X,0x80001E7E] -> 0x1F41
[2734] [M]: 0x80001E7C (0x1F412383) lw t2, 500(sp)
mem[R,0x804001F4] -> 0x00000000
x7 <- 0x00000000


mem[X,0x80001E80] -> 0x8663
mem[X,0x80001E82] -> 0x4803
[2735] [M]: 0x80001E80 (0x48038663) beq t2, zero, 1164


mem[X,0x8000230C] -> 0x0493
mem[X,0x8000230E] -> 0xFF55
[2736] [M]: 0x8000230C (0xFF550493) addi s1, a0, 4085
x9 <- 0xFFFFFFFD


mem[X,0x80002310] -> 0x8C63
mem[X,0x80002312] -> 0x0004
[2737] [M]: 0x80002310 (0x00048C63) beq s1, zero, 24


mem[X,0x80002314] -> 0x2583
mem[X,0x80002316] -> 0x3501
[2738] [M]: 0x80002314 (0x35012583) lw a1, 848(sp)
mem[R,0x80400350] -> 0x9000036C
x11 <- 0x9000036C


mem[X,0x80002318] -> 0xD463
mem[X,0x8000231A] -> 0x0003
[2739] [M]: 0x80002318 (0x0003D463) bge t2, zero, 8


mem[X,0x80002320] -> 0x2483
mem[X,0x80002322] -> 0x1581
[2740] [M]: 0x80002320 (0x15812483) lw s1, 344(sp)
mem[R,0x80400158] -> 0x8000036C
x9 <- 0x8000036C


mem[X,0x80002324] -> 0x84B3
mem[X,0x80002326] -> 0x40B4
[2741] [M]: 0x80002324 (0x40B484B3) sub s1, s1, a1
x9 <- 0xF0000000


mem[X,0x80002328] -> 0x23F3
mem[X,0x8000232A] -> 0x3410
[2742] [M]: 0x80002328 (0x341023F3) csrrs t2, mepc, zero
CSR mepc -> 0x90001630
x7 <- 0x90001630


mem[X,0x8000232C] -> 0x83B3
mem[X,0x8000232E] -> 0x0093
[2743] [M]: 0x8000232C (0x009383B3) add t2, t2, s1
x7 <- 0x80001630


mem[X,0x80002330] -> 0x2303
mem[X,0x80002332] -> 0x1DC1
[2744] [M]: 0x80002330 (0x1DC12303) lw t1, 476(sp)
mem[R,0x804001DC] -> 0x00000000
x6 <- 0x00000000


mem[X,0x80002334] -> 0x2403
mem[X,0x80002336] -> 0x1E41
[2745] [M]: 0x80002334 (0x1E412403) lw fp, 484(sp)
mem[R,0x804001E4] -> 0x00000000
x8 <- 0x00000000


mem[X,0x80002338] -> 0x2483
mem[X,0x8000233A] -> 0x1E81
[2746] [M]: 0x80002338 (0x1E812483) lw s1, 488(sp)
mem[R,0x804001E8] -> 0x90001430
x9 <- 0x90001430


mem[X,0x8000233C] -> 0x2503
mem[X,0x8000233E] -> 0x1EC1
[2747] [M]: 0x8000233C (0x1EC12503) lw a0, 492(sp)
mem[R,0x804001EC] -> 0x203000DB
x10 <- 0x203000DB


mem[X,0x80002340] -> 0x2583
mem[X,0x80002342] -> 0x1F01
[2748] [M]: 0x80002340 (0x1F012583) lw a1, 496(sp)
mem[R,0x804001F0] -> 0x000000DB
x11 <- 0x000000DB


mem[X,0x80002344] -> 0x2103
mem[X,0x80002346] -> 0x1F41
[2749] [M]: 0x80002344 (0x1F412103) lw sp, 500(sp)
mem[R,0x804001F4] -> 0x00000000
x2 <- 0x00000000


mem[X,0x80002348] -> 0x8067
mem[X,0x8000234A] -> 0x0043
[2750] [M]: 0x80002348 (0x00438067) jalr zero, t2, 4


mem[X,0x80001634] -> 0x0713
mem[X,0x80001636] -> 0x1230
[2751] [M]: 0x80001634 (0x12300713) addi a4, zero, 291
x14 <- 0x00000123


mem[X,0x80001638] -> 0xA223
mem[X,0x8000163A] -> 0x0AE6
[2752] [M]: 0x80001638 (0x0AE6A223) sw a4, 164(a3)
mem[0x80C025B8] <- 0x00000123


mem[X,0x8000163C] -> 0x0013
mem[X,0x8000163E] -> 0x0000
[2753] [M]: 0x8000163C (0x00000013) addi zero, zero, 0


mem[X,0x80001640] -> 0x0517
mem[X,0x80001642] -> 0x00C0
[2754] [M]: 0x80001640 (0x00C00517) auipc a0, 3072
x10 <- 0x80C01640


mem[X,0x80001644] -> 0x0513
mem[X,0x80001646] -> 0x9C05
[2755] [M]: 0x80001644 (0x9C050513) addi a0, a0, 2496
x10 <- 0x80C01000


mem[X,0x80001648] -> 0x0013
mem[X,0x8000164A] -> 0x0000
[2756] [M]: 0x80001648 (0x00000013) addi zero, zero, 0


mem[X,0x8000164C] -> 0x0013
mem[X,0x8000164E] -> 0x0000
[2757] [M]: 0x8000164C (0x00000013) addi zero, zero, 0


mem[X,0x80001650] -> 0x0013
mem[X,0x80001652] -> 0x0000
[2758] [M]: 0x80001650 (0x00000013) addi zero, zero, 0


mem[X,0x80001654] -> 0x0013
mem[X,0x80001656] -> 0x0000
[2759] [M]: 0x80001654 (0x00000013) addi zero, zero, 0


mem[X,0x80001658] -> 0x0013
mem[X,0x8000165A] -> 0x0000
[2760] [M]: 0x80001658 (0x00000013) addi zero, zero, 0


mem[X,0x8000165C] -> 0x0013
mem[X,0x8000165E] -> 0x0000
[2761] [M]: 0x8000165C (0x00000013) addi zero, zero, 0


mem[X,0x80001660] -> 0x0593
mem[X,0x80001662] -> 0x0010
[2762] [M]: 0x80001660 (0x00100593) addi a1, zero, 1
x11 <- 0x00000001


mem[X,0x80001664] -> 0x5513
mem[X,0x80001666] -> 0x00C5
[2763] [M]: 0x80001664 (0x00C55513) srli a0, a0, 12
x10 <- 0x00080C01


mem[X,0x80001668] -> 0x1513
mem[X,0x8000166A] -> 0x00A5
[2764] [M]: 0x80001668 (0x00A51513) slli a0, a0, 10
x10 <- 0x20300400


mem[X,0x8000166C] -> 0x6533
mem[X,0x8000166E] -> 0x00B5
[2765] [M]: 0x8000166C (0x00B56533) or a0, a0, a1
x10 <- 0x20300401


mem[X,0x80001670] -> 0x0013
mem[X,0x80001672] -> 0x0000
[2766] [M]: 0x80001670 (0x00000013) addi zero, zero, 0


mem[X,0x80001674] -> 0x0013
mem[X,0x80001676] -> 0x0000
[2767] [M]: 0x80001674 (0x00000013) addi zero, zero, 0


mem[X,0x80001678] -> 0x0013
mem[X,0x8000167A] -> 0x0000
[2768] [M]: 0x80001678 (0x00000013) addi zero, zero, 0


mem[X,0x8000167C] -> 0x0013
mem[X,0x8000167E] -> 0x0000
[2769] [M]: 0x8000167C (0x00000013) addi zero, zero, 0


mem[X,0x80001680] -> 0x1317
mem[X,0x80001682] -> 0x00C0
[2770] [M]: 0x80001680 (0x00C01317) auipc t1, 3073
x6 <- 0x80C02680


mem[X,0x80001684] -> 0x0313
mem[X,0x80001686] -> 0x9803
[2771] [M]: 0x80001684 (0x98030313) addi t1, t1, 2432
x6 <- 0x80C02000


mem[X,0x80001688] -> 0x0013
mem[X,0x8000168A] -> 0x0000
[2772] [M]: 0x80001688 (0x00000013) addi zero, zero, 0


mem[X,0x8000168C] -> 0x0013
mem[X,0x8000168E] -> 0x0000
[2773] [M]: 0x8000168C (0x00000013) addi zero, zero, 0


mem[X,0x80001690] -> 0x0013
mem[X,0x80001692] -> 0x0000
[2774] [M]: 0x80001690 (0x00000013) addi zero, zero, 0


mem[X,0x80001694] -> 0x0013
mem[X,0x80001696] -> 0x0000
[2775] [M]: 0x80001694 (0x00000013) addi zero, zero, 0


mem[X,0x80001698] -> 0x0013
mem[X,0x8000169A] -> 0x0000
[2776] [M]: 0x80001698 (0x00000013) addi zero, zero, 0


mem[X,0x8000169C] -> 0x0013
mem[X,0x8000169E] -> 0x0000
[2777] [M]: 0x8000169C (0x00000013) addi zero, zero, 0


mem[X,0x800016A0] -> 0x12B7
mem[X,0x800016A2] -> 0x0000
[2778] [M]: 0x800016A0 (0x000012B7) lui t0, 1
x5 <- 0x00001000


mem[X,0x800016A4] -> 0x8293
mem[X,0x800016A6] -> 0x9142
[2779] [M]: 0x800016A4 (0x91428293) addi t0, t0, 2324
x5 <- 0x00000914


mem[X,0x800016A8] -> 0x0333
mem[X,0x800016AA] -> 0x0053
[2780] [M]: 0x800016A8 (0x00530333) add t1, t1, t0
x6 <- 0x80C02914


mem[X,0x800016AC] -> 0x2023
mem[X,0x800016AE] -> 0x00A3
[2781] [M]: 0x800016AC (0x00A32023) sw a0, 0(t1)
mem[0x80C02914] <- 0x20300401


mem[X,0x800016B0] -> 0x0013
mem[X,0x800016B2] -> 0x0000
[2782] [M]: 0x800016B0 (0x00000013) addi zero, zero, 0


mem[X,0x800016B4] -> 0x0013
mem[X,0x800016B6] -> 0x0000
[2783] [M]: 0x800016B4 (0x00000013) addi zero, zero, 0


mem[X,0x800016B8] -> 0x0013
mem[X,0x800016BA] -> 0x0000
[2784] [M]: 0x800016B8 (0x00000013) addi zero, zero, 0


mem[X,0x800016BC] -> 0x0013
mem[X,0x800016BE] -> 0x0000
[2785] [M]: 0x800016BC (0x00000013) addi zero, zero, 0


mem[X,0x800016C0] -> 0xF517
mem[X,0x800016C2] -> 0x00BF
[2786] [M]: 0x800016C0 (0x00BFF517) auipc a0, 3071
x10 <- 0x80C006C0


mem[X,0x800016C4] -> 0x0513
mem[X,0x800016C6] -> 0x9405
[2787] [M]: 0x800016C4 (0x94050513) addi a0, a0, 2368
x10 <- 0x80C00000


mem[X,0x800016C8] -> 0x0013
mem[X,0x800016CA] -> 0x0000
[2788] [M]: 0x800016C8 (0x00000013) addi zero, zero, 0


mem[X,0x800016CC] -> 0x0013
mem[X,0x800016CE] -> 0x0000
[2789] [M]: 0x800016CC (0x00000013) addi zero, zero, 0


mem[X,0x800016D0] -> 0x0013
mem[X,0x800016D2] -> 0x0000
[2790] [M]: 0x800016D0 (0x00000013) addi zero, zero, 0


mem[X,0x800016D4] -> 0x0013
mem[X,0x800016D6] -> 0x0000
[2791] [M]: 0x800016D4 (0x00000013) addi zero, zero, 0


mem[X,0x800016D8] -> 0x0013
mem[X,0x800016DA] -> 0x0000
[2792] [M]: 0x800016D8 (0x00000013) addi zero, zero, 0


mem[X,0x800016DC] -> 0x0013
mem[X,0x800016DE] -> 0x0000
[2793] [M]: 0x800016DC (0x00000013) addi zero, zero, 0


mem[X,0x800016E0] -> 0x0593
mem[X,0x800016E2] -> 0x0D70
[2794] [M]: 0x800016E0 (0x0D700593) addi a1, zero, 215
x11 <- 0x000000D7


mem[X,0x800016E4] -> 0x5513
mem[X,0x800016E6] -> 0x00C5
[2795] [M]: 0x800016E4 (0x00C55513) srli a0, a0, 12
x10 <- 0x00080C00


mem[X,0x800016E8] -> 0x1513
mem[X,0x800016EA] -> 0x00A5
[2796] [M]: 0x800016E8 (0x00A51513) slli a0, a0, 10
x10 <- 0x20300000


mem[X,0x800016EC] -> 0x6533
mem[X,0x800016EE] -> 0x00B5
[2797] [M]: 0x800016EC (0x00B56533) or a0, a0, a1
x10 <- 0x203000D7


mem[X,0x800016F0] -> 0x0013
mem[X,0x800016F2] -> 0x0000
[2798] [M]: 0x800016F0 (0x00000013) addi zero, zero, 0


mem[X,0x800016F4] -> 0x0013
mem[X,0x800016F6] -> 0x0000
[2799] [M]: 0x800016F4 (0x00000013) addi zero, zero, 0


clint::tick mtime <- 0x000000000000001C
 clint timer pending at mtime 0x000000000000001C
htif::tick 0x0000000000000000
mem[X,0x800016F8] -> 0x0013
mem[X,0x800016FA] -> 0x0000
[2800] [M]: 0x800016F8 (0x00000013) addi zero, zero, 0


mem[X,0x800016FC] -> 0x0013
mem[X,0x800016FE] -> 0x0000
[2801] [M]: 0x800016FC (0x00000013) addi zero, zero, 0


mem[X,0x80001700] -> 0x0317
mem[X,0x80001702] -> 0x00C0
[2802] [M]: 0x80001700 (0x00C00317) auipc t1, 3072
x6 <- 0x80C01700


mem[X,0x80001704] -> 0x0313
mem[X,0x80001706] -> 0x9003
[2803] [M]: 0x80001704 (0x90030313) addi t1, t1, 2304
x6 <- 0x80C01000


mem[X,0x80001708] -> 0x0013
mem[X,0x8000170A] -> 0x0000
[2804] [M]: 0x80001708 (0x00000013) addi zero, zero, 0


mem[X,0x8000170C] -> 0x0013
mem[X,0x8000170E] -> 0x0000
[2805] [M]: 0x8000170C (0x00000013) addi zero, zero, 0


mem[X,0x80001710] -> 0x0013
mem[X,0x80001712] -> 0x0000
[2806] [M]: 0x80001710 (0x00000013) addi zero, zero, 0


mem[X,0x80001714] -> 0x0013
mem[X,0x80001716] -> 0x0000
[2807] [M]: 0x80001714 (0x00000013) addi zero, zero, 0


mem[X,0x80001718] -> 0x0013
mem[X,0x8000171A] -> 0x0000
[2808] [M]: 0x80001718 (0x00000013) addi zero, zero, 0


mem[X,0x8000171C] -> 0x0013
mem[X,0x8000171E] -> 0x0000
[2809] [M]: 0x8000171C (0x00000013) addi zero, zero, 0


mem[X,0x80001720] -> 0x0293
mem[X,0x80001722] -> 0x0000
[2810] [M]: 0x80001720 (0x00000293) addi t0, zero, 0
x5 <- 0x00000000


mem[X,0x80001724] -> 0x0333
mem[X,0x80001726] -> 0x0053
[2811] [M]: 0x80001724 (0x00530333) add t1, t1, t0
x6 <- 0x80C01000


mem[X,0x80001728] -> 0x2023
mem[X,0x8000172A] -> 0x00A3
[2812] [M]: 0x80001728 (0x00A32023) sw a0, 0(t1)
mem[0x80C01000] <- 0x203000D7


mem[X,0x8000172C] -> 0x0073
mem[X,0x8000172E] -> 0x1200
[2813] [M]: 0x8000172C (0x12000073) sfence.vma zero, zero


mem[X,0x80001730] -> 0x0013
mem[X,0x80001732] -> 0x0000
[2814] [M]: 0x80001730 (0x00000013) addi zero, zero, 0


mem[X,0x80001734] -> 0x0013
mem[X,0x80001736] -> 0x0000
[2815] [M]: 0x80001734 (0x00000013) addi zero, zero, 0


mem[X,0x80001738] -> 0x0013
mem[X,0x8000173A] -> 0x0000
[2816] [M]: 0x80001738 (0x00000013) addi zero, zero, 0


mem[X,0x8000173C] -> 0x0013
mem[X,0x8000173E] -> 0x0000
[2817] [M]: 0x8000173C (0x00000013) addi zero, zero, 0


mem[X,0x80001740] -> 0x0517
mem[X,0x80001742] -> 0x00C0
[2818] [M]: 0x80001740 (0x00C00517) auipc a0, 3072
x10 <- 0x80C01740


mem[X,0x80001744] -> 0x0513
mem[X,0x80001746] -> 0x8C05
[2819] [M]: 0x80001744 (0x8C050513) addi a0, a0, 2240
x10 <- 0x80C01000


mem[X,0x80001748] -> 0x0013
mem[X,0x8000174A] -> 0x0000
[2820] [M]: 0x80001748 (0x00000013) addi zero, zero, 0


mem[X,0x8000174C] -> 0x0013
mem[X,0x8000174E] -> 0x0000
[2821] [M]: 0x8000174C (0x00000013) addi zero, zero, 0


mem[X,0x80001750] -> 0x0013
mem[X,0x80001752] -> 0x0000
[2822] [M]: 0x80001750 (0x00000013) addi zero, zero, 0


mem[X,0x80001754] -> 0x0013
mem[X,0x80001756] -> 0x0000
[2823] [M]: 0x80001754 (0x00000013) addi zero, zero, 0


mem[X,0x80001758] -> 0x0013
mem[X,0x8000175A] -> 0x0000
[2824] [M]: 0x80001758 (0x00000013) addi zero, zero, 0


mem[X,0x8000175C] -> 0x0013
mem[X,0x8000175E] -> 0x0000
[2825] [M]: 0x8000175C (0x00000013) addi zero, zero, 0


mem[X,0x80001760] -> 0x0593
mem[X,0x80001762] -> 0x0010
[2826] [M]: 0x80001760 (0x00100593) addi a1, zero, 1
x11 <- 0x00000001


mem[X,0x80001764] -> 0x5513
mem[X,0x80001766] -> 0x00C5
[2827] [M]: 0x80001764 (0x00C55513) srli a0, a0, 12
x10 <- 0x00080C01


mem[X,0x80001768] -> 0x1513
mem[X,0x8000176A] -> 0x00A5
[2828] [M]: 0x80001768 (0x00A51513) slli a0, a0, 10
x10 <- 0x20300400


mem[X,0x8000176C] -> 0x6533
mem[X,0x8000176E] -> 0x00B5
[2829] [M]: 0x8000176C (0x00B56533) or a0, a0, a1
x10 <- 0x20300401


mem[X,0x80001770] -> 0x0013
mem[X,0x80001772] -> 0x0000
[2830] [M]: 0x80001770 (0x00000013) addi zero, zero, 0


mem[X,0x80001774] -> 0x0013
mem[X,0x80001776] -> 0x0000
[2831] [M]: 0x80001774 (0x00000013) addi zero, zero, 0


mem[X,0x80001778] -> 0x0013
mem[X,0x8000177A] -> 0x0000
[2832] [M]: 0x80001778 (0x00000013) addi zero, zero, 0


mem[X,0x8000177C] -> 0x0013
mem[X,0x8000177E] -> 0x0000
[2833] [M]: 0x8000177C (0x00000013) addi zero, zero, 0


mem[X,0x80001780] -> 0x1317
mem[X,0x80001782] -> 0x00C0
[2834] [M]: 0x80001780 (0x00C01317) auipc t1, 3073
x6 <- 0x80C02780


mem[X,0x80001784] -> 0x0313
mem[X,0x80001786] -> 0x8803
[2835] [M]: 0x80001784 (0x88030313) addi t1, t1, 2176
x6 <- 0x80C02000


mem[X,0x80001788] -> 0x0013
mem[X,0x8000178A] -> 0x0000
[2836] [M]: 0x80001788 (0x00000013) addi zero, zero, 0


mem[X,0x8000178C] -> 0x0013
mem[X,0x8000178E] -> 0x0000
[2837] [M]: 0x8000178C (0x00000013) addi zero, zero, 0


mem[X,0x80001790] -> 0x0013
mem[X,0x80001792] -> 0x0000
[2838] [M]: 0x80001790 (0x00000013) addi zero, zero, 0


mem[X,0x80001794] -> 0x0013
mem[X,0x80001796] -> 0x0000
[2839] [M]: 0x80001794 (0x00000013) addi zero, zero, 0


mem[X,0x80001798] -> 0x0013
mem[X,0x8000179A] -> 0x0000
[2840] [M]: 0x80001798 (0x00000013) addi zero, zero, 0


mem[X,0x8000179C] -> 0x0013
mem[X,0x8000179E] -> 0x0000
[2841] [M]: 0x8000179C (0x00000013) addi zero, zero, 0


mem[X,0x800017A0] -> 0x12B7
mem[X,0x800017A2] -> 0x0000
[2842] [M]: 0x800017A0 (0x000012B7) lui t0, 1
x5 <- 0x00001000


mem[X,0x800017A4] -> 0x8293
mem[X,0x800017A6] -> 0x9142
[2843] [M]: 0x800017A4 (0x91428293) addi t0, t0, 2324
x5 <- 0x00000914


mem[X,0x800017A8] -> 0x0333
mem[X,0x800017AA] -> 0x0053
[2844] [M]: 0x800017A8 (0x00530333) add t1, t1, t0
x6 <- 0x80C02914


mem[X,0x800017AC] -> 0x2023
mem[X,0x800017AE] -> 0x00A3
[2845] [M]: 0x800017AC (0x00A32023) sw a0, 0(t1)
mem[0x80C02914] <- 0x20300401


mem[X,0x800017B0] -> 0x0013
mem[X,0x800017B2] -> 0x0000
[2846] [M]: 0x800017B0 (0x00000013) addi zero, zero, 0


mem[X,0x800017B4] -> 0x0013
mem[X,0x800017B6] -> 0x0000
[2847] [M]: 0x800017B4 (0x00000013) addi zero, zero, 0


mem[X,0x800017B8] -> 0x0013
mem[X,0x800017BA] -> 0x0000
[2848] [M]: 0x800017B8 (0x00000013) addi zero, zero, 0


mem[X,0x800017BC] -> 0x0013
mem[X,0x800017BE] -> 0x0000
[2849] [M]: 0x800017BC (0x00000013) addi zero, zero, 0


mem[X,0x800017C0] -> 0xF517
mem[X,0x800017C2] -> 0x00BF
[2850] [M]: 0x800017C0 (0x00BFF517) auipc a0, 3071
x10 <- 0x80C007C0


mem[X,0x800017C4] -> 0x0513
mem[X,0x800017C6] -> 0x8405
[2851] [M]: 0x800017C4 (0x84050513) addi a0, a0, 2112
x10 <- 0x80C00000


mem[X,0x800017C8] -> 0x0013
mem[X,0x800017CA] -> 0x0000
[2852] [M]: 0x800017C8 (0x00000013) addi zero, zero, 0


mem[X,0x800017CC] -> 0x0013
mem[X,0x800017CE] -> 0x0000
[2853] [M]: 0x800017CC (0x00000013) addi zero, zero, 0


mem[X,0x800017D0] -> 0x0013
mem[X,0x800017D2] -> 0x0000
[2854] [M]: 0x800017D0 (0x00000013) addi zero, zero, 0


mem[X,0x800017D4] -> 0x0013
mem[X,0x800017D6] -> 0x0000
[2855] [M]: 0x800017D4 (0x00000013) addi zero, zero, 0


mem[X,0x800017D8] -> 0x0013
mem[X,0x800017DA] -> 0x0000
[2856] [M]: 0x800017D8 (0x00000013) addi zero, zero, 0


mem[X,0x800017DC] -> 0x0013
mem[X,0x800017DE] -> 0x0000
[2857] [M]: 0x800017DC (0x00000013) addi zero, zero, 0


mem[X,0x800017E0] -> 0x0593
mem[X,0x800017E2] -> 0x0DF0
[2858] [M]: 0x800017E0 (0x0DF00593) addi a1, zero, 223
x11 <- 0x000000DF


mem[X,0x800017E4] -> 0x5513
mem[X,0x800017E6] -> 0x00C5
[2859] [M]: 0x800017E4 (0x00C55513) srli a0, a0, 12
x10 <- 0x00080C00


mem[X,0x800017E8] -> 0x1513
mem[X,0x800017EA] -> 0x00A5
[2860] [M]: 0x800017E8 (0x00A51513) slli a0, a0, 10
x10 <- 0x20300000


mem[X,0x800017EC] -> 0x6533
mem[X,0x800017EE] -> 0x00B5
[2861] [M]: 0x800017EC (0x00B56533) or a0, a0, a1
x10 <- 0x203000DF


mem[X,0x800017F0] -> 0x0013
mem[X,0x800017F2] -> 0x0000
[2862] [M]: 0x800017F0 (0x00000013) addi zero, zero, 0


mem[X,0x800017F4] -> 0x0013
mem[X,0x800017F6] -> 0x0000
[2863] [M]: 0x800017F4 (0x00000013) addi zero, zero, 0


mem[X,0x800017F8] -> 0x0013
mem[X,0x800017FA] -> 0x0000
[2864] [M]: 0x800017F8 (0x00000013) addi zero, zero, 0


mem[X,0x800017FC] -> 0x0013
mem[X,0x800017FE] -> 0x0000
[2865] [M]: 0x800017FC (0x00000013) addi zero, zero, 0


mem[X,0x80001800] -> 0x0317
mem[X,0x80001802] -> 0x00C0
[2866] [M]: 0x80001800 (0x00C00317) auipc t1, 3072
x6 <- 0x80C01800


mem[X,0x80001804] -> 0x0313
mem[X,0x80001806] -> 0x8003
[2867] [M]: 0x80001804 (0x80030313) addi t1, t1, 2048
x6 <- 0x80C01000


mem[X,0x80001808] -> 0x0013
mem[X,0x8000180A] -> 0x0000
[2868] [M]: 0x80001808 (0x00000013) addi zero, zero, 0


mem[X,0x8000180C] -> 0x0013
mem[X,0x8000180E] -> 0x0000
[2869] [M]: 0x8000180C (0x00000013) addi zero, zero, 0


mem[X,0x80001810] -> 0x0013
mem[X,0x80001812] -> 0x0000
[2870] [M]: 0x80001810 (0x00000013) addi zero, zero, 0


mem[X,0x80001814] -> 0x0013
mem[X,0x80001816] -> 0x0000
[2871] [M]: 0x80001814 (0x00000013) addi zero, zero, 0


mem[X,0x80001818] -> 0x0013
mem[X,0x8000181A] -> 0x0000
[2872] [M]: 0x80001818 (0x00000013) addi zero, zero, 0


mem[X,0x8000181C] -> 0x0013
mem[X,0x8000181E] -> 0x0000
[2873] [M]: 0x8000181C (0x00000013) addi zero, zero, 0


mem[X,0x80001820] -> 0x0293
mem[X,0x80001822] -> 0x0040
[2874] [M]: 0x80001820 (0x00400293) addi t0, zero, 4
x5 <- 0x00000004


mem[X,0x80001824] -> 0x0333
mem[X,0x80001826] -> 0x0053
[2875] [M]: 0x80001824 (0x00530333) add t1, t1, t0
x6 <- 0x80C01004


mem[X,0x80001828] -> 0x2023
mem[X,0x8000182A] -> 0x00A3
[2876] [M]: 0x80001828 (0x00A32023) sw a0, 0(t1)
mem[0x80C01004] <- 0x203000DF


mem[X,0x8000182C] -> 0x0073
mem[X,0x8000182E] -> 0x1200
[2877] [M]: 0x8000182C (0x12000073) sfence.vma zero, zero


mem[X,0x80001830] -> 0x24B7
mem[X,0x80001832] -> 0x0000
[2878] [M]: 0x80001830 (0x000024B7) lui s1, 2
x9 <- 0x00002000


mem[X,0x80001834] -> 0x8493
mem[X,0x80001836] -> 0x8004
[2879] [M]: 0x80001834 (0x80048493) addi s1, s1, 2048
x9 <- 0x00001800


mem[X,0x80001838] -> 0xB073
mem[X,0x8000183A] -> 0x3004
[2880] [M]: 0x80001838 (0x3004B073) csrrc zero, mstatus, s1
CSR mstatus -> 0x00000000
CSR mstatus <- 0x00000000 (input: 0x00000000)


mem[X,0x8000183C] -> 0x2173
mem[X,0x8000183E] -> 0x3400
[2881] [M]: 0x8000183C (0x34002173) csrrs sp, mscratch, zero
CSR mscratch -> 0x80400000
x2 <- 0x80400000


mem[X,0x80001840] -> 0x2303
mem[X,0x80001842] -> 0x3501
[2882] [M]: 0x80001840 (0x35012303) lw t1, 848(sp)
mem[R,0x80400350] -> 0x9000036C
x6 <- 0x9000036C


mem[X,0x80001844] -> 0x2483
mem[X,0x80001846] -> 0x1581
[2883] [M]: 0x80001844 (0x15812483) lw s1, 344(sp)
mem[R,0x80400158] -> 0x8000036C
x9 <- 0x8000036C


mem[X,0x80001848] -> 0x0333
mem[X,0x8000184A] -> 0x4093
[2884] [M]: 0x80001848 (0x40930333) sub t1, t1, s1
x6 <- 0x10000000


mem[X,0x8000184C] -> 0x0313
mem[X,0x8000184E] -> 0x0103
[2885] [M]: 0x8000184C (0x01030313) addi t1, t1, 16
x6 <- 0x10000010


mem[X,0x80001850] -> 0x0497
mem[X,0x80001852] -> 0x0000
[2886] [M]: 0x80001850 (0x00000497) auipc s1, 0
x9 <- 0x80001850


mem[X,0x80001854] -> 0x84B3
mem[X,0x80001856] -> 0x0064
[2887] [M]: 0x80001854 (0x006484B3) add s1, s1, t1
x9 <- 0x90001860


mem[X,0x80001858] -> 0x94F3
mem[X,0x8000185A] -> 0x3414
[2888] [M]: 0x80001858 (0x341494F3) csrrw s1, mepc, s1
CSR mepc -> 0x90001630
CSR mepc <- 0x90001860 (input: 0x90001860)
x9 <- 0x90001630


mem[X,0x8000185C] -> 0x0073
mem[X,0x8000185E] -> 0x3020
[2889] [M]: 0x8000185C (0x30200073) mret
CSR mstatus <- 0x00000080
ret-ing from M to U


mem[R,0x80C02900] -> 0x200000DB
mem[X,0x80001860] -> 0xE737
mem[X,0x80001862] -> 0x0000
[2890] [U]: 0x90001860 (0x0000E737) lui a4, 14
x14 <- 0x0000E000


mem[X,0x80001864] -> 0x0713
mem[X,0x80001866] -> 0xEAD7
[2891] [U]: 0x90001864 (0xEAD70713) addi a4, a4, 3757
x14 <- 0x0000DEAD


mem[X,0x80001868] -> 0xA423
mem[X,0x8000186A] -> 0x0AED
[2892] [U]: 0x90001868 (0x0AEDA423) sw a4, 168(s11)
mem[R,0x80C02930] -> 0x20300401
mem[R,0x80C01050] -> 0x203008D7
mem[0x80C025BC] <- 0x0000DEAD


mem[R,0x80C02900] -> 0x200000DB
mem[X,0x8000186C] -> 0x0013
mem[X,0x8000186E] -> 0x0000
[2893] [U]: 0x9000186C (0x00000013) addi zero, zero, 0


mem[X,0x80001870] -> 0x0013
mem[X,0x80001872] -> 0x0000
[2894] [U]: 0x90001870 (0x00000013) addi zero, zero, 0


mem[X,0x80001874] -> 0x0013
mem[X,0x80001876] -> 0x0000
[2895] [U]: 0x90001874 (0x00000013) addi zero, zero, 0


mem[X,0x80001878] -> 0x0013
mem[X,0x8000187A] -> 0x0000
[2896] [U]: 0x90001878 (0x00000013) addi zero, zero, 0


mem[X,0x8000187C] -> 0x0013
mem[X,0x8000187E] -> 0x0000
[2897] [U]: 0x9000187C (0x00000013) addi zero, zero, 0


mem[X,0x80001880] -> 0x07B7
mem[X,0x80001882] -> 0x9140
[2898] [U]: 0x90001880 (0x914007B7) lui a5, 594944
x15 <- 0x91400000


mem[X,0x80001884] -> 0x0013
mem[X,0x80001886] -> 0x0000
[2899] [U]: 0x90001884 (0x00000013) addi zero, zero, 0


clint::tick mtime <- 0x000000000000001D
 clint timer pending at mtime 0x000000000000001D
htif::tick 0x0000000000000000
mem[X,0x80001888] -> 0x0013
mem[X,0x8000188A] -> 0x0000
[2900] [U]: 0x90001888 (0x00000013) addi zero, zero, 0


mem[X,0x8000188C] -> 0x0013
mem[X,0x8000188E] -> 0x0000
[2901] [U]: 0x9000188C (0x00000013) addi zero, zero, 0


mem[X,0x80001890] -> 0x0013
mem[X,0x80001892] -> 0x0000
[2902] [U]: 0x90001890 (0x00000013) addi zero, zero, 0


mem[X,0x80001894] -> 0x0013
mem[X,0x80001896] -> 0x0000
[2903] [U]: 0x90001894 (0x00000013) addi zero, zero, 0


mem[X,0x80001898] -> 0x0013
mem[X,0x8000189A] -> 0x0000
[2904] [U]: 0x90001898 (0x00000013) addi zero, zero, 0


mem[X,0x8000189C] -> 0x0013
mem[X,0x8000189E] -> 0x0000
[2905] [U]: 0x9000189C (0x00000013) addi zero, zero, 0


mem[X,0x800018A0] -> 0x0613
mem[X,0x800018A2] -> 0x0106
[2906] [U]: 0x900018A0 (0x01060613) addi a2, a2, 16
x12 <- 0x00000190


mem[X,0x800018A4] -> 0x0713
mem[X,0x800018A6] -> 0x0106
[2907] [U]: 0x900018A4 (0x01060713) addi a4, a2, 16
x14 <- 0x000001A0


mem[X,0x800018A8] -> 0x0613
mem[X,0x800018AA] -> 0x0107
[2908] [U]: 0x900018A8 (0x01070613) addi a2, a4, 16
x12 <- 0x000001B0


mem[X,0x800018AC] -> 0xAA23
mem[X,0x800018AE] -> 0x00C7
[2909] [U]: 0x900018AC (0x00C7AA23) sw a2, 20(a5)
mem[R,0x80C02914] -> 0x20300401
mem[R,0x80C01000] -> 0x203000D7
mem[0x80C00014] <- 0x000001B0


mem[R,0x80C02900] -> 0x200000DB
mem[X,0x800018B0] -> 0x0013
mem[X,0x800018B2] -> 0x0000
[2910] [U]: 0x900018B0 (0x00000013) addi zero, zero, 0


mem[X,0x800018B4] -> 0x0013
mem[X,0x800018B6] -> 0x0000
[2911] [U]: 0x900018B4 (0x00000013) addi zero, zero, 0


mem[X,0x800018B8] -> 0xA703
mem[X,0x800018BA] -> 0x0147
[2912] [U]: 0x900018B8 (0x0147A703) lw a4, 20(a5)
mem[R,0x80C02914] -> 0x20300401
mem[R,0x80C01000] -> 0x203000D7
mem[R,0x80C00014] -> 0x000001B0
x14 <- 0x000001B0


mem[R,0x80C02900] -> 0x200000DB
mem[X,0x800018BC] -> 0x0013
mem[X,0x800018BE] -> 0x0000
[2913] [U]: 0x900018BC (0x00000013) addi zero, zero, 0


mem[X,0x800018C0] -> 0x0013
mem[X,0x800018C2] -> 0x0000
[2914] [U]: 0x900018C0 (0x00000013) addi zero, zero, 0


mem[X,0x800018C4] -> 0xA623
mem[X,0x800018C6] -> 0x0AED
[2915] [U]: 0x900018C4 (0x0AEDA623) sw a4, 172(s11)
mem[R,0x80C02930] -> 0x20300401
mem[R,0x80C01050] -> 0x203008D7
mem[0x80C025C0] <- 0x000001B0


mem[R,0x80C02900] -> 0x200000DB
mem[X,0x800018C8] -> 0x0313
mem[X,0x800018CA] -> 0x0000
[2916] [U]: 0x900018C8 (0x00000313) addi t1, zero, 0
x6 <- 0x00000000


mem[X,0x800018CC] -> 0x0463
mem[X,0x800018CE] -> 0x0203
[2917] [U]: 0x900018CC (0x02030463) beq t1, zero, 40


mem[X,0x800018F4] -> 0x12B7
mem[X,0x800018F6] -> 0x0000
[2918] [U]: 0x900018F4 (0x000012B7) lui t0, 1
x5 <- 0x00001000


mem[X,0x800018F8] -> 0x8293
mem[X,0x800018FA] -> 0xFFC2
[2919] [U]: 0x900018F8 (0xFFC28293) addi t0, t0, 4092
x5 <- 0x00000FFC


mem[X,0x800018FC] -> 0xD793
mem[X,0x800018FE] -> 0x00C7
[2920] [U]: 0x900018FC (0x00C7D793) srli a5, a5, 12
x15 <- 0x00091400


mem[X,0x80001900] -> 0x9793
mem[X,0x80001902] -> 0x00C7
[2921] [U]: 0x90001900 (0x00C79793) slli a5, a5, 12
x15 <- 0x91400000


mem[X,0x80001904] -> 0x82B3
mem[X,0x80001906] -> 0x0057
[2922] [U]: 0x90001904 (0x005782B3) add t0, a5, t0
x5 <- 0x91400FFC


mem[X,0x80001908] -> 0x80E7
mem[X,0x8000190A] -> 0x0002
[2923] [U]: 0x90001908 (0x000280E7) jalr ra, t0, 0
x1 <- 0x9000190C


mem[R,0x80C02914] -> 0x20300401
mem[R,0x80C01000] -> 0x203000D7
trapping from U to M to handle fetch-page-fault
handling exc#0x0C at priv M with tval 0x91400FFC
CSR mstatus <- 0x00000000


mem[X,0x80001D00] -> 0x006F
mem[X,0x80001D02] -> 0x0800
[2924] [M]: 0x80001D00 (0x0800006F) jal zero, 128


mem[X,0x80001D80] -> 0x1173
mem[X,0x80001D82] -> 0x3401
[2925] [M]: 0x80001D80 (0x34011173) csrrw sp, mscratch, sp
CSR mscratch -> 0x80400000
CSR mscratch <- 0x80400000 (input: 0x80400000)
x2 <- 0x80400000


mem[X,0x80001D84] -> 0x2823
mem[X,0x80001D86] -> 0x1EB1
[2926] [M]: 0x80001D84 (0x1EB12823) sw a1, 496(sp)
mem[0x804001F0] <- 0x000000DF


mem[X,0x80001D88] -> 0x05EF
mem[X,0x80001D8A] -> 0x0B80
[2927] [M]: 0x80001D88 (0x0B8005EF) jal a1, 184
x11 <- 0x80001D8C


mem[X,0x80001E40] -> 0x2623
mem[X,0x80001E42] -> 0x1EA1
[2928] [M]: 0x80001E40 (0x1EA12623) sw a0, 492(sp)
mem[0x804001EC] <- 0x203000DF


mem[X,0x80001E44] -> 0x1573
mem[X,0x80001E46] -> 0x3401
[2929] [M]: 0x80001E44 (0x34011573) csrrw a0, mscratch, sp
CSR mscratch -> 0x80400000
CSR mscratch <- 0x80400000 (input: 0x80400000)
x10 <- 0x80400000


mem[X,0x80001E48] -> 0x2A23
mem[X,0x80001E4A] -> 0x1EA1
[2930] [M]: 0x80001E48 (0x1EA12A23) sw a0, 500(sp)
mem[0x804001F4] <- 0x80400000


mem[X,0x80001E4C] -> 0x2503
mem[X,0x80001E4E] -> 0x1B01
[2931] [M]: 0x80001E4C (0x1B012503) lw a0, 432(sp)
mem[R,0x804001B0] -> 0x80001E54
x10 <- 0x80001E54


mem[X,0x80001E50] -> 0x0067
mem[X,0x80001E52] -> 0x0005
[2932] [M]: 0x80001E50 (0x00050067) jalr zero, a0, 0


mem[X,0x80001E54] -> 0x2423
mem[X,0x80001E56] -> 0x1E91
[2933] [M]: 0x80001E54 (0x1E912423) sw s1, 488(sp)
mem[0x804001E8] <- 0x90001630


mem[X,0x80001E58] -> 0x2223
mem[X,0x80001E5A] -> 0x1E81
[2934] [M]: 0x80001E58 (0x1E812223) sw fp, 484(sp)
mem[0x804001E4] <- 0x00000000


mem[X,0x80001E5C] -> 0x2023
mem[X,0x80001E5E] -> 0x1E71
[2935] [M]: 0x80001E5C (0x1E712023) sw t2, 480(sp)
mem[0x804001E0] <- 0x80001630


mem[X,0x80001E60] -> 0x2E23
mem[X,0x80001E62] -> 0x1C61
[2936] [M]: 0x80001E60 (0x1C612E23) sw t1, 476(sp)
mem[0x804001DC] <- 0x00000000


mem[X,0x80001E64] -> 0x2573
mem[X,0x80001E66] -> 0x3420
[2937] [M]: 0x80001E64 (0x34202573) csrrs a0, mcause, zero
CSR mcause -> 0x0000000C
x10 <- 0x0000000C


mem[X,0x80001E68] -> 0x14B7
mem[X,0x80001E6A] -> 0x8000
[2938] [M]: 0x80001E68 (0x800014B7) lui s1, 524289
x9 <- 0x80001000


mem[X,0x80001E6C] -> 0x8493
mem[X,0x80001E6E] -> 0xFFC4
[2939] [M]: 0x80001E6C (0xFFC48493) addi s1, s1, 4092
x9 <- 0x80000FFC


mem[X,0x80001E70] -> 0xF4B3
mem[X,0x80001E72] -> 0x00A4
[2940] [M]: 0x80001E70 (0x00A4F4B3) and s1, s1, a0
x9 <- 0x0000000C


mem[X,0x80001E74] -> 0x8493
mem[X,0x80001E76] -> 0xFF84
[2941] [M]: 0x80001E74 (0xFF848493) addi s1, s1, 4088
x9 <- 0x00000004


mem[X,0x80001E78] -> 0x9663
mem[X,0x80001E7A] -> 0x0004
[2942] [M]: 0x80001E78 (0x00049663) bne s1, zero, 12


mem[X,0x80001E84] -> 0x0393
mem[X,0x80001E86] -> 0x0100
[2943] [M]: 0x80001E84 (0x01000393) addi t2, zero, 16
x7 <- 0x00000010


mem[X,0x80001E88] -> 0x5E63
mem[X,0x80001E8A] -> 0x0205
[2944] [M]: 0x80001E88 (0x02055E63) bge a0, zero, 60


mem[X,0x80001EC4] -> 0x2373
mem[X,0x80001EC6] -> 0x3010
[2945] [M]: 0x80001EC4 (0x30102373) csrrs t1, misa, zero
CSR misa -> 0x4014112D
x6 <- 0x4014112D


mem[X,0x80001EC8] -> 0x1313
mem[X,0x80001ECA] -> 0x0183
[2946] [M]: 0x80001EC8 (0x01831313) slli t1, t1, 24
x6 <- 0x2D000000


mem[X,0x80001ECC] -> 0x5463
mem[X,0x80001ECE] -> 0x0003
[2947] [M]: 0x80001ECC (0x00035463) bge t1, zero, 8


mem[X,0x80001ED4] -> 0x2303
mem[X,0x80001ED6] -> 0x1981
[2948] [M]: 0x80001ED4 (0x19812303) lw t1, 408(sp)
mem[R,0x80400198] -> 0x80C026A4
x6 <- 0x80C026A4


mem[X,0x80001ED8] -> 0x04B3
mem[X,0x80001EDA] -> 0x0073
[2949] [M]: 0x80001ED8 (0x007304B3) add s1, t1, t2
x9 <- 0x80C026B4


mem[X,0x80001EDC] -> 0x2C23
mem[X,0x80001EDE] -> 0x1891
[2950] [M]: 0x80001EDC (0x18912C23) sw s1, 408(sp)
mem[0x80400198] <- 0x80C026B4


mem[X,0x80001EE0] -> 0x2403
mem[X,0x80001EE2] -> 0x1781
[2951] [M]: 0x80001EE0 (0x17812403) lw fp, 376(sp)
mem[R,0x80400178] -> 0x80C02510
x8 <- 0x80C02510


mem[X,0x80001EE4] -> 0x0333
mem[X,0x80001EE6] -> 0x4083
[2952] [M]: 0x80001EE4 (0x40830333) sub t1, t1, fp
x6 <- 0x00000194


mem[X,0x80001EE8] -> 0x2403
mem[X,0x80001EEA] -> 0x1781
[2953] [M]: 0x80001EE8 (0x17812403) lw fp, 376(sp)
mem[R,0x80400178] -> 0x80C02510
x8 <- 0x80C02510


mem[X,0x80001EEC] -> 0x0333
mem[X,0x80001EEE] -> 0x0083
[2954] [M]: 0x80001EEC (0x00830333) add t1, t1, fp
x6 <- 0x80C026A4


mem[X,0x80001EF0] -> 0x2403
mem[X,0x80001EF2] -> 0x1C01
[2955] [M]: 0x80001EF0 (0x1C012403) lw fp, 448(sp)
mem[R,0x804001C0] -> 0x80001D00
x8 <- 0x80001D00


mem[X,0x80001EF4] -> 0x85B3
mem[X,0x80001EF6] -> 0x4085
[2956] [M]: 0x80001EF4 (0x408585B3) sub a1, a1, fp
x11 <- 0x0000008C


mem[X,0x80001EF8] -> 0x9593
mem[X,0x80001EFA] -> 0x0045
[2957] [M]: 0x80001EF8 (0x00459593) slli a1, a1, 4
x11 <- 0x000008C0


mem[X,0x80001EFC] -> 0xE5B3
mem[X,0x80001EFE] -> 0x0075
[2958] [M]: 0x80001EFC (0x0075E5B3) or a1, a1, t2
x11 <- 0x000008D0


mem[X,0x80001F00] -> 0x8593
mem[X,0x80001F02] -> 0x0035
[2959] [M]: 0x80001F00 (0x00358593) addi a1, a1, 3
x11 <- 0x000008D3


mem[X,0x80001F04] -> 0x2023
mem[X,0x80001F06] -> 0x00B3
[2960] [M]: 0x80001F04 (0x00B32023) sw a1, 0(t1)
mem[0x80C026A4] <- 0x000008D3


mem[X,0x80001F08] -> 0x2223
mem[X,0x80001F0A] -> 0x00A3
[2961] [M]: 0x80001F08 (0x00A32223) sw a0, 4(t1)
mem[0x80C026A8] <- 0x0000000C


mem[X,0x80001F0C] -> 0x4C63
mem[X,0x80001F0E] -> 0x1405
[2962] [M]: 0x80001F0C (0x14054C63) blt a0, zero, 344


mem[X,0x80001F10] -> 0x25F3
mem[X,0x80001F12] -> 0x3000
[2963] [M]: 0x80001F10 (0x300025F3) csrrs a1, mstatus, zero
CSR mstatus -> 0x00000000
x11 <- 0x00000000


mem[X,0x80001F14] -> 0x9413
mem[X,0x80001F16] -> 0x00E5
[2964] [M]: 0x80001F14 (0x00E59413) slli fp, a1, 14
x8 <- 0x00000000


mem[X,0x80001F18] -> 0x5463
mem[X,0x80001F1A] -> 0x0004
[2965] [M]: 0x80001F18 (0x00045463) bge fp, zero, 8


mem[X,0x80001F20] -> 0xD493
mem[X,0x80001F22] -> 0x00B5
[2966] [M]: 0x80001F20 (0x00B5D493) srli s1, a1, 11
x9 <- 0x00000000


mem[X,0x80001F24] -> 0xF493
mem[X,0x80001F26] -> 0x0034
[2967] [M]: 0x80001F24 (0x0034F493) andi s1, s1, 3
x9 <- 0x00000000


mem[X,0x80001F28] -> 0x8493
mem[X,0x80001F2A] -> 0x0014
[2968] [M]: 0x80001F28 (0x00148493) addi s1, s1, 1
x9 <- 0x00000001


mem[X,0x80001F2C] -> 0xF493
mem[X,0x80001F2E] -> 0x0044
[2969] [M]: 0x80001F2C (0x0044F493) andi s1, s1, 4
x9 <- 0x00000000


mem[X,0x80001F30] -> 0x0593
mem[X,0x80001F32] -> 0x05D0
[2970] [M]: 0x80001F30 (0x05D00593) addi a1, zero, 93
x11 <- 0x0000005D


mem[X,0x80001F34] -> 0xD5B3
mem[X,0x80001F36] -> 0x0095
[2971] [M]: 0x80001F34 (0x0095D5B3) srl a1, a1, s1
x11 <- 0x0000005D


mem[X,0x80001F38] -> 0xF593
mem[X,0x80001F3A] -> 0x0015
[2972] [M]: 0x80001F38 (0x0015F593) andi a1, a1, 1
x11 <- 0x00000001


mem[X,0x80001F3C] -> 0x82E3
mem[X,0x80001F3E] -> 0xF605
[2973] [M]: 0x80001F3C (0xF60582E3) beq a1, zero, 8036


mem[X,0x80001F40] -> 0x0593
mem[X,0x80001F42] -> 0x1F80
[2974] [M]: 0x80001F40 (0x1F800593) addi a1, zero, 504
x11 <- 0x000001F8


mem[X,0x80001F44] -> 0xF413
mem[X,0x80001F46] -> 0x0014
[2975] [M]: 0x80001F44 (0x0014F413) andi fp, s1, 1
x8 <- 0x00000000


mem[X,0x80001F48] -> 0x95B3
mem[X,0x80001F4A] -> 0x0085
[2976] [M]: 0x80001F48 (0x008595B3) sll a1, a1, fp
x11 <- 0x000001F8


mem[X,0x80001F4C] -> 0x9413
mem[X,0x80001F4E] -> 0x01D4
[2977] [M]: 0x80001F4C (0x01D49413) slli fp, s1, 29
x8 <- 0x00000000


mem[X,0x80001F50] -> 0x5413
mem[X,0x80001F52] -> 0x41F4
[2978] [M]: 0x80001F50 (0x41F45413) srai fp, fp, 31
x8 <- 0x00000000


mem[X,0x80001F54] -> 0x4413
mem[X,0x80001F56] -> 0xFFF4
[2979] [M]: 0x80001F54 (0xFFF44413) xori fp, fp, 4095
x8 <- 0xFFFFFFFF


mem[X,0x80001F58] -> 0xF4B3
mem[X,0x80001F5A] -> 0x0085
[2980] [M]: 0x80001F58 (0x0085F4B3) and s1, a1, fp
x9 <- 0x000001F8


mem[X,0x80001F5C] -> 0x84B3
mem[X,0x80001F5E] -> 0x0024
[2981] [M]: 0x80001F5C (0x002484B3) add s1, s1, sp
x9 <- 0x804001F8


mem[X,0x80001F60] -> 0x23F3
mem[X,0x80001F62] -> 0x3410
[2982] [M]: 0x80001F60 (0x341023F3) csrrs t2, mepc, zero
CSR mepc -> 0x91400FFC
x7 <- 0x91400FFC


mem[X,0x80001F64] -> 0xA403
mem[X,0x80001F66] -> 0x1884
[2983] [M]: 0x80001F64 (0x1884A403) lw fp, 392(s1)
mem[R,0x80400380] -> 0x940003F0
x8 <- 0x940003F0


mem[X,0x80001F68] -> 0xA583
mem[X,0x80001F6A] -> 0x1904
[2984] [M]: 0x80001F68 (0x1904A583) lw a1, 400(s1)
mem[R,0x80400388] -> 0x00802010
x11 <- 0x00802010


mem[X,0x80001F6C] -> 0x85B3
mem[X,0x80001F6E] -> 0x0085
[2985] [M]: 0x80001F6C (0x008585B3) add a1, a1, fp
x11 <- 0x94802400


mem[X,0x80001F70] -> 0xF463
mem[X,0x80001F72] -> 0x00B3
[2986] [M]: 0x80001F70 (0x00B3F463) bgeu t2, a1, 8


mem[X,0x80001F74] -> 0xF663
mem[X,0x80001F76] -> 0x0283
[2987] [M]: 0x80001F74 (0x0283F663) bgeu t2, fp, 44


mem[X,0x80001F78] -> 0xA403
mem[X,0x80001F7A] -> 0x1584
[2988] [M]: 0x80001F78 (0x1584A403) lw fp, 344(s1)
mem[R,0x80400350] -> 0x9000036C
x8 <- 0x9000036C


mem[X,0x80001F7C] -> 0xA583
mem[X,0x80001F7E] -> 0x1604
[2989] [M]: 0x80001F7C (0x1604A583) lw a1, 352(s1)
mem[R,0x80400358] -> 0x000018D0
x11 <- 0x000018D0


mem[X,0x80001F80] -> 0x85B3
mem[X,0x80001F82] -> 0x0085
[2990] [M]: 0x80001F80 (0x008585B3) add a1, a1, fp
x11 <- 0x90001C3C


mem[X,0x80001F84] -> 0xF463
mem[X,0x80001F86] -> 0x00B3
[2991] [M]: 0x80001F84 (0x00B3F463) bgeu t2, a1, 8


mem[X,0x80001F8C] -> 0xA403
mem[X,0x80001F8E] -> 0x1684
[2992] [M]: 0x80001F8C (0x1684A403) lw fp, 360(s1)
mem[R,0x80400360] -> 0x910003FC
x8 <- 0x910003FC


mem[X,0x80001F90] -> 0xA583
mem[X,0x80001F92] -> 0x1704
[2993] [M]: 0x80001F90 (0x1704A583) lw a1, 368(s1)
mem[R,0x80400368] -> 0x00802010
x11 <- 0x00802010


mem[X,0x80001F94] -> 0x85B3
mem[X,0x80001F96] -> 0x0085
[2994] [M]: 0x80001F94 (0x008585B3) add a1, a1, fp
x11 <- 0x9180240C


mem[X,0x80001F98] -> 0xF6E3
mem[X,0x80001F9A] -> 0xCAB3
[2995] [M]: 0x80001F98 (0xCAB3F6E3) bgeu t2, a1, 7340


mem[X,0x80001F9C] -> 0xE4E3
mem[X,0x80001F9E] -> 0xCA83
[2996] [M]: 0x80001F9C (0xCA83E4E3) bltu t2, fp, 7336


mem[X,0x80001FA0] -> 0x8433
mem[X,0x80001FA2] -> 0x4083
[2997] [M]: 0x80001FA0 (0x40838433) sub fp, t2, fp
x8 <- 0x00400C00


mem[X,0x80001FA4] -> 0x2423
mem[X,0x80001FA6] -> 0x0083
[2998] [M]: 0x80001FA4 (0x00832423) sw fp, 8(t1)
mem[0x80C026AC] <- 0x00400C00


mem[X,0x80001FA8] -> 0xF593
mem[X,0x80001FAA] -> 0xFFC3
[2999] [M]: 0x80001FA8 (0xFFC3F593) andi a1, t2, 4092
x11 <- 0x91400FFC


clint::tick mtime <- 0x000000000000001E
 clint timer pending at mtime 0x000000000000001E
htif::tick 0x0000000000000000
mem[X,0x80001FAC] -> 0x8593
mem[X,0x80001FAE] -> 0x0085
[3000] [M]: 0x80001FAC (0x00858593) addi a1, a1, 8
x11 <- 0x91401004


mem[X,0x80001FB0] -> 0x9073
mem[X,0x80001FB2] -> 0x3415
[3001] [M]: 0x80001FB0 (0x34159073) csrrw zero, mepc, a1
CSR mepc -> 0x91400FFC
CSR mepc <- 0x91401004 (input: 0x91401004)


mem[X,0x80001FB4] -> 0x23F3
mem[X,0x80001FB6] -> 0x3430
[3002] [M]: 0x80001FB4 (0x343023F3) csrrs t2, mtval, zero
CSR mtval -> 0x91400FFC
x7 <- 0x91400FFC


mem[X,0x80001FB8] -> 0x7513
mem[X,0x80001FBA] -> 0x00F5
[3003] [M]: 0x80001FB8 (0x00F57513) andi a0, a0, 15
x10 <- 0x0000000C


mem[X,0x80001FBC] -> 0xB437
mem[X,0x80001FBE] -> 0x0000
[3004] [M]: 0x80001FBC (0x0000B437) lui fp, 11
x8 <- 0x0000B000


mem[X,0x80001FC0] -> 0x0413
mem[X,0x80001FC2] -> 0x0FB4
[3005] [M]: 0x80001FC0 (0x0FB40413) addi fp, fp, 251
x8 <- 0x0000B0FB


mem[X,0x80001FC4] -> 0x5433
mem[X,0x80001FC6] -> 0x00A4
[3006] [M]: 0x80001FC4 (0x00A45433) srl fp, fp, a0
x8 <- 0x0000000B


mem[X,0x80001FC8] -> 0x1413
mem[X,0x80001FCA] -> 0x01F4
[3007] [M]: 0x80001FC8 (0x01F41413) slli fp, fp, 31
x8 <- 0x80000000


mem[X,0x80001FCC] -> 0x5C63
mem[X,0x80001FCE] -> 0x0404
[3008] [M]: 0x80001FCC (0x04045C63) bge fp, zero, 88


mem[X,0x80001FD0] -> 0xA403
mem[X,0x80001FD2] -> 0x1884
[3009] [M]: 0x80001FD0 (0x1884A403) lw fp, 392(s1)
mem[R,0x80400380] -> 0x940003F0
x8 <- 0x940003F0


mem[X,0x80001FD4] -> 0xA583
mem[X,0x80001FD6] -> 0x1904
[3010] [M]: 0x80001FD4 (0x1904A583) lw a1, 400(s1)
mem[R,0x80400388] -> 0x00802010
x11 <- 0x00802010


mem[X,0x80001FD8] -> 0x85B3
mem[X,0x80001FDA] -> 0x0085
[3011] [M]: 0x80001FD8 (0x008585B3) add a1, a1, fp
x11 <- 0x94802400


mem[X,0x80001FDC] -> 0xF463
mem[X,0x80001FDE] -> 0x00B3
[3012] [M]: 0x80001FDC (0x00B3F463) bgeu t2, a1, 8


mem[X,0x80001FE0] -> 0xF063
mem[X,0x80001FE2] -> 0x0483
[3013] [M]: 0x80001FE0 (0x0483F063) bgeu t2, fp, 64


mem[X,0x80001FE4] -> 0xA403
mem[X,0x80001FE6] -> 0x1784
[3014] [M]: 0x80001FE4 (0x1784A403) lw fp, 376(s1)
mem[R,0x80400370] -> 0x93014510
x8 <- 0x93014510


mem[X,0x80001FE8] -> 0xA583
mem[X,0x80001FEA] -> 0x1804
[3015] [M]: 0x80001FE8 (0x1804A583) lw a1, 384(s1)
mem[R,0x80400378] -> 0x00000208
x11 <- 0x00000208


mem[X,0x80001FEC] -> 0x85B3
mem[X,0x80001FEE] -> 0x0085
[3016] [M]: 0x80001FEC (0x008585B3) add a1, a1, fp
x11 <- 0x93014718


mem[X,0x80001FF0] -> 0xF463
mem[X,0x80001FF2] -> 0x00B3
[3017] [M]: 0x80001FF0 (0x00B3F463) bgeu t2, a1, 8


mem[X,0x80001FF4] -> 0xF663
mem[X,0x80001FF6] -> 0x0283
[3018] [M]: 0x80001FF4 (0x0283F663) bgeu t2, fp, 44


mem[X,0x80001FF8] -> 0xA403
mem[X,0x80001FFA] -> 0x1584
[3019] [M]: 0x80001FF8 (0x1584A403) lw fp, 344(s1)
mem[R,0x80400350] -> 0x9000036C
x8 <- 0x9000036C


mem[X,0x80001FFC] -> 0xA583
mem[X,0x80001FFE] -> 0x1604
[3020] [M]: 0x80001FFC (0x1604A583) lw a1, 352(s1)
mem[R,0x80400358] -> 0x000018D0
x11 <- 0x000018D0


mem[X,0x80002000] -> 0x85B3
mem[X,0x80002002] -> 0x0085
[3021] [M]: 0x80002000 (0x008585B3) add a1, a1, fp
x11 <- 0x90001C3C


mem[X,0x80002004] -> 0xF463
mem[X,0x80002006] -> 0x00B3
[3022] [M]: 0x80002004 (0x00B3F463) bgeu t2, a1, 8


mem[X,0x8000200C] -> 0xA403
mem[X,0x8000200E] -> 0x1684
[3023] [M]: 0x8000200C (0x1684A403) lw fp, 360(s1)
mem[R,0x80400360] -> 0x910003FC
x8 <- 0x910003FC


mem[X,0x80002010] -> 0xA583
mem[X,0x80002012] -> 0x1704
[3024] [M]: 0x80002010 (0x1704A583) lw a1, 368(s1)
mem[R,0x80400368] -> 0x00802010
x11 <- 0x00802010


mem[X,0x80002014] -> 0x85B3
mem[X,0x80002016] -> 0x0085
[3025] [M]: 0x80002014 (0x008585B3) add a1, a1, fp
x11 <- 0x9180240C


mem[X,0x80002018] -> 0xF6E3
mem[X,0x8000201A] -> 0xC2B3
[3026] [M]: 0x80002018 (0xC2B3F6E3) bgeu t2, a1, 7212


mem[X,0x8000201C] -> 0xE4E3
mem[X,0x8000201E] -> 0xC283
[3027] [M]: 0x8000201C (0xC283E4E3) bltu t2, fp, 7208


mem[X,0x80002020] -> 0x8433
mem[X,0x80002022] -> 0x4083
[3028] [M]: 0x80002020 (0x40838433) sub fp, t2, fp
x8 <- 0x00400C00


mem[X,0x80002024] -> 0x2623
mem[X,0x80002026] -> 0x0083
[3029] [M]: 0x80002024 (0x00832623) sw fp, 12(t1)
mem[0x80C026B0] <- 0x00400C00


mem[X,0x80002028] -> 0x2483
mem[X,0x8000202A] -> 0x1981
[3030] [M]: 0x80002028 (0x19812483) lw s1, 408(sp)
mem[R,0x80400198] -> 0x80C026B4
x9 <- 0x80C026B4


mem[X,0x8000202C] -> 0x2383
mem[X,0x8000202E] -> 0x1781
[3031] [M]: 0x8000202C (0x17812383) lw t2, 376(sp)
mem[R,0x80400178] -> 0x80C02510
x7 <- 0x80C02510


mem[X,0x80002030] -> 0x2303
mem[X,0x80002032] -> 0x1801
[3032] [M]: 0x80002030 (0x18012303) lw t1, 384(sp)
mem[R,0x80400180] -> 0x00000208
x6 <- 0x00000208


mem[X,0x80002034] -> 0x0333
mem[X,0x80002036] -> 0x0073
[3033] [M]: 0x80002034 (0x00730333) add t1, t1, t2
x6 <- 0x80C02718


mem[X,0x80002038] -> 0x66E3
mem[X,0x8000203A] -> 0xC093
[3034] [M]: 0x80002038 (0xC09366E3) bltu t1, s1, 7180


mem[X,0x8000203C] -> 0x0393
mem[X,0x8000203E] -> 0x1000
[3035] [M]: 0x8000203C (0x10000393) addi t2, zero, 256
x7 <- 0x00000100


mem[X,0x80002040] -> 0x006F
mem[X,0x80002042] -> 0x0400
[3036] [M]: 0x80002040 (0x0400006F) jal zero, 64


mem[X,0x80002080] -> 0x0417
mem[X,0x80002082] -> 0x0000
[3037] [M]: 0x80002080 (0x00000417) auipc fp, 0
x8 <- 0x80002080


mem[X,0x80002084] -> 0x0413
mem[X,0x80002086] -> 0x03C4
[3038] [M]: 0x80002084 (0x03C40413) addi fp, fp, 60
x8 <- 0x800020BC


mem[X,0x80002088] -> 0x0433
mem[X,0x8000208A] -> 0x0074
[3039] [M]: 0x80002088 (0x00740433) add fp, fp, t2
x8 <- 0x800021BC


mem[X,0x8000208C] -> 0x1393
mem[X,0x8000208E] -> 0x0035
[3040] [M]: 0x8000208C (0x00351393) slli t2, a0, 3
x7 <- 0x00000060


mem[X,0x80002090] -> 0x0433
mem[X,0x80002092] -> 0x0074
[3041] [M]: 0x80002090 (0x00740433) add fp, fp, t2
x8 <- 0x8000221C


mem[X,0x80002094] -> 0x7413
mem[X,0x80002096] -> 0xFF84
[3042] [M]: 0x80002094 (0xFF847413) andi fp, fp, 4088
x8 <- 0x80002218


mem[X,0x80002098] -> 0x2403
mem[X,0x8000209A] -> 0x0004
[3043] [M]: 0x80002098 (0x00042403) lw fp, 0(fp)
mem[R,0x80002218] -> 0x00000019
x8 <- 0x00000019


mem[X,0x8000209C] -> 0x0EE3
mem[X,0x8000209E] -> 0xC204
[3044] [M]: 0x8000209C (0xC2040EE3) beq fp, zero, 7228


mem[X,0x800020A0] -> 0x1393
mem[X,0x800020A2] -> 0x01F4
[3045] [M]: 0x800020A0 (0x01F41393) slli t2, fp, 31
x7 <- 0x80000000


mem[X,0x800020A4] -> 0xD863
mem[X,0x800020A6] -> 0x0003
[3046] [M]: 0x800020A4 (0x0003D863) bge t2, zero, 16


mem[X,0x800020A8] -> 0x5413
mem[X,0x800020AA] -> 0x0014
[3047] [M]: 0x800020A8 (0x00145413) srli fp, fp, 1
x8 <- 0x0000000C


mem[X,0x800020AC] -> 0x0CE3
mem[X,0x800020AE] -> 0xF885
[3048] [M]: 0x800020AC (0xF8850CE3) beq a0, fp, 8088


mem[X,0x80002044] -> 0x2303
mem[X,0x80002046] -> 0x1DC1
[3049] [M]: 0x80002044 (0x1DC12303) lw t1, 476(sp)
mem[R,0x804001DC] -> 0x00000000
x6 <- 0x00000000


mem[X,0x80002048] -> 0x2383
mem[X,0x8000204A] -> 0x1E01
[3050] [M]: 0x80002048 (0x1E012383) lw t2, 480(sp)
mem[R,0x804001E0] -> 0x80001630
x7 <- 0x80001630


mem[X,0x8000204C] -> 0x2403
mem[X,0x8000204E] -> 0x1E41
[3051] [M]: 0x8000204C (0x1E412403) lw fp, 484(sp)
mem[R,0x804001E4] -> 0x00000000
x8 <- 0x00000000


mem[X,0x80002050] -> 0x2483
mem[X,0x80002052] -> 0x1E81
[3052] [M]: 0x80002050 (0x1E812483) lw s1, 488(sp)
mem[R,0x804001E8] -> 0x90001630
x9 <- 0x90001630


mem[X,0x80002054] -> 0x2503
mem[X,0x80002056] -> 0x1EC1
[3053] [M]: 0x80002054 (0x1EC12503) lw a0, 492(sp)
mem[R,0x804001EC] -> 0x203000DF
x10 <- 0x203000DF


mem[X,0x80002058] -> 0x2583
mem[X,0x8000205A] -> 0x1F01
[3054] [M]: 0x80002058 (0x1F012583) lw a1, 496(sp)
mem[R,0x804001F0] -> 0x000000DF
x11 <- 0x000000DF


mem[X,0x8000205C] -> 0x2103
mem[X,0x8000205E] -> 0x1F41
[3055] [M]: 0x8000205C (0x1F412103) lw sp, 500(sp)
mem[R,0x804001F4] -> 0x80400000
x2 <- 0x80400000


mem[X,0x80002060] -> 0x0073
mem[X,0x80002062] -> 0x3020
[3056] [M]: 0x80002060 (0x30200073) mret
CSR mstatus <- 0x00000080
ret-ing from M to U


mem[R,0x80C02914] -> 0x20300401
mem[R,0x80C01004] -> 0x203000DF
mem[X,0x80C00004] -> 0x0013
mem[X,0x80C00006] -> 0x0000
[3057] [U]: 0x91401004 (0x00000013) addi zero, zero, 0


mem[X,0x80C00008] -> 0x8067
mem[X,0x80C0000A] -> 0x0000
[3058] [U]: 0x91401008 (0x00008067) jalr zero, ra, 0


mem[R,0x80C02900] -> 0x200000DB
mem[X,0x8000190C] -> 0x0013
mem[X,0x8000190E] -> 0x0000
[3059] [U]: 0x9000190C (0x00000013) addi zero, zero, 0


mem[X,0x80001910] -> 0x0013
mem[X,0x80001912] -> 0x0000
[3060] [U]: 0x90001910 (0x00000013) addi zero, zero, 0


mem[X,0x80001914] -> 0xA823
mem[X,0x80001916] -> 0x0ACD
[3061] [U]: 0x90001914 (0x0ACDA823) sw a2, 176(s11)
mem[R,0x80C02930] -> 0x20300401
mem[R,0x80C01050] -> 0x203008D7
mem[0x80C025C4] <- 0x000001B0


mem[R,0x80C02900] -> 0x200000DB
mem[X,0x80001918] -> 0x0013
mem[X,0x8000191A] -> 0x0000
[3062] [U]: 0x90001918 (0x00000013) addi zero, zero, 0


mem[X,0x8000191C] -> 0x0013
mem[X,0x8000191E] -> 0x0000
[3063] [U]: 0x9000191C (0x00000013) addi zero, zero, 0


mem[X,0x80001920] -> 0x0737
mem[X,0x80001922] -> 0x0001
[3064] [U]: 0x90001920 (0x00010737) lui a4, 16
x14 <- 0x00010000


mem[X,0x80001924] -> 0x0713
mem[X,0x80001926] -> 0xEEB7
[3065] [U]: 0x90001924 (0xEEB70713) addi a4, a4, 3819
x14 <- 0x0000FEEB


mem[X,0x80001928] -> 0xAA23
mem[X,0x8000192A] -> 0x0AED
[3066] [U]: 0x90001928 (0x0AEDAA23) sw a4, 180(s11)
mem[R,0x80C02930] -> 0x20300401
mem[R,0x80C01050] -> 0x203008D7
mem[0x80C025C8] <- 0x0000FEEB


mem[R,0x80C02900] -> 0x200000DB
mem[X,0x8000192C] -> 0x0113
mem[X,0x8000192E] -> 0x0000
[3067] [U]: 0x9000192C (0x00000113) addi sp, zero, 0
x2 <- 0x00000000


mem[X,0x80001930] -> 0x0073
mem[X,0x80001932] -> 0x0000
[3068] [U]: 0x90001930 (0x00000073) ecall
trapping from U to M to handle u-call
handling exc#0x08 at priv M with tval 0x00000000
CSR mstatus <- 0x00000000


mem[X,0x80001D00] -> 0x006F
mem[X,0x80001D02] -> 0x0800
[3069] [M]: 0x80001D00 (0x0800006F) jal zero, 128


mem[X,0x80001D80] -> 0x1173
mem[X,0x80001D82] -> 0x3401
[3070] [M]: 0x80001D80 (0x34011173) csrrw sp, mscratch, sp
CSR mscratch -> 0x80400000
CSR mscratch <- 0x00000000 (input: 0x00000000)
x2 <- 0x80400000


mem[X,0x80001D84] -> 0x2823
mem[X,0x80001D86] -> 0x1EB1
[3071] [M]: 0x80001D84 (0x1EB12823) sw a1, 496(sp)
mem[0x804001F0] <- 0x000000DF


mem[X,0x80001D88] -> 0x05EF
mem[X,0x80001D8A] -> 0x0B80
[3072] [M]: 0x80001D88 (0x0B8005EF) jal a1, 184
x11 <- 0x80001D8C


mem[X,0x80001E40] -> 0x2623
mem[X,0x80001E42] -> 0x1EA1
[3073] [M]: 0x80001E40 (0x1EA12623) sw a0, 492(sp)
mem[0x804001EC] <- 0x203000DF


mem[X,0x80001E44] -> 0x1573
mem[X,0x80001E46] -> 0x3401
[3074] [M]: 0x80001E44 (0x34011573) csrrw a0, mscratch, sp
CSR mscratch -> 0x00000000
CSR mscratch <- 0x80400000 (input: 0x80400000)
x10 <- 0x00000000


mem[X,0x80001E48] -> 0x2A23
mem[X,0x80001E4A] -> 0x1EA1
[3075] [M]: 0x80001E48 (0x1EA12A23) sw a0, 500(sp)
mem[0x804001F4] <- 0x00000000


mem[X,0x80001E4C] -> 0x2503
mem[X,0x80001E4E] -> 0x1B01
[3076] [M]: 0x80001E4C (0x1B012503) lw a0, 432(sp)
mem[R,0x804001B0] -> 0x80001E54
x10 <- 0x80001E54


mem[X,0x80001E50] -> 0x0067
mem[X,0x80001E52] -> 0x0005
[3077] [M]: 0x80001E50 (0x00050067) jalr zero, a0, 0


mem[X,0x80001E54] -> 0x2423
mem[X,0x80001E56] -> 0x1E91
[3078] [M]: 0x80001E54 (0x1E912423) sw s1, 488(sp)
mem[0x804001E8] <- 0x90001630


mem[X,0x80001E58] -> 0x2223
mem[X,0x80001E5A] -> 0x1E81
[3079] [M]: 0x80001E58 (0x1E812223) sw fp, 484(sp)
mem[0x804001E4] <- 0x00000000


mem[X,0x80001E5C] -> 0x2023
mem[X,0x80001E5E] -> 0x1E71
[3080] [M]: 0x80001E5C (0x1E712023) sw t2, 480(sp)
mem[0x804001E0] <- 0x80001630


mem[X,0x80001E60] -> 0x2E23
mem[X,0x80001E62] -> 0x1C61
[3081] [M]: 0x80001E60 (0x1C612E23) sw t1, 476(sp)
mem[0x804001DC] <- 0x00000000


mem[X,0x80001E64] -> 0x2573
mem[X,0x80001E66] -> 0x3420
[3082] [M]: 0x80001E64 (0x34202573) csrrs a0, mcause, zero
CSR mcause -> 0x00000008
x10 <- 0x00000008


mem[X,0x80001E68] -> 0x14B7
mem[X,0x80001E6A] -> 0x8000
[3083] [M]: 0x80001E68 (0x800014B7) lui s1, 524289
x9 <- 0x80001000


mem[X,0x80001E6C] -> 0x8493
mem[X,0x80001E6E] -> 0xFFC4
[3084] [M]: 0x80001E6C (0xFFC48493) addi s1, s1, 4092
x9 <- 0x80000FFC


mem[X,0x80001E70] -> 0xF4B3
mem[X,0x80001E72] -> 0x00A4
[3085] [M]: 0x80001E70 (0x00A4F4B3) and s1, s1, a0
x9 <- 0x00000008


mem[X,0x80001E74] -> 0x8493
mem[X,0x80001E76] -> 0xFF84
[3086] [M]: 0x80001E74 (0xFF848493) addi s1, s1, 4088
x9 <- 0x00000000


mem[X,0x80001E78] -> 0x9663
mem[X,0x80001E7A] -> 0x0004
[3087] [M]: 0x80001E78 (0x00049663) bne s1, zero, 12


mem[X,0x80001E7C] -> 0x2383
mem[X,0x80001E7E] -> 0x1F41
[3088] [M]: 0x80001E7C (0x1F412383) lw t2, 500(sp)
mem[R,0x804001F4] -> 0x00000000
x7 <- 0x00000000


mem[X,0x80001E80] -> 0x8663
mem[X,0x80001E82] -> 0x4803
[3089] [M]: 0x80001E80 (0x48038663) beq t2, zero, 1164


mem[X,0x8000230C] -> 0x0493
mem[X,0x8000230E] -> 0xFF55
[3090] [M]: 0x8000230C (0xFF550493) addi s1, a0, 4085
x9 <- 0xFFFFFFFD


mem[X,0x80002310] -> 0x8C63
mem[X,0x80002312] -> 0x0004
[3091] [M]: 0x80002310 (0x00048C63) beq s1, zero, 24


mem[X,0x80002314] -> 0x2583
mem[X,0x80002316] -> 0x3501
[3092] [M]: 0x80002314 (0x35012583) lw a1, 848(sp)
mem[R,0x80400350] -> 0x9000036C
x11 <- 0x9000036C


mem[X,0x80002318] -> 0xD463
mem[X,0x8000231A] -> 0x0003
[3093] [M]: 0x80002318 (0x0003D463) bge t2, zero, 8


mem[X,0x80002320] -> 0x2483
mem[X,0x80002322] -> 0x1581
[3094] [M]: 0x80002320 (0x15812483) lw s1, 344(sp)
mem[R,0x80400158] -> 0x8000036C
x9 <- 0x8000036C


mem[X,0x80002324] -> 0x84B3
mem[X,0x80002326] -> 0x40B4
[3095] [M]: 0x80002324 (0x40B484B3) sub s1, s1, a1
x9 <- 0xF0000000


mem[X,0x80002328] -> 0x23F3
mem[X,0x8000232A] -> 0x3410
[3096] [M]: 0x80002328 (0x341023F3) csrrs t2, mepc, zero
CSR mepc -> 0x90001930
x7 <- 0x90001930


mem[X,0x8000232C] -> 0x83B3
mem[X,0x8000232E] -> 0x0093
[3097] [M]: 0x8000232C (0x009383B3) add t2, t2, s1
x7 <- 0x80001930


mem[X,0x80002330] -> 0x2303
mem[X,0x80002332] -> 0x1DC1
[3098] [M]: 0x80002330 (0x1DC12303) lw t1, 476(sp)
mem[R,0x804001DC] -> 0x00000000
x6 <- 0x00000000


mem[X,0x80002334] -> 0x2403
mem[X,0x80002336] -> 0x1E41
[3099] [M]: 0x80002334 (0x1E412403) lw fp, 484(sp)
mem[R,0x804001E4] -> 0x00000000
x8 <- 0x00000000


clint::tick mtime <- 0x000000000000001F
 clint timer pending at mtime 0x000000000000001F
htif::tick 0x0000000000000000
mem[X,0x80002338] -> 0x2483
mem[X,0x8000233A] -> 0x1E81
[3100] [M]: 0x80002338 (0x1E812483) lw s1, 488(sp)
mem[R,0x804001E8] -> 0x90001630
x9 <- 0x90001630


mem[X,0x8000233C] -> 0x2503
mem[X,0x8000233E] -> 0x1EC1
[3101] [M]: 0x8000233C (0x1EC12503) lw a0, 492(sp)
mem[R,0x804001EC] -> 0x203000DF
x10 <- 0x203000DF


mem[X,0x80002340] -> 0x2583
mem[X,0x80002342] -> 0x1F01
[3102] [M]: 0x80002340 (0x1F012583) lw a1, 496(sp)
mem[R,0x804001F0] -> 0x000000DF
x11 <- 0x000000DF


mem[X,0x80002344] -> 0x2103
mem[X,0x80002346] -> 0x1F41
[3103] [M]: 0x80002344 (0x1F412103) lw sp, 500(sp)
mem[R,0x804001F4] -> 0x00000000
x2 <- 0x00000000


mem[X,0x80002348] -> 0x8067
mem[X,0x8000234A] -> 0x0043
[3104] [M]: 0x80002348 (0x00438067) jalr zero, t2, 4


mem[X,0x80001934] -> 0x0713
mem[X,0x80001936] -> 0x1230
[3105] [M]: 0x80001934 (0x12300713) addi a4, zero, 291
x14 <- 0x00000123


mem[X,0x80001938] -> 0xAC23
mem[X,0x8000193A] -> 0x0AE6
[3106] [M]: 0x80001938 (0x0AE6AC23) sw a4, 184(a3)
mem[0x80C025CC] <- 0x00000123


mem[X,0x8000193C] -> 0x0013
mem[X,0x8000193E] -> 0x0000
[3107] [M]: 0x8000193C (0x00000013) addi zero, zero, 0


mem[X,0x80001940] -> 0xF517
mem[X,0x80001942] -> 0x00BF
[3108] [M]: 0x80001940 (0x00BFF517) auipc a0, 3071
x10 <- 0x80C00940


mem[X,0x80001944] -> 0x0513
mem[X,0x80001946] -> 0x6C05
[3109] [M]: 0x80001944 (0x6C050513) addi a0, a0, 1728
x10 <- 0x80C01000


mem[X,0x80001948] -> 0x0013
mem[X,0x8000194A] -> 0x0000
[3110] [M]: 0x80001948 (0x00000013) addi zero, zero, 0


mem[X,0x8000194C] -> 0x0013
mem[X,0x8000194E] -> 0x0000
[3111] [M]: 0x8000194C (0x00000013) addi zero, zero, 0


mem[X,0x80001950] -> 0x0013
mem[X,0x80001952] -> 0x0000
[3112] [M]: 0x80001950 (0x00000013) addi zero, zero, 0


mem[X,0x80001954] -> 0x0013
mem[X,0x80001956] -> 0x0000
[3113] [M]: 0x80001954 (0x00000013) addi zero, zero, 0


mem[X,0x80001958] -> 0x0013
mem[X,0x8000195A] -> 0x0000
[3114] [M]: 0x80001958 (0x00000013) addi zero, zero, 0


mem[X,0x8000195C] -> 0x0013
mem[X,0x8000195E] -> 0x0000
[3115] [M]: 0x8000195C (0x00000013) addi zero, zero, 0


mem[X,0x80001960] -> 0x0593
mem[X,0x80001962] -> 0x0010
[3116] [M]: 0x80001960 (0x00100593) addi a1, zero, 1
x11 <- 0x00000001


mem[X,0x80001964] -> 0x5513
mem[X,0x80001966] -> 0x00C5
[3117] [M]: 0x80001964 (0x00C55513) srli a0, a0, 12
x10 <- 0x00080C01


mem[X,0x80001968] -> 0x1513
mem[X,0x8000196A] -> 0x00A5
[3118] [M]: 0x80001968 (0x00A51513) slli a0, a0, 10
x10 <- 0x20300400


mem[X,0x8000196C] -> 0x6533
mem[X,0x8000196E] -> 0x00B5
[3119] [M]: 0x8000196C (0x00B56533) or a0, a0, a1
x10 <- 0x20300401


mem[X,0x80001970] -> 0x0013
mem[X,0x80001972] -> 0x0000
[3120] [M]: 0x80001970 (0x00000013) addi zero, zero, 0


mem[X,0x80001974] -> 0x0013
mem[X,0x80001976] -> 0x0000
[3121] [M]: 0x80001974 (0x00000013) addi zero, zero, 0


mem[X,0x80001978] -> 0x0013
mem[X,0x8000197A] -> 0x0000
[3122] [M]: 0x80001978 (0x00000013) addi zero, zero, 0


mem[X,0x8000197C] -> 0x0013
mem[X,0x8000197E] -> 0x0000
[3123] [M]: 0x8000197C (0x00000013) addi zero, zero, 0


mem[X,0x80001980] -> 0x0317
mem[X,0x80001982] -> 0x00C0
[3124] [M]: 0x80001980 (0x00C00317) auipc t1, 3072
x6 <- 0x80C01980


mem[X,0x80001984] -> 0x0313
mem[X,0x80001986] -> 0x6803
[3125] [M]: 0x80001984 (0x68030313) addi t1, t1, 1664
x6 <- 0x80C02000


mem[X,0x80001988] -> 0x0013
mem[X,0x8000198A] -> 0x0000
[3126] [M]: 0x80001988 (0x00000013) addi zero, zero, 0


mem[X,0x8000198C] -> 0x0013
mem[X,0x8000198E] -> 0x0000
[3127] [M]: 0x8000198C (0x00000013) addi zero, zero, 0


mem[X,0x80001990] -> 0x0013
mem[X,0x80001992] -> 0x0000
[3128] [M]: 0x80001990 (0x00000013) addi zero, zero, 0


mem[X,0x80001994] -> 0x0013
mem[X,0x80001996] -> 0x0000
[3129] [M]: 0x80001994 (0x00000013) addi zero, zero, 0


mem[X,0x80001998] -> 0x0013
mem[X,0x8000199A] -> 0x0000
[3130] [M]: 0x80001998 (0x00000013) addi zero, zero, 0


mem[X,0x8000199C] -> 0x0013
mem[X,0x8000199E] -> 0x0000
[3131] [M]: 0x8000199C (0x00000013) addi zero, zero, 0


mem[X,0x800019A0] -> 0x12B7
mem[X,0x800019A2] -> 0x0000
[3132] [M]: 0x800019A0 (0x000012B7) lui t0, 1
x5 <- 0x00001000


mem[X,0x800019A4] -> 0x8293
mem[X,0x800019A6] -> 0x9142
[3133] [M]: 0x800019A4 (0x91428293) addi t0, t0, 2324
x5 <- 0x00000914


mem[X,0x800019A8] -> 0x0333
mem[X,0x800019AA] -> 0x0053
[3134] [M]: 0x800019A8 (0x00530333) add t1, t1, t0
x6 <- 0x80C02914


mem[X,0x800019AC] -> 0x2023
mem[X,0x800019AE] -> 0x00A3
[3135] [M]: 0x800019AC (0x00A32023) sw a0, 0(t1)
mem[0x80C02914] <- 0x20300401


mem[X,0x800019B0] -> 0x0013
mem[X,0x800019B2] -> 0x0000
[3136] [M]: 0x800019B0 (0x00000013) addi zero, zero, 0


mem[X,0x800019B4] -> 0x0013
mem[X,0x800019B6] -> 0x0000
[3137] [M]: 0x800019B4 (0x00000013) addi zero, zero, 0


mem[X,0x800019B8] -> 0x0013
mem[X,0x800019BA] -> 0x0000
[3138] [M]: 0x800019B8 (0x00000013) addi zero, zero, 0


mem[X,0x800019BC] -> 0x0013
mem[X,0x800019BE] -> 0x0000
[3139] [M]: 0x800019BC (0x00000013) addi zero, zero, 0


mem[X,0x800019C0] -> 0xE517
mem[X,0x800019C2] -> 0x00BF
[3140] [M]: 0x800019C0 (0x00BFE517) auipc a0, 3070
x10 <- 0x80BFF9C0


mem[X,0x800019C4] -> 0x0513
mem[X,0x800019C6] -> 0x6405
[3141] [M]: 0x800019C4 (0x64050513) addi a0, a0, 1600
x10 <- 0x80C00000


mem[X,0x800019C8] -> 0x0013
mem[X,0x800019CA] -> 0x0000
[3142] [M]: 0x800019C8 (0x00000013) addi zero, zero, 0


mem[X,0x800019CC] -> 0x0013
mem[X,0x800019CE] -> 0x0000
[3143] [M]: 0x800019CC (0x00000013) addi zero, zero, 0


mem[X,0x800019D0] -> 0x0013
mem[X,0x800019D2] -> 0x0000
[3144] [M]: 0x800019D0 (0x00000013) addi zero, zero, 0


mem[X,0x800019D4] -> 0x0013
mem[X,0x800019D6] -> 0x0000
[3145] [M]: 0x800019D4 (0x00000013) addi zero, zero, 0


mem[X,0x800019D8] -> 0x0013
mem[X,0x800019DA] -> 0x0000
[3146] [M]: 0x800019D8 (0x00000013) addi zero, zero, 0


mem[X,0x800019DC] -> 0x0013
mem[X,0x800019DE] -> 0x0000
[3147] [M]: 0x800019DC (0x00000013) addi zero, zero, 0


mem[X,0x800019E0] -> 0x0593
mem[X,0x800019E2] -> 0x0D30
[3148] [M]: 0x800019E0 (0x0D300593) addi a1, zero, 211
x11 <- 0x000000D3


mem[X,0x800019E4] -> 0x5513
mem[X,0x800019E6] -> 0x00C5
[3149] [M]: 0x800019E4 (0x00C55513) srli a0, a0, 12
x10 <- 0x00080C00


mem[X,0x800019E8] -> 0x1513
mem[X,0x800019EA] -> 0x00A5
[3150] [M]: 0x800019E8 (0x00A51513) slli a0, a0, 10
x10 <- 0x20300000


mem[X,0x800019EC] -> 0x6533
mem[X,0x800019EE] -> 0x00B5
[3151] [M]: 0x800019EC (0x00B56533) or a0, a0, a1
x10 <- 0x203000D3


mem[X,0x800019F0] -> 0x0013
mem[X,0x800019F2] -> 0x0000
[3152] [M]: 0x800019F0 (0x00000013) addi zero, zero, 0


mem[X,0x800019F4] -> 0x0013
mem[X,0x800019F6] -> 0x0000
[3153] [M]: 0x800019F4 (0x00000013) addi zero, zero, 0


mem[X,0x800019F8] -> 0x0013
mem[X,0x800019FA] -> 0x0000
[3154] [M]: 0x800019F8 (0x00000013) addi zero, zero, 0


mem[X,0x800019FC] -> 0x0013
mem[X,0x800019FE] -> 0x0000
[3155] [M]: 0x800019FC (0x00000013) addi zero, zero, 0


mem[X,0x80001A00] -> 0xF317
mem[X,0x80001A02] -> 0x00BF
[3156] [M]: 0x80001A00 (0x00BFF317) auipc t1, 3071
x6 <- 0x80C00A00


mem[X,0x80001A04] -> 0x0313
mem[X,0x80001A06] -> 0x6003
[3157] [M]: 0x80001A04 (0x60030313) addi t1, t1, 1536
x6 <- 0x80C01000


mem[X,0x80001A08] -> 0x0013
mem[X,0x80001A0A] -> 0x0000
[3158] [M]: 0x80001A08 (0x00000013) addi zero, zero, 0


mem[X,0x80001A0C] -> 0x0013
mem[X,0x80001A0E] -> 0x0000
[3159] [M]: 0x80001A0C (0x00000013) addi zero, zero, 0


mem[X,0x80001A10] -> 0x0013
mem[X,0x80001A12] -> 0x0000
[3160] [M]: 0x80001A10 (0x00000013) addi zero, zero, 0


mem[X,0x80001A14] -> 0x0013
mem[X,0x80001A16] -> 0x0000
[3161] [M]: 0x80001A14 (0x00000013) addi zero, zero, 0


mem[X,0x80001A18] -> 0x0013
mem[X,0x80001A1A] -> 0x0000
[3162] [M]: 0x80001A18 (0x00000013) addi zero, zero, 0


mem[X,0x80001A1C] -> 0x0013
mem[X,0x80001A1E] -> 0x0000
[3163] [M]: 0x80001A1C (0x00000013) addi zero, zero, 0


mem[X,0x80001A20] -> 0x0293
mem[X,0x80001A22] -> 0x0000
[3164] [M]: 0x80001A20 (0x00000293) addi t0, zero, 0
x5 <- 0x00000000


mem[X,0x80001A24] -> 0x0333
mem[X,0x80001A26] -> 0x0053
[3165] [M]: 0x80001A24 (0x00530333) add t1, t1, t0
x6 <- 0x80C01000


mem[X,0x80001A28] -> 0x2023
mem[X,0x80001A2A] -> 0x00A3
[3166] [M]: 0x80001A28 (0x00A32023) sw a0, 0(t1)
mem[0x80C01000] <- 0x203000D3


mem[X,0x80001A2C] -> 0x0073
mem[X,0x80001A2E] -> 0x1200
[3167] [M]: 0x80001A2C (0x12000073) sfence.vma zero, zero


mem[X,0x80001A30] -> 0x0013
mem[X,0x80001A32] -> 0x0000
[3168] [M]: 0x80001A30 (0x00000013) addi zero, zero, 0


mem[X,0x80001A34] -> 0x0013
mem[X,0x80001A36] -> 0x0000
[3169] [M]: 0x80001A34 (0x00000013) addi zero, zero, 0


mem[X,0x80001A38] -> 0x0013
mem[X,0x80001A3A] -> 0x0000
[3170] [M]: 0x80001A38 (0x00000013) addi zero, zero, 0


mem[X,0x80001A3C] -> 0x0013
mem[X,0x80001A3E] -> 0x0000
[3171] [M]: 0x80001A3C (0x00000013) addi zero, zero, 0


mem[X,0x80001A40] -> 0xF517
mem[X,0x80001A42] -> 0x00BF
[3172] [M]: 0x80001A40 (0x00BFF517) auipc a0, 3071
x10 <- 0x80C00A40


mem[X,0x80001A44] -> 0x0513
mem[X,0x80001A46] -> 0x5C05
[3173] [M]: 0x80001A44 (0x5C050513) addi a0, a0, 1472
x10 <- 0x80C01000


mem[X,0x80001A48] -> 0x0013
mem[X,0x80001A4A] -> 0x0000
[3174] [M]: 0x80001A48 (0x00000013) addi zero, zero, 0


mem[X,0x80001A4C] -> 0x0013
mem[X,0x80001A4E] -> 0x0000
[3175] [M]: 0x80001A4C (0x00000013) addi zero, zero, 0


mem[X,0x80001A50] -> 0x0013
mem[X,0x80001A52] -> 0x0000
[3176] [M]: 0x80001A50 (0x00000013) addi zero, zero, 0


mem[X,0x80001A54] -> 0x0013
mem[X,0x80001A56] -> 0x0000
[3177] [M]: 0x80001A54 (0x00000013) addi zero, zero, 0


mem[X,0x80001A58] -> 0x0013
mem[X,0x80001A5A] -> 0x0000
[3178] [M]: 0x80001A58 (0x00000013) addi zero, zero, 0


mem[X,0x80001A5C] -> 0x0013
mem[X,0x80001A5E] -> 0x0000
[3179] [M]: 0x80001A5C (0x00000013) addi zero, zero, 0


mem[X,0x80001A60] -> 0x0593
mem[X,0x80001A62] -> 0x0010
[3180] [M]: 0x80001A60 (0x00100593) addi a1, zero, 1
x11 <- 0x00000001


mem[X,0x80001A64] -> 0x5513
mem[X,0x80001A66] -> 0x00C5
[3181] [M]: 0x80001A64 (0x00C55513) srli a0, a0, 12
x10 <- 0x00080C01


mem[X,0x80001A68] -> 0x1513
mem[X,0x80001A6A] -> 0x00A5
[3182] [M]: 0x80001A68 (0x00A51513) slli a0, a0, 10
x10 <- 0x20300400


mem[X,0x80001A6C] -> 0x6533
mem[X,0x80001A6E] -> 0x00B5
[3183] [M]: 0x80001A6C (0x00B56533) or a0, a0, a1
x10 <- 0x20300401


mem[X,0x80001A70] -> 0x0013
mem[X,0x80001A72] -> 0x0000
[3184] [M]: 0x80001A70 (0x00000013) addi zero, zero, 0


mem[X,0x80001A74] -> 0x0013
mem[X,0x80001A76] -> 0x0000
[3185] [M]: 0x80001A74 (0x00000013) addi zero, zero, 0


mem[X,0x80001A78] -> 0x0013
mem[X,0x80001A7A] -> 0x0000
[3186] [M]: 0x80001A78 (0x00000013) addi zero, zero, 0


mem[X,0x80001A7C] -> 0x0013
mem[X,0x80001A7E] -> 0x0000
[3187] [M]: 0x80001A7C (0x00000013) addi zero, zero, 0


mem[X,0x80001A80] -> 0x0317
mem[X,0x80001A82] -> 0x00C0
[3188] [M]: 0x80001A80 (0x00C00317) auipc t1, 3072
x6 <- 0x80C01A80


mem[X,0x80001A84] -> 0x0313
mem[X,0x80001A86] -> 0x5803
[3189] [M]: 0x80001A84 (0x58030313) addi t1, t1, 1408
x6 <- 0x80C02000


mem[X,0x80001A88] -> 0x0013
mem[X,0x80001A8A] -> 0x0000
[3190] [M]: 0x80001A88 (0x00000013) addi zero, zero, 0


mem[X,0x80001A8C] -> 0x0013
mem[X,0x80001A8E] -> 0x0000
[3191] [M]: 0x80001A8C (0x00000013) addi zero, zero, 0


mem[X,0x80001A90] -> 0x0013
mem[X,0x80001A92] -> 0x0000
[3192] [M]: 0x80001A90 (0x00000013) addi zero, zero, 0


mem[X,0x80001A94] -> 0x0013
mem[X,0x80001A96] -> 0x0000
[3193] [M]: 0x80001A94 (0x00000013) addi zero, zero, 0


mem[X,0x80001A98] -> 0x0013
mem[X,0x80001A9A] -> 0x0000
[3194] [M]: 0x80001A98 (0x00000013) addi zero, zero, 0


mem[X,0x80001A9C] -> 0x0013
mem[X,0x80001A9E] -> 0x0000
[3195] [M]: 0x80001A9C (0x00000013) addi zero, zero, 0


mem[X,0x80001AA0] -> 0x12B7
mem[X,0x80001AA2] -> 0x0000
[3196] [M]: 0x80001AA0 (0x000012B7) lui t0, 1
x5 <- 0x00001000


mem[X,0x80001AA4] -> 0x8293
mem[X,0x80001AA6] -> 0x9142
[3197] [M]: 0x80001AA4 (0x91428293) addi t0, t0, 2324
x5 <- 0x00000914


mem[X,0x80001AA8] -> 0x0333
mem[X,0x80001AAA] -> 0x0053
[3198] [M]: 0x80001AA8 (0x00530333) add t1, t1, t0
x6 <- 0x80C02914


mem[X,0x80001AAC] -> 0x2023
mem[X,0x80001AAE] -> 0x00A3
[3199] [M]: 0x80001AAC (0x00A32023) sw a0, 0(t1)
mem[0x80C02914] <- 0x20300401


clint::tick mtime <- 0x0000000000000020
 clint timer pending at mtime 0x0000000000000020
htif::tick 0x0000000000000000
mem[X,0x80001AB0] -> 0x0013
mem[X,0x80001AB2] -> 0x0000
[3200] [M]: 0x80001AB0 (0x00000013) addi zero, zero, 0


mem[X,0x80001AB4] -> 0x0013
mem[X,0x80001AB6] -> 0x0000
[3201] [M]: 0x80001AB4 (0x00000013) addi zero, zero, 0


mem[X,0x80001AB8] -> 0x0013
mem[X,0x80001ABA] -> 0x0000
[3202] [M]: 0x80001AB8 (0x00000013) addi zero, zero, 0


mem[X,0x80001ABC] -> 0x0013
mem[X,0x80001ABE] -> 0x0000
[3203] [M]: 0x80001ABC (0x00000013) addi zero, zero, 0


mem[X,0x80001AC0] -> 0xE517
mem[X,0x80001AC2] -> 0x00BF
[3204] [M]: 0x80001AC0 (0x00BFE517) auipc a0, 3070
x10 <- 0x80BFFAC0


mem[X,0x80001AC4] -> 0x0513
mem[X,0x80001AC6] -> 0x5405
[3205] [M]: 0x80001AC4 (0x54050513) addi a0, a0, 1344
x10 <- 0x80C00000


mem[X,0x80001AC8] -> 0x0013
mem[X,0x80001ACA] -> 0x0000
[3206] [M]: 0x80001AC8 (0x00000013) addi zero, zero, 0


mem[X,0x80001ACC] -> 0x0013
mem[X,0x80001ACE] -> 0x0000
[3207] [M]: 0x80001ACC (0x00000013) addi zero, zero, 0


mem[X,0x80001AD0] -> 0x0013
mem[X,0x80001AD2] -> 0x0000
[3208] [M]: 0x80001AD0 (0x00000013) addi zero, zero, 0


mem[X,0x80001AD4] -> 0x0013
mem[X,0x80001AD6] -> 0x0000
[3209] [M]: 0x80001AD4 (0x00000013) addi zero, zero, 0


mem[X,0x80001AD8] -> 0x0013
mem[X,0x80001ADA] -> 0x0000
[3210] [M]: 0x80001AD8 (0x00000013) addi zero, zero, 0


mem[X,0x80001ADC] -> 0x0013
mem[X,0x80001ADE] -> 0x0000
[3211] [M]: 0x80001ADC (0x00000013) addi zero, zero, 0


mem[X,0x80001AE0] -> 0x0593
mem[X,0x80001AE2] -> 0x0DF0
[3212] [M]: 0x80001AE0 (0x0DF00593) addi a1, zero, 223
x11 <- 0x000000DF


mem[X,0x80001AE4] -> 0x5513
mem[X,0x80001AE6] -> 0x00C5
[3213] [M]: 0x80001AE4 (0x00C55513) srli a0, a0, 12
x10 <- 0x00080C00


mem[X,0x80001AE8] -> 0x1513
mem[X,0x80001AEA] -> 0x00A5
[3214] [M]: 0x80001AE8 (0x00A51513) slli a0, a0, 10
x10 <- 0x20300000


mem[X,0x80001AEC] -> 0x6533
mem[X,0x80001AEE] -> 0x00B5
[3215] [M]: 0x80001AEC (0x00B56533) or a0, a0, a1
x10 <- 0x203000DF


mem[X,0x80001AF0] -> 0x0013
mem[X,0x80001AF2] -> 0x0000
[3216] [M]: 0x80001AF0 (0x00000013) addi zero, zero, 0


mem[X,0x80001AF4] -> 0x0013
mem[X,0x80001AF6] -> 0x0000
[3217] [M]: 0x80001AF4 (0x00000013) addi zero, zero, 0


mem[X,0x80001AF8] -> 0x0013
mem[X,0x80001AFA] -> 0x0000
[3218] [M]: 0x80001AF8 (0x00000013) addi zero, zero, 0


mem[X,0x80001AFC] -> 0x0013
mem[X,0x80001AFE] -> 0x0000
[3219] [M]: 0x80001AFC (0x00000013) addi zero, zero, 0


mem[X,0x80001B00] -> 0xF317
mem[X,0x80001B02] -> 0x00BF
[3220] [M]: 0x80001B00 (0x00BFF317) auipc t1, 3071
x6 <- 0x80C00B00


mem[X,0x80001B04] -> 0x0313
mem[X,0x80001B06] -> 0x5003
[3221] [M]: 0x80001B04 (0x50030313) addi t1, t1, 1280
x6 <- 0x80C01000


mem[X,0x80001B08] -> 0x0013
mem[X,0x80001B0A] -> 0x0000
[3222] [M]: 0x80001B08 (0x00000013) addi zero, zero, 0


mem[X,0x80001B0C] -> 0x0013
mem[X,0x80001B0E] -> 0x0000
[3223] [M]: 0x80001B0C (0x00000013) addi zero, zero, 0


mem[X,0x80001B10] -> 0x0013
mem[X,0x80001B12] -> 0x0000
[3224] [M]: 0x80001B10 (0x00000013) addi zero, zero, 0


mem[X,0x80001B14] -> 0x0013
mem[X,0x80001B16] -> 0x0000
[3225] [M]: 0x80001B14 (0x00000013) addi zero, zero, 0


mem[X,0x80001B18] -> 0x0013
mem[X,0x80001B1A] -> 0x0000
[3226] [M]: 0x80001B18 (0x00000013) addi zero, zero, 0


mem[X,0x80001B1C] -> 0x0013
mem[X,0x80001B1E] -> 0x0000
[3227] [M]: 0x80001B1C (0x00000013) addi zero, zero, 0


mem[X,0x80001B20] -> 0x0293
mem[X,0x80001B22] -> 0x0040
[3228] [M]: 0x80001B20 (0x00400293) addi t0, zero, 4
x5 <- 0x00000004


mem[X,0x80001B24] -> 0x0333
mem[X,0x80001B26] -> 0x0053
[3229] [M]: 0x80001B24 (0x00530333) add t1, t1, t0
x6 <- 0x80C01004


mem[X,0x80001B28] -> 0x2023
mem[X,0x80001B2A] -> 0x00A3
[3230] [M]: 0x80001B28 (0x00A32023) sw a0, 0(t1)
mem[0x80C01004] <- 0x203000DF


mem[X,0x80001B2C] -> 0x0073
mem[X,0x80001B2E] -> 0x1200
[3231] [M]: 0x80001B2C (0x12000073) sfence.vma zero, zero


mem[X,0x80001B30] -> 0x24B7
mem[X,0x80001B32] -> 0x0000
[3232] [M]: 0x80001B30 (0x000024B7) lui s1, 2
x9 <- 0x00002000


mem[X,0x80001B34] -> 0x8493
mem[X,0x80001B36] -> 0x8004
[3233] [M]: 0x80001B34 (0x80048493) addi s1, s1, 2048
x9 <- 0x00001800


mem[X,0x80001B38] -> 0xB073
mem[X,0x80001B3A] -> 0x3004
[3234] [M]: 0x80001B38 (0x3004B073) csrrc zero, mstatus, s1
CSR mstatus -> 0x00000000
CSR mstatus <- 0x00000000 (input: 0x00000000)


mem[X,0x80001B3C] -> 0x2173
mem[X,0x80001B3E] -> 0x3400
[3235] [M]: 0x80001B3C (0x34002173) csrrs sp, mscratch, zero
CSR mscratch -> 0x80400000
x2 <- 0x80400000


mem[X,0x80001B40] -> 0x2303
mem[X,0x80001B42] -> 0x3501
[3236] [M]: 0x80001B40 (0x35012303) lw t1, 848(sp)
mem[R,0x80400350] -> 0x9000036C
x6 <- 0x9000036C


mem[X,0x80001B44] -> 0x2483
mem[X,0x80001B46] -> 0x1581
[3237] [M]: 0x80001B44 (0x15812483) lw s1, 344(sp)
mem[R,0x80400158] -> 0x8000036C
x9 <- 0x8000036C


mem[X,0x80001B48] -> 0x0333
mem[X,0x80001B4A] -> 0x4093
[3238] [M]: 0x80001B48 (0x40930333) sub t1, t1, s1
x6 <- 0x10000000


mem[X,0x80001B4C] -> 0x0313
mem[X,0x80001B4E] -> 0x0103
[3239] [M]: 0x80001B4C (0x01030313) addi t1, t1, 16
x6 <- 0x10000010


mem[X,0x80001B50] -> 0x0497
mem[X,0x80001B52] -> 0x0000
[3240] [M]: 0x80001B50 (0x00000497) auipc s1, 0
x9 <- 0x80001B50


mem[X,0x80001B54] -> 0x84B3
mem[X,0x80001B56] -> 0x0064
[3241] [M]: 0x80001B54 (0x006484B3) add s1, s1, t1
x9 <- 0x90001B60


mem[X,0x80001B58] -> 0x94F3
mem[X,0x80001B5A] -> 0x3414
[3242] [M]: 0x80001B58 (0x341494F3) csrrw s1, mepc, s1
CSR mepc -> 0x90001930
CSR mepc <- 0x90001B60 (input: 0x90001B60)
x9 <- 0x90001930


mem[X,0x80001B5C] -> 0x0073
mem[X,0x80001B5E] -> 0x3020
[3243] [M]: 0x80001B5C (0x30200073) mret
CSR mstatus <- 0x00000080
ret-ing from M to U


mem[R,0x80C02900] -> 0x200000DB
mem[X,0x80001B60] -> 0xE737
mem[X,0x80001B62] -> 0x0000
[3244] [U]: 0x90001B60 (0x0000E737) lui a4, 14
x14 <- 0x0000E000


mem[X,0x80001B64] -> 0x0713
mem[X,0x80001B66] -> 0xEAD7
[3245] [U]: 0x90001B64 (0xEAD70713) addi a4, a4, 3757
x14 <- 0x0000DEAD


mem[X,0x80001B68] -> 0xAE23
mem[X,0x80001B6A] -> 0x0AED
[3246] [U]: 0x90001B68 (0x0AEDAE23) sw a4, 188(s11)
mem[R,0x80C02930] -> 0x20300401
mem[R,0x80C01050] -> 0x203008D7
mem[0x80C025D0] <- 0x0000DEAD


mem[R,0x80C02900] -> 0x200000DB
mem[X,0x80001B6C] -> 0x0013
mem[X,0x80001B6E] -> 0x0000
[3247] [U]: 0x90001B6C (0x00000013) addi zero, zero, 0


mem[X,0x80001B70] -> 0x0013
mem[X,0x80001B72] -> 0x0000
[3248] [U]: 0x90001B70 (0x00000013) addi zero, zero, 0


mem[X,0x80001B74] -> 0x0013
mem[X,0x80001B76] -> 0x0000
[3249] [U]: 0x90001B74 (0x00000013) addi zero, zero, 0


mem[X,0x80001B78] -> 0x0013
mem[X,0x80001B7A] -> 0x0000
[3250] [U]: 0x90001B78 (0x00000013) addi zero, zero, 0


mem[X,0x80001B7C] -> 0x0013
mem[X,0x80001B7E] -> 0x0000
[3251] [U]: 0x90001B7C (0x00000013) addi zero, zero, 0


mem[X,0x80001B80] -> 0x07B7
mem[X,0x80001B82] -> 0x9140
[3252] [U]: 0x90001B80 (0x914007B7) lui a5, 594944
x15 <- 0x91400000


mem[X,0x80001B84] -> 0x0013
mem[X,0x80001B86] -> 0x0000
[3253] [U]: 0x90001B84 (0x00000013) addi zero, zero, 0


mem[X,0x80001B88] -> 0x0013
mem[X,0x80001B8A] -> 0x0000
[3254] [U]: 0x90001B88 (0x00000013) addi zero, zero, 0


mem[X,0x80001B8C] -> 0x0013
mem[X,0x80001B8E] -> 0x0000
[3255] [U]: 0x90001B8C (0x00000013) addi zero, zero, 0


mem[X,0x80001B90] -> 0x0013
mem[X,0x80001B92] -> 0x0000
[3256] [U]: 0x90001B90 (0x00000013) addi zero, zero, 0


mem[X,0x80001B94] -> 0x0013
mem[X,0x80001B96] -> 0x0000
[3257] [U]: 0x90001B94 (0x00000013) addi zero, zero, 0


mem[X,0x80001B98] -> 0x0013
mem[X,0x80001B9A] -> 0x0000
[3258] [U]: 0x90001B98 (0x00000013) addi zero, zero, 0


mem[X,0x80001B9C] -> 0x0013
mem[X,0x80001B9E] -> 0x0000
[3259] [U]: 0x90001B9C (0x00000013) addi zero, zero, 0


mem[X,0x80001BA0] -> 0x0613
mem[X,0x80001BA2] -> 0x0106
[3260] [U]: 0x90001BA0 (0x01060613) addi a2, a2, 16
x12 <- 0x000001C0


mem[X,0x80001BA4] -> 0x0713
mem[X,0x80001BA6] -> 0x0106
[3261] [U]: 0x90001BA4 (0x01060713) addi a4, a2, 16
x14 <- 0x000001D0


mem[X,0x80001BA8] -> 0x0613
mem[X,0x80001BAA] -> 0x0107
[3262] [U]: 0x90001BA8 (0x01070613) addi a2, a4, 16
x12 <- 0x000001E0


mem[X,0x80001BAC] -> 0xAA23
mem[X,0x80001BAE] -> 0x00C7
[3263] [U]: 0x90001BAC (0x00C7AA23) sw a2, 20(a5)
mem[R,0x80C02914] -> 0x20300401
mem[R,0x80C01000] -> 0x203000D3
trapping from U to M to handle store/amo-page-fault
handling exc#0x0F at priv M with tval 0x91400014
CSR mstatus <- 0x00000000


mem[X,0x80001D00] -> 0x006F
mem[X,0x80001D02] -> 0x0800
[3264] [M]: 0x80001D00 (0x0800006F) jal zero, 128


mem[X,0x80001D80] -> 0x1173
mem[X,0x80001D82] -> 0x3401
[3265] [M]: 0x80001D80 (0x34011173) csrrw sp, mscratch, sp
CSR mscratch -> 0x80400000
CSR mscratch <- 0x80400000 (input: 0x80400000)
x2 <- 0x80400000


mem[X,0x80001D84] -> 0x2823
mem[X,0x80001D86] -> 0x1EB1
[3266] [M]: 0x80001D84 (0x1EB12823) sw a1, 496(sp)
mem[0x804001F0] <- 0x000000DF


mem[X,0x80001D88] -> 0x05EF
mem[X,0x80001D8A] -> 0x0B80
[3267] [M]: 0x80001D88 (0x0B8005EF) jal a1, 184
x11 <- 0x80001D8C


mem[X,0x80001E40] -> 0x2623
mem[X,0x80001E42] -> 0x1EA1
[3268] [M]: 0x80001E40 (0x1EA12623) sw a0, 492(sp)
mem[0x804001EC] <- 0x203000DF


mem[X,0x80001E44] -> 0x1573
mem[X,0x80001E46] -> 0x3401
[3269] [M]: 0x80001E44 (0x34011573) csrrw a0, mscratch, sp
CSR mscratch -> 0x80400000
CSR mscratch <- 0x80400000 (input: 0x80400000)
x10 <- 0x80400000


mem[X,0x80001E48] -> 0x2A23
mem[X,0x80001E4A] -> 0x1EA1
[3270] [M]: 0x80001E48 (0x1EA12A23) sw a0, 500(sp)
mem[0x804001F4] <- 0x80400000


mem[X,0x80001E4C] -> 0x2503
mem[X,0x80001E4E] -> 0x1B01
[3271] [M]: 0x80001E4C (0x1B012503) lw a0, 432(sp)
mem[R,0x804001B0] -> 0x80001E54
x10 <- 0x80001E54


mem[X,0x80001E50] -> 0x0067
mem[X,0x80001E52] -> 0x0005
[3272] [M]: 0x80001E50 (0x00050067) jalr zero, a0, 0


mem[X,0x80001E54] -> 0x2423
mem[X,0x80001E56] -> 0x1E91
[3273] [M]: 0x80001E54 (0x1E912423) sw s1, 488(sp)
mem[0x804001E8] <- 0x90001930


mem[X,0x80001E58] -> 0x2223
mem[X,0x80001E5A] -> 0x1E81
[3274] [M]: 0x80001E58 (0x1E812223) sw fp, 484(sp)
mem[0x804001E4] <- 0x00000000


mem[X,0x80001E5C] -> 0x2023
mem[X,0x80001E5E] -> 0x1E71
[3275] [M]: 0x80001E5C (0x1E712023) sw t2, 480(sp)
mem[0x804001E0] <- 0x80001930


mem[X,0x80001E60] -> 0x2E23
mem[X,0x80001E62] -> 0x1C61
[3276] [M]: 0x80001E60 (0x1C612E23) sw t1, 476(sp)
mem[0x804001DC] <- 0x10000010


mem[X,0x80001E64] -> 0x2573
mem[X,0x80001E66] -> 0x3420
[3277] [M]: 0x80001E64 (0x34202573) csrrs a0, mcause, zero
CSR mcause -> 0x0000000F
x10 <- 0x0000000F


mem[X,0x80001E68] -> 0x14B7
mem[X,0x80001E6A] -> 0x8000
[3278] [M]: 0x80001E68 (0x800014B7) lui s1, 524289
x9 <- 0x80001000


mem[X,0x80001E6C] -> 0x8493
mem[X,0x80001E6E] -> 0xFFC4
[3279] [M]: 0x80001E6C (0xFFC48493) addi s1, s1, 4092
x9 <- 0x80000FFC


mem[X,0x80001E70] -> 0xF4B3
mem[X,0x80001E72] -> 0x00A4
[3280] [M]: 0x80001E70 (0x00A4F4B3) and s1, s1, a0
x9 <- 0x0000000C


mem[X,0x80001E74] -> 0x8493
mem[X,0x80001E76] -> 0xFF84
[3281] [M]: 0x80001E74 (0xFF848493) addi s1, s1, 4088
x9 <- 0x00000004


mem[X,0x80001E78] -> 0x9663
mem[X,0x80001E7A] -> 0x0004
[3282] [M]: 0x80001E78 (0x00049663) bne s1, zero, 12


mem[X,0x80001E84] -> 0x0393
mem[X,0x80001E86] -> 0x0100
[3283] [M]: 0x80001E84 (0x01000393) addi t2, zero, 16
x7 <- 0x00000010


mem[X,0x80001E88] -> 0x5E63
mem[X,0x80001E8A] -> 0x0205
[3284] [M]: 0x80001E88 (0x02055E63) bge a0, zero, 60


mem[X,0x80001EC4] -> 0x2373
mem[X,0x80001EC6] -> 0x3010
[3285] [M]: 0x80001EC4 (0x30102373) csrrs t1, misa, zero
CSR misa -> 0x4014112D
x6 <- 0x4014112D


mem[X,0x80001EC8] -> 0x1313
mem[X,0x80001ECA] -> 0x0183
[3286] [M]: 0x80001EC8 (0x01831313) slli t1, t1, 24
x6 <- 0x2D000000


mem[X,0x80001ECC] -> 0x5463
mem[X,0x80001ECE] -> 0x0003
[3287] [M]: 0x80001ECC (0x00035463) bge t1, zero, 8


mem[X,0x80001ED4] -> 0x2303
mem[X,0x80001ED6] -> 0x1981
[3288] [M]: 0x80001ED4 (0x19812303) lw t1, 408(sp)
mem[R,0x80400198] -> 0x80C026B4
x6 <- 0x80C026B4


mem[X,0x80001ED8] -> 0x04B3
mem[X,0x80001EDA] -> 0x0073
[3289] [M]: 0x80001ED8 (0x007304B3) add s1, t1, t2
x9 <- 0x80C026C4


mem[X,0x80001EDC] -> 0x2C23
mem[X,0x80001EDE] -> 0x1891
[3290] [M]: 0x80001EDC (0x18912C23) sw s1, 408(sp)
mem[0x80400198] <- 0x80C026C4


mem[X,0x80001EE0] -> 0x2403
mem[X,0x80001EE2] -> 0x1781
[3291] [M]: 0x80001EE0 (0x17812403) lw fp, 376(sp)
mem[R,0x80400178] -> 0x80C02510
x8 <- 0x80C02510


mem[X,0x80001EE4] -> 0x0333
mem[X,0x80001EE6] -> 0x4083
[3292] [M]: 0x80001EE4 (0x40830333) sub t1, t1, fp
x6 <- 0x000001A4


mem[X,0x80001EE8] -> 0x2403
mem[X,0x80001EEA] -> 0x1781
[3293] [M]: 0x80001EE8 (0x17812403) lw fp, 376(sp)
mem[R,0x80400178] -> 0x80C02510
x8 <- 0x80C02510


mem[X,0x80001EEC] -> 0x0333
mem[X,0x80001EEE] -> 0x0083
[3294] [M]: 0x80001EEC (0x00830333) add t1, t1, fp
x6 <- 0x80C026B4


mem[X,0x80001EF0] -> 0x2403
mem[X,0x80001EF2] -> 0x1C01
[3295] [M]: 0x80001EF0 (0x1C012403) lw fp, 448(sp)
mem[R,0x804001C0] -> 0x80001D00
x8 <- 0x80001D00


mem[X,0x80001EF4] -> 0x85B3
mem[X,0x80001EF6] -> 0x4085
[3296] [M]: 0x80001EF4 (0x408585B3) sub a1, a1, fp
x11 <- 0x0000008C


mem[X,0x80001EF8] -> 0x9593
mem[X,0x80001EFA] -> 0x0045
[3297] [M]: 0x80001EF8 (0x00459593) slli a1, a1, 4
x11 <- 0x000008C0


mem[X,0x80001EFC] -> 0xE5B3
mem[X,0x80001EFE] -> 0x0075
[3298] [M]: 0x80001EFC (0x0075E5B3) or a1, a1, t2
x11 <- 0x000008D0


mem[X,0x80001F00] -> 0x8593
mem[X,0x80001F02] -> 0x0035
[3299] [M]: 0x80001F00 (0x00358593) addi a1, a1, 3
x11 <- 0x000008D3


clint::tick mtime <- 0x0000000000000021
 clint timer pending at mtime 0x0000000000000021
htif::tick 0x0000000000000000
mem[X,0x80001F04] -> 0x2023
mem[X,0x80001F06] -> 0x00B3
[3300] [M]: 0x80001F04 (0x00B32023) sw a1, 0(t1)
mem[0x80C026B4] <- 0x000008D3


mem[X,0x80001F08] -> 0x2223
mem[X,0x80001F0A] -> 0x00A3
[3301] [M]: 0x80001F08 (0x00A32223) sw a0, 4(t1)
mem[0x80C026B8] <- 0x0000000F


mem[X,0x80001F0C] -> 0x4C63
mem[X,0x80001F0E] -> 0x1405
[3302] [M]: 0x80001F0C (0x14054C63) blt a0, zero, 344


mem[X,0x80001F10] -> 0x25F3
mem[X,0x80001F12] -> 0x3000
[3303] [M]: 0x80001F10 (0x300025F3) csrrs a1, mstatus, zero
CSR mstatus -> 0x00000000
x11 <- 0x00000000


mem[X,0x80001F14] -> 0x9413
mem[X,0x80001F16] -> 0x00E5
[3304] [M]: 0x80001F14 (0x00E59413) slli fp, a1, 14
x8 <- 0x00000000


mem[X,0x80001F18] -> 0x5463
mem[X,0x80001F1A] -> 0x0004
[3305] [M]: 0x80001F18 (0x00045463) bge fp, zero, 8


mem[X,0x80001F20] -> 0xD493
mem[X,0x80001F22] -> 0x00B5
[3306] [M]: 0x80001F20 (0x00B5D493) srli s1, a1, 11
x9 <- 0x00000000


mem[X,0x80001F24] -> 0xF493
mem[X,0x80001F26] -> 0x0034
[3307] [M]: 0x80001F24 (0x0034F493) andi s1, s1, 3
x9 <- 0x00000000


mem[X,0x80001F28] -> 0x8493
mem[X,0x80001F2A] -> 0x0014
[3308] [M]: 0x80001F28 (0x00148493) addi s1, s1, 1
x9 <- 0x00000001


mem[X,0x80001F2C] -> 0xF493
mem[X,0x80001F2E] -> 0x0044
[3309] [M]: 0x80001F2C (0x0044F493) andi s1, s1, 4
x9 <- 0x00000000


mem[X,0x80001F30] -> 0x0593
mem[X,0x80001F32] -> 0x05D0
[3310] [M]: 0x80001F30 (0x05D00593) addi a1, zero, 93
x11 <- 0x0000005D


mem[X,0x80001F34] -> 0xD5B3
mem[X,0x80001F36] -> 0x0095
[3311] [M]: 0x80001F34 (0x0095D5B3) srl a1, a1, s1
x11 <- 0x0000005D


mem[X,0x80001F38] -> 0xF593
mem[X,0x80001F3A] -> 0x0015
[3312] [M]: 0x80001F38 (0x0015F593) andi a1, a1, 1
x11 <- 0x00000001


mem[X,0x80001F3C] -> 0x82E3
mem[X,0x80001F3E] -> 0xF605
[3313] [M]: 0x80001F3C (0xF60582E3) beq a1, zero, 8036


mem[X,0x80001F40] -> 0x0593
mem[X,0x80001F42] -> 0x1F80
[3314] [M]: 0x80001F40 (0x1F800593) addi a1, zero, 504
x11 <- 0x000001F8


mem[X,0x80001F44] -> 0xF413
mem[X,0x80001F46] -> 0x0014
[3315] [M]: 0x80001F44 (0x0014F413) andi fp, s1, 1
x8 <- 0x00000000


mem[X,0x80001F48] -> 0x95B3
mem[X,0x80001F4A] -> 0x0085
[3316] [M]: 0x80001F48 (0x008595B3) sll a1, a1, fp
x11 <- 0x000001F8


mem[X,0x80001F4C] -> 0x9413
mem[X,0x80001F4E] -> 0x01D4
[3317] [M]: 0x80001F4C (0x01D49413) slli fp, s1, 29
x8 <- 0x00000000


mem[X,0x80001F50] -> 0x5413
mem[X,0x80001F52] -> 0x41F4
[3318] [M]: 0x80001F50 (0x41F45413) srai fp, fp, 31
x8 <- 0x00000000


mem[X,0x80001F54] -> 0x4413
mem[X,0x80001F56] -> 0xFFF4
[3319] [M]: 0x80001F54 (0xFFF44413) xori fp, fp, 4095
x8 <- 0xFFFFFFFF


mem[X,0x80001F58] -> 0xF4B3
mem[X,0x80001F5A] -> 0x0085
[3320] [M]: 0x80001F58 (0x0085F4B3) and s1, a1, fp
x9 <- 0x000001F8


mem[X,0x80001F5C] -> 0x84B3
mem[X,0x80001F5E] -> 0x0024
[3321] [M]: 0x80001F5C (0x002484B3) add s1, s1, sp
x9 <- 0x804001F8


mem[X,0x80001F60] -> 0x23F3
mem[X,0x80001F62] -> 0x3410
[3322] [M]: 0x80001F60 (0x341023F3) csrrs t2, mepc, zero
CSR mepc -> 0x90001BAC
x7 <- 0x90001BAC


mem[X,0x80001F64] -> 0xA403
mem[X,0x80001F66] -> 0x1884
[3323] [M]: 0x80001F64 (0x1884A403) lw fp, 392(s1)
mem[R,0x80400380] -> 0x940003F0
x8 <- 0x940003F0


mem[X,0x80001F68] -> 0xA583
mem[X,0x80001F6A] -> 0x1904
[3324] [M]: 0x80001F68 (0x1904A583) lw a1, 400(s1)
mem[R,0x80400388] -> 0x00802010
x11 <- 0x00802010


mem[X,0x80001F6C] -> 0x85B3
mem[X,0x80001F6E] -> 0x0085
[3325] [M]: 0x80001F6C (0x008585B3) add a1, a1, fp
x11 <- 0x94802400


mem[X,0x80001F70] -> 0xF463
mem[X,0x80001F72] -> 0x00B3
[3326] [M]: 0x80001F70 (0x00B3F463) bgeu t2, a1, 8


mem[X,0x80001F74] -> 0xF663
mem[X,0x80001F76] -> 0x0283
[3327] [M]: 0x80001F74 (0x0283F663) bgeu t2, fp, 44


mem[X,0x80001F78] -> 0xA403
mem[X,0x80001F7A] -> 0x1584
[3328] [M]: 0x80001F78 (0x1584A403) lw fp, 344(s1)
mem[R,0x80400350] -> 0x9000036C
x8 <- 0x9000036C


mem[X,0x80001F7C] -> 0xA583
mem[X,0x80001F7E] -> 0x1604
[3329] [M]: 0x80001F7C (0x1604A583) lw a1, 352(s1)
mem[R,0x80400358] -> 0x000018D0
x11 <- 0x000018D0


mem[X,0x80001F80] -> 0x85B3
mem[X,0x80001F82] -> 0x0085
[3330] [M]: 0x80001F80 (0x008585B3) add a1, a1, fp
x11 <- 0x90001C3C


mem[X,0x80001F84] -> 0xF463
mem[X,0x80001F86] -> 0x00B3
[3331] [M]: 0x80001F84 (0x00B3F463) bgeu t2, a1, 8


mem[X,0x80001F88] -> 0xFC63
mem[X,0x80001F8A] -> 0x0083
[3332] [M]: 0x80001F88 (0x0083FC63) bgeu t2, fp, 24


mem[X,0x80001FA0] -> 0x8433
mem[X,0x80001FA2] -> 0x4083
[3333] [M]: 0x80001FA0 (0x40838433) sub fp, t2, fp
x8 <- 0x00001840


mem[X,0x80001FA4] -> 0x2423
mem[X,0x80001FA6] -> 0x0083
[3334] [M]: 0x80001FA4 (0x00832423) sw fp, 8(t1)
mem[0x80C026BC] <- 0x00001840


mem[X,0x80001FA8] -> 0xF593
mem[X,0x80001FAA] -> 0xFFC3
[3335] [M]: 0x80001FA8 (0xFFC3F593) andi a1, t2, 4092
x11 <- 0x90001BAC


mem[X,0x80001FAC] -> 0x8593
mem[X,0x80001FAE] -> 0x0085
[3336] [M]: 0x80001FAC (0x00858593) addi a1, a1, 8
x11 <- 0x90001BB4


mem[X,0x80001FB0] -> 0x9073
mem[X,0x80001FB2] -> 0x3415
[3337] [M]: 0x80001FB0 (0x34159073) csrrw zero, mepc, a1
CSR mepc -> 0x90001BAC
CSR mepc <- 0x90001BB4 (input: 0x90001BB4)


mem[X,0x80001FB4] -> 0x23F3
mem[X,0x80001FB6] -> 0x3430
[3338] [M]: 0x80001FB4 (0x343023F3) csrrs t2, mtval, zero
CSR mtval -> 0x91400014
x7 <- 0x91400014


mem[X,0x80001FB8] -> 0x7513
mem[X,0x80001FBA] -> 0x00F5
[3339] [M]: 0x80001FB8 (0x00F57513) andi a0, a0, 15
x10 <- 0x0000000F


mem[X,0x80001FBC] -> 0xB437
mem[X,0x80001FBE] -> 0x0000
[3340] [M]: 0x80001FBC (0x0000B437) lui fp, 11
x8 <- 0x0000B000


mem[X,0x80001FC0] -> 0x0413
mem[X,0x80001FC2] -> 0x0FB4
[3341] [M]: 0x80001FC0 (0x0FB40413) addi fp, fp, 251
x8 <- 0x0000B0FB


mem[X,0x80001FC4] -> 0x5433
mem[X,0x80001FC6] -> 0x00A4
[3342] [M]: 0x80001FC4 (0x00A45433) srl fp, fp, a0
x8 <- 0x00000001


mem[X,0x80001FC8] -> 0x1413
mem[X,0x80001FCA] -> 0x01F4
[3343] [M]: 0x80001FC8 (0x01F41413) slli fp, fp, 31
x8 <- 0x80000000


mem[X,0x80001FCC] -> 0x5C63
mem[X,0x80001FCE] -> 0x0404
[3344] [M]: 0x80001FCC (0x04045C63) bge fp, zero, 88


mem[X,0x80001FD0] -> 0xA403
mem[X,0x80001FD2] -> 0x1884
[3345] [M]: 0x80001FD0 (0x1884A403) lw fp, 392(s1)
mem[R,0x80400380] -> 0x940003F0
x8 <- 0x940003F0


mem[X,0x80001FD4] -> 0xA583
mem[X,0x80001FD6] -> 0x1904
[3346] [M]: 0x80001FD4 (0x1904A583) lw a1, 400(s1)
mem[R,0x80400388] -> 0x00802010
x11 <- 0x00802010


mem[X,0x80001FD8] -> 0x85B3
mem[X,0x80001FDA] -> 0x0085
[3347] [M]: 0x80001FD8 (0x008585B3) add a1, a1, fp
x11 <- 0x94802400


mem[X,0x80001FDC] -> 0xF463
mem[X,0x80001FDE] -> 0x00B3
[3348] [M]: 0x80001FDC (0x00B3F463) bgeu t2, a1, 8


mem[X,0x80001FE0] -> 0xF063
mem[X,0x80001FE2] -> 0x0483
[3349] [M]: 0x80001FE0 (0x0483F063) bgeu t2, fp, 64


mem[X,0x80001FE4] -> 0xA403
mem[X,0x80001FE6] -> 0x1784
[3350] [M]: 0x80001FE4 (0x1784A403) lw fp, 376(s1)
mem[R,0x80400370] -> 0x93014510
x8 <- 0x93014510


mem[X,0x80001FE8] -> 0xA583
mem[X,0x80001FEA] -> 0x1804
[3351] [M]: 0x80001FE8 (0x1804A583) lw a1, 384(s1)
mem[R,0x80400378] -> 0x00000208
x11 <- 0x00000208


mem[X,0x80001FEC] -> 0x85B3
mem[X,0x80001FEE] -> 0x0085
[3352] [M]: 0x80001FEC (0x008585B3) add a1, a1, fp
x11 <- 0x93014718


mem[X,0x80001FF0] -> 0xF463
mem[X,0x80001FF2] -> 0x00B3
[3353] [M]: 0x80001FF0 (0x00B3F463) bgeu t2, a1, 8


mem[X,0x80001FF4] -> 0xF663
mem[X,0x80001FF6] -> 0x0283
[3354] [M]: 0x80001FF4 (0x0283F663) bgeu t2, fp, 44


mem[X,0x80001FF8] -> 0xA403
mem[X,0x80001FFA] -> 0x1584
[3355] [M]: 0x80001FF8 (0x1584A403) lw fp, 344(s1)
mem[R,0x80400350] -> 0x9000036C
x8 <- 0x9000036C


mem[X,0x80001FFC] -> 0xA583
mem[X,0x80001FFE] -> 0x1604
[3356] [M]: 0x80001FFC (0x1604A583) lw a1, 352(s1)
mem[R,0x80400358] -> 0x000018D0
x11 <- 0x000018D0


mem[X,0x80002000] -> 0x85B3
mem[X,0x80002002] -> 0x0085
[3357] [M]: 0x80002000 (0x008585B3) add a1, a1, fp
x11 <- 0x90001C3C


mem[X,0x80002004] -> 0xF463
mem[X,0x80002006] -> 0x00B3
[3358] [M]: 0x80002004 (0x00B3F463) bgeu t2, a1, 8


mem[X,0x8000200C] -> 0xA403
mem[X,0x8000200E] -> 0x1684
[3359] [M]: 0x8000200C (0x1684A403) lw fp, 360(s1)
mem[R,0x80400360] -> 0x910003FC
x8 <- 0x910003FC


mem[X,0x80002010] -> 0xA583
mem[X,0x80002012] -> 0x1704
[3360] [M]: 0x80002010 (0x1704A583) lw a1, 368(s1)
mem[R,0x80400368] -> 0x00802010
x11 <- 0x00802010


mem[X,0x80002014] -> 0x85B3
mem[X,0x80002016] -> 0x0085
[3361] [M]: 0x80002014 (0x008585B3) add a1, a1, fp
x11 <- 0x9180240C


mem[X,0x80002018] -> 0xF6E3
mem[X,0x8000201A] -> 0xC2B3
[3362] [M]: 0x80002018 (0xC2B3F6E3) bgeu t2, a1, 7212


mem[X,0x8000201C] -> 0xE4E3
mem[X,0x8000201E] -> 0xC283
[3363] [M]: 0x8000201C (0xC283E4E3) bltu t2, fp, 7208


mem[X,0x80002020] -> 0x8433
mem[X,0x80002022] -> 0x4083
[3364] [M]: 0x80002020 (0x40838433) sub fp, t2, fp
x8 <- 0x003FFC18


mem[X,0x80002024] -> 0x2623
mem[X,0x80002026] -> 0x0083
[3365] [M]: 0x80002024 (0x00832623) sw fp, 12(t1)
mem[0x80C026C0] <- 0x003FFC18


mem[X,0x80002028] -> 0x2483
mem[X,0x8000202A] -> 0x1981
[3366] [M]: 0x80002028 (0x19812483) lw s1, 408(sp)
mem[R,0x80400198] -> 0x80C026C4
x9 <- 0x80C026C4


mem[X,0x8000202C] -> 0x2383
mem[X,0x8000202E] -> 0x1781
[3367] [M]: 0x8000202C (0x17812383) lw t2, 376(sp)
mem[R,0x80400178] -> 0x80C02510
x7 <- 0x80C02510


mem[X,0x80002030] -> 0x2303
mem[X,0x80002032] -> 0x1801
[3368] [M]: 0x80002030 (0x18012303) lw t1, 384(sp)
mem[R,0x80400180] -> 0x00000208
x6 <- 0x00000208


mem[X,0x80002034] -> 0x0333
mem[X,0x80002036] -> 0x0073
[3369] [M]: 0x80002034 (0x00730333) add t1, t1, t2
x6 <- 0x80C02718


mem[X,0x80002038] -> 0x66E3
mem[X,0x8000203A] -> 0xC093
[3370] [M]: 0x80002038 (0xC09366E3) bltu t1, s1, 7180


mem[X,0x8000203C] -> 0x0393
mem[X,0x8000203E] -> 0x1000
[3371] [M]: 0x8000203C (0x10000393) addi t2, zero, 256
x7 <- 0x00000100


mem[X,0x80002040] -> 0x006F
mem[X,0x80002042] -> 0x0400
[3372] [M]: 0x80002040 (0x0400006F) jal zero, 64


mem[X,0x80002080] -> 0x0417
mem[X,0x80002082] -> 0x0000
[3373] [M]: 0x80002080 (0x00000417) auipc fp, 0
x8 <- 0x80002080


mem[X,0x80002084] -> 0x0413
mem[X,0x80002086] -> 0x03C4
[3374] [M]: 0x80002084 (0x03C40413) addi fp, fp, 60
x8 <- 0x800020BC


mem[X,0x80002088] -> 0x0433
mem[X,0x8000208A] -> 0x0074
[3375] [M]: 0x80002088 (0x00740433) add fp, fp, t2
x8 <- 0x800021BC


mem[X,0x8000208C] -> 0x1393
mem[X,0x8000208E] -> 0x0035
[3376] [M]: 0x8000208C (0x00351393) slli t2, a0, 3
x7 <- 0x00000078


mem[X,0x80002090] -> 0x0433
mem[X,0x80002092] -> 0x0074
[3377] [M]: 0x80002090 (0x00740433) add fp, fp, t2
x8 <- 0x80002234


mem[X,0x80002094] -> 0x7413
mem[X,0x80002096] -> 0xFF84
[3378] [M]: 0x80002094 (0xFF847413) andi fp, fp, 4088
x8 <- 0x80002230


mem[X,0x80002098] -> 0x2403
mem[X,0x8000209A] -> 0x0004
[3379] [M]: 0x80002098 (0x00042403) lw fp, 0(fp)
mem[R,0x80002230] -> 0x0000001F
x8 <- 0x0000001F


mem[X,0x8000209C] -> 0x0EE3
mem[X,0x8000209E] -> 0xC204
[3380] [M]: 0x8000209C (0xC2040EE3) beq fp, zero, 7228


mem[X,0x800020A0] -> 0x1393
mem[X,0x800020A2] -> 0x01F4
[3381] [M]: 0x800020A0 (0x01F41393) slli t2, fp, 31
x7 <- 0x80000000


mem[X,0x800020A4] -> 0xD863
mem[X,0x800020A6] -> 0x0003
[3382] [M]: 0x800020A4 (0x0003D863) bge t2, zero, 16


mem[X,0x800020A8] -> 0x5413
mem[X,0x800020AA] -> 0x0014
[3383] [M]: 0x800020A8 (0x00145413) srli fp, fp, 1
x8 <- 0x0000000F


mem[X,0x800020AC] -> 0x0CE3
mem[X,0x800020AE] -> 0xF885
[3384] [M]: 0x800020AC (0xF8850CE3) beq a0, fp, 8088


mem[X,0x80002044] -> 0x2303
mem[X,0x80002046] -> 0x1DC1
[3385] [M]: 0x80002044 (0x1DC12303) lw t1, 476(sp)
mem[R,0x804001DC] -> 0x10000010
x6 <- 0x10000010


mem[X,0x80002048] -> 0x2383
mem[X,0x8000204A] -> 0x1E01
[3386] [M]: 0x80002048 (0x1E012383) lw t2, 480(sp)
mem[R,0x804001E0] -> 0x80001930
x7 <- 0x80001930


mem[X,0x8000204C] -> 0x2403
mem[X,0x8000204E] -> 0x1E41
[3387] [M]: 0x8000204C (0x1E412403) lw fp, 484(sp)
mem[R,0x804001E4] -> 0x00000000
x8 <- 0x00000000


mem[X,0x80002050] -> 0x2483
mem[X,0x80002052] -> 0x1E81
[3388] [M]: 0x80002050 (0x1E812483) lw s1, 488(sp)
mem[R,0x804001E8] -> 0x90001930
x9 <- 0x90001930


mem[X,0x80002054] -> 0x2503
mem[X,0x80002056] -> 0x1EC1
[3389] [M]: 0x80002054 (0x1EC12503) lw a0, 492(sp)
mem[R,0x804001EC] -> 0x203000DF
x10 <- 0x203000DF


mem[X,0x80002058] -> 0x2583
mem[X,0x8000205A] -> 0x1F01
[3390] [M]: 0x80002058 (0x1F012583) lw a1, 496(sp)
mem[R,0x804001F0] -> 0x000000DF
x11 <- 0x000000DF


mem[X,0x8000205C] -> 0x2103
mem[X,0x8000205E] -> 0x1F41
[3391] [M]: 0x8000205C (0x1F412103) lw sp, 500(sp)
mem[R,0x804001F4] -> 0x80400000
x2 <- 0x80400000


mem[X,0x80002060] -> 0x0073
mem[X,0x80002062] -> 0x3020
[3392] [M]: 0x80002060 (0x30200073) mret
CSR mstatus <- 0x00000080
ret-ing from M to U


mem[X,0x80001BB4] -> 0x0013
mem[X,0x80001BB6] -> 0x0000
[3393] [U]: 0x90001BB4 (0x00000013) addi zero, zero, 0


mem[X,0x80001BB8] -> 0xA703
mem[X,0x80001BBA] -> 0x0147
[3394] [U]: 0x90001BB8 (0x0147A703) lw a4, 20(a5)
mem[R,0x80C02914] -> 0x20300401
mem[R,0x80C01000] -> 0x203000D3
mem[R,0x80C00014] -> 0x000001B0
x14 <- 0x000001B0


mem[R,0x80C02900] -> 0x200000DB
mem[X,0x80001BBC] -> 0x0013
mem[X,0x80001BBE] -> 0x0000
[3395] [U]: 0x90001BBC (0x00000013) addi zero, zero, 0


mem[X,0x80001BC0] -> 0x0013
mem[X,0x80001BC2] -> 0x0000
[3396] [U]: 0x90001BC0 (0x00000013) addi zero, zero, 0


mem[X,0x80001BC4] -> 0xA023
mem[X,0x80001BC6] -> 0x0CED
[3397] [U]: 0x90001BC4 (0x0CEDA023) sw a4, 192(s11)
mem[R,0x80C02930] -> 0x20300401
mem[R,0x80C01050] -> 0x203008D7
mem[0x80C025D4] <- 0x000001B0


mem[R,0x80C02900] -> 0x200000DB
mem[X,0x80001BC8] -> 0x0313
mem[X,0x80001BCA] -> 0x0000
[3398] [U]: 0x90001BC8 (0x00000313) addi t1, zero, 0
x6 <- 0x00000000


mem[X,0x80001BCC] -> 0x0463
mem[X,0x80001BCE] -> 0x0203
[3399] [U]: 0x90001BCC (0x02030463) beq t1, zero, 40


clint::tick mtime <- 0x0000000000000022
 clint timer pending at mtime 0x0000000000000022
htif::tick 0x0000000000000000
mem[X,0x80001BF4] -> 0x12B7
mem[X,0x80001BF6] -> 0x0000
[3400] [U]: 0x90001BF4 (0x000012B7) lui t0, 1
x5 <- 0x00001000


mem[X,0x80001BF8] -> 0x8293
mem[X,0x80001BFA] -> 0xFFC2
[3401] [U]: 0x90001BF8 (0xFFC28293) addi t0, t0, 4092
x5 <- 0x00000FFC


mem[X,0x80001BFC] -> 0xD793
mem[X,0x80001BFE] -> 0x00C7
[3402] [U]: 0x90001BFC (0x00C7D793) srli a5, a5, 12
x15 <- 0x00091400


mem[X,0x80001C00] -> 0x9793
mem[X,0x80001C02] -> 0x00C7
[3403] [U]: 0x90001C00 (0x00C79793) slli a5, a5, 12
x15 <- 0x91400000


mem[X,0x80001C04] -> 0x82B3
mem[X,0x80001C06] -> 0x0057
[3404] [U]: 0x90001C04 (0x005782B3) add t0, a5, t0
x5 <- 0x91400FFC


mem[X,0x80001C08] -> 0x80E7
mem[X,0x80001C0A] -> 0x0002
[3405] [U]: 0x90001C08 (0x000280E7) jalr ra, t0, 0
x1 <- 0x90001C0C


mem[R,0x80C02914] -> 0x20300401
mem[R,0x80C01000] -> 0x203000D3
trapping from U to M to handle fetch-page-fault
handling exc#0x0C at priv M with tval 0x91400FFC
CSR mstatus <- 0x00000000


mem[X,0x80001D00] -> 0x006F
mem[X,0x80001D02] -> 0x0800
[3406] [M]: 0x80001D00 (0x0800006F) jal zero, 128


mem[X,0x80001D80] -> 0x1173
mem[X,0x80001D82] -> 0x3401
[3407] [M]: 0x80001D80 (0x34011173) csrrw sp, mscratch, sp
CSR mscratch -> 0x80400000
CSR mscratch <- 0x80400000 (input: 0x80400000)
x2 <- 0x80400000


mem[X,0x80001D84] -> 0x2823
mem[X,0x80001D86] -> 0x1EB1
[3408] [M]: 0x80001D84 (0x1EB12823) sw a1, 496(sp)
mem[0x804001F0] <- 0x000000DF


mem[X,0x80001D88] -> 0x05EF
mem[X,0x80001D8A] -> 0x0B80
[3409] [M]: 0x80001D88 (0x0B8005EF) jal a1, 184
x11 <- 0x80001D8C


mem[X,0x80001E40] -> 0x2623
mem[X,0x80001E42] -> 0x1EA1
[3410] [M]: 0x80001E40 (0x1EA12623) sw a0, 492(sp)
mem[0x804001EC] <- 0x203000DF


mem[X,0x80001E44] -> 0x1573
mem[X,0x80001E46] -> 0x3401
[3411] [M]: 0x80001E44 (0x34011573) csrrw a0, mscratch, sp
CSR mscratch -> 0x80400000
CSR mscratch <- 0x80400000 (input: 0x80400000)
x10 <- 0x80400000


mem[X,0x80001E48] -> 0x2A23
mem[X,0x80001E4A] -> 0x1EA1
[3412] [M]: 0x80001E48 (0x1EA12A23) sw a0, 500(sp)
mem[0x804001F4] <- 0x80400000


mem[X,0x80001E4C] -> 0x2503
mem[X,0x80001E4E] -> 0x1B01
[3413] [M]: 0x80001E4C (0x1B012503) lw a0, 432(sp)
mem[R,0x804001B0] -> 0x80001E54
x10 <- 0x80001E54


mem[X,0x80001E50] -> 0x0067
mem[X,0x80001E52] -> 0x0005
[3414] [M]: 0x80001E50 (0x00050067) jalr zero, a0, 0


mem[X,0x80001E54] -> 0x2423
mem[X,0x80001E56] -> 0x1E91
[3415] [M]: 0x80001E54 (0x1E912423) sw s1, 488(sp)
mem[0x804001E8] <- 0x90001930


mem[X,0x80001E58] -> 0x2223
mem[X,0x80001E5A] -> 0x1E81
[3416] [M]: 0x80001E58 (0x1E812223) sw fp, 484(sp)
mem[0x804001E4] <- 0x00000000


mem[X,0x80001E5C] -> 0x2023
mem[X,0x80001E5E] -> 0x1E71
[3417] [M]: 0x80001E5C (0x1E712023) sw t2, 480(sp)
mem[0x804001E0] <- 0x80001930


mem[X,0x80001E60] -> 0x2E23
mem[X,0x80001E62] -> 0x1C61
[3418] [M]: 0x80001E60 (0x1C612E23) sw t1, 476(sp)
mem[0x804001DC] <- 0x00000000


mem[X,0x80001E64] -> 0x2573
mem[X,0x80001E66] -> 0x3420
[3419] [M]: 0x80001E64 (0x34202573) csrrs a0, mcause, zero
CSR mcause -> 0x0000000C
x10 <- 0x0000000C


mem[X,0x80001E68] -> 0x14B7
mem[X,0x80001E6A] -> 0x8000
[3420] [M]: 0x80001E68 (0x800014B7) lui s1, 524289
x9 <- 0x80001000


mem[X,0x80001E6C] -> 0x8493
mem[X,0x80001E6E] -> 0xFFC4
[3421] [M]: 0x80001E6C (0xFFC48493) addi s1, s1, 4092
x9 <- 0x80000FFC


mem[X,0x80001E70] -> 0xF4B3
mem[X,0x80001E72] -> 0x00A4
[3422] [M]: 0x80001E70 (0x00A4F4B3) and s1, s1, a0
x9 <- 0x0000000C


mem[X,0x80001E74] -> 0x8493
mem[X,0x80001E76] -> 0xFF84
[3423] [M]: 0x80001E74 (0xFF848493) addi s1, s1, 4088
x9 <- 0x00000004


mem[X,0x80001E78] -> 0x9663
mem[X,0x80001E7A] -> 0x0004
[3424] [M]: 0x80001E78 (0x00049663) bne s1, zero, 12


mem[X,0x80001E84] -> 0x0393
mem[X,0x80001E86] -> 0x0100
[3425] [M]: 0x80001E84 (0x01000393) addi t2, zero, 16
x7 <- 0x00000010


mem[X,0x80001E88] -> 0x5E63
mem[X,0x80001E8A] -> 0x0205
[3426] [M]: 0x80001E88 (0x02055E63) bge a0, zero, 60


mem[X,0x80001EC4] -> 0x2373
mem[X,0x80001EC6] -> 0x3010
[3427] [M]: 0x80001EC4 (0x30102373) csrrs t1, misa, zero
CSR misa -> 0x4014112D
x6 <- 0x4014112D


mem[X,0x80001EC8] -> 0x1313
mem[X,0x80001ECA] -> 0x0183
[3428] [M]: 0x80001EC8 (0x01831313) slli t1, t1, 24
x6 <- 0x2D000000


mem[X,0x80001ECC] -> 0x5463
mem[X,0x80001ECE] -> 0x0003
[3429] [M]: 0x80001ECC (0x00035463) bge t1, zero, 8


mem[X,0x80001ED4] -> 0x2303
mem[X,0x80001ED6] -> 0x1981
[3430] [M]: 0x80001ED4 (0x19812303) lw t1, 408(sp)
mem[R,0x80400198] -> 0x80C026C4
x6 <- 0x80C026C4


mem[X,0x80001ED8] -> 0x04B3
mem[X,0x80001EDA] -> 0x0073
[3431] [M]: 0x80001ED8 (0x007304B3) add s1, t1, t2
x9 <- 0x80C026D4


mem[X,0x80001EDC] -> 0x2C23
mem[X,0x80001EDE] -> 0x1891
[3432] [M]: 0x80001EDC (0x18912C23) sw s1, 408(sp)
mem[0x80400198] <- 0x80C026D4


mem[X,0x80001EE0] -> 0x2403
mem[X,0x80001EE2] -> 0x1781
[3433] [M]: 0x80001EE0 (0x17812403) lw fp, 376(sp)
mem[R,0x80400178] -> 0x80C02510
x8 <- 0x80C02510


mem[X,0x80001EE4] -> 0x0333
mem[X,0x80001EE6] -> 0x4083
[3434] [M]: 0x80001EE4 (0x40830333) sub t1, t1, fp
x6 <- 0x000001B4


mem[X,0x80001EE8] -> 0x2403
mem[X,0x80001EEA] -> 0x1781
[3435] [M]: 0x80001EE8 (0x17812403) lw fp, 376(sp)
mem[R,0x80400178] -> 0x80C02510
x8 <- 0x80C02510


mem[X,0x80001EEC] -> 0x0333
mem[X,0x80001EEE] -> 0x0083
[3436] [M]: 0x80001EEC (0x00830333) add t1, t1, fp
x6 <- 0x80C026C4


mem[X,0x80001EF0] -> 0x2403
mem[X,0x80001EF2] -> 0x1C01
[3437] [M]: 0x80001EF0 (0x1C012403) lw fp, 448(sp)
mem[R,0x804001C0] -> 0x80001D00
x8 <- 0x80001D00


mem[X,0x80001EF4] -> 0x85B3
mem[X,0x80001EF6] -> 0x4085
[3438] [M]: 0x80001EF4 (0x408585B3) sub a1, a1, fp
x11 <- 0x0000008C


mem[X,0x80001EF8] -> 0x9593
mem[X,0x80001EFA] -> 0x0045
[3439] [M]: 0x80001EF8 (0x00459593) slli a1, a1, 4
x11 <- 0x000008C0


mem[X,0x80001EFC] -> 0xE5B3
mem[X,0x80001EFE] -> 0x0075
[3440] [M]: 0x80001EFC (0x0075E5B3) or a1, a1, t2
x11 <- 0x000008D0


mem[X,0x80001F00] -> 0x8593
mem[X,0x80001F02] -> 0x0035
[3441] [M]: 0x80001F00 (0x00358593) addi a1, a1, 3
x11 <- 0x000008D3


mem[X,0x80001F04] -> 0x2023
mem[X,0x80001F06] -> 0x00B3
[3442] [M]: 0x80001F04 (0x00B32023) sw a1, 0(t1)
mem[0x80C026C4] <- 0x000008D3


mem[X,0x80001F08] -> 0x2223
mem[X,0x80001F0A] -> 0x00A3
[3443] [M]: 0x80001F08 (0x00A32223) sw a0, 4(t1)
mem[0x80C026C8] <- 0x0000000C


mem[X,0x80001F0C] -> 0x4C63
mem[X,0x80001F0E] -> 0x1405
[3444] [M]: 0x80001F0C (0x14054C63) blt a0, zero, 344


mem[X,0x80001F10] -> 0x25F3
mem[X,0x80001F12] -> 0x3000
[3445] [M]: 0x80001F10 (0x300025F3) csrrs a1, mstatus, zero
CSR mstatus -> 0x00000000
x11 <- 0x00000000


mem[X,0x80001F14] -> 0x9413
mem[X,0x80001F16] -> 0x00E5
[3446] [M]: 0x80001F14 (0x00E59413) slli fp, a1, 14
x8 <- 0x00000000


mem[X,0x80001F18] -> 0x5463
mem[X,0x80001F1A] -> 0x0004
[3447] [M]: 0x80001F18 (0x00045463) bge fp, zero, 8


mem[X,0x80001F20] -> 0xD493
mem[X,0x80001F22] -> 0x00B5
[3448] [M]: 0x80001F20 (0x00B5D493) srli s1, a1, 11
x9 <- 0x00000000


mem[X,0x80001F24] -> 0xF493
mem[X,0x80001F26] -> 0x0034
[3449] [M]: 0x80001F24 (0x0034F493) andi s1, s1, 3
x9 <- 0x00000000


mem[X,0x80001F28] -> 0x8493
mem[X,0x80001F2A] -> 0x0014
[3450] [M]: 0x80001F28 (0x00148493) addi s1, s1, 1
x9 <- 0x00000001


mem[X,0x80001F2C] -> 0xF493
mem[X,0x80001F2E] -> 0x0044
[3451] [M]: 0x80001F2C (0x0044F493) andi s1, s1, 4
x9 <- 0x00000000


mem[X,0x80001F30] -> 0x0593
mem[X,0x80001F32] -> 0x05D0
[3452] [M]: 0x80001F30 (0x05D00593) addi a1, zero, 93
x11 <- 0x0000005D


mem[X,0x80001F34] -> 0xD5B3
mem[X,0x80001F36] -> 0x0095
[3453] [M]: 0x80001F34 (0x0095D5B3) srl a1, a1, s1
x11 <- 0x0000005D


mem[X,0x80001F38] -> 0xF593
mem[X,0x80001F3A] -> 0x0015
[3454] [M]: 0x80001F38 (0x0015F593) andi a1, a1, 1
x11 <- 0x00000001


mem[X,0x80001F3C] -> 0x82E3
mem[X,0x80001F3E] -> 0xF605
[3455] [M]: 0x80001F3C (0xF60582E3) beq a1, zero, 8036


mem[X,0x80001F40] -> 0x0593
mem[X,0x80001F42] -> 0x1F80
[3456] [M]: 0x80001F40 (0x1F800593) addi a1, zero, 504
x11 <- 0x000001F8


mem[X,0x80001F44] -> 0xF413
mem[X,0x80001F46] -> 0x0014
[3457] [M]: 0x80001F44 (0x0014F413) andi fp, s1, 1
x8 <- 0x00000000


mem[X,0x80001F48] -> 0x95B3
mem[X,0x80001F4A] -> 0x0085
[3458] [M]: 0x80001F48 (0x008595B3) sll a1, a1, fp
x11 <- 0x000001F8


mem[X,0x80001F4C] -> 0x9413
mem[X,0x80001F4E] -> 0x01D4
[3459] [M]: 0x80001F4C (0x01D49413) slli fp, s1, 29
x8 <- 0x00000000


mem[X,0x80001F50] -> 0x5413
mem[X,0x80001F52] -> 0x41F4
[3460] [M]: 0x80001F50 (0x41F45413) srai fp, fp, 31
x8 <- 0x00000000


mem[X,0x80001F54] -> 0x4413
mem[X,0x80001F56] -> 0xFFF4
[3461] [M]: 0x80001F54 (0xFFF44413) xori fp, fp, 4095
x8 <- 0xFFFFFFFF


mem[X,0x80001F58] -> 0xF4B3
mem[X,0x80001F5A] -> 0x0085
[3462] [M]: 0x80001F58 (0x0085F4B3) and s1, a1, fp
x9 <- 0x000001F8


mem[X,0x80001F5C] -> 0x84B3
mem[X,0x80001F5E] -> 0x0024
[3463] [M]: 0x80001F5C (0x002484B3) add s1, s1, sp
x9 <- 0x804001F8


mem[X,0x80001F60] -> 0x23F3
mem[X,0x80001F62] -> 0x3410
[3464] [M]: 0x80001F60 (0x341023F3) csrrs t2, mepc, zero
CSR mepc -> 0x91400FFC
x7 <- 0x91400FFC


mem[X,0x80001F64] -> 0xA403
mem[X,0x80001F66] -> 0x1884
[3465] [M]: 0x80001F64 (0x1884A403) lw fp, 392(s1)
mem[R,0x80400380] -> 0x940003F0
x8 <- 0x940003F0


mem[X,0x80001F68] -> 0xA583
mem[X,0x80001F6A] -> 0x1904
[3466] [M]: 0x80001F68 (0x1904A583) lw a1, 400(s1)
mem[R,0x80400388] -> 0x00802010
x11 <- 0x00802010


mem[X,0x80001F6C] -> 0x85B3
mem[X,0x80001F6E] -> 0x0085
[3467] [M]: 0x80001F6C (0x008585B3) add a1, a1, fp
x11 <- 0x94802400


mem[X,0x80001F70] -> 0xF463
mem[X,0x80001F72] -> 0x00B3
[3468] [M]: 0x80001F70 (0x00B3F463) bgeu t2, a1, 8


mem[X,0x80001F74] -> 0xF663
mem[X,0x80001F76] -> 0x0283
[3469] [M]: 0x80001F74 (0x0283F663) bgeu t2, fp, 44


mem[X,0x80001F78] -> 0xA403
mem[X,0x80001F7A] -> 0x1584
[3470] [M]: 0x80001F78 (0x1584A403) lw fp, 344(s1)
mem[R,0x80400350] -> 0x9000036C
x8 <- 0x9000036C


mem[X,0x80001F7C] -> 0xA583
mem[X,0x80001F7E] -> 0x1604
[3471] [M]: 0x80001F7C (0x1604A583) lw a1, 352(s1)
mem[R,0x80400358] -> 0x000018D0
x11 <- 0x000018D0


mem[X,0x80001F80] -> 0x85B3
mem[X,0x80001F82] -> 0x0085
[3472] [M]: 0x80001F80 (0x008585B3) add a1, a1, fp
x11 <- 0x90001C3C


mem[X,0x80001F84] -> 0xF463
mem[X,0x80001F86] -> 0x00B3
[3473] [M]: 0x80001F84 (0x00B3F463) bgeu t2, a1, 8


mem[X,0x80001F8C] -> 0xA403
mem[X,0x80001F8E] -> 0x1684
[3474] [M]: 0x80001F8C (0x1684A403) lw fp, 360(s1)
mem[R,0x80400360] -> 0x910003FC
x8 <- 0x910003FC


mem[X,0x80001F90] -> 0xA583
mem[X,0x80001F92] -> 0x1704
[3475] [M]: 0x80001F90 (0x1704A583) lw a1, 368(s1)
mem[R,0x80400368] -> 0x00802010
x11 <- 0x00802010


mem[X,0x80001F94] -> 0x85B3
mem[X,0x80001F96] -> 0x0085
[3476] [M]: 0x80001F94 (0x008585B3) add a1, a1, fp
x11 <- 0x9180240C


mem[X,0x80001F98] -> 0xF6E3
mem[X,0x80001F9A] -> 0xCAB3
[3477] [M]: 0x80001F98 (0xCAB3F6E3) bgeu t2, a1, 7340


mem[X,0x80001F9C] -> 0xE4E3
mem[X,0x80001F9E] -> 0xCA83
[3478] [M]: 0x80001F9C (0xCA83E4E3) bltu t2, fp, 7336


mem[X,0x80001FA0] -> 0x8433
mem[X,0x80001FA2] -> 0x4083
[3479] [M]: 0x80001FA0 (0x40838433) sub fp, t2, fp
x8 <- 0x00400C00


mem[X,0x80001FA4] -> 0x2423
mem[X,0x80001FA6] -> 0x0083
[3480] [M]: 0x80001FA4 (0x00832423) sw fp, 8(t1)
mem[0x80C026CC] <- 0x00400C00


mem[X,0x80001FA8] -> 0xF593
mem[X,0x80001FAA] -> 0xFFC3
[3481] [M]: 0x80001FA8 (0xFFC3F593) andi a1, t2, 4092
x11 <- 0x91400FFC


mem[X,0x80001FAC] -> 0x8593
mem[X,0x80001FAE] -> 0x0085
[3482] [M]: 0x80001FAC (0x00858593) addi a1, a1, 8
x11 <- 0x91401004


mem[X,0x80001FB0] -> 0x9073
mem[X,0x80001FB2] -> 0x3415
[3483] [M]: 0x80001FB0 (0x34159073) csrrw zero, mepc, a1
CSR mepc -> 0x91400FFC
CSR mepc <- 0x91401004 (input: 0x91401004)


mem[X,0x80001FB4] -> 0x23F3
mem[X,0x80001FB6] -> 0x3430
[3484] [M]: 0x80001FB4 (0x343023F3) csrrs t2, mtval, zero
CSR mtval -> 0x91400FFC
x7 <- 0x91400FFC


mem[X,0x80001FB8] -> 0x7513
mem[X,0x80001FBA] -> 0x00F5
[3485] [M]: 0x80001FB8 (0x00F57513) andi a0, a0, 15
x10 <- 0x0000000C


mem[X,0x80001FBC] -> 0xB437
mem[X,0x80001FBE] -> 0x0000
[3486] [M]: 0x80001FBC (0x0000B437) lui fp, 11
x8 <- 0x0000B000


mem[X,0x80001FC0] -> 0x0413
mem[X,0x80001FC2] -> 0x0FB4
[3487] [M]: 0x80001FC0 (0x0FB40413) addi fp, fp, 251
x8 <- 0x0000B0FB


mem[X,0x80001FC4] -> 0x5433
mem[X,0x80001FC6] -> 0x00A4
[3488] [M]: 0x80001FC4 (0x00A45433) srl fp, fp, a0
x8 <- 0x0000000B


mem[X,0x80001FC8] -> 0x1413
mem[X,0x80001FCA] -> 0x01F4
[3489] [M]: 0x80001FC8 (0x01F41413) slli fp, fp, 31
x8 <- 0x80000000


mem[X,0x80001FCC] -> 0x5C63
mem[X,0x80001FCE] -> 0x0404
[3490] [M]: 0x80001FCC (0x04045C63) bge fp, zero, 88


mem[X,0x80001FD0] -> 0xA403
mem[X,0x80001FD2] -> 0x1884
[3491] [M]: 0x80001FD0 (0x1884A403) lw fp, 392(s1)
mem[R,0x80400380] -> 0x940003F0
x8 <- 0x940003F0


mem[X,0x80001FD4] -> 0xA583
mem[X,0x80001FD6] -> 0x1904
[3492] [M]: 0x80001FD4 (0x1904A583) lw a1, 400(s1)
mem[R,0x80400388] -> 0x00802010
x11 <- 0x00802010


mem[X,0x80001FD8] -> 0x85B3
mem[X,0x80001FDA] -> 0x0085
[3493] [M]: 0x80001FD8 (0x008585B3) add a1, a1, fp
x11 <- 0x94802400


mem[X,0x80001FDC] -> 0xF463
mem[X,0x80001FDE] -> 0x00B3
[3494] [M]: 0x80001FDC (0x00B3F463) bgeu t2, a1, 8


mem[X,0x80001FE0] -> 0xF063
mem[X,0x80001FE2] -> 0x0483
[3495] [M]: 0x80001FE0 (0x0483F063) bgeu t2, fp, 64


mem[X,0x80001FE4] -> 0xA403
mem[X,0x80001FE6] -> 0x1784
[3496] [M]: 0x80001FE4 (0x1784A403) lw fp, 376(s1)
mem[R,0x80400370] -> 0x93014510
x8 <- 0x93014510


mem[X,0x80001FE8] -> 0xA583
mem[X,0x80001FEA] -> 0x1804
[3497] [M]: 0x80001FE8 (0x1804A583) lw a1, 384(s1)
mem[R,0x80400378] -> 0x00000208
x11 <- 0x00000208


mem[X,0x80001FEC] -> 0x85B3
mem[X,0x80001FEE] -> 0x0085
[3498] [M]: 0x80001FEC (0x008585B3) add a1, a1, fp
x11 <- 0x93014718


mem[X,0x80001FF0] -> 0xF463
mem[X,0x80001FF2] -> 0x00B3
[3499] [M]: 0x80001FF0 (0x00B3F463) bgeu t2, a1, 8


clint::tick mtime <- 0x0000000000000023
 clint timer pending at mtime 0x0000000000000023
htif::tick 0x0000000000000000
mem[X,0x80001FF4] -> 0xF663
mem[X,0x80001FF6] -> 0x0283
[3500] [M]: 0x80001FF4 (0x0283F663) bgeu t2, fp, 44


mem[X,0x80001FF8] -> 0xA403
mem[X,0x80001FFA] -> 0x1584
[3501] [M]: 0x80001FF8 (0x1584A403) lw fp, 344(s1)
mem[R,0x80400350] -> 0x9000036C
x8 <- 0x9000036C


mem[X,0x80001FFC] -> 0xA583
mem[X,0x80001FFE] -> 0x1604
[3502] [M]: 0x80001FFC (0x1604A583) lw a1, 352(s1)
mem[R,0x80400358] -> 0x000018D0
x11 <- 0x000018D0


mem[X,0x80002000] -> 0x85B3
mem[X,0x80002002] -> 0x0085
[3503] [M]: 0x80002000 (0x008585B3) add a1, a1, fp
x11 <- 0x90001C3C


mem[X,0x80002004] -> 0xF463
mem[X,0x80002006] -> 0x00B3
[3504] [M]: 0x80002004 (0x00B3F463) bgeu t2, a1, 8


mem[X,0x8000200C] -> 0xA403
mem[X,0x8000200E] -> 0x1684
[3505] [M]: 0x8000200C (0x1684A403) lw fp, 360(s1)
mem[R,0x80400360] -> 0x910003FC
x8 <- 0x910003FC


mem[X,0x80002010] -> 0xA583
mem[X,0x80002012] -> 0x1704
[3506] [M]: 0x80002010 (0x1704A583) lw a1, 368(s1)
mem[R,0x80400368] -> 0x00802010
x11 <- 0x00802010


mem[X,0x80002014] -> 0x85B3
mem[X,0x80002016] -> 0x0085
[3507] [M]: 0x80002014 (0x008585B3) add a1, a1, fp
x11 <- 0x9180240C


mem[X,0x80002018] -> 0xF6E3
mem[X,0x8000201A] -> 0xC2B3
[3508] [M]: 0x80002018 (0xC2B3F6E3) bgeu t2, a1, 7212


mem[X,0x8000201C] -> 0xE4E3
mem[X,0x8000201E] -> 0xC283
[3509] [M]: 0x8000201C (0xC283E4E3) bltu t2, fp, 7208


mem[X,0x80002020] -> 0x8433
mem[X,0x80002022] -> 0x4083
[3510] [M]: 0x80002020 (0x40838433) sub fp, t2, fp
x8 <- 0x00400C00


mem[X,0x80002024] -> 0x2623
mem[X,0x80002026] -> 0x0083
[3511] [M]: 0x80002024 (0x00832623) sw fp, 12(t1)
mem[0x80C026D0] <- 0x00400C00


mem[X,0x80002028] -> 0x2483
mem[X,0x8000202A] -> 0x1981
[3512] [M]: 0x80002028 (0x19812483) lw s1, 408(sp)
mem[R,0x80400198] -> 0x80C026D4
x9 <- 0x80C026D4


mem[X,0x8000202C] -> 0x2383
mem[X,0x8000202E] -> 0x1781
[3513] [M]: 0x8000202C (0x17812383) lw t2, 376(sp)
mem[R,0x80400178] -> 0x80C02510
x7 <- 0x80C02510


mem[X,0x80002030] -> 0x2303
mem[X,0x80002032] -> 0x1801
[3514] [M]: 0x80002030 (0x18012303) lw t1, 384(sp)
mem[R,0x80400180] -> 0x00000208
x6 <- 0x00000208


mem[X,0x80002034] -> 0x0333
mem[X,0x80002036] -> 0x0073
[3515] [M]: 0x80002034 (0x00730333) add t1, t1, t2
x6 <- 0x80C02718


mem[X,0x80002038] -> 0x66E3
mem[X,0x8000203A] -> 0xC093
[3516] [M]: 0x80002038 (0xC09366E3) bltu t1, s1, 7180


mem[X,0x8000203C] -> 0x0393
mem[X,0x8000203E] -> 0x1000
[3517] [M]: 0x8000203C (0x10000393) addi t2, zero, 256
x7 <- 0x00000100


mem[X,0x80002040] -> 0x006F
mem[X,0x80002042] -> 0x0400
[3518] [M]: 0x80002040 (0x0400006F) jal zero, 64


mem[X,0x80002080] -> 0x0417
mem[X,0x80002082] -> 0x0000
[3519] [M]: 0x80002080 (0x00000417) auipc fp, 0
x8 <- 0x80002080


mem[X,0x80002084] -> 0x0413
mem[X,0x80002086] -> 0x03C4
[3520] [M]: 0x80002084 (0x03C40413) addi fp, fp, 60
x8 <- 0x800020BC


mem[X,0x80002088] -> 0x0433
mem[X,0x8000208A] -> 0x0074
[3521] [M]: 0x80002088 (0x00740433) add fp, fp, t2
x8 <- 0x800021BC


mem[X,0x8000208C] -> 0x1393
mem[X,0x8000208E] -> 0x0035
[3522] [M]: 0x8000208C (0x00351393) slli t2, a0, 3
x7 <- 0x00000060


mem[X,0x80002090] -> 0x0433
mem[X,0x80002092] -> 0x0074
[3523] [M]: 0x80002090 (0x00740433) add fp, fp, t2
x8 <- 0x8000221C


mem[X,0x80002094] -> 0x7413
mem[X,0x80002096] -> 0xFF84
[3524] [M]: 0x80002094 (0xFF847413) andi fp, fp, 4088
x8 <- 0x80002218


mem[X,0x80002098] -> 0x2403
mem[X,0x8000209A] -> 0x0004
[3525] [M]: 0x80002098 (0x00042403) lw fp, 0(fp)
mem[R,0x80002218] -> 0x00000019
x8 <- 0x00000019


mem[X,0x8000209C] -> 0x0EE3
mem[X,0x8000209E] -> 0xC204
[3526] [M]: 0x8000209C (0xC2040EE3) beq fp, zero, 7228


mem[X,0x800020A0] -> 0x1393
mem[X,0x800020A2] -> 0x01F4
[3527] [M]: 0x800020A0 (0x01F41393) slli t2, fp, 31
x7 <- 0x80000000


mem[X,0x800020A4] -> 0xD863
mem[X,0x800020A6] -> 0x0003
[3528] [M]: 0x800020A4 (0x0003D863) bge t2, zero, 16


mem[X,0x800020A8] -> 0x5413
mem[X,0x800020AA] -> 0x0014
[3529] [M]: 0x800020A8 (0x00145413) srli fp, fp, 1
x8 <- 0x0000000C


mem[X,0x800020AC] -> 0x0CE3
mem[X,0x800020AE] -> 0xF885
[3530] [M]: 0x800020AC (0xF8850CE3) beq a0, fp, 8088


mem[X,0x80002044] -> 0x2303
mem[X,0x80002046] -> 0x1DC1
[3531] [M]: 0x80002044 (0x1DC12303) lw t1, 476(sp)
mem[R,0x804001DC] -> 0x00000000
x6 <- 0x00000000


mem[X,0x80002048] -> 0x2383
mem[X,0x8000204A] -> 0x1E01
[3532] [M]: 0x80002048 (0x1E012383) lw t2, 480(sp)
mem[R,0x804001E0] -> 0x80001930
x7 <- 0x80001930


mem[X,0x8000204C] -> 0x2403
mem[X,0x8000204E] -> 0x1E41
[3533] [M]: 0x8000204C (0x1E412403) lw fp, 484(sp)
mem[R,0x804001E4] -> 0x00000000
x8 <- 0x00000000


mem[X,0x80002050] -> 0x2483
mem[X,0x80002052] -> 0x1E81
[3534] [M]: 0x80002050 (0x1E812483) lw s1, 488(sp)
mem[R,0x804001E8] -> 0x90001930
x9 <- 0x90001930


mem[X,0x80002054] -> 0x2503
mem[X,0x80002056] -> 0x1EC1
[3535] [M]: 0x80002054 (0x1EC12503) lw a0, 492(sp)
mem[R,0x804001EC] -> 0x203000DF
x10 <- 0x203000DF


mem[X,0x80002058] -> 0x2583
mem[X,0x8000205A] -> 0x1F01
[3536] [M]: 0x80002058 (0x1F012583) lw a1, 496(sp)
mem[R,0x804001F0] -> 0x000000DF
x11 <- 0x000000DF


mem[X,0x8000205C] -> 0x2103
mem[X,0x8000205E] -> 0x1F41
[3537] [M]: 0x8000205C (0x1F412103) lw sp, 500(sp)
mem[R,0x804001F4] -> 0x80400000
x2 <- 0x80400000


mem[X,0x80002060] -> 0x0073
mem[X,0x80002062] -> 0x3020
[3538] [M]: 0x80002060 (0x30200073) mret
CSR mstatus <- 0x00000080
ret-ing from M to U


mem[R,0x80C02914] -> 0x20300401
mem[R,0x80C01004] -> 0x203000DF
mem[X,0x80C00004] -> 0x0013
mem[X,0x80C00006] -> 0x0000
[3539] [U]: 0x91401004 (0x00000013) addi zero, zero, 0


mem[X,0x80C00008] -> 0x8067
mem[X,0x80C0000A] -> 0x0000
[3540] [U]: 0x91401008 (0x00008067) jalr zero, ra, 0


mem[R,0x80C02900] -> 0x200000DB
mem[X,0x80001C0C] -> 0x0013
mem[X,0x80001C0E] -> 0x0000
[3541] [U]: 0x90001C0C (0x00000013) addi zero, zero, 0


mem[X,0x80001C10] -> 0x0013
mem[X,0x80001C12] -> 0x0000
[3542] [U]: 0x90001C10 (0x00000013) addi zero, zero, 0


mem[X,0x80001C14] -> 0xA223
mem[X,0x80001C16] -> 0x0CCD
[3543] [U]: 0x90001C14 (0x0CCDA223) sw a2, 196(s11)
mem[R,0x80C02930] -> 0x20300401
mem[R,0x80C01050] -> 0x203008D7
mem[0x80C025D8] <- 0x000001E0


mem[R,0x80C02900] -> 0x200000DB
mem[X,0x80001C18] -> 0x0013
mem[X,0x80001C1A] -> 0x0000
[3544] [U]: 0x90001C18 (0x00000013) addi zero, zero, 0


mem[X,0x80001C1C] -> 0x0013
mem[X,0x80001C1E] -> 0x0000
[3545] [U]: 0x90001C1C (0x00000013) addi zero, zero, 0


mem[X,0x80001C20] -> 0x0737
mem[X,0x80001C22] -> 0x0001
[3546] [U]: 0x90001C20 (0x00010737) lui a4, 16
x14 <- 0x00010000


mem[X,0x80001C24] -> 0x0713
mem[X,0x80001C26] -> 0xEEB7
[3547] [U]: 0x90001C24 (0xEEB70713) addi a4, a4, 3819
x14 <- 0x0000FEEB


mem[X,0x80001C28] -> 0xA423
mem[X,0x80001C2A] -> 0x0CED
[3548] [U]: 0x90001C28 (0x0CEDA423) sw a4, 200(s11)
mem[R,0x80C02930] -> 0x20300401
mem[R,0x80C01050] -> 0x203008D7
mem[0x80C025DC] <- 0x0000FEEB


mem[R,0x80C02900] -> 0x200000DB
mem[X,0x80001C2C] -> 0x0113
mem[X,0x80001C2E] -> 0x0000
[3549] [U]: 0x90001C2C (0x00000113) addi sp, zero, 0
x2 <- 0x00000000


mem[X,0x80001C30] -> 0x0073
mem[X,0x80001C32] -> 0x0000
[3550] [U]: 0x90001C30 (0x00000073) ecall
trapping from U to M to handle u-call
handling exc#0x08 at priv M with tval 0x00000000
CSR mstatus <- 0x00000000


mem[X,0x80001D00] -> 0x006F
mem[X,0x80001D02] -> 0x0800
[3551] [M]: 0x80001D00 (0x0800006F) jal zero, 128


mem[X,0x80001D80] -> 0x1173
mem[X,0x80001D82] -> 0x3401
[3552] [M]: 0x80001D80 (0x34011173) csrrw sp, mscratch, sp
CSR mscratch -> 0x80400000
CSR mscratch <- 0x00000000 (input: 0x00000000)
x2 <- 0x80400000


mem[X,0x80001D84] -> 0x2823
mem[X,0x80001D86] -> 0x1EB1
[3553] [M]: 0x80001D84 (0x1EB12823) sw a1, 496(sp)
mem[0x804001F0] <- 0x000000DF


mem[X,0x80001D88] -> 0x05EF
mem[X,0x80001D8A] -> 0x0B80
[3554] [M]: 0x80001D88 (0x0B8005EF) jal a1, 184
x11 <- 0x80001D8C


mem[X,0x80001E40] -> 0x2623
mem[X,0x80001E42] -> 0x1EA1
[3555] [M]: 0x80001E40 (0x1EA12623) sw a0, 492(sp)
mem[0x804001EC] <- 0x203000DF


mem[X,0x80001E44] -> 0x1573
mem[X,0x80001E46] -> 0x3401
[3556] [M]: 0x80001E44 (0x34011573) csrrw a0, mscratch, sp
CSR mscratch -> 0x00000000
CSR mscratch <- 0x80400000 (input: 0x80400000)
x10 <- 0x00000000


mem[X,0x80001E48] -> 0x2A23
mem[X,0x80001E4A] -> 0x1EA1
[3557] [M]: 0x80001E48 (0x1EA12A23) sw a0, 500(sp)
mem[0x804001F4] <- 0x00000000


mem[X,0x80001E4C] -> 0x2503
mem[X,0x80001E4E] -> 0x1B01
[3558] [M]: 0x80001E4C (0x1B012503) lw a0, 432(sp)
mem[R,0x804001B0] -> 0x80001E54
x10 <- 0x80001E54


mem[X,0x80001E50] -> 0x0067
mem[X,0x80001E52] -> 0x0005
[3559] [M]: 0x80001E50 (0x00050067) jalr zero, a0, 0


mem[X,0x80001E54] -> 0x2423
mem[X,0x80001E56] -> 0x1E91
[3560] [M]: 0x80001E54 (0x1E912423) sw s1, 488(sp)
mem[0x804001E8] <- 0x90001930


mem[X,0x80001E58] -> 0x2223
mem[X,0x80001E5A] -> 0x1E81
[3561] [M]: 0x80001E58 (0x1E812223) sw fp, 484(sp)
mem[0x804001E4] <- 0x00000000


mem[X,0x80001E5C] -> 0x2023
mem[X,0x80001E5E] -> 0x1E71
[3562] [M]: 0x80001E5C (0x1E712023) sw t2, 480(sp)
mem[0x804001E0] <- 0x80001930


mem[X,0x80001E60] -> 0x2E23
mem[X,0x80001E62] -> 0x1C61
[3563] [M]: 0x80001E60 (0x1C612E23) sw t1, 476(sp)
mem[0x804001DC] <- 0x00000000


mem[X,0x80001E64] -> 0x2573
mem[X,0x80001E66] -> 0x3420
[3564] [M]: 0x80001E64 (0x34202573) csrrs a0, mcause, zero
CSR mcause -> 0x00000008
x10 <- 0x00000008


mem[X,0x80001E68] -> 0x14B7
mem[X,0x80001E6A] -> 0x8000
[3565] [M]: 0x80001E68 (0x800014B7) lui s1, 524289
x9 <- 0x80001000


mem[X,0x80001E6C] -> 0x8493
mem[X,0x80001E6E] -> 0xFFC4
[3566] [M]: 0x80001E6C (0xFFC48493) addi s1, s1, 4092
x9 <- 0x80000FFC


mem[X,0x80001E70] -> 0xF4B3
mem[X,0x80001E72] -> 0x00A4
[3567] [M]: 0x80001E70 (0x00A4F4B3) and s1, s1, a0
x9 <- 0x00000008


mem[X,0x80001E74] -> 0x8493
mem[X,0x80001E76] -> 0xFF84
[3568] [M]: 0x80001E74 (0xFF848493) addi s1, s1, 4088
x9 <- 0x00000000


mem[X,0x80001E78] -> 0x9663
mem[X,0x80001E7A] -> 0x0004
[3569] [M]: 0x80001E78 (0x00049663) bne s1, zero, 12


mem[X,0x80001E7C] -> 0x2383
mem[X,0x80001E7E] -> 0x1F41
[3570] [M]: 0x80001E7C (0x1F412383) lw t2, 500(sp)
mem[R,0x804001F4] -> 0x00000000
x7 <- 0x00000000


mem[X,0x80001E80] -> 0x8663
mem[X,0x80001E82] -> 0x4803
[3571] [M]: 0x80001E80 (0x48038663) beq t2, zero, 1164


mem[X,0x8000230C] -> 0x0493
mem[X,0x8000230E] -> 0xFF55
[3572] [M]: 0x8000230C (0xFF550493) addi s1, a0, 4085
x9 <- 0xFFFFFFFD


mem[X,0x80002310] -> 0x8C63
mem[X,0x80002312] -> 0x0004
[3573] [M]: 0x80002310 (0x00048C63) beq s1, zero, 24


mem[X,0x80002314] -> 0x2583
mem[X,0x80002316] -> 0x3501
[3574] [M]: 0x80002314 (0x35012583) lw a1, 848(sp)
mem[R,0x80400350] -> 0x9000036C
x11 <- 0x9000036C


mem[X,0x80002318] -> 0xD463
mem[X,0x8000231A] -> 0x0003
[3575] [M]: 0x80002318 (0x0003D463) bge t2, zero, 8


mem[X,0x80002320] -> 0x2483
mem[X,0x80002322] -> 0x1581
[3576] [M]: 0x80002320 (0x15812483) lw s1, 344(sp)
mem[R,0x80400158] -> 0x8000036C
x9 <- 0x8000036C


mem[X,0x80002324] -> 0x84B3
mem[X,0x80002326] -> 0x40B4
[3577] [M]: 0x80002324 (0x40B484B3) sub s1, s1, a1
x9 <- 0xF0000000


mem[X,0x80002328] -> 0x23F3
mem[X,0x8000232A] -> 0x3410
[3578] [M]: 0x80002328 (0x341023F3) csrrs t2, mepc, zero
CSR mepc -> 0x90001C30
x7 <- 0x90001C30


mem[X,0x8000232C] -> 0x83B3
mem[X,0x8000232E] -> 0x0093
[3579] [M]: 0x8000232C (0x009383B3) add t2, t2, s1
x7 <- 0x80001C30


mem[X,0x80002330] -> 0x2303
mem[X,0x80002332] -> 0x1DC1
[3580] [M]: 0x80002330 (0x1DC12303) lw t1, 476(sp)
mem[R,0x804001DC] -> 0x00000000
x6 <- 0x00000000


mem[X,0x80002334] -> 0x2403
mem[X,0x80002336] -> 0x1E41
[3581] [M]: 0x80002334 (0x1E412403) lw fp, 484(sp)
mem[R,0x804001E4] -> 0x00000000
x8 <- 0x00000000


mem[X,0x80002338] -> 0x2483
mem[X,0x8000233A] -> 0x1E81
[3582] [M]: 0x80002338 (0x1E812483) lw s1, 488(sp)
mem[R,0x804001E8] -> 0x90001930
x9 <- 0x90001930


mem[X,0x8000233C] -> 0x2503
mem[X,0x8000233E] -> 0x1EC1
[3583] [M]: 0x8000233C (0x1EC12503) lw a0, 492(sp)
mem[R,0x804001EC] -> 0x203000DF
x10 <- 0x203000DF


mem[X,0x80002340] -> 0x2583
mem[X,0x80002342] -> 0x1F01
[3584] [M]: 0x80002340 (0x1F012583) lw a1, 496(sp)
mem[R,0x804001F0] -> 0x000000DF
x11 <- 0x000000DF


mem[X,0x80002344] -> 0x2103
mem[X,0x80002346] -> 0x1F41
[3585] [M]: 0x80002344 (0x1F412103) lw sp, 500(sp)
mem[R,0x804001F4] -> 0x00000000
x2 <- 0x00000000


mem[X,0x80002348] -> 0x8067
mem[X,0x8000234A] -> 0x0043
[3586] [M]: 0x80002348 (0x00438067) jalr zero, t2, 4


mem[X,0x80001C34] -> 0x0713
mem[X,0x80001C36] -> 0x1230
[3587] [M]: 0x80001C34 (0x12300713) addi a4, zero, 291
x14 <- 0x00000123


mem[X,0x80001C38] -> 0xA623
mem[X,0x80001C3A] -> 0x0CE6
[3588] [M]: 0x80001C38 (0x0CE6A623) sw a4, 204(a3)
mem[0x80C025E0] <- 0x00000123


mem[X,0x80001C3C] -> 0x0113
mem[X,0x80001C3E] -> 0x0000
[3589] [M]: 0x80001C3C (0x00000113) addi sp, zero, 0
x2 <- 0x00000000


mem[X,0x80001C40] -> 0x0073
mem[X,0x80001C42] -> 0x0000
[3590] [M]: 0x80001C40 (0x00000073) ecall
trapping from M to M to handle m-call
handling exc#0x0B at priv M with tval 0x00000000
CSR mstatus <- 0x00001800


mem[X,0x80001D00] -> 0x006F
mem[X,0x80001D02] -> 0x0800
[3591] [M]: 0x80001D00 (0x0800006F) jal zero, 128


mem[X,0x80001D80] -> 0x1173
mem[X,0x80001D82] -> 0x3401
[3592] [M]: 0x80001D80 (0x34011173) csrrw sp, mscratch, sp
CSR mscratch -> 0x80400000
CSR mscratch <- 0x00000000 (input: 0x00000000)
x2 <- 0x80400000


mem[X,0x80001D84] -> 0x2823
mem[X,0x80001D86] -> 0x1EB1
[3593] [M]: 0x80001D84 (0x1EB12823) sw a1, 496(sp)
mem[0x804001F0] <- 0x000000DF


mem[X,0x80001D88] -> 0x05EF
mem[X,0x80001D8A] -> 0x0B80
[3594] [M]: 0x80001D88 (0x0B8005EF) jal a1, 184
x11 <- 0x80001D8C


mem[X,0x80001E40] -> 0x2623
mem[X,0x80001E42] -> 0x1EA1
[3595] [M]: 0x80001E40 (0x1EA12623) sw a0, 492(sp)
mem[0x804001EC] <- 0x203000DF


mem[X,0x80001E44] -> 0x1573
mem[X,0x80001E46] -> 0x3401
[3596] [M]: 0x80001E44 (0x34011573) csrrw a0, mscratch, sp
CSR mscratch -> 0x00000000
CSR mscratch <- 0x80400000 (input: 0x80400000)
x10 <- 0x00000000


mem[X,0x80001E48] -> 0x2A23
mem[X,0x80001E4A] -> 0x1EA1
[3597] [M]: 0x80001E48 (0x1EA12A23) sw a0, 500(sp)
mem[0x804001F4] <- 0x00000000


mem[X,0x80001E4C] -> 0x2503
mem[X,0x80001E4E] -> 0x1B01
[3598] [M]: 0x80001E4C (0x1B012503) lw a0, 432(sp)
mem[R,0x804001B0] -> 0x80001E54
x10 <- 0x80001E54


mem[X,0x80001E50] -> 0x0067
mem[X,0x80001E52] -> 0x0005
[3599] [M]: 0x80001E50 (0x00050067) jalr zero, a0, 0


clint::tick mtime <- 0x0000000000000024
 clint timer pending at mtime 0x0000000000000024
htif::tick 0x0000000000000000
mem[X,0x80001E54] -> 0x2423
mem[X,0x80001E56] -> 0x1E91
[3600] [M]: 0x80001E54 (0x1E912423) sw s1, 488(sp)
mem[0x804001E8] <- 0x90001930


mem[X,0x80001E58] -> 0x2223
mem[X,0x80001E5A] -> 0x1E81
[3601] [M]: 0x80001E58 (0x1E812223) sw fp, 484(sp)
mem[0x804001E4] <- 0x00000000


mem[X,0x80001E5C] -> 0x2023
mem[X,0x80001E5E] -> 0x1E71
[3602] [M]: 0x80001E5C (0x1E712023) sw t2, 480(sp)
mem[0x804001E0] <- 0x80001C30


mem[X,0x80001E60] -> 0x2E23
mem[X,0x80001E62] -> 0x1C61
[3603] [M]: 0x80001E60 (0x1C612E23) sw t1, 476(sp)
mem[0x804001DC] <- 0x00000000


mem[X,0x80001E64] -> 0x2573
mem[X,0x80001E66] -> 0x3420
[3604] [M]: 0x80001E64 (0x34202573) csrrs a0, mcause, zero
CSR mcause -> 0x0000000B
x10 <- 0x0000000B


mem[X,0x80001E68] -> 0x14B7
mem[X,0x80001E6A] -> 0x8000
[3605] [M]: 0x80001E68 (0x800014B7) lui s1, 524289
x9 <- 0x80001000


mem[X,0x80001E6C] -> 0x8493
mem[X,0x80001E6E] -> 0xFFC4
[3606] [M]: 0x80001E6C (0xFFC48493) addi s1, s1, 4092
x9 <- 0x80000FFC


mem[X,0x80001E70] -> 0xF4B3
mem[X,0x80001E72] -> 0x00A4
[3607] [M]: 0x80001E70 (0x00A4F4B3) and s1, s1, a0
x9 <- 0x00000008


mem[X,0x80001E74] -> 0x8493
mem[X,0x80001E76] -> 0xFF84
[3608] [M]: 0x80001E74 (0xFF848493) addi s1, s1, 4088
x9 <- 0x00000000


mem[X,0x80001E78] -> 0x9663
mem[X,0x80001E7A] -> 0x0004
[3609] [M]: 0x80001E78 (0x00049663) bne s1, zero, 12


mem[X,0x80001E7C] -> 0x2383
mem[X,0x80001E7E] -> 0x1F41
[3610] [M]: 0x80001E7C (0x1F412383) lw t2, 500(sp)
mem[R,0x804001F4] -> 0x00000000
x7 <- 0x00000000


mem[X,0x80001E80] -> 0x8663
mem[X,0x80001E82] -> 0x4803
[3611] [M]: 0x80001E80 (0x48038663) beq t2, zero, 1164


mem[X,0x8000230C] -> 0x0493
mem[X,0x8000230E] -> 0xFF55
[3612] [M]: 0x8000230C (0xFF550493) addi s1, a0, 4085
x9 <- 0x00000000


mem[X,0x80002310] -> 0x8C63
mem[X,0x80002312] -> 0x0004
[3613] [M]: 0x80002310 (0x00048C63) beq s1, zero, 24


mem[X,0x80002328] -> 0x23F3
mem[X,0x8000232A] -> 0x3410
[3614] [M]: 0x80002328 (0x341023F3) csrrs t2, mepc, zero
CSR mepc -> 0x80001C40
x7 <- 0x80001C40


mem[X,0x8000232C] -> 0x83B3
mem[X,0x8000232E] -> 0x0093
[3615] [M]: 0x8000232C (0x009383B3) add t2, t2, s1
x7 <- 0x80001C40


mem[X,0x80002330] -> 0x2303
mem[X,0x80002332] -> 0x1DC1
[3616] [M]: 0x80002330 (0x1DC12303) lw t1, 476(sp)
mem[R,0x804001DC] -> 0x00000000
x6 <- 0x00000000


mem[X,0x80002334] -> 0x2403
mem[X,0x80002336] -> 0x1E41
[3617] [M]: 0x80002334 (0x1E412403) lw fp, 484(sp)
mem[R,0x804001E4] -> 0x00000000
x8 <- 0x00000000


mem[X,0x80002338] -> 0x2483
mem[X,0x8000233A] -> 0x1E81
[3618] [M]: 0x80002338 (0x1E812483) lw s1, 488(sp)
mem[R,0x804001E8] -> 0x90001930
x9 <- 0x90001930


mem[X,0x8000233C] -> 0x2503
mem[X,0x8000233E] -> 0x1EC1
[3619] [M]: 0x8000233C (0x1EC12503) lw a0, 492(sp)
mem[R,0x804001EC] -> 0x203000DF
x10 <- 0x203000DF


mem[X,0x80002340] -> 0x2583
mem[X,0x80002342] -> 0x1F01
[3620] [M]: 0x80002340 (0x1F012583) lw a1, 496(sp)
mem[R,0x804001F0] -> 0x000000DF
x11 <- 0x000000DF


mem[X,0x80002344] -> 0x2103
mem[X,0x80002346] -> 0x1F41
[3621] [M]: 0x80002344 (0x1F412103) lw sp, 500(sp)
mem[R,0x804001F4] -> 0x00000000
x2 <- 0x00000000


mem[X,0x80002348] -> 0x8067
mem[X,0x8000234A] -> 0x0043
[3622] [M]: 0x80002348 (0x00438067) jalr zero, t2, 4


mem[X,0x80001C44] -> 0x2373
mem[X,0x80001C46] -> 0x3400
[3623] [M]: 0x80001C44 (0x34002373) csrrs t1, mscratch, zero
CSR mscratch -> 0x80400000
x6 <- 0x80400000


mem[X,0x80001C48] -> 0x0313
mem[X,0x80001C4A] -> 0x1F83
[3624] [M]: 0x80001C48 (0x1F830313) addi t1, t1, 504
x6 <- 0x804001F8


mem[X,0x80001C4C] -> 0x2383
mem[X,0x80001C4E] -> 0x1B83
[3625] [M]: 0x80001C4C (0x1B832383) lw t2, 440(t1)
mem[R,0x804003B0] -> 0x00000000
x7 <- 0x00000000


mem[X,0x80001C50] -> 0x2383
mem[X,0x80001C52] -> 0x1A03
[3626] [M]: 0x80001C50 (0x1A032383) lw t2, 416(t1)
mem[R,0x80400398] -> 0x00000000
x7 <- 0x00000000


mem[X,0x80001C54] -> 0x9073
mem[X,0x80001C56] -> 0x1803
[3627] [M]: 0x80001C54 (0x18039073) csrrw zero, satp, t2
CSR satp -> 0x80080C02
CSR satp <- 0x00000000 (input: 0x00000000)


mem[X,0x80001C58] -> 0x2503
mem[X,0x80001C5A] -> 0x1D03
[3628] [M]: 0x80001C58 (0x1D032503) lw a0, 464(t1)
mem[R,0x804003C8] -> 0x00000000
x10 <- 0x00000000


mem[X,0x80001C5C] -> 0x1073
mem[X,0x80001C5E] -> 0x1405
[3629] [M]: 0x80001C5C (0x14051073) csrrw zero, sscratch, a0
CSR sscratch -> 0x91000204
CSR sscratch <- 0x00000000 (input: 0x00000000)


mem[X,0x80001C60] -> 0x2483
mem[X,0x80001C62] -> 0x1C83
[3630] [M]: 0x80001C60 (0x1C832483) lw s1, 456(t1)
mem[R,0x804003C0] -> 0x00000000
x9 <- 0x00000000


mem[X,0x80001C64] -> 0x93F3
mem[X,0x80001C66] -> 0x1054
[3631] [M]: 0x80001C64 (0x105493F3) csrrw t2, stvec, s1
CSR stvec -> 0x80002380
CSR stvec <- 0x00000000 (input: 0x00000000)
x7 <- 0x80002380


mem[X,0x80001C68] -> 0xF493
mem[X,0x80001C6A] -> 0xFFC4
[3632] [M]: 0x80001C68 (0xFFC4F493) andi s1, s1, 4092
x9 <- 0x00000000


mem[X,0x80001C6C] -> 0xF393
mem[X,0x80001C6E] -> 0xFFC3
[3633] [M]: 0x80001C6C (0xFFC3F393) andi t2, t2, 4092
x7 <- 0x80002380


mem[X,0x80001C70] -> 0x9063
mem[X,0x80001C72] -> 0x0274
[3634] [M]: 0x80001C70 (0x02749063) bne s1, t2, 32


mem[X,0x80001C90] -> 0x2373
mem[X,0x80001C92] -> 0x3400
[3635] [M]: 0x80001C90 (0x34002373) csrrs t1, mscratch, zero
CSR mscratch -> 0x80400000
x6 <- 0x80400000


mem[X,0x80001C94] -> 0x2383
mem[X,0x80001C96] -> 0x1B83
[3636] [M]: 0x80001C94 (0x1B832383) lw t2, 440(t1)
mem[R,0x804001B8] -> 0x00000000
x7 <- 0x00000000


mem[X,0x80001C98] -> 0x9073
mem[X,0x80001C9A] -> 0x3023
[3637] [M]: 0x80001C98 (0x30239073) csrrw zero, medeleg, t2
CSR medeleg -> 0x00000000
CSR medeleg <- 0x00000000 (input: 0x00000000)


mem[X,0x80001C9C] -> 0x2503
mem[X,0x80001C9E] -> 0x1D03
[3638] [M]: 0x80001C9C (0x1D032503) lw a0, 464(t1)
mem[R,0x804001D0] -> 0x00000000
x10 <- 0x00000000


mem[X,0x80001CA0] -> 0x1073
mem[X,0x80001CA2] -> 0x3405
[3639] [M]: 0x80001CA0 (0x34051073) csrrw zero, mscratch, a0
CSR mscratch -> 0x80400000
CSR mscratch <- 0x00000000 (input: 0x00000000)


mem[X,0x80001CA4] -> 0x2483
mem[X,0x80001CA6] -> 0x1C83
[3640] [M]: 0x80001CA4 (0x1C832483) lw s1, 456(t1)
mem[R,0x804001C8] -> 0x00000000
x9 <- 0x00000000


mem[X,0x80001CA8] -> 0x93F3
mem[X,0x80001CAA] -> 0x3054
[3641] [M]: 0x80001CA8 (0x305493F3) csrrw t2, mtvec, s1
CSR mtvec -> 0x80001D00
CSR mtvec <- 0x00000000 (input: 0x00000000)
x7 <- 0x80001D00


mem[X,0x80001CAC] -> 0xF493
mem[X,0x80001CAE] -> 0xFFC4
[3642] [M]: 0x80001CAC (0xFFC4F493) andi s1, s1, 4092
x9 <- 0x00000000


mem[X,0x80001CB0] -> 0xF393
mem[X,0x80001CB2] -> 0xFFC3
[3643] [M]: 0x80001CB0 (0xFFC3F393) andi t2, t2, 4092
x7 <- 0x80001D00


mem[X,0x80001CB4] -> 0x9063
mem[X,0x80001CB6] -> 0x0274
[3644] [M]: 0x80001CB4 (0x02749063) bne s1, t2, 32


mem[X,0x80001CD4] -> 0x006F
mem[X,0x80001CD6] -> 0x4610
[3645] [M]: 0x80001CD4 (0x4610006F) jal zero, 3168


mem[X,0x80002934] -> 0x0093
mem[X,0x80002936] -> 0x0010
[3646] [M]: 0x80002934 (0x00100093) addi ra, zero, 1
x1 <- 0x00000001


mem[X,0x80002938] -> 0x0F17
mem[X,0x8000293A] -> 0x0000
[3647] [M]: 0x80002938 (0x00000F17) auipc t5, 0
x30 <- 0x80002938


mem[X,0x8000293C] -> 0x2423
mem[X,0x8000293E] -> 0x6C1F
[3648] [M]: 0x8000293C (0x6C1F2423) sw ra, 1736(t5)
htif[0x80003000] <- 0x00000001


mem[X,0x80002940] -> 0xF06F
mem[X,0x80002942] -> 0xFF9F
[3649] [M]: 0x80002940 (0xFF9FF06F) jal zero, 2097144


mem[X,0x80002938] -> 0x0F17
mem[X,0x8000293A] -> 0x0000
[3650] [M]: 0x80002938 (0x00000F17) auipc t5, 0
x30 <- 0x80002938


mem[X,0x8000293C] -> 0x2423
mem[X,0x8000293E] -> 0x6C1F
[3651] [M]: 0x8000293C (0x6C1F2423) sw ra, 1736(t5)
htif[0x80003000] <- 0x00000001


mem[X,0x80002940] -> 0xF06F
mem[X,0x80002942] -> 0xFF9F
[3652] [M]: 0x80002940 (0xFF9FF06F) jal zero, 2097144


mem[X,0x80002938] -> 0x0F17
mem[X,0x8000293A] -> 0x0000
[3653] [M]: 0x80002938 (0x00000F17) auipc t5, 0
x30 <- 0x80002938


mem[X,0x8000293C] -> 0x2423
mem[X,0x8000293E] -> 0x6C1F
[3654] [M]: 0x8000293C (0x6C1F2423) sw ra, 1736(t5)
htif[0x80003000] <- 0x00000001
htif-syscall-proxy cmd: 0x000000000001

SUCCESS
